[2025-10-07 15:49:34] [INFO] Tahsilat-Borç eşleştirme işlemi başlatıldı {"onay_id":"7162","gelen_tutar":400,"kullanici_id":147}
[2025-10-07 15:49:34] [INFO] Ana tahsilat kaydı oluşturuldu ve kasaya eklendi. {"tahsilat_id":"2063","kasa_hareket_id":"IT4r2uLHh55KsXDbSV9XEKR-XRtMLAdalEXf34wiag%2A%2A","tutar":400}
[2025-10-07 15:49:34] [INFO] Borç detayları alındı. {"borc_detay_bilgisi":"[\n    {\n        \"id\": 23802,\n        \"borc_tutari\": \"400.00\",\n        \"gun_farki\": 190,\n        \"gecikme_zammi\": \"0.00\",\n        \"ceza_orani\": \"0.00\",\n        \"toplam_borc\": \"400.00\",\n        \"toplam_odenen\": null,\n        \"anapara_tahsilat\": null,\n        \"gecikme_zammi_odemesi\": null,\n        \"kalan_toplam_borc\": \"400.00\",\n        \"kalan_gecikme_zammi\": \"0.00\"\n    }\n]"}
[2025-10-07 15:49:34] [INFO] Borç kaydı işleniyor. {"borc_detay_id":23802,"kalan_dagitilacak_tutar":400}
[2025-10-07 15:49:34] [INFO] Anapara için tahsilat detayı oluşturuldu. {"borc_detay_id":23802,"odenen_anapara":400}
[2025-10-07 15:51:46] [INFO] Tahsilat-Borç eşleştirme işlemi başlatıldı {"onay_id":"7049","gelen_tutar":400,"kullanici_id":147}
[2025-10-07 15:51:46] [INFO] Ana tahsilat kaydı oluşturuldu ve kasaya eklendi. {"tahsilat_id":"2064","kasa_hareket_id":"mftJ8mqb_Gi6Z8jmgu4chatFHgdiXCzxailnXV9KLA%2A%2A","tutar":400}
[2025-10-07 15:51:46] [INFO] Borç detayları alındı. {"borc_detay_bilgisi":"[\n    {\n        \"id\": 23981,\n        \"borc_tutari\": \"400.00\",\n        \"gun_farki\": 160,\n        \"gecikme_zammi\": \"0.00\",\n        \"ceza_orani\": \"0.00\",\n        \"toplam_borc\": \"400.00\",\n        \"toplam_odenen\": null,\n        \"anapara_tahsilat\": null,\n        \"gecikme_zammi_odemesi\": null,\n        \"kalan_toplam_borc\": \"400.00\",\n        \"kalan_gecikme_zammi\": \"0.00\"\n    }\n]"}
[2025-10-07 15:51:46] [INFO] Borç kaydı işleniyor. {"borc_detay_id":23981,"kalan_dagitilacak_tutar":400}
[2025-10-07 15:51:46] [INFO] Anapara için tahsilat detayı oluşturuldu. {"borc_detay_id":23981,"odenen_anapara":400}
[2025-10-07 15:52:11] [INFO] Tahsilat-Borç eşleştirme işlemi başlatıldı {"onay_id":"6878","gelen_tutar":400,"kullanici_id":147}
[2025-10-07 15:52:11] [INFO] Ana tahsilat kaydı oluşturuldu ve kasaya eklendi. {"tahsilat_id":"2065","kasa_hareket_id":"SzWVs3F4Sz-7rkm2Fnw_eF_hHa6TYyVG57gzehK4qg%2A%2A","tutar":400}
[2025-10-07 15:52:11] [INFO] Borç detayları alındı. {"borc_detay_bilgisi":"[\n    {\n        \"id\": 24699,\n        \"borc_tutari\": \"400.00\",\n        \"gun_farki\": 129,\n        \"gecikme_zammi\": \"0.00\",\n        \"ceza_orani\": \"0.00\",\n        \"toplam_borc\": \"400.00\",\n        \"toplam_odenen\": null,\n        \"anapara_tahsilat\": null,\n        \"gecikme_zammi_odemesi\": null,\n        \"kalan_toplam_borc\": \"400.00\",\n        \"kalan_gecikme_zammi\": \"0.00\"\n    }\n]"}
[2025-10-07 15:52:11] [INFO] Borç kaydı işleniyor. {"borc_detay_id":24699,"kalan_dagitilacak_tutar":400}
[2025-10-07 15:52:11] [INFO] Anapara için tahsilat detayı oluşturuldu. {"borc_detay_id":24699,"odenen_anapara":400}
[2025-10-07 15:52:27] [INFO] Tahsilat-Borç eşleştirme işlemi başlatıldı {"onay_id":"6657","gelen_tutar":425,"kullanici_id":147}
[2025-10-07 15:52:27] [INFO] Ana tahsilat kaydı oluşturuldu ve kasaya eklendi. {"tahsilat_id":"2066","kasa_hareket_id":"WlR6SM5Blj0b-8ntfvWl_2xNBCmOJIph61waBk6mcg%2A%2A","tutar":425}
[2025-10-07 15:52:27] [INFO] Borç detayları alındı. {"borc_detay_bilgisi":"[\n    {\n        \"id\": 24878,\n        \"borc_tutari\": \"400.00\",\n        \"gun_farki\": 99,\n        \"gecikme_zammi\": \"0.00\",\n        \"ceza_orani\": \"0.00\",\n        \"toplam_borc\": \"400.00\",\n        \"toplam_odenen\": null,\n        \"anapara_tahsilat\": null,\n        \"gecikme_zammi_odemesi\": null,\n        \"kalan_toplam_borc\": \"400.00\",\n        \"kalan_gecikme_zammi\": \"0.00\"\n    }\n]"}
[2025-10-07 15:52:27] [INFO] Borç kaydı işleniyor. {"borc_detay_id":24878,"kalan_dagitilacak_tutar":425}
[2025-10-07 15:52:27] [INFO] Anapara için tahsilat detayı oluşturuldu. {"borc_detay_id":24878,"odenen_anapara":400}
[2025-10-07 15:52:27] [INFO] Artan tutar krediye eklendi. {"kisi_id":"187","kredi_tutari":25}
[2025-10-07 15:52:34] [INFO] Tahsilat-Borç eşleştirme işlemi başlatıldı {"onay_id":"6582","gelen_tutar":800,"kullanici_id":147}
[2025-10-07 15:52:34] [INFO] Ana tahsilat kaydı oluşturuldu ve kasaya eklendi. {"tahsilat_id":"2067","kasa_hareket_id":"urlK5B-Kl2bdS8qpgtjakjTRMy4Z1uUm_CA50RHRXA%2A%2A","tutar":800}
[2025-10-07 15:52:34] [INFO] Borç detayları alındı. {"borc_detay_bilgisi":"[\n    {\n        \"id\": 25057,\n        \"borc_tutari\": \"800.00\",\n        \"gun_farki\": 68,\n        \"gecikme_zammi\": \"0.00\",\n        \"ceza_orani\": \"0.00\",\n        \"toplam_borc\": \"800.00\",\n        \"toplam_odenen\": null,\n        \"anapara_tahsilat\": null,\n        \"gecikme_zammi_odemesi\": null,\n        \"kalan_toplam_borc\": \"800.00\",\n        \"kalan_gecikme_zammi\": \"0.00\"\n    }\n]"}
[2025-10-07 15:52:34] [INFO] Borç kaydı işleniyor. {"borc_detay_id":25057,"kalan_dagitilacak_tutar":800}
[2025-10-07 15:52:34] [INFO] Anapara için tahsilat detayı oluşturuldu. {"borc_detay_id":25057,"odenen_anapara":800}
[2025-10-07 15:52:39] [INFO] Tahsilat-Borç eşleştirme işlemi başlatıldı {"onay_id":"6508","gelen_tutar":800,"kullanici_id":147}
[2025-10-07 15:52:39] [INFO] Ana tahsilat kaydı oluşturuldu ve kasaya eklendi. {"tahsilat_id":"2068","kasa_hareket_id":"lcTRW7PC3iN5P1StDL1Oh52EGMEY9qt2hhvdcKJj7A%2A%2A","tutar":800}
[2025-10-07 15:52:39] [INFO] Borç detayları alındı. {"borc_detay_bilgisi":"[\n    {\n        \"id\": 25236,\n        \"borc_tutari\": \"800.00\",\n        \"gun_farki\": 37,\n        \"gecikme_zammi\": \"0.00\",\n        \"ceza_orani\": \"0.00\",\n        \"toplam_borc\": \"800.00\",\n        \"toplam_odenen\": null,\n        \"anapara_tahsilat\": null,\n        \"gecikme_zammi_odemesi\": null,\n        \"kalan_toplam_borc\": \"800.00\",\n        \"kalan_gecikme_zammi\": \"0.00\"\n    }\n]"}
[2025-10-07 15:52:39] [INFO] Borç kaydı işleniyor. {"borc_detay_id":25236,"kalan_dagitilacak_tutar":800}
[2025-10-07 15:52:39] [INFO] Anapara için tahsilat detayı oluşturuldu. {"borc_detay_id":25236,"odenen_anapara":800}
[2025-10-07 15:53:45] [INFO] Gecikme zammı ödemesi: 0.00 TL, kalan ödenecek tutar: 600 TL 
[2025-10-07 15:54:05] [INFO] Kredi ID 102 için kullanım güncellendi: Kullanıldı mı: 1, Kullanılan Tutar: 25 TL 
[2025-10-07 15:54:05] [INFO] Kredi ID 103 için kullanım güncellendi: Kullanıldı mı: 0, Kullanılan Tutar: 360 TL 
[2025-10-07 15:54:05] [INFO] Gecikme zammı ödemesi: 0.00 TL, kalan ödenecek tutar: 385 TL 
[2025-10-07 16:14:11] [INFO] Gecikme zammı ödemesi: 0.00 TL, kalan ödenecek tutar: 1660.00 TL 
[2025-10-07 16:14:11] [INFO] Gecikme zammı ödemesi: 0.00 TL, kalan ödenecek tutar: 1060 TL 
[2025-10-07 16:27:11] [INFO] Tahsilat-Borç eşleştirme işlemi başlatıldı {"onay_id":"6741","gelen_tutar":600,"kullanici_id":147}
[2025-10-07 16:27:11] [INFO] Ana tahsilat kaydı oluşturuldu ve kasaya eklendi. {"tahsilat_id":"2073","kasa_hareket_id":"NTrG1p3Rpc4rPhKMUe2yfVx9ZIA1JeqH-ZArlemnNA%2A%2A","tutar":600}
[2025-10-07 16:27:11] [INFO] Artan tutar krediye eklendi. {"kisi_id":"187","kredi_tutari":600}
[2025-10-07 16:35:03] [INFO] Gecikme zammı ödemesi: 0.00 TL, kalan ödenecek tutar: 600.00 TL 
[2025-10-07 16:37:38] [INFO] Tahsilat ID 2069 için ilişkili kredi kayıtları silindi. 
[2025-10-07 16:37:38] [INFO] Tahsilat ID 2069 için ilişkili kasa hareketleri silindi. 
[2025-10-07 16:37:38] [INFO] Tahsilat ID 2069 kaydı ve ilişkili tüm veriler silindi. 
[2025-10-07 16:37:41] [INFO] Tahsilat ID 2070 için ilişkili kredi kayıtları silindi. 
[2025-10-07 16:37:41] [INFO] Tahsilat ID 2070 için ilişkili kasa hareketleri silindi. 
[2025-10-07 16:37:41] [INFO] Tahsilat ID 2070 için ilişkili tahsilat detayları silindi. 
[2025-10-07 16:37:41] [INFO] Tahsilat ID 2070 kaydı ve ilişkili tüm veriler silindi. 
[2025-10-07 16:37:44] [INFO] Tahsilat ID 2063 için ilişkili kasa hareketleri silindi. 
[2025-10-07 16:37:44] [INFO] Tahsilat ID 2063 için ilişkili tahsilat detayları silindi. 
[2025-10-07 16:37:44] [INFO] Tahsilat ID 2063 kaydı ve ilişkili tüm veriler silindi. 
[2025-10-07 16:37:47] [INFO] Tahsilat ID 2064 için ilişkili kasa hareketleri silindi. 
[2025-10-07 16:37:47] [INFO] Tahsilat ID 2064 için ilişkili tahsilat detayları silindi. 
[2025-10-07 16:37:47] [INFO] Tahsilat ID 2064 kaydı ve ilişkili tüm veriler silindi. 
[2025-10-07 16:37:52] [INFO] Tahsilat ID 2067 için ilişkili kasa hareketleri silindi. 
[2025-10-07 16:37:52] [INFO] Tahsilat ID 2067 için ilişkili tahsilat detayları silindi. 
[2025-10-07 16:37:52] [INFO] Tahsilat ID 2067 kaydı ve ilişkili tüm veriler silindi. 
[2025-10-07 16:37:56] [INFO] Tahsilat ID 2073 için ilişkili kredi kayıtları silindi. 
[2025-10-07 16:37:56] [INFO] Tahsilat ID 2073 için ilişkili kasa hareketleri silindi. 
[2025-10-07 16:37:56] [INFO] Tahsilat ID 2073 kaydı ve ilişkili tüm veriler silindi. 
[2025-10-07 16:37:59] [INFO] Tahsilat ID 2071 için ilişkili kredi kullanımları silindi. 
[2025-10-07 16:37:59] [INFO] Tahsilat ID 2071 için ilişkili kasa hareketleri silindi. 
[2025-10-07 16:37:59] [INFO] Tahsilat ID 2071 için ilişkili tahsilat detayları silindi. 
[2025-10-07 16:37:59] [INFO] Tahsilat ID 2071 kaydı ve ilişkili tüm veriler silindi. 
[2025-10-07 16:38:02] [INFO] Tahsilat ID 2066 için ilişkili kredi kayıtları silindi. 
[2025-10-07 16:38:02] [INFO] Tahsilat ID 2066 için ilişkili kasa hareketleri silindi. 
[2025-10-07 16:38:02] [INFO] Tahsilat ID 2066 için ilişkili tahsilat detayları silindi. 
[2025-10-07 16:38:02] [INFO] Tahsilat ID 2066 kaydı ve ilişkili tüm veriler silindi. 
[2025-10-07 16:38:05] [INFO] Tahsilat ID 2068 için ilişkili kasa hareketleri silindi. 
[2025-10-07 16:38:05] [INFO] Tahsilat ID 2068 için ilişkili tahsilat detayları silindi. 
[2025-10-07 16:38:05] [INFO] Tahsilat ID 2068 kaydı ve ilişkili tüm veriler silindi. 
[2025-10-07 16:38:08] [INFO] Tahsilat ID 2065 için ilişkili kasa hareketleri silindi. 
[2025-10-07 16:38:08] [INFO] Tahsilat ID 2065 için ilişkili tahsilat detayları silindi. 
[2025-10-07 16:38:08] [INFO] Tahsilat ID 2065 kaydı ve ilişkili tüm veriler silindi. 
[2025-10-07 16:39:10] [INFO] Gecikme zammı ödemesi: 0.00 TL, kalan ödenecek tutar: 400.00 TL 
[2025-10-07 16:39:31] [INFO] Tahsilat ID 2075 için ilişkili kasa hareketleri silindi. 
[2025-10-07 16:39:31] [INFO] Tahsilat ID 2075 için ilişkili tahsilat detayları silindi. 
[2025-10-07 16:39:31] [INFO] Tahsilat ID 2075 kaydı ve ilişkili tüm veriler silindi. 
[2025-10-07 16:39:47] [INFO] Gecikme zammı ödemesi: 0.00 TL, kalan ödenecek tutar: 385 TL 
[2025-10-07 16:40:09] [INFO] Gecikme zammı ödemesi: 0.00 TL, kalan ödenecek tutar: 600 TL 
[2025-10-07 16:40:09] [INFO] Gecikme zammı ödemesi: 0.00 TL, kalan ödenecek tutar: 585 TL 
[2025-10-07 16:40:25] [INFO] Tahsilat-Borç eşleştirme işlemi başlatıldı {"onay_id":"7162","gelen_tutar":400,"kullanici_id":147}
[2025-10-07 16:40:25] [INFO] Ana tahsilat kaydı oluşturuldu ve kasaya eklendi. {"tahsilat_id":"2078","kasa_hareket_id":"1loX18du3rt1oQ_-9hccsvvidmjhZt8u4KojGLSYtA%2A%2A","tutar":400}
[2025-10-07 16:40:25] [INFO] Borç detayları alındı. {"borc_detay_bilgisi":"[\n    {\n        \"id\": 23802,\n        \"borc_tutari\": \"400.00\",\n        \"gun_farki\": 190,\n        \"gecikme_zammi\": \"0.00\",\n        \"ceza_orani\": \"0.00\",\n        \"toplam_borc\": \"400.00\",\n        \"toplam_odenen\": null,\n        \"anapara_tahsilat\": null,\n        \"gecikme_zammi_odemesi\": null,\n        \"kalan_toplam_borc\": \"400.00\",\n        \"kalan_gecikme_zammi\": \"0.00\"\n    }\n]"}
[2025-10-07 16:40:25] [INFO] Borç kaydı işleniyor. {"borc_detay_id":23802,"kalan_dagitilacak_tutar":400}
[2025-10-07 16:40:25] [INFO] Anapara için tahsilat detayı oluşturuldu. {"borc_detay_id":23802,"odenen_anapara":400}
[2025-10-07 16:40:46] [INFO] Tahsilat-Borç eşleştirme işlemi başlatıldı {"onay_id":"7049","gelen_tutar":400,"kullanici_id":147}
[2025-10-07 16:40:46] [INFO] Ana tahsilat kaydı oluşturuldu ve kasaya eklendi. {"tahsilat_id":"2079","kasa_hareket_id":"9_cl3uUTdYf3NgwM9pH4mZGQt1y5QosQaQTxZvB0iA%2A%2A","tutar":400}
[2025-10-07 16:40:46] [INFO] Borç detayları alındı. {"borc_detay_bilgisi":"[\n    {\n        \"id\": 23981,\n        \"borc_tutari\": \"400.00\",\n        \"gun_farki\": 160,\n        \"gecikme_zammi\": \"0.00\",\n        \"ceza_orani\": \"0.00\",\n        \"toplam_borc\": \"400.00\",\n        \"toplam_odenen\": null,\n        \"anapara_tahsilat\": null,\n        \"gecikme_zammi_odemesi\": null,\n        \"kalan_toplam_borc\": \"400.00\",\n        \"kalan_gecikme_zammi\": \"0.00\"\n    }\n]"}
[2025-10-07 16:40:46] [INFO] Borç kaydı işleniyor. {"borc_detay_id":23981,"kalan_dagitilacak_tutar":400}
[2025-10-07 16:40:46] [INFO] Anapara için tahsilat detayı oluşturuldu. {"borc_detay_id":23981,"odenen_anapara":400}
[2025-10-07 16:41:49] [INFO] Gecikme zammı ödemesi: 0.00 TL, kalan ödenecek tutar: 400.00 TL 
[2025-10-07 16:42:11] [INFO] Tahsilat-Borç eşleştirme işlemi başlatıldı {"onay_id":"6741","gelen_tutar":600,"kullanici_id":147}
[2025-10-07 16:42:11] [INFO] Ana tahsilat kaydı oluşturuldu ve kasaya eklendi. {"tahsilat_id":"2081","kasa_hareket_id":"0Sr09kCLgkApjei_wkvx4XYRf5NyRhZaNH80cM2r6w%2A%2A","tutar":600}
[2025-10-07 16:42:11] [INFO] Borç detayları alındı. {"borc_detay_bilgisi":"[\n    {\n        \"id\": 24878,\n        \"borc_tutari\": \"400.00\",\n        \"gun_farki\": 99,\n        \"gecikme_zammi\": \"0.00\",\n        \"ceza_orani\": \"0.00\",\n        \"toplam_borc\": \"400.00\",\n        \"toplam_odenen\": null,\n        \"anapara_tahsilat\": null,\n        \"gecikme_zammi_odemesi\": null,\n        \"kalan_toplam_borc\": \"400.00\",\n        \"kalan_gecikme_zammi\": \"0.00\"\n    }\n]"}
[2025-10-07 16:42:11] [INFO] Borç kaydı işleniyor. {"borc_detay_id":24878,"kalan_dagitilacak_tutar":600}
[2025-10-07 16:42:11] [INFO] Anapara için tahsilat detayı oluşturuldu. {"borc_detay_id":24878,"odenen_anapara":400}
[2025-10-07 16:42:11] [INFO] Artan tutar krediye eklendi. {"kisi_id":"187","kredi_tutari":200}
[2025-10-07 16:42:24] [INFO] Tahsilat-Borç eşleştirme işlemi başlatıldı {"onay_id":"6657","gelen_tutar":425,"kullanici_id":147}
[2025-10-07 16:42:24] [INFO] Ana tahsilat kaydı oluşturuldu ve kasaya eklendi. {"tahsilat_id":"2082","kasa_hareket_id":"ssed3vpsqlYXoooamXkt18W2sFbH_lXnArn2EW0_rA%2A%2A","tutar":425}
[2025-10-07 16:42:24] [INFO] Artan tutar krediye eklendi. {"kisi_id":"187","kredi_tutari":425}
[2025-10-07 16:42:38] [INFO] Tahsilat-Borç eşleştirme işlemi başlatıldı {"onay_id":"6582","gelen_tutar":800,"kullanici_id":147}
[2025-10-07 16:42:38] [INFO] Ana tahsilat kaydı oluşturuldu ve kasaya eklendi. {"tahsilat_id":"2083","kasa_hareket_id":"laVP2A0K-G56IXgkcNXyj7wBvjBpBdjWbBOCsHCqhQ%2A%2A","tutar":800}
[2025-10-07 16:42:38] [INFO] Borç detayları alındı. {"borc_detay_bilgisi":"[\n    {\n        \"id\": 25236,\n        \"borc_tutari\": \"800.00\",\n        \"gun_farki\": 37,\n        \"gecikme_zammi\": \"0.00\",\n        \"ceza_orani\": \"0.00\",\n        \"toplam_borc\": \"800.00\",\n        \"toplam_odenen\": null,\n        \"anapara_tahsilat\": null,\n        \"gecikme_zammi_odemesi\": null,\n        \"kalan_toplam_borc\": \"800.00\",\n        \"kalan_gecikme_zammi\": \"0.00\"\n    }\n]"}
[2025-10-07 16:42:38] [INFO] Borç kaydı işleniyor. {"borc_detay_id":25236,"kalan_dagitilacak_tutar":800}
[2025-10-07 16:42:38] [INFO] Anapara için tahsilat detayı oluşturuldu. {"borc_detay_id":25236,"odenen_anapara":800}
[2025-10-07 16:43:02] [INFO] Tahsilat ID 2083 için ilişkili kasa hareketleri silindi. 
[2025-10-07 16:43:02] [INFO] Tahsilat ID 2083 için ilişkili tahsilat detayları silindi. 
[2025-10-07 16:43:02] [INFO] Tahsilat ID 2083 kaydı ve ilişkili tüm veriler silindi. 
[2025-10-07 16:43:29] [INFO] Tahsilat-Borç eşleştirme işlemi başlatıldı {"onay_id":"6582","gelen_tutar":800,"kullanici_id":147}
[2025-10-07 16:43:29] [INFO] Ana tahsilat kaydı oluşturuldu ve kasaya eklendi. {"tahsilat_id":"2084","kasa_hareket_id":"ZqH8X2kcbbXeYDBDEgT-ae-bQCeIyml58-oOZrLyDQ%2A%2A","tutar":800}
[2025-10-07 16:43:29] [INFO] Borç detayları alındı. {"borc_detay_bilgisi":"[\n    {\n        \"id\": 25057,\n        \"borc_tutari\": \"800.00\",\n        \"gun_farki\": 68,\n        \"gecikme_zammi\": \"0.00\",\n        \"ceza_orani\": \"0.00\",\n        \"toplam_borc\": \"800.00\",\n        \"toplam_odenen\": null,\n        \"anapara_tahsilat\": null,\n        \"gecikme_zammi_odemesi\": null,\n        \"kalan_toplam_borc\": \"800.00\",\n        \"kalan_gecikme_zammi\": \"0.00\"\n    }\n]"}
[2025-10-07 16:43:29] [INFO] Borç kaydı işleniyor. {"borc_detay_id":25057,"kalan_dagitilacak_tutar":800}
[2025-10-07 16:43:29] [INFO] Anapara için tahsilat detayı oluşturuldu. {"borc_detay_id":25057,"odenen_anapara":800}
[2025-10-07 16:43:35] [INFO] Tahsilat-Borç eşleştirme işlemi başlatıldı {"onay_id":"6508","gelen_tutar":800,"kullanici_id":147}
[2025-10-07 16:43:35] [INFO] Ana tahsilat kaydı oluşturuldu ve kasaya eklendi. {"tahsilat_id":"2085","kasa_hareket_id":"z5iso5dhQJjIzCJUKRIqLbbZQpjVRrGjNoXr46vM3w%2A%2A","tutar":800}
[2025-10-07 16:43:35] [INFO] Borç detayları alındı. {"borc_detay_bilgisi":"[\n    {\n        \"id\": 25236,\n        \"borc_tutari\": \"800.00\",\n        \"gun_farki\": 37,\n        \"gecikme_zammi\": \"0.00\",\n        \"ceza_orani\": \"0.00\",\n        \"toplam_borc\": \"800.00\",\n        \"toplam_odenen\": null,\n        \"anapara_tahsilat\": null,\n        \"gecikme_zammi_odemesi\": null,\n        \"kalan_toplam_borc\": \"800.00\",\n        \"kalan_gecikme_zammi\": \"0.00\"\n    }\n]"}
[2025-10-07 16:43:35] [INFO] Borç kaydı işleniyor. {"borc_detay_id":25236,"kalan_dagitilacak_tutar":800}
[2025-10-07 16:43:35] [INFO] Anapara için tahsilat detayı oluşturuldu. {"borc_detay_id":25236,"odenen_anapara":800}
[2025-10-07 19:21:51] [INFO] Tahsilat ID 2087 için ilişkili kredi kayıtları silindi. 
[2025-10-07 19:21:51] [INFO] Tahsilat ID 2087 için ilişkili kasa hareketleri silindi. 
[2025-10-07 19:21:51] [INFO] Tahsilat ID 2087 kaydı ve ilişkili tüm veriler silindi. 
[2025-10-07 19:22:31] [INFO] Borçlandırma kaydı başarıyla oluşturuldu: {"id":"23616","borclandirma_id":"184","borc_adi":"DEV\u0130R","kisi_id":"188","daire_id":22,"tutar":"1910","baslangic_tarihi":"2024-01-01","bitis_tarihi":"2024-12-31","son_odeme_tarihi":"2024-12-31","ceza_orani":"0.00","aciklama":"2024 YILINDAN DEV\u0130R BORCU"} 
[2025-10-07 19:23:43] [INFO] Gecikme zammı ödemesi: 0.00 TL, kalan ödenecek tutar: 3943.27 TL 
[2025-10-07 19:23:43] [INFO] Gecikme zammı ödemesi: 0.00 TL, kalan ödenecek tutar: 2033.27 TL 
[2025-10-07 19:23:43] [INFO] Gecikme zammı ödemesi: 0.00 TL, kalan ödenecek tutar: 1633.27 TL 
[2025-10-07 22:00:37] [ERROR] Kullanıcı oturum açmaya çalıştı, ancak oturum bilgisi bulunamadı. {"ip":"127.0.0.1","requested_url":"\/"}
[2025-10-07 22:00:42] [ERROR] Kullanıcı oturum açmaya çalıştı, ancak oturum bilgisi bulunamadı. {"ip":"127.0.0.1","requested_url":"\/assets\/images\/logo\/favicon.svg"}
[2025-10-07 22:00:42] [ERROR] Kullanıcı oturum açmaya çalıştı, ancak oturum bilgisi bulunamadı. {"ip":"127.0.0.1","requested_url":"\/assets\/images\/logo\/sign-in.php?returnUrl=%2Fassets%2Fimages%2Flogo%2Ffavicon.svg"}
[2025-10-07 22:00:42] [ERROR] Kullanıcı oturum açmaya çalıştı, ancak oturum bilgisi bulunamadı. {"ip":"127.0.0.1","requested_url":"\/assets\/images\/logo\/sign-in.php?returnUrl=%2Fassets%2Fimages%2Flogo%2Fsign-in.php%3FreturnUrl%3D%252Fassets%252Fimages%252Flogo%252Ffavicon.svg"}
[2025-10-07 22:00:42] [ERROR] Kullanıcı oturum açmaya çalıştı, ancak oturum bilgisi bulunamadı. {"ip":"127.0.0.1","requested_url":"\/assets\/images\/logo\/sign-in.php?returnUrl=%2Fassets%2Fimages%2Flogo%2Fsign-in.php%3FreturnUrl%3D%252Fassets%252Fimages%252Flogo%252Fsign-in.php%253FreturnUrl%253D%25252Fassets%25252Fimages%25252Flogo%25252Ffavicon.svg"}
[2025-10-07 22:00:42] [ERROR] Kullanıcı oturum açmaya çalıştı, ancak oturum bilgisi bulunamadı. {"ip":"127.0.0.1","requested_url":"\/assets\/images\/logo\/sign-in.php?returnUrl=%2Fassets%2Fimages%2Flogo%2Fsign-in.php%3FreturnUrl%3D%252Fassets%252Fimages%252Flogo%252Fsign-in.php%253FreturnUrl%253D%25252Fassets%25252Fimages%25252Flogo%25252Fsign-in.php%25253FreturnUrl%25253D%2525252Fassets%2525252Fimages%2525252Flogo%2525252Ffavicon.svg"}
[2025-10-07 22:00:42] [ERROR] Kullanıcı oturum açmaya çalıştı, ancak oturum bilgisi bulunamadı. {"ip":"127.0.0.1","requested_url":"\/assets\/images\/logo\/sign-in.php?returnUrl=%2Fassets%2Fimages%2Flogo%2Fsign-in.php%3FreturnUrl%3D%252Fassets%252Fimages%252Flogo%252Fsign-in.php%253FreturnUrl%253D%25252Fassets%25252Fimages%25252Flogo%25252Fsign-in.php%25253FreturnUrl%25253D%2525252Fassets%2525252Fimages%2525252Flogo%2525252Fsign-in.php%2525253FreturnUrl%2525253D%252525252Fassets%252525252Fimages%252525252Flogo%252525252Ffavicon.svg"}
[2025-10-07 22:00:42] [ERROR] Kullanıcı oturum açmaya çalıştı, ancak oturum bilgisi bulunamadı. {"ip":"127.0.0.1","requested_url":"\/assets\/images\/logo\/sign-in.php?returnUrl=%2Fassets%2Fimages%2Flogo%2Fsign-in.php%3FreturnUrl%3D%252Fassets%252Fimages%252Flogo%252Fsign-in.php%253FreturnUrl%253D%25252Fassets%25252Fimages%25252Flogo%25252Fsign-in.php%25253FreturnUrl%25253D%2525252Fassets%2525252Fimages%2525252Flogo%2525252Fsign-in.php%2525253FreturnUrl%2525253D%252525252Fassets%252525252Fimages%252525252Flogo%252525252Fsign-in.php%252525253FreturnUrl%252525253D%25252525252Fassets%25252525252Fimages%25252525252Flogo%25252525252Ffavicon.svg"}
[2025-10-07 22:00:42] [ERROR] Kullanıcı oturum açmaya çalıştı, ancak oturum bilgisi bulunamadı. {"ip":"127.0.0.1","requested_url":"\/assets\/images\/logo\/sign-in.php?returnUrl=%2Fassets%2Fimages%2Flogo%2Fsign-in.php%3FreturnUrl%3D%252Fassets%252Fimages%252Flogo%252Fsign-in.php%253FreturnUrl%253D%25252Fassets%25252Fimages%25252Flogo%25252Fsign-in.php%25253FreturnUrl%25253D%2525252Fassets%2525252Fimages%2525252Flogo%2525252Fsign-in.php%2525253FreturnUrl%2525253D%252525252Fassets%252525252Fimages%252525252Flogo%252525252Fsign-in.php%252525253FreturnUrl%252525253D%25252525252Fassets%25252525252Fimages%25252525252Flogo%25252525252Fsign-in.php%25252525253FreturnUrl%25252525253D%2525252525252Fassets%2525252525252Fimages%2525252525252Flogo%2525252525252Ffavicon.svg"}
[2025-10-07 22:00:42] [ERROR] Kullanıcı oturum açmaya çalıştı, ancak oturum bilgisi bulunamadı. {"ip":"127.0.0.1","requested_url":"\/assets\/images\/logo\/sign-in.php?returnUrl=%2Fassets%2Fimages%2Flogo%2Fsign-in.php%3FreturnUrl%3D%252Fassets%252Fimages%252Flogo%252Fsign-in.php%253FreturnUrl%253D%25252Fassets%25252Fimages%25252Flogo%25252Fsign-in.php%25253FreturnUrl%25253D%2525252Fassets%2525252Fimages%2525252Flogo%2525252Fsign-in.php%2525253FreturnUrl%2525253D%252525252Fassets%252525252Fimages%252525252Flogo%252525252Fsign-in.php%252525253FreturnUrl%252525253D%25252525252Fassets%25252525252Fimages%25252525252Flogo%25252525252Fsign-in.php%25252525253FreturnUrl%25252525253D%2525252525252Fassets%2525252525252Fimages%2525252525252Flogo%2525252525252Fsign-in.php%2525252525253FreturnUrl%2525252525253D%252525252525252Fassets%252525252525252Fimages%252525252525252Flogo%252525252525252Ffavicon.svg"}
[2025-10-07 22:00:42] [ERROR] Kullanıcı oturum açmaya çalıştı, ancak oturum bilgisi bulunamadı. {"ip":"127.0.0.1","requested_url":"\/assets\/images\/logo\/sign-in.php?returnUrl=%2Fassets%2Fimages%2Flogo%2Fsign-in.php%3FreturnUrl%3D%252Fassets%252Fimages%252Flogo%252Fsign-in.php%253FreturnUrl%253D%25252Fassets%25252Fimages%25252Flogo%25252Fsign-in.php%25253FreturnUrl%25253D%2525252Fassets%2525252Fimages%2525252Flogo%2525252Fsign-in.php%2525253FreturnUrl%2525253D%252525252Fassets%252525252Fimages%252525252Flogo%252525252Fsign-in.php%252525253FreturnUrl%252525253D%25252525252Fassets%25252525252Fimages%25252525252Flogo%25252525252Fsign-in.php%25252525253FreturnUrl%25252525253D%2525252525252Fassets%2525252525252Fimages%2525252525252Flogo%2525252525252Fsign-in.php%2525252525253FreturnUrl%2525252525253D%252525252525252Fassets%252525252525252Fimages%252525252525252Flogo%252525252525252Fsign-in.php%252525252525253FreturnUrl%252525252525253D%25252525252525252Fassets%25252525252525252Fimages%25252525252525252Flogo%25252525252525252Ffavicon.svg"}
[2025-10-07 22:00:42] [ERROR] Kullanıcı oturum açmaya çalıştı, ancak oturum bilgisi bulunamadı. {"ip":"127.0.0.1","requested_url":"\/assets\/images\/logo\/sign-in.php?returnUrl=%2Fassets%2Fimages%2Flogo%2Fsign-in.php%3FreturnUrl%3D%252Fassets%252Fimages%252Flogo%252Fsign-in.php%253FreturnUrl%253D%25252Fassets%25252Fimages%25252Flogo%25252Fsign-in.php%25253FreturnUrl%25253D%2525252Fassets%2525252Fimages%2525252Flogo%2525252Fsign-in.php%2525253FreturnUrl%2525253D%252525252Fassets%252525252Fimages%252525252Flogo%252525252Fsign-in.php%252525253FreturnUrl%252525253D%25252525252Fassets%25252525252Fimages%25252525252Flogo%25252525252Fsign-in.php%25252525253FreturnUrl%25252525253D%2525252525252Fassets%2525252525252Fimages%2525252525252Flogo%2525252525252Fsign-in.php%2525252525253FreturnUrl%2525252525253D%252525252525252Fassets%252525252525252Fimages%252525252525252Flogo%252525252525252Fsign-in.php%252525252525253FreturnUrl%252525252525253D%25252525252525252Fassets%25252525252525252Fimages%25252525252525252Flogo%25252525252525252Fsign-in.php%25252525252525253FreturnUrl%25252525252525253D%2525252525252525252Fassets%2525252525252525252Fimages%2525252525252525252Flogo%2525252525252525252Ffavicon.svg"}
[2025-10-07 22:00:42] [ERROR] Kullanıcı oturum açmaya çalıştı, ancak oturum bilgisi bulunamadı. {"ip":"127.0.0.1","requested_url":"\/assets\/images\/logo\/sign-in.php?returnUrl=%2Fassets%2Fimages%2Flogo%2Fsign-in.php%3FreturnUrl%3D%252Fassets%252Fimages%252Flogo%252Fsign-in.php%253FreturnUrl%253D%25252Fassets%25252Fimages%25252Flogo%25252Fsign-in.php%25253FreturnUrl%25253D%2525252Fassets%2525252Fimages%2525252Flogo%2525252Fsign-in.php%2525253FreturnUrl%2525253D%252525252Fassets%252525252Fimages%252525252Flogo%252525252Fsign-in.php%252525253FreturnUrl%252525253D%25252525252Fassets%25252525252Fimages%25252525252Flogo%25252525252Fsign-in.php%25252525253FreturnUrl%25252525253D%2525252525252Fassets%2525252525252Fimages%2525252525252Flogo%2525252525252Fsign-in.php%2525252525253FreturnUrl%2525252525253D%252525252525252Fassets%252525252525252Fimages%252525252525252Flogo%252525252525252Fsign-in.php%252525252525253FreturnUrl%252525252525253D%25252525252525252Fassets%25252525252525252Fimages%25252525252525252Flogo%25252525252525252Fsign-in.php%25252525252525253FreturnUrl%25252525252525253D%2525252525252525252Fassets%2525252525252525252Fimages%2525252525252525252Flogo%2525252525252525252Fsign-in.php%2525252525252525253FreturnUrl%2525252525252525253D%252525252525252525252Fassets%252525252525252525252Fimages%252525252525252525252Flogo%252525252525252525252Ffavicon.svg"}
[2025-10-07 22:00:42] [ERROR] Kullanıcı oturum açmaya çalıştı, ancak oturum bilgisi bulunamadı. {"ip":"127.0.0.1","requested_url":"\/assets\/images\/logo\/sign-in.php?returnUrl=%2Fassets%2Fimages%2Flogo%2Fsign-in.php%3FreturnUrl%3D%252Fassets%252Fimages%252Flogo%252Fsign-in.php%253FreturnUrl%253D%25252Fassets%25252Fimages%25252Flogo%25252Fsign-in.php%25253FreturnUrl%25253D%2525252Fassets%2525252Fimages%2525252Flogo%2525252Fsign-in.php%2525253FreturnUrl%2525253D%252525252Fassets%252525252Fimages%252525252Flogo%252525252Fsign-in.php%252525253FreturnUrl%252525253D%25252525252Fassets%25252525252Fimages%25252525252Flogo%25252525252Fsign-in.php%25252525253FreturnUrl%25252525253D%2525252525252Fassets%2525252525252Fimages%2525252525252Flogo%2525252525252Fsign-in.php%2525252525253FreturnUrl%2525252525253D%252525252525252Fassets%252525252525252Fimages%252525252525252Flogo%252525252525252Fsign-in.php%252525252525253FreturnUrl%252525252525253D%25252525252525252Fassets%25252525252525252Fimages%25252525252525252Flogo%25252525252525252Fsign-in.php%25252525252525253FreturnUrl%25252525252525253D%2525252525252525252Fassets%2525252525252525252Fimages%2525252525252525252Flogo%2525252525252525252Fsign-in.php%2525252525252525253FreturnUrl%2525252525252525253D%252525252525252525252Fassets%252525252525252525252Fimages%252525252525252525252Flogo%252525252525252525252Fsign-in.php%252525252525252525253FreturnUrl%252525252525252525253D%25252525252525252525252Fassets%25252525252525252525252Fimages%25252525252525252525252Flogo%25252525252525252525252Ffavicon.svg"}
[2025-10-07 22:00:42] [ERROR] Kullanıcı oturum açmaya çalıştı, ancak oturum bilgisi bulunamadı. {"ip":"127.0.0.1","requested_url":"\/assets\/images\/logo\/sign-in.php?returnUrl=%2Fassets%2Fimages%2Flogo%2Fsign-in.php%3FreturnUrl%3D%252Fassets%252Fimages%252Flogo%252Fsign-in.php%253FreturnUrl%253D%25252Fassets%25252Fimages%25252Flogo%25252Fsign-in.php%25253FreturnUrl%25253D%2525252Fassets%2525252Fimages%2525252Flogo%2525252Fsign-in.php%2525253FreturnUrl%2525253D%252525252Fassets%252525252Fimages%252525252Flogo%252525252Fsign-in.php%252525253FreturnUrl%252525253D%25252525252Fassets%25252525252Fimages%25252525252Flogo%25252525252Fsign-in.php%25252525253FreturnUrl%25252525253D%2525252525252Fassets%2525252525252Fimages%2525252525252Flogo%2525252525252Fsign-in.php%2525252525253FreturnUrl%2525252525253D%252525252525252Fassets%252525252525252Fimages%252525252525252Flogo%252525252525252Fsign-in.php%252525252525253FreturnUrl%252525252525253D%25252525252525252Fassets%25252525252525252Fimages%25252525252525252Flogo%25252525252525252Fsign-in.php%25252525252525253FreturnUrl%25252525252525253D%2525252525252525252Fassets%2525252525252525252Fimages%2525252525252525252Flogo%2525252525252525252Fsign-in.php%2525252525252525253FreturnUrl%2525252525252525253D%252525252525252525252Fassets%252525252525252525252Fimages%252525252525252525252Flogo%252525252525252525252Fsign-in.php%252525252525252525253FreturnUrl%252525252525252525253D%25252525252525252525252Fassets%25252525252525252525252Fimages%25252525252525252525252Flogo%25252525252525252525252Fsign-in.php%25252525252525252525253FreturnUrl%25252525252525252525253D%2525252525252525252525252Fassets%2525252525252525252525252Fimages%2525252525252525252525252Flogo%2525252525252525252525252Ffavicon.svg"}
[2025-10-07 22:00:43] [ERROR] Kullanıcı oturum açmaya çalıştı, ancak oturum bilgisi bulunamadı. {"ip":"127.0.0.1","requested_url":"\/assets\/images\/logo\/sign-in.php?returnUrl=%2Fassets%2Fimages%2Flogo%2Fsign-in.php%3FreturnUrl%3D%252Fassets%252Fimages%252Flogo%252Fsign-in.php%253FreturnUrl%253D%25252Fassets%25252Fimages%25252Flogo%25252Fsign-in.php%25253FreturnUrl%25253D%2525252Fassets%2525252Fimages%2525252Flogo%2525252Fsign-in.php%2525253FreturnUrl%2525253D%252525252Fassets%252525252Fimages%252525252Flogo%252525252Fsign-in.php%252525253FreturnUrl%252525253D%25252525252Fassets%25252525252Fimages%25252525252Flogo%25252525252Fsign-in.php%25252525253FreturnUrl%25252525253D%2525252525252Fassets%2525252525252Fimages%2525252525252Flogo%2525252525252Fsign-in.php%2525252525253FreturnUrl%2525252525253D%252525252525252Fassets%252525252525252Fimages%252525252525252Flogo%252525252525252Fsign-in.php%252525252525253FreturnUrl%252525252525253D%25252525252525252Fassets%25252525252525252Fimages%25252525252525252Flogo%25252525252525252Fsign-in.php%25252525252525253FreturnUrl%25252525252525253D%2525252525252525252Fassets%2525252525252525252Fimages%2525252525252525252Flogo%2525252525252525252Fsign-in.php%2525252525252525253FreturnUrl%2525252525252525253D%252525252525252525252Fassets%252525252525252525252Fimages%252525252525252525252Flogo%252525252525252525252Fsign-in.php%252525252525252525253FreturnUrl%252525252525252525253D%25252525252525252525252Fassets%25252525252525252525252Fimages%25252525252525252525252Flogo%25252525252525252525252Fsign-in.php%25252525252525252525253FreturnUrl%25252525252525252525253D%2525252525252525252525252Fassets%2525252525252525252525252Fimages%2525252525252525252525252Flogo%2525252525252525252525252Fsign-in.php%2525252525252525252525253FreturnUrl%2525252525252525252525253D%252525252525252525252525252Fassets%252525252525252525252525252Fimages%252525252525252525252525252Flogo%252525252525252525252525252Ffavicon.svg"}
[2025-10-07 22:00:43] [ERROR] Kullanıcı oturum açmaya çalıştı, ancak oturum bilgisi bulunamadı. {"ip":"127.0.0.1","requested_url":"\/assets\/images\/logo\/sign-in.php?returnUrl=%2Fassets%2Fimages%2Flogo%2Fsign-in.php%3FreturnUrl%3D%252Fassets%252Fimages%252Flogo%252Fsign-in.php%253FreturnUrl%253D%25252Fassets%25252Fimages%25252Flogo%25252Fsign-in.php%25253FreturnUrl%25253D%2525252Fassets%2525252Fimages%2525252Flogo%2525252Fsign-in.php%2525253FreturnUrl%2525253D%252525252Fassets%252525252Fimages%252525252Flogo%252525252Fsign-in.php%252525253FreturnUrl%252525253D%25252525252Fassets%25252525252Fimages%25252525252Flogo%25252525252Fsign-in.php%25252525253FreturnUrl%25252525253D%2525252525252Fassets%2525252525252Fimages%2525252525252Flogo%2525252525252Fsign-in.php%2525252525253FreturnUrl%2525252525253D%252525252525252Fassets%252525252525252Fimages%252525252525252Flogo%252525252525252Fsign-in.php%252525252525253FreturnUrl%252525252525253D%25252525252525252Fassets%25252525252525252Fimages%25252525252525252Flogo%25252525252525252Fsign-in.php%25252525252525253FreturnUrl%25252525252525253D%2525252525252525252Fassets%2525252525252525252Fimages%2525252525252525252Flogo%2525252525252525252Fsign-in.php%2525252525252525253FreturnUrl%2525252525252525253D%252525252525252525252Fassets%252525252525252525252Fimages%252525252525252525252Flogo%252525252525252525252Fsign-in.php%252525252525252525253FreturnUrl%252525252525252525253D%25252525252525252525252Fassets%25252525252525252525252Fimages%25252525252525252525252Flogo%25252525252525252525252Fsign-in.php%25252525252525252525253FreturnUrl%25252525252525252525253D%2525252525252525252525252Fassets%2525252525252525252525252Fimages%2525252525252525252525252Flogo%2525252525252525252525252Fsign-in.php%2525252525252525252525253FreturnUrl%2525252525252525252525253D%252525252525252525252525252Fassets%252525252525252525252525252Fimages%252525252525252525252525252Flogo%252525252525252525252525252Fsign-in.php%252525252525252525252525253FreturnUrl%252525252525252525252525253D%25252525252525252525252525252Fassets%25252525252525252525252525252Fimages%25252525252525252525252525252Flogo%25252525252525252525252525252Ffavicon.svg"}
[2025-10-07 22:00:43] [ERROR] Kullanıcı oturum açmaya çalıştı, ancak oturum bilgisi bulunamadı. {"ip":"127.0.0.1","requested_url":"\/assets\/images\/logo\/sign-in.php?returnUrl=%2Fassets%2Fimages%2Flogo%2Fsign-in.php%3FreturnUrl%3D%252Fassets%252Fimages%252Flogo%252Fsign-in.php%253FreturnUrl%253D%25252Fassets%25252Fimages%25252Flogo%25252Fsign-in.php%25253FreturnUrl%25253D%2525252Fassets%2525252Fimages%2525252Flogo%2525252Fsign-in.php%2525253FreturnUrl%2525253D%252525252Fassets%252525252Fimages%252525252Flogo%252525252Fsign-in.php%252525253FreturnUrl%252525253D%25252525252Fassets%25252525252Fimages%25252525252Flogo%25252525252Fsign-in.php%25252525253FreturnUrl%25252525253D%2525252525252Fassets%2525252525252Fimages%2525252525252Flogo%2525252525252Fsign-in.php%2525252525253FreturnUrl%2525252525253D%252525252525252Fassets%252525252525252Fimages%252525252525252Flogo%252525252525252Fsign-in.php%252525252525253FreturnUrl%252525252525253D%25252525252525252Fassets%25252525252525252Fimages%25252525252525252Flogo%25252525252525252Fsign-in.php%25252525252525253FreturnUrl%25252525252525253D%2525252525252525252Fassets%2525252525252525252Fimages%2525252525252525252Flogo%2525252525252525252Fsign-in.php%2525252525252525253FreturnUrl%2525252525252525253D%252525252525252525252Fassets%252525252525252525252Fimages%252525252525252525252Flogo%252525252525252525252Fsign-in.php%252525252525252525253FreturnUrl%252525252525252525253D%25252525252525252525252Fassets%25252525252525252525252Fimages%25252525252525252525252Flogo%25252525252525252525252Fsign-in.php%25252525252525252525253FreturnUrl%25252525252525252525253D%2525252525252525252525252Fassets%2525252525252525252525252Fimages%2525252525252525252525252Flogo%2525252525252525252525252Fsign-in.php%2525252525252525252525253FreturnUrl%2525252525252525252525253D%252525252525252525252525252Fassets%252525252525252525252525252Fimages%252525252525252525252525252Flogo%252525252525252525252525252Fsign-in.php%252525252525252525252525253FreturnUrl%252525252525252525252525253D%25252525252525252525252525252Fassets%25252525252525252525252525252Fimages%25252525252525252525252525252Flogo%25252525252525252525252525252Fsign-in.php%25252525252525252525252525253FreturnUrl%25252525252525252525252525253D%2525252525252525252525252525252Fassets%2525252525252525252525252525252Fimages%2525252525252525252525252525252Flogo%2525252525252525252525252525252Ffavicon.svg"}
[2025-10-07 22:00:43] [ERROR] Kullanıcı oturum açmaya çalıştı, ancak oturum bilgisi bulunamadı. {"ip":"127.0.0.1","requested_url":"\/assets\/images\/logo\/sign-in.php?returnUrl=%2Fassets%2Fimages%2Flogo%2Fsign-in.php%3FreturnUrl%3D%252Fassets%252Fimages%252Flogo%252Fsign-in.php%253FreturnUrl%253D%25252Fassets%25252Fimages%25252Flogo%25252Fsign-in.php%25253FreturnUrl%25253D%2525252Fassets%2525252Fimages%2525252Flogo%2525252Fsign-in.php%2525253FreturnUrl%2525253D%252525252Fassets%252525252Fimages%252525252Flogo%252525252Fsign-in.php%252525253FreturnUrl%252525253D%25252525252Fassets%25252525252Fimages%25252525252Flogo%25252525252Fsign-in.php%25252525253FreturnUrl%25252525253D%2525252525252Fassets%2525252525252Fimages%2525252525252Flogo%2525252525252Fsign-in.php%2525252525253FreturnUrl%2525252525253D%252525252525252Fassets%252525252525252Fimages%252525252525252Flogo%252525252525252Fsign-in.php%252525252525253FreturnUrl%252525252525253D%25252525252525252Fassets%25252525252525252Fimages%25252525252525252Flogo%25252525252525252Fsign-in.php%25252525252525253FreturnUrl%25252525252525253D%2525252525252525252Fassets%2525252525252525252Fimages%2525252525252525252Flogo%2525252525252525252Fsign-in.php%2525252525252525253FreturnUrl%2525252525252525253D%252525252525252525252Fassets%252525252525252525252Fimages%252525252525252525252Flogo%252525252525252525252Fsign-in.php%252525252525252525253FreturnUrl%252525252525252525253D%25252525252525252525252Fassets%25252525252525252525252Fimages%25252525252525252525252Flogo%25252525252525252525252Fsign-in.php%25252525252525252525253FreturnUrl%25252525252525252525253D%2525252525252525252525252Fassets%2525252525252525252525252Fimages%2525252525252525252525252Flogo%2525252525252525252525252Fsign-in.php%2525252525252525252525253FreturnUrl%2525252525252525252525253D%252525252525252525252525252Fassets%252525252525252525252525252Fimages%252525252525252525252525252Flogo%252525252525252525252525252Fsign-in.php%252525252525252525252525253FreturnUrl%252525252525252525252525253D%25252525252525252525252525252Fassets%25252525252525252525252525252Fimages%25252525252525252525252525252Flogo%25252525252525252525252525252Fsign-in.php%25252525252525252525252525253FreturnUrl%25252525252525252525252525253D%2525252525252525252525252525252Fassets%2525252525252525252525252525252Fimages%2525252525252525252525252525252Flogo%2525252525252525252525252525252Fsign-in.php%2525252525252525252525252525253FreturnUrl%2525252525252525252525252525253D%252525252525252525252525252525252Fassets%252525252525252525252525252525252Fimages%252525252525252525252525252525252Flogo%252525252525252525252525252525252Ffavicon.svg"}
[2025-10-07 22:00:43] [ERROR] Kullanıcı oturum açmaya çalıştı, ancak oturum bilgisi bulunamadı. {"ip":"127.0.0.1","requested_url":"\/assets\/images\/logo\/sign-in.php?returnUrl=%2Fassets%2Fimages%2Flogo%2Fsign-in.php%3FreturnUrl%3D%252Fassets%252Fimages%252Flogo%252Fsign-in.php%253FreturnUrl%253D%25252Fassets%25252Fimages%25252Flogo%25252Fsign-in.php%25253FreturnUrl%25253D%2525252Fassets%2525252Fimages%2525252Flogo%2525252Fsign-in.php%2525253FreturnUrl%2525253D%252525252Fassets%252525252Fimages%252525252Flogo%252525252Fsign-in.php%252525253FreturnUrl%252525253D%25252525252Fassets%25252525252Fimages%25252525252Flogo%25252525252Fsign-in.php%25252525253FreturnUrl%25252525253D%2525252525252Fassets%2525252525252Fimages%2525252525252Flogo%2525252525252Fsign-in.php%2525252525253FreturnUrl%2525252525253D%252525252525252Fassets%252525252525252Fimages%252525252525252Flogo%252525252525252Fsign-in.php%252525252525253FreturnUrl%252525252525253D%25252525252525252Fassets%25252525252525252Fimages%25252525252525252Flogo%25252525252525252Fsign-in.php%25252525252525253FreturnUrl%25252525252525253D%2525252525252525252Fassets%2525252525252525252Fimages%2525252525252525252Flogo%2525252525252525252Fsign-in.php%2525252525252525253FreturnUrl%2525252525252525253D%252525252525252525252Fassets%252525252525252525252Fimages%252525252525252525252Flogo%252525252525252525252Fsign-in.php%252525252525252525253FreturnUrl%252525252525252525253D%25252525252525252525252Fassets%25252525252525252525252Fimages%25252525252525252525252Flogo%25252525252525252525252Fsign-in.php%25252525252525252525253FreturnUrl%25252525252525252525253D%2525252525252525252525252Fassets%2525252525252525252525252Fimages%2525252525252525252525252Flogo%2525252525252525252525252Fsign-in.php%2525252525252525252525253FreturnUrl%2525252525252525252525253D%252525252525252525252525252Fassets%252525252525252525252525252Fimages%252525252525252525252525252Flogo%252525252525252525252525252Fsign-in.php%252525252525252525252525253FreturnUrl%252525252525252525252525253D%25252525252525252525252525252Fassets%25252525252525252525252525252Fimages%25252525252525252525252525252Flogo%25252525252525252525252525252Fsign-in.php%25252525252525252525252525253FreturnUrl%25252525252525252525252525253D%2525252525252525252525252525252Fassets%2525252525252525252525252525252Fimages%2525252525252525252525252525252Flogo%2525252525252525252525252525252Fsign-in.php%2525252525252525252525252525253FreturnUrl%2525252525252525252525252525253D%252525252525252525252525252525252Fassets%252525252525252525252525252525252Fimages%252525252525252525252525252525252Flogo%252525252525252525252525252525252Fsign-in.php%252525252525252525252525252525253FreturnUrl%252525252525252525252525252525253D%25252525252525252525252525252525252Fassets%25252525252525252525252525252525252Fimages%25252525252525252525252525252525252Flogo%25252525252525252525252525252525252Ffavicon.svg"}
[2025-10-07 22:00:43] [ERROR] Kullanıcı oturum açmaya çalıştı, ancak oturum bilgisi bulunamadı. {"ip":"127.0.0.1","requested_url":"\/assets\/images\/logo\/sign-in.php?returnUrl=%2Fassets%2Fimages%2Flogo%2Fsign-in.php%3FreturnUrl%3D%252Fassets%252Fimages%252Flogo%252Fsign-in.php%253FreturnUrl%253D%25252Fassets%25252Fimages%25252Flogo%25252Fsign-in.php%25253FreturnUrl%25253D%2525252Fassets%2525252Fimages%2525252Flogo%2525252Fsign-in.php%2525253FreturnUrl%2525253D%252525252Fassets%252525252Fimages%252525252Flogo%252525252Fsign-in.php%252525253FreturnUrl%252525253D%25252525252Fassets%25252525252Fimages%25252525252Flogo%25252525252Fsign-in.php%25252525253FreturnUrl%25252525253D%2525252525252Fassets%2525252525252Fimages%2525252525252Flogo%2525252525252Fsign-in.php%2525252525253FreturnUrl%2525252525253D%252525252525252Fassets%252525252525252Fimages%252525252525252Flogo%252525252525252Fsign-in.php%252525252525253FreturnUrl%252525252525253D%25252525252525252Fassets%25252525252525252Fimages%25252525252525252Flogo%25252525252525252Fsign-in.php%25252525252525253FreturnUrl%25252525252525253D%2525252525252525252Fassets%2525252525252525252Fimages%2525252525252525252Flogo%2525252525252525252Fsign-in.php%2525252525252525253FreturnUrl%2525252525252525253D%252525252525252525252Fassets%252525252525252525252Fimages%252525252525252525252Flogo%252525252525252525252Fsign-in.php%252525252525252525253FreturnUrl%252525252525252525253D%25252525252525252525252Fassets%25252525252525252525252Fimages%25252525252525252525252Flogo%25252525252525252525252Fsign-in.php%25252525252525252525253FreturnUrl%25252525252525252525253D%2525252525252525252525252Fassets%2525252525252525252525252Fimages%2525252525252525252525252Flogo%2525252525252525252525252Fsign-in.php%2525252525252525252525253FreturnUrl%2525252525252525252525253D%252525252525252525252525252Fassets%252525252525252525252525252Fimages%252525252525252525252525252Flogo%252525252525252525252525252Fsign-in.php%252525252525252525252525253FreturnUrl%252525252525252525252525253D%25252525252525252525252525252Fassets%25252525252525252525252525252Fimages%25252525252525252525252525252Flogo%25252525252525252525252525252Fsign-in.php%25252525252525252525252525253FreturnUrl%25252525252525252525252525253D%2525252525252525252525252525252Fassets%2525252525252525252525252525252Fimages%2525252525252525252525252525252Flogo%2525252525252525252525252525252Fsign-in.php%2525252525252525252525252525253FreturnUrl%2525252525252525252525252525253D%252525252525252525252525252525252Fassets%252525252525252525252525252525252Fimages%252525252525252525252525252525252Flogo%252525252525252525252525252525252Fsign-in.php%252525252525252525252525252525253FreturnUrl%252525252525252525252525252525253D%25252525252525252525252525252525252Fassets%25252525252525252525252525252525252Fimages%25252525252525252525252525252525252Flogo%25252525252525252525252525252525252Fsign-in.php%25252525252525252525252525252525253FreturnUrl%25252525252525252525252525252525253D%2525252525252525252525252525252525252Fassets%2525252525252525252525252525252525252Fimages%2525252525252525252525252525252525252Flogo%2525252525252525252525252525252525252Ffavicon.svg"}
[2025-10-07 22:00:43] [ERROR] Kullanıcı oturum açmaya çalıştı, ancak oturum bilgisi bulunamadı. {"ip":"127.0.0.1","requested_url":"\/assets\/images\/logo\/sign-in.php?returnUrl=%2Fassets%2Fimages%2Flogo%2Fsign-in.php%3FreturnUrl%3D%252Fassets%252Fimages%252Flogo%252Fsign-in.php%253FreturnUrl%253D%25252Fassets%25252Fimages%25252Flogo%25252Fsign-in.php%25253FreturnUrl%25253D%2525252Fassets%2525252Fimages%2525252Flogo%2525252Fsign-in.php%2525253FreturnUrl%2525253D%252525252Fassets%252525252Fimages%252525252Flogo%252525252Fsign-in.php%252525253FreturnUrl%252525253D%25252525252Fassets%25252525252Fimages%25252525252Flogo%25252525252Fsign-in.php%25252525253FreturnUrl%25252525253D%2525252525252Fassets%2525252525252Fimages%2525252525252Flogo%2525252525252Fsign-in.php%2525252525253FreturnUrl%2525252525253D%252525252525252Fassets%252525252525252Fimages%252525252525252Flogo%252525252525252Fsign-in.php%252525252525253FreturnUrl%252525252525253D%25252525252525252Fassets%25252525252525252Fimages%25252525252525252Flogo%25252525252525252Fsign-in.php%25252525252525253FreturnUrl%25252525252525253D%2525252525252525252Fassets%2525252525252525252Fimages%2525252525252525252Flogo%2525252525252525252Fsign-in.php%2525252525252525253FreturnUrl%2525252525252525253D%252525252525252525252Fassets%252525252525252525252Fimages%252525252525252525252Flogo%252525252525252525252Fsign-in.php%252525252525252525253FreturnUrl%252525252525252525253D%25252525252525252525252Fassets%25252525252525252525252Fimages%25252525252525252525252Flogo%25252525252525252525252Fsign-in.php%25252525252525252525253FreturnUrl%25252525252525252525253D%2525252525252525252525252Fassets%2525252525252525252525252Fimages%2525252525252525252525252Flogo%2525252525252525252525252Fsign-in.php%2525252525252525252525253FreturnUrl%2525252525252525252525253D%252525252525252525252525252Fassets%252525252525252525252525252Fimages%252525252525252525252525252Flogo%252525252525252525252525252Fsign-in.php%252525252525252525252525253FreturnUrl%252525252525252525252525253D%25252525252525252525252525252Fassets%25252525252525252525252525252Fimages%25252525252525252525252525252Flogo%25252525252525252525252525252Fsign-in.php%25252525252525252525252525253FreturnUrl%25252525252525252525252525253D%2525252525252525252525252525252Fassets%2525252525252525252525252525252Fimages%2525252525252525252525252525252Flogo%2525252525252525252525252525252Fsign-in.php%2525252525252525252525252525253FreturnUrl%2525252525252525252525252525253D%252525252525252525252525252525252Fassets%252525252525252525252525252525252Fimages%252525252525252525252525252525252Flogo%252525252525252525252525252525252Fsign-in.php%252525252525252525252525252525253FreturnUrl%252525252525252525252525252525253D%25252525252525252525252525252525252Fassets%25252525252525252525252525252525252Fimages%25252525252525252525252525252525252Flogo%25252525252525252525252525252525252Fsign-in.php%25252525252525252525252525252525253FreturnUrl%25252525252525252525252525252525253D%2525252525252525252525252525252525252Fassets%2525252525252525252525252525252525252Fimages%2525252525252525252525252525252525252Flogo%2525252525252525252525252525252525252Fsign-in.php%2525252525252525252525252525252525253FreturnUrl%2525252525252525252525252525252525253D%252525252525252525252525252525252525252Fassets%252525252525252525252525252525252525252Fimages%252525252525252525252525252525252525252Flogo%252525252525252525252525252525252525252Ffavicon.svg"}
[2025-10-07 22:00:48] [INFO] Kullanıcı başarıyla giriş yaptı. {"user_id":147,"email":"ertanguness@gmail.com","ip":"127.0.0.1"}
[2025-10-07 22:06:13] [INFO] Kullanıcı oturumu kapattı. {"user_id":147,"ip":"127.0.0.1"}
[2025-10-07 22:07:07] [INFO] Kullanıcı başarıyla giriş yaptı. {"user_id":147,"email":"ertanguness@gmail.com","ip":"127.0.0.1"}
[2025-10-07 22:54:03] [ERROR] Kullanıcı oturum açmaya çalıştı, ancak oturum bilgisi bulunamadı. {"ip":"192.168.1.102","requested_url":"\/"}
[2025-10-07 22:56:09] [INFO] Tahsilat-Borç eşleştirme işlemi başlatıldı {"onay_id":"7352","gelen_tutar":400,"kullanici_id":147}
[2025-10-07 22:56:09] [INFO] Ana tahsilat kaydı oluşturuldu ve kasaya eklendi. {"tahsilat_id":"2089","kasa_hareket_id":"FVe7PMGTIGPm3JmETq5jTX3Jy3zEjK-9-lgyXTJ_eA%2A%2A","tutar":400}
[2025-10-07 22:56:09] [INFO] Artan tutar krediye eklendi. {"kisi_id":"188","kredi_tutari":400}
[2025-10-07 22:56:15] [INFO] Tahsilat-Borç eşleştirme işlemi başlatıldı {"onay_id":"7353","gelen_tutar":400,"kullanici_id":147}
[2025-10-07 22:56:15] [INFO] Ana tahsilat kaydı oluşturuldu ve kasaya eklendi. {"tahsilat_id":"2090","kasa_hareket_id":"dAFRUgnYLJloIlnYYaRVaZBvgc09ui6P6Uyv54dyIg%2A%2A","tutar":400}
[2025-10-07 22:56:15] [INFO] Borç detayları alındı. {"borc_detay_bilgisi":"[\n    {\n        \"id\": 23803,\n        \"borc_tutari\": \"400.00\",\n        \"gun_farki\": 190,\n        \"gecikme_zammi\": \"0.00\",\n        \"ceza_orani\": \"0.00\",\n        \"toplam_borc\": \"400.00\",\n        \"toplam_odenen\": null,\n        \"anapara_tahsilat\": null,\n        \"gecikme_zammi_odemesi\": null,\n        \"kalan_toplam_borc\": \"400.00\",\n        \"kalan_gecikme_zammi\": \"0.00\"\n    }\n]"}
[2025-10-07 22:56:15] [INFO] Borç kaydı işleniyor. {"borc_detay_id":23803,"kalan_dagitilacak_tutar":400}
[2025-10-07 22:56:15] [INFO] Anapara için tahsilat detayı oluşturuldu. {"borc_detay_id":23803,"odenen_anapara":400}
[2025-10-07 22:56:21] [INFO] Tahsilat-Borç eşleştirme işlemi başlatıldı {"onay_id":"7354","gelen_tutar":400,"kullanici_id":147}
[2025-10-07 22:56:21] [INFO] Ana tahsilat kaydı oluşturuldu ve kasaya eklendi. {"tahsilat_id":"2091","kasa_hareket_id":"q8oHsP-H7eVf4ZcDXnB0-5HRBXEA9VTAWEQ7aEUQPw%2A%2A","tutar":400}
[2025-10-07 22:56:21] [INFO] Borç detayları alındı. {"borc_detay_bilgisi":"[\n    {\n        \"id\": 23982,\n        \"borc_tutari\": \"400.00\",\n        \"gun_farki\": 160,\n        \"gecikme_zammi\": \"0.00\",\n        \"ceza_orani\": \"0.00\",\n        \"toplam_borc\": \"400.00\",\n        \"toplam_odenen\": null,\n        \"anapara_tahsilat\": null,\n        \"gecikme_zammi_odemesi\": null,\n        \"kalan_toplam_borc\": \"400.00\",\n        \"kalan_gecikme_zammi\": \"0.00\"\n    }\n]"}
[2025-10-07 22:56:21] [INFO] Borç kaydı işleniyor. {"borc_detay_id":23982,"kalan_dagitilacak_tutar":400}
[2025-10-07 22:56:21] [INFO] Anapara için tahsilat detayı oluşturuldu. {"borc_detay_id":23982,"odenen_anapara":400}
[2025-10-07 22:56:34] [INFO] Tahsilat-Borç eşleştirme işlemi başlatıldı {"onay_id":"7356","gelen_tutar":400,"kullanici_id":147}
[2025-10-07 22:56:34] [INFO] Ana tahsilat kaydı oluşturuldu ve kasaya eklendi. {"tahsilat_id":"2092","kasa_hareket_id":"_zGkeZcLzBi2SMNbgvsSBHDOXWLaCO2ayGCwEYmORg%2A%2A","tutar":400}
[2025-10-07 22:56:34] [INFO] Borç detayları alındı. {"borc_detay_bilgisi":"[\n    {\n        \"id\": 24879,\n        \"borc_tutari\": \"400.00\",\n        \"gun_farki\": 99,\n        \"gecikme_zammi\": \"0.00\",\n        \"ceza_orani\": \"0.00\",\n        \"toplam_borc\": \"400.00\",\n        \"toplam_odenen\": null,\n        \"anapara_tahsilat\": null,\n        \"gecikme_zammi_odemesi\": null,\n        \"kalan_toplam_borc\": \"400.00\",\n        \"kalan_gecikme_zammi\": \"0.00\"\n    }\n]"}
[2025-10-07 22:56:34] [INFO] Borç kaydı işleniyor. {"borc_detay_id":24879,"kalan_dagitilacak_tutar":400}
[2025-10-07 22:56:34] [INFO] Anapara için tahsilat detayı oluşturuldu. {"borc_detay_id":24879,"odenen_anapara":400}
[2025-10-07 22:56:53] [INFO] Tahsilat-Borç eşleştirme işlemi başlatıldı {"onay_id":"7355","gelen_tutar":200,"kullanici_id":147}
[2025-10-07 22:56:54] [INFO] Ana tahsilat kaydı oluşturuldu ve kasaya eklendi. {"tahsilat_id":"2093","kasa_hareket_id":"DuhKWuvrmFzkC0JlwGfqJ-4EwIZp6yRFxs_sdUddKw%2A%2A","tutar":200}
[2025-10-07 22:56:54] [INFO] Borç detayları alındı. {"borc_detay_bilgisi":"[\n    {\n        \"id\": 24700,\n        \"borc_tutari\": \"400.00\",\n        \"gun_farki\": 129,\n        \"gecikme_zammi\": \"0.00\",\n        \"ceza_orani\": \"0.00\",\n        \"toplam_borc\": \"400.00\",\n        \"toplam_odenen\": null,\n        \"anapara_tahsilat\": null,\n        \"gecikme_zammi_odemesi\": null,\n        \"kalan_toplam_borc\": \"400.00\",\n        \"kalan_gecikme_zammi\": \"0.00\"\n    }\n]"}
[2025-10-07 22:56:54] [INFO] Borç kaydı işleniyor. {"borc_detay_id":24700,"kalan_dagitilacak_tutar":200}
[2025-10-07 22:56:54] [INFO] Anapara için tahsilat detayı oluşturuldu. {"borc_detay_id":24700,"odenen_anapara":200}
[2025-10-07 22:57:05] [INFO] Tahsilat-Borç eşleştirme işlemi başlatıldı {"onay_id":"7357","gelen_tutar":600,"kullanici_id":147}
[2025-10-07 22:57:05] [INFO] Ana tahsilat kaydı oluşturuldu ve kasaya eklendi. {"tahsilat_id":"2094","kasa_hareket_id":"f4fLGO3sRqBYHyyktyTzPyebT6_Ms_BO17q-l9OWzw%2A%2A","tutar":600}
[2025-10-07 22:57:05] [INFO] Borç detayları alındı. {"borc_detay_bilgisi":"[\n    {\n        \"id\": 24340,\n        \"borc_tutari\": \"600.00\",\n        \"gun_farki\": 160,\n        \"gecikme_zammi\": \"0.00\",\n        \"ceza_orani\": \"0.00\",\n        \"toplam_borc\": \"600.00\",\n        \"toplam_odenen\": null,\n        \"anapara_tahsilat\": null,\n        \"gecikme_zammi_odemesi\": null,\n        \"kalan_toplam_borc\": \"600.00\",\n        \"kalan_gecikme_zammi\": \"0.00\"\n    }\n]"}
[2025-10-07 22:57:05] [INFO] Borç kaydı işleniyor. {"borc_detay_id":24340,"kalan_dagitilacak_tutar":600}
[2025-10-07 22:57:05] [INFO] Anapara için tahsilat detayı oluşturuldu. {"borc_detay_id":24340,"odenen_anapara":600}
[2025-10-07 23:02:23] [INFO] Kredi ID 110 için kullanım güncellendi: Kullanıldı mı: 0, Kullanılan Tutar: 200 TL 
[2025-10-07 23:02:23] [INFO] Gecikme zammı ödemesi: 0.00 TL, kalan ödenecek tutar: 200 TL 
[2025-10-07 23:04:15] [INFO] Tahsilat ID 2088 için ilişkili kredi kayıtları silindi. 
[2025-10-07 23:04:15] [INFO] Tahsilat ID 2088 için ilişkili kasa hareketleri silindi. 
[2025-10-07 23:04:15] [INFO] Tahsilat ID 2088 için ilişkili tahsilat detayları silindi. 
[2025-10-07 23:04:15] [INFO] Tahsilat ID 2088 kaydı ve ilişkili tüm veriler silindi. 
[2025-10-07 23:05:05] [INFO] Gecikme zammı ödemesi: 0.00 TL, kalan ödenecek tutar: 3943.27 TL 
[2025-10-07 23:05:05] [INFO] Gecikme zammı ödemesi: 0.00 TL, kalan ödenecek tutar: 2033.27 TL 
[2025-10-07 23:05:05] [INFO] Gecikme zammı ödemesi: 0.00 TL, kalan ödenecek tutar: 1633.27 TL 
[2025-10-07 23:07:03] [INFO] Borçlandırma kaydı başarıyla oluşturuldu: {"id":0,"borclandirma_id":"192","borc_adi":"A\u0130DAT","kisi_id":"22","daire_id":22,"tutar":"800","baslangic_tarihi":"2025-07-01","bitis_tarihi":"2025-07-31","son_odeme_tarihi":"2025-07-31","ceza_orani":"","aciklama":"TEMMUZ 2025 A\u0130DAT"} 
[2025-10-07 23:07:24] [INFO] Borçlandırma kaydı başarıyla oluşturuldu: {"id":0,"borclandirma_id":"193","borc_adi":"A\u0130DAT","kisi_id":"22","daire_id":22,"tutar":"800","baslangic_tarihi":"2025-08-01","bitis_tarihi":"2025-08-31","son_odeme_tarihi":"2025-08-31","ceza_orani":"","aciklama":"A\u011eUSTOS 2025 A\u0130DAT"} 
[2025-10-07 23:07:58] [INFO] Borçlandırma kaydı başarıyla oluşturuldu: {"id":0,"borclandirma_id":"194","borc_adi":"A\u0130DAT","kisi_id":"22","daire_id":22,"tutar":"800","baslangic_tarihi":"2025-09-01","bitis_tarihi":"2025-09-30","son_odeme_tarihi":"2025-09-30","ceza_orani":"","aciklama":"EYL\u00dcL 2025 A\u0130DAT"} 
[2025-10-07 23:08:23] [INFO] Borçlandırma kaydı başarıyla oluşturuldu: {"id":0,"borclandirma_id":"195","borc_adi":"A\u0130DAT","kisi_id":"22","daire_id":22,"tutar":"800","baslangic_tarihi":"2025-10-01","bitis_tarihi":"2025-10-31","son_odeme_tarihi":"2025-10-31","ceza_orani":"","aciklama":"EKIM 2025 A\u0130DAT"} 
[2025-10-07 23:09:07] [INFO] Gecikme zammı ödemesi: 0.00 TL, kalan ödenecek tutar: 3300 TL 
[2025-10-07 23:09:07] [INFO] Gecikme zammı ödemesi: 0.00 TL, kalan ödenecek tutar: 2700 TL 
[2025-10-07 23:09:07] [INFO] Gecikme zammı ödemesi: 0.00 TL, kalan ödenecek tutar: 1640 TL 
[2025-10-07 23:09:07] [INFO] Gecikme zammı ödemesi: 0.00 TL, kalan ödenecek tutar: 840 TL 
