[2025-09-21 20:48:30] [INFO] Tahsilat-Borç eşleştirme işlemi başlatıldı {"onay_id":"1230","gelen_tutar":800,"kullanici_id":147}
[2025-09-21 20:48:30] [INFO] Ana tahsilat kaydı oluşturuldu. {"tahsilat_id":"1130"}
[2025-09-21 20:49:11] [INFO] Tahsilat-Borç eşleştirme işlemi başlatıldı {"onay_id":"1230","gelen_tutar":800,"kullanici_id":147}
[2025-09-21 20:49:11] [INFO] Ana tahsilat kaydı oluşturuldu. {"tahsilat_id":"1131"}
[2025-09-21 20:55:03] [INFO] Tahsilat-Borç eşleştirme işlemi başlatıldı {"onay_id":"1230","gelen_tutar":800,"kullanici_id":147}
[2025-09-21 20:55:03] [INFO] Ana tahsilat kaydı oluşturuldu. {"tahsilat_id":"1132"}
[2025-09-21 20:55:03] [INFO] Borç detayları alındı. {"borc_detay_bilgisi":"[\n    {\n        \"id\": 15025,\n        \"borc_tutari\": \"800.00\",\n        \"gun_farki\": 52,\n        \"gecikme_zammi\": \"69.33\",\n        \"ceza_orani\": \"5.00\",\n        \"toplam_borc\": \"869.33\",\n        \"toplam_odenen\": null,\n        \"anapara_tahsilat\": null,\n        \"gecikme_zammi_odemesi\": null,\n        \"kalan_toplam_borc\": \"869.33\",\n        \"kalan_gecikme_zammi\": \"69.33\"\n    }\n]"}
[2025-09-21 20:56:01] [INFO] Tahsilat-Borç eşleştirme işlemi başlatıldı {"onay_id":"1230","gelen_tutar":800,"kullanici_id":147}
[2025-09-21 20:56:01] [INFO] Ana tahsilat kaydı oluşturuldu. {"tahsilat_id":"1133"}
[2025-09-21 20:56:01] [INFO] Borç detayları alındı. {"borc_detay_bilgisi":"[\n    {\n        \"id\": 15025,\n        \"borc_tutari\": \"800.00\",\n        \"gun_farki\": 52,\n        \"gecikme_zammi\": \"69.33\",\n        \"ceza_orani\": \"5.00\",\n        \"toplam_borc\": \"869.33\",\n        \"toplam_odenen\": null,\n        \"anapara_tahsilat\": null,\n        \"gecikme_zammi_odemesi\": null,\n        \"kalan_toplam_borc\": \"869.33\",\n        \"kalan_gecikme_zammi\": \"69.33\"\n    }\n]"}
[2025-09-21 20:56:01] [INFO] Borç kaydı işlendi. {"borc_detay_id":15025}
[2025-09-21 20:56:30] [INFO] Tahsilat-Borç eşleştirme işlemi başlatıldı {"onay_id":"1230","gelen_tutar":800,"kullanici_id":147}
[2025-09-21 20:56:30] [INFO] Ana tahsilat kaydı oluşturuldu. {"tahsilat_id":"1134"}
[2025-09-21 20:56:30] [INFO] Borç detayları alındı. {"borc_detay_bilgisi":"[\n    {\n        \"id\": 15025,\n        \"borc_tutari\": \"800.00\",\n        \"gun_farki\": 52,\n        \"gecikme_zammi\": \"69.33\",\n        \"ceza_orani\": \"5.00\",\n        \"toplam_borc\": \"869.33\",\n        \"toplam_odenen\": null,\n        \"anapara_tahsilat\": null,\n        \"gecikme_zammi_odemesi\": null,\n        \"kalan_toplam_borc\": \"869.33\",\n        \"kalan_gecikme_zammi\": \"69.33\"\n    }\n]"}
[2025-09-21 20:56:30] [INFO] Tahsilat detay kaydı oluşturuldu. {"borc_detay_id":15025,"tahsilat_id":"1134","odenen_tutar":800,"aciklama":"Tahsilat: 800.00 TL (Gecikme Zammı: 69.33 TL, Anapara: 730.67 TL)"}
[2025-09-21 20:58:54] [INFO] Tahsilat-Borç eşleştirme işlemi başlatıldı {"onay_id":"1230","gelen_tutar":800,"kullanici_id":147}
[2025-09-21 20:58:54] [INFO] Ana tahsilat kaydı oluşturuldu. {"tahsilat_id":"1135"}
[2025-09-21 20:58:54] [INFO] Borç detayları alındı. {"borc_detay_bilgisi":"[\n    {\n        \"id\": 15025,\n        \"borc_tutari\": \"800.00\",\n        \"gun_farki\": 52,\n        \"gecikme_zammi\": \"69.33\",\n        \"ceza_orani\": \"5.00\",\n        \"toplam_borc\": \"869.33\",\n        \"toplam_odenen\": null,\n        \"anapara_tahsilat\": null,\n        \"gecikme_zammi_odemesi\": null,\n        \"kalan_toplam_borc\": \"869.33\",\n        \"kalan_gecikme_zammi\": \"69.33\"\n    }\n]"}
[2025-09-21 20:58:54] [INFO] Tahsilat detay kaydı oluşturuldu. {"borc_detay_id":15025,"tahsilat_id":"1135","odenen_tutar":800,"aciklama":"Tahsilat: 800.00 TL (Gecikme Zammı: 69.33 TL, Anapara: 730.67 TL)"}
[2025-09-21 21:04:58] [INFO] Tahsilat-Borç eşleştirme işlemi başlatıldı {"onay_id":"1233","gelen_tutar":400,"kullanici_id":147}
[2025-09-21 21:04:58] [INFO] Ana tahsilat kaydı oluşturuldu. {"tahsilat_id":"1136"}
[2025-09-21 21:04:58] [INFO] Borç detayları alındı. {"borc_detay_bilgisi":"[\n    {\n        \"id\": 15013,\n        \"borc_tutari\": \"800.00\",\n        \"gun_farki\": 52,\n        \"gecikme_zammi\": \"69.33\",\n        \"ceza_orani\": \"5.00\",\n        \"toplam_borc\": \"869.33\",\n        \"toplam_odenen\": null,\n        \"anapara_tahsilat\": null,\n        \"gecikme_zammi_odemesi\": null,\n        \"kalan_toplam_borc\": \"869.33\",\n        \"kalan_gecikme_zammi\": \"69.33\"\n    }\n]"}
[2025-09-21 21:04:58] [INFO] Gecikme zammı için tahsilat detayı oluşturuldu. {"borc_detay_id":15013,"odenen_gecikme":69.33}
[2025-09-21 21:04:58] [INFO] Anapara için tahsilat detayı oluşturuldu. {"borc_detay_id":15013,"odenen_anapara":330.67}
[2025-09-21 21:05:17] [INFO] Tahsilat-Borç eşleştirme işlemi başlatıldı {"onay_id":"1232","gelen_tutar":800,"kullanici_id":147}
[2025-09-21 21:05:17] [INFO] Ana tahsilat kaydı oluşturuldu. {"tahsilat_id":"1137"}
[2025-09-21 21:05:17] [INFO] Borç detayları alındı. {"borc_detay_bilgisi":"[\n    {\n        \"id\": 15046,\n        \"borc_tutari\": \"800.00\",\n        \"gun_farki\": 52,\n        \"gecikme_zammi\": \"69.33\",\n        \"ceza_orani\": \"5.00\",\n        \"toplam_borc\": \"869.33\",\n        \"toplam_odenen\": null,\n        \"anapara_tahsilat\": null,\n        \"gecikme_zammi_odemesi\": null,\n        \"kalan_toplam_borc\": \"869.33\",\n        \"kalan_gecikme_zammi\": \"69.33\"\n    }\n]"}
[2025-09-21 21:05:17] [INFO] Gecikme zammı için tahsilat detayı oluşturuldu. {"borc_detay_id":15046,"odenen_gecikme":69.33}
[2025-09-21 21:05:17] [INFO] Anapara için tahsilat detayı oluşturuldu. {"borc_detay_id":15046,"odenen_anapara":730.67}
[2025-09-21 21:06:21] [INFO] Tahsilat (soft) silindi ve etkileri geri alındı {"tahsilat_id":"\"1137\"","silen_kullanici_id":147,"geri_alinan_detaylar":"[{\"id\":487,\"tahsilat_id\":1137,\"borc_detay_id\":15046,\"odenen_tutar\":\"69.33\",\"aciklama\":\"Gecikme zamm\\u0131 \\u00f6demesi\",\"islem_tarihi\":\"2025-09-21 21:05:17\",\"kayit_tarihi\":\"2025-09-21 21:05:17\",\"silinme_tarihi\":null,\"silen_kullanici\":null},{\"id\":488,\"tahsilat_id\":1137,\"borc_detay_id\":15046,\"odenen_tutar\":\"730.67\",\"aciklama\":\"Anapara \\u00f6demesi\",\"islem_tarihi\":\"2025-09-21 21:05:17\",\"kayit_tarihi\":\"2025-09-21 21:05:17\",\"silinme_tarihi\":null,\"silen_kullanici\":null}]","geri_alinan_krediler":"[]","silinen_tahsilat_ana_kaydi":"{\"id\":1137,\"site_id\":null,\"kisi_id\":208,\"kasa_id\":3,\"tutar\":\"800.00\",\"islem_tarihi\":\"2025-09-21 21:05:17\",\"makbuz_no\":null,\"toplam_taksit\":null,\"aciklama\":\"Y\\u00f6netici onay\\u0131 ile bor\\u00e7lara mahsup edildi.\",\"olusturulma_tarihi\":\"2025-09-21 21:05:17\",\"olusturan\":147,\"guncelleme_tarihi\":null,\"guncelleyen\":null,\"silinme_tarihi\":null,\"silen_kullanici\":null}"}
[2025-09-21 21:07:49] [INFO] Tahsilat-Borç eşleştirme işlemi başlatıldı {"onay_id":"1227","gelen_tutar":400,"kullanici_id":147}
[2025-09-21 21:07:49] [INFO] Ana tahsilat kaydı oluşturuldu. {"tahsilat_id":"1138"}
[2025-09-21 21:07:49] [INFO] Borç detayları alındı. {"borc_detay_bilgisi":"[\n    {\n        \"id\": 11068,\n        \"borc_tutari\": \"400.00\",\n        \"gun_farki\": 233,\n        \"gecikme_zammi\": \"0.00\",\n        \"ceza_orani\": \"0.00\",\n        \"toplam_borc\": \"400.00\",\n        \"toplam_odenen\": null,\n        \"anapara_tahsilat\": null,\n        \"gecikme_zammi_odemesi\": null,\n        \"kalan_toplam_borc\": \"400.00\",\n        \"kalan_gecikme_zammi\": \"0.00\"\n    }\n]"}
[2025-09-21 21:07:49] [INFO] Anapara için tahsilat detayı oluşturuldu. {"borc_detay_id":11068,"odenen_anapara":400}
[2025-09-21 21:08:19] [INFO] Tahsilat-Borç eşleştirme işlemi başlatıldı {"onay_id":"1228","gelen_tutar":400,"kullanici_id":147}
[2025-09-21 21:08:19] [INFO] Ana tahsilat kaydı oluşturuldu. {"tahsilat_id":"1139"}
[2025-09-21 21:08:19] [INFO] Borç detayları alındı. {"borc_detay_bilgisi":"[\n    {\n        \"id\": 11096,\n        \"borc_tutari\": \"400.00\",\n        \"gun_farki\": 233,\n        \"gecikme_zammi\": \"0.00\",\n        \"ceza_orani\": \"0.00\",\n        \"toplam_borc\": \"400.00\",\n        \"toplam_odenen\": null,\n        \"anapara_tahsilat\": null,\n        \"gecikme_zammi_odemesi\": null,\n        \"kalan_toplam_borc\": \"400.00\",\n        \"kalan_gecikme_zammi\": \"0.00\"\n    }\n]"}
[2025-09-21 21:08:19] [INFO] Anapara için tahsilat detayı oluşturuldu. {"borc_detay_id":11096,"odenen_anapara":400}
[2025-09-21 21:09:22] [INFO] Tahsilat-Borç eşleştirme işlemi başlatıldı {"onay_id":"1229","gelen_tutar":400,"kullanici_id":147}
[2025-09-21 21:09:22] [INFO] Ana tahsilat kaydı oluşturuldu. {"tahsilat_id":"1140"}
[2025-09-21 21:09:22] [INFO] Borç detayları alındı. {"borc_detay_bilgisi":"[\n    {\n        \"id\": 15157,\n        \"borc_tutari\": \"800.00\",\n        \"gun_farki\": 52,\n        \"gecikme_zammi\": \"69.33\",\n        \"ceza_orani\": \"5.00\",\n        \"toplam_borc\": \"869.33\",\n        \"toplam_odenen\": null,\n        \"anapara_tahsilat\": null,\n        \"gecikme_zammi_odemesi\": null,\n        \"kalan_toplam_borc\": \"869.33\",\n        \"kalan_gecikme_zammi\": \"69.33\"\n    }\n]"}
[2025-09-21 21:09:22] [INFO] Gecikme zammı için tahsilat detayı oluşturuldu. {"borc_detay_id":15157,"odenen_gecikme":69.33}
[2025-09-21 21:09:22] [INFO] Anapara için tahsilat detayı oluşturuldu. {"borc_detay_id":15157,"odenen_anapara":330.67}
[2025-09-21 21:10:52] [INFO] Gecikme zammı ödemesi: 0.00 TL, kalan ödenecek tutar: 1800.00 TL 
[2025-09-21 21:10:52] [INFO] Gecikme zammı ödemesi: 0.00 TL, kalan ödenecek tutar: 1400 TL 
[2025-09-21 21:10:52] [INFO] Gecikme zammı ödemesi: 0.00 TL, kalan ödenecek tutar: 800 TL 
[2025-09-21 21:15:05] [INFO] Tahsilat-Borç eşleştirme işlemi başlatıldı {"onay_id":"1227","gelen_tutar":400,"kullanici_id":147}
[2025-09-21 21:15:05] [INFO] Ana tahsilat kaydı oluşturuldu. {"tahsilat_id":"1142"}
[2025-09-21 21:15:05] [INFO] Borç detayları alındı. {"borc_detay_bilgisi":"[\n    {\n        \"id\": 11426,\n        \"borc_tutari\": \"400.00\",\n        \"gun_farki\": 174,\n        \"gecikme_zammi\": \"0.00\",\n        \"ceza_orani\": \"0.00\",\n        \"toplam_borc\": \"400.00\",\n        \"toplam_odenen\": null,\n        \"anapara_tahsilat\": null,\n        \"gecikme_zammi_odemesi\": null,\n        \"kalan_toplam_borc\": \"400.00\",\n        \"kalan_gecikme_zammi\": \"0.00\"\n    }\n]"}
[2025-09-21 21:15:05] [INFO] Anapara için tahsilat detayı oluşturuldu. {"borc_detay_id":11426,"odenen_anapara":400}
[2025-09-21 21:16:18] [INFO] Tahsilat-Borç eşleştirme işlemi başlatıldı {"onay_id":"1227","gelen_tutar":400,"kullanici_id":147}
[2025-09-21 21:16:18] [INFO] Ana tahsilat kaydı oluşturuldu. {"tahsilat_id":"1143"}
[2025-09-21 21:16:18] [INFO] Borç detayları alındı. {"borc_detay_bilgisi":"[\n    {\n        \"id\": 11605,\n        \"borc_tutari\": \"400.00\",\n        \"gun_farki\": 144,\n        \"gecikme_zammi\": \"0.00\",\n        \"ceza_orani\": \"0.00\",\n        \"toplam_borc\": \"400.00\",\n        \"toplam_odenen\": null,\n        \"anapara_tahsilat\": null,\n        \"gecikme_zammi_odemesi\": null,\n        \"kalan_toplam_borc\": \"400.00\",\n        \"kalan_gecikme_zammi\": \"0.00\"\n    }\n]"}
[2025-09-21 21:16:18] [INFO] Anapara için tahsilat detayı oluşturuldu. {"borc_detay_id":11605,"odenen_anapara":400}
[2025-09-21 21:17:39] [INFO] Tahsilat-Borç eşleştirme işlemi başlatıldı {"onay_id":"1227","gelen_tutar":400,"kullanici_id":147}
[2025-09-21 21:17:39] [INFO] Ana tahsilat kaydı oluşturuldu. {"tahsilat_id":"1144"}
[2025-09-21 21:17:39] [INFO] Borç detayları alındı. {"borc_detay_bilgisi":"[\n    {\n        \"id\": 12142,\n        \"borc_tutari\": \"400.00\",\n        \"gun_farki\": 113,\n        \"gecikme_zammi\": \"0.00\",\n        \"ceza_orani\": \"0.00\",\n        \"toplam_borc\": \"400.00\",\n        \"toplam_odenen\": null,\n        \"anapara_tahsilat\": null,\n        \"gecikme_zammi_odemesi\": null,\n        \"kalan_toplam_borc\": \"400.00\",\n        \"kalan_gecikme_zammi\": \"0.00\"\n    }\n]"}
[2025-09-21 21:17:39] [INFO] Anapara için tahsilat detayı oluşturuldu. {"borc_detay_id":12142,"odenen_anapara":400}
[2025-09-21 21:17:39] [ERROR] Tahsilat eşleştirme hatası {"error":"SQLSTATE[42S22]: Column not found: 1054 Unknown column 'onay_aciklama' in 'field list'","onay_id":"1227","file":"C:\\xampp\\htdocs\\yonapp-1\\Model\\Model.php","line":197}
[2025-09-21 21:17:41] [INFO] Tahsilat-Borç eşleştirme işlemi başlatıldı {"onay_id":"1227","gelen_tutar":400,"kullanici_id":147}
[2025-09-21 21:17:41] [INFO] Ana tahsilat kaydı oluşturuldu. {"tahsilat_id":"1145"}
[2025-09-21 21:17:41] [INFO] Borç detayları alındı. {"borc_detay_bilgisi":"[\n    {\n        \"id\": 12142,\n        \"borc_tutari\": \"400.00\",\n        \"gun_farki\": 113,\n        \"gecikme_zammi\": \"0.00\",\n        \"ceza_orani\": \"0.00\",\n        \"toplam_borc\": \"400.00\",\n        \"toplam_odenen\": null,\n        \"anapara_tahsilat\": null,\n        \"gecikme_zammi_odemesi\": null,\n        \"kalan_toplam_borc\": \"400.00\",\n        \"kalan_gecikme_zammi\": \"0.00\"\n    }\n]"}
[2025-09-21 21:17:41] [INFO] Anapara için tahsilat detayı oluşturuldu. {"borc_detay_id":12142,"odenen_anapara":400}
[2025-09-21 21:17:41] [ERROR] Tahsilat eşleştirme hatası {"error":"SQLSTATE[42S22]: Column not found: 1054 Unknown column 'onay_aciklama' in 'field list'","onay_id":"1227","file":"C:\\xampp\\htdocs\\yonapp-1\\Model\\Model.php","line":197}
[2025-09-21 21:18:13] [INFO] Tahsilat-Borç eşleştirme işlemi başlatıldı {"onay_id":"1227","gelen_tutar":400,"kullanici_id":147}
[2025-09-21 21:18:13] [INFO] Ana tahsilat kaydı oluşturuldu. {"tahsilat_id":"1146"}
[2025-09-21 21:18:13] [INFO] Borç detayları alındı. {"borc_detay_bilgisi":"[\n    {\n        \"id\": 12142,\n        \"borc_tutari\": \"400.00\",\n        \"gun_farki\": 113,\n        \"gecikme_zammi\": \"0.00\",\n        \"ceza_orani\": \"0.00\",\n        \"toplam_borc\": \"400.00\",\n        \"toplam_odenen\": null,\n        \"anapara_tahsilat\": null,\n        \"gecikme_zammi_odemesi\": null,\n        \"kalan_toplam_borc\": \"400.00\",\n        \"kalan_gecikme_zammi\": \"0.00\"\n    }\n]"}
[2025-09-21 21:18:13] [INFO] Anapara için tahsilat detayı oluşturuldu. {"borc_detay_id":12142,"odenen_anapara":400}
[2025-09-21 21:20:43] [INFO] Tahsilat (soft) silindi ve etkileri geri alındı {"tahsilat_id":"\"1146\"","silen_kullanici_id":147,"geri_alinan_detaylar":"[{\"id\":500,\"tahsilat_id\":1146,\"borc_detay_id\":12142,\"odenen_tutar\":\"400.00\",\"aciklama\":\"Anapara \\u00f6demesi\",\"islem_tarihi\":\"2025-09-21 21:18:13\",\"kayit_tarihi\":\"2025-09-21 21:18:13\",\"silinme_tarihi\":null,\"silen_kullanici\":null}]","geri_alinan_krediler":"[]","silinen_tahsilat_ana_kaydi":"{\"id\":1146,\"site_id\":null,\"kisi_id\":118,\"kasa_id\":3,\"tutar\":\"400.00\",\"islem_tarihi\":\"2025-09-21 21:18:13\",\"makbuz_no\":null,\"toplam_taksit\":null,\"aciklama\":\"Y\\u00f6netici onay\\u0131 ile bor\\u00e7lara mahsup edildi.\",\"olusturulma_tarihi\":\"2025-09-21 21:18:13\",\"olusturan\":147,\"guncelleme_tarihi\":null,\"guncelleyen\":null,\"silinme_tarihi\":null,\"silen_kullanici\":null}"}
[2025-09-21 21:20:47] [INFO] Tahsilat (soft) silindi ve etkileri geri alındı {"tahsilat_id":"\"1143\"","silen_kullanici_id":147,"geri_alinan_detaylar":"[{\"id\":497,\"tahsilat_id\":1143,\"borc_detay_id\":11605,\"odenen_tutar\":\"400.00\",\"aciklama\":\"Anapara \\u00f6demesi\",\"islem_tarihi\":\"2025-09-21 21:16:18\",\"kayit_tarihi\":\"2025-09-21 21:16:18\",\"silinme_tarihi\":null,\"silen_kullanici\":null}]","geri_alinan_krediler":"[]","silinen_tahsilat_ana_kaydi":"{\"id\":1143,\"site_id\":null,\"kisi_id\":118,\"kasa_id\":3,\"tutar\":\"400.00\",\"islem_tarihi\":\"2025-09-21 21:16:18\",\"makbuz_no\":null,\"toplam_taksit\":null,\"aciklama\":\"Y\\u00f6netici onay\\u0131 ile bor\\u00e7lara mahsup edildi.\",\"olusturulma_tarihi\":\"2025-09-21 21:16:18\",\"olusturan\":147,\"guncelleme_tarihi\":null,\"guncelleyen\":null,\"silinme_tarihi\":null,\"silen_kullanici\":null}"}
[2025-09-21 21:20:50] [INFO] Tahsilat (soft) silindi ve etkileri geri alındı {"tahsilat_id":"\"1142\"","silen_kullanici_id":147,"geri_alinan_detaylar":"[{\"id\":496,\"tahsilat_id\":1142,\"borc_detay_id\":11426,\"odenen_tutar\":\"400.00\",\"aciklama\":\"Anapara \\u00f6demesi\",\"islem_tarihi\":\"2025-09-21 21:15:05\",\"kayit_tarihi\":\"2025-09-21 21:15:05\",\"silinme_tarihi\":null,\"silen_kullanici\":null}]","geri_alinan_krediler":"[]","silinen_tahsilat_ana_kaydi":"{\"id\":1142,\"site_id\":null,\"kisi_id\":118,\"kasa_id\":3,\"tutar\":\"400.00\",\"islem_tarihi\":\"2025-09-21 21:15:05\",\"makbuz_no\":null,\"toplam_taksit\":null,\"aciklama\":\"Y\\u00f6netici onay\\u0131 ile bor\\u00e7lara mahsup edildi.\",\"olusturulma_tarihi\":\"2025-09-21 21:15:05\",\"olusturan\":147,\"guncelleme_tarihi\":null,\"guncelleyen\":null,\"silinme_tarihi\":null,\"silen_kullanici\":null}"}
[2025-09-21 21:21:18] [INFO] Tahsilat-Borç eşleştirme işlemi başlatıldı {"onay_id":"1228","gelen_tutar":400,"kullanici_id":147}
[2025-09-21 21:21:18] [INFO] Ana tahsilat kaydı oluşturuldu. {"tahsilat_id":"1147"}
[2025-09-21 21:21:18] [INFO] Borç detayları alındı. {"borc_detay_bilgisi":"[\n    {\n        \"id\": 11454,\n        \"borc_tutari\": \"400.00\",\n        \"gun_farki\": 174,\n        \"gecikme_zammi\": \"0.00\",\n        \"ceza_orani\": \"0.00\",\n        \"toplam_borc\": \"400.00\",\n        \"toplam_odenen\": null,\n        \"anapara_tahsilat\": null,\n        \"gecikme_zammi_odemesi\": null,\n        \"kalan_toplam_borc\": \"400.00\",\n        \"kalan_gecikme_zammi\": \"0.00\"\n    }\n]"}
[2025-09-21 21:21:18] [INFO] Anapara için tahsilat detayı oluşturuldu. {"borc_detay_id":11454,"odenen_anapara":400}
[2025-09-21 21:21:50] [INFO] Tahsilat (soft) silindi ve etkileri geri alındı {"tahsilat_id":"\"1147\"","silen_kullanici_id":147,"geri_alinan_detaylar":"[{\"id\":501,\"tahsilat_id\":1147,\"borc_detay_id\":11454,\"odenen_tutar\":\"400.00\",\"aciklama\":\"Anapara \\u00f6demesi\",\"islem_tarihi\":\"2025-09-21 21:21:18\",\"kayit_tarihi\":\"2025-09-21 21:21:18\",\"silinme_tarihi\":null,\"silen_kullanici\":null}]","geri_alinan_krediler":"[]","silinen_tahsilat_ana_kaydi":"{\"id\":1147,\"site_id\":null,\"kisi_id\":146,\"kasa_id\":3,\"tutar\":\"400.00\",\"islem_tarihi\":\"2025-09-21 21:21:18\",\"makbuz_no\":null,\"toplam_taksit\":null,\"aciklama\":\"Anapara \\u00f6demesi\",\"olusturulma_tarihi\":\"2025-09-21 21:21:18\",\"olusturan\":147,\"guncelleme_tarihi\":null,\"guncelleyen\":null,\"silinme_tarihi\":null,\"silen_kullanici\":null}"}
[2025-09-21 21:26:27] [INFO] Tahsilat-Borç eşleştirme işlemi başlatıldı {"onay_id":"1237","gelen_tutar":600,"kullanici_id":147}
[2025-09-21 21:26:27] [INFO] Ana tahsilat kaydı oluşturuldu. {"tahsilat_id":"1148"}
[2025-09-21 21:26:27] [INFO] Borç detayları alındı. {"borc_detay_bilgisi":"[\n    {\n        \"id\": 15144,\n        \"borc_tutari\": \"800.00\",\n        \"gun_farki\": 52,\n        \"gecikme_zammi\": \"69.33\",\n        \"ceza_orani\": \"5.00\",\n        \"toplam_borc\": \"869.33\",\n        \"toplam_odenen\": null,\n        \"anapara_tahsilat\": null,\n        \"gecikme_zammi_odemesi\": null,\n        \"kalan_toplam_borc\": \"869.33\",\n        \"kalan_gecikme_zammi\": \"69.33\"\n    }\n]"}
[2025-09-21 21:26:27] [INFO] Gecikme zammı için tahsilat detayı oluşturuldu. {"borc_detay_id":15144,"odenen_gecikme":69.33}
[2025-09-21 21:26:27] [INFO] Anapara için tahsilat detayı oluşturuldu. {"borc_detay_id":15144,"odenen_anapara":530.67}
[2025-09-21 21:34:16] [INFO] Gecikme zammı ödemesi: -45.99 TL, kalan ödenecek tutar: 269.33 TL 
[2025-09-21 21:40:08] [INFO] Tahsilat (soft) silindi ve etkileri geri alındı {"tahsilat_id":"\"1149\"","silen_kullanici_id":147,"geri_alinan_detaylar":"[{\"id\":504,\"tahsilat_id\":1149,\"borc_detay_id\":15144,\"odenen_tutar\":\"269.33\",\"aciklama\":\"Anapara \\u00f6demesi\",\"islem_tarihi\":\"\",\"kayit_tarihi\":\"2025-09-21 21:34:16\",\"silinme_tarihi\":null,\"silen_kullanici\":null}]","geri_alinan_krediler":"[]","silinen_tahsilat_ana_kaydi":"{\"id\":1149,\"site_id\":1,\"kisi_id\":247,\"kasa_id\":3,\"tutar\":\"269.33\",\"islem_tarihi\":\"2025-09-21 21:34:00\",\"makbuz_no\":null,\"toplam_taksit\":null,\"aciklama\":\"\",\"olusturulma_tarihi\":\"2025-09-21 21:34:16\",\"olusturan\":null,\"guncelleme_tarihi\":null,\"guncelleyen\":null,\"silinme_tarihi\":null,\"silen_kullanici\":null}"}
[2025-09-21 21:51:58] [INFO] Tahsilat-Borç eşleştirme işlemi başlatıldı {"onay_id":"1227","gelen_tutar":400,"kullanici_id":147}
[2025-09-21 21:51:58] [INFO] Ana tahsilat kaydı oluşturuldu. {"tahsilat_id":"1150"}
[2025-09-21 21:51:58] [INFO] Borç detayları alındı. {"borc_detay_bilgisi":"[\n    {\n        \"id\": 15100,\n        \"borc_tutari\": \"800.00\",\n        \"gun_farki\": 52,\n        \"gecikme_zammi\": \"69.33\",\n        \"ceza_orani\": \"5.00\",\n        \"toplam_borc\": \"869.33\",\n        \"toplam_odenen\": null,\n        \"anapara_tahsilat\": null,\n        \"gecikme_zammi_odemesi\": null,\n        \"kalan_toplam_borc\": \"869.33\",\n        \"kalan_gecikme_zammi\": \"69.33\"\n    }\n]"}
[2025-09-21 21:51:58] [INFO] Gecikme zammı için tahsilat detayı oluşturuldu. {"borc_detay_id":15100,"odenen_gecikme":69.33}
[2025-09-21 21:51:58] [INFO] Anapara için tahsilat detayı oluşturuldu. {"borc_detay_id":15100,"odenen_anapara":330.67}
[2025-09-21 22:13:24] [INFO] Tahsilat-Borç eşleştirme işlemi başlatıldı {"onay_id":"1228","gelen_tutar":400,"kullanici_id":147}
[2025-09-21 22:13:24] [INFO] Ana tahsilat kaydı oluşturuldu. {"tahsilat_id":"1151"}
[2025-09-21 22:13:24] [INFO] Borç detayları alındı. {"borc_detay_bilgisi":"[\n    {\n        \"id\": 15128,\n        \"borc_tutari\": \"800.00\",\n        \"gun_farki\": 52,\n        \"gecikme_zammi\": \"69.33\",\n        \"ceza_orani\": \"5.00\",\n        \"toplam_borc\": \"869.33\",\n        \"toplam_odenen\": null,\n        \"anapara_tahsilat\": null,\n        \"gecikme_zammi_odemesi\": null,\n        \"kalan_toplam_borc\": \"869.33\",\n        \"kalan_gecikme_zammi\": \"69.33\"\n    }\n]"}
[2025-09-21 22:13:24] [INFO] Borç işleme durumu {"borc_detay_id":15128,"kalan_gecikme_zammi":69.33,"kalan_anapara":869.33,"toplam_kalan_borc":938.6600000000001,"kalan_dagitilacak_tutar":400}
[2025-09-21 22:13:24] [INFO] Gecikme zammı için tahsilat detayı oluşturuldu. {"borc_detay_id":15128,"odenen_gecikme":69.33}
[2025-09-21 22:13:24] [INFO] Anapara için tahsilat detayı oluşturuldu. {"borc_detay_id":15128,"odenen_anapara":330.67}
[2025-09-21 22:17:17] [INFO] Tahsilat-Borç eşleştirme işlemi başlatıldı {"onay_id":"1236","gelen_tutar":400,"kullanici_id":147}
[2025-09-21 22:17:17] [INFO] Ana tahsilat kaydı oluşturuldu. {"tahsilat_id":"1152"}
[2025-09-21 22:17:17] [INFO] Borç detayları alındı. {"borc_detay_bilgisi":"[\n    {\n        \"id\": 15079,\n        \"borc_tutari\": \"800.00\",\n        \"gun_farki\": 52,\n        \"gecikme_zammi\": \"69.33\",\n        \"ceza_orani\": \"5.00\",\n        \"toplam_borc\": \"869.33\",\n        \"toplam_odenen\": null,\n        \"anapara_tahsilat\": null,\n        \"gecikme_zammi_odemesi\": null,\n        \"kalan_toplam_borc\": \"869.33\",\n        \"kalan_gecikme_zammi\": \"69.33\"\n    }\n]"}
[2025-09-21 22:17:17] [INFO] Borç kaydı işleniyor. {"borc_detay_id":15079,"kalan_dagitilacak_tutar":400}
[2025-09-21 22:17:17] [INFO] Gecikme zammı için tahsilat detayı oluşturuldu. {"borc_detay_id":15079,"odenen_gecikme":69.33}
[2025-09-21 22:17:17] [INFO] Anapara için tahsilat detayı oluşturuldu. {"borc_detay_id":15079,"odenen_anapara":330.67}
[2025-09-21 23:04:09] [INFO] Gecikme zammı ödemesi: -28.65 TL, kalan ödenecek tutar: 510.01 TL 
[2025-09-21 23:05:11] [INFO] Tahsilat (soft) silindi ve etkileri geri alındı {"tahsilat_id":"\"1153\"","silen_kullanici_id":147,"geri_alinan_detaylar":"[{\"id\":511,\"tahsilat_id\":1153,\"borc_detay_id\":15079,\"odenen_tutar\":\"469.33\",\"aciklama\":\"Anapara \\u00f6demesi\",\"islem_tarihi\":\"\",\"kayit_tarihi\":\"2025-09-21 23:04:09\",\"silinme_tarihi\":null,\"silen_kullanici\":null}]","geri_alinan_krediler":"[{\"id\":24,\"kisi_id\":218,\"site_id\":0,\"tahsilat_id\":1153,\"tutar\":\"40.68\",\"borc_detay_id\":0,\"aciklama\":\"Tahsilat fazlas\\u0131 alacak kayd\\u0131\",\"kullanildi_mi\":0,\"kullanilan_tutar\":0,\"kullanilan_tahsilat_id\":0,\"created_at\":\"2025-09-21 23:04:09\",\"islem_tarihi\":\"0000-00-00 00:00:00\",\"silinme_tarihi\":\"2025-09-21 23:04:09\",\"silen_kullanici\":0}]","silinen_tahsilat_ana_kaydi":"{\"id\":1153,\"site_id\":1,\"kisi_id\":218,\"kasa_id\":3,\"tutar\":\"510.01\",\"islem_tarihi\":\"2025-09-21 23:04:00\",\"makbuz_no\":null,\"toplam_taksit\":null,\"aciklama\":\"\",\"olusturulma_tarihi\":\"2025-09-21 23:04:09\",\"olusturan\":null,\"guncelleme_tarihi\":null,\"guncelleyen\":null,\"silinme_tarihi\":null,\"silen_kullanici\":null}"}
[2025-09-21 23:05:49] [INFO] Gecikme zammı ödemesi: 69.33 TL, kalan ödenecek tutar: 800 TL 
