[2025-07-06 10:13:29] [INFO] Borçlandırma yapıldı: {"id":0,"borclandirma_id":"64","borc_adi":"A\u0130DAT","tutar":"400.00","baslangic_tarihi":"20250101","bitis_tarihi":"20250131","ceza_orani":"0.00","aciklama":"2025-01-01","hedef_tipi":"all","kisi_id":289,"blok_id":13,"daire_id":181} 
[2025-07-06 10:13:29] [INFO] Borçlandırma yapıldı: {"id":0,"borclandirma_id":"64","borc_adi":"A\u0130DAT","tutar":"400.00","baslangic_tarihi":"20250101","bitis_tarihi":"20250131","ceza_orani":"0.00","aciklama":"2025-01-01","hedef_tipi":"all","kisi_id":290,"blok_id":13,"daire_id":182} 
[2025-07-06 10:13:29] [INFO] Borçlandırma yapıldı: {"id":0,"borclandirma_id":"64","borc_adi":"A\u0130DAT","tutar":"400.00","baslangic_tarihi":"20250101","bitis_tarihi":"20250131","ceza_orani":"0.00","aciklama":"2025-01-01","hedef_tipi":"all","kisi_id":291,"blok_id":13,"daire_id":183} 
[2025-07-06 10:13:29] [INFO] Borçlandırma yapıldı: {"id":0,"borclandirma_id":"64","borc_adi":"A\u0130DAT","tutar":"400.00","baslangic_tarihi":"20250101","bitis_tarihi":"20250131","ceza_orani":"0.00","aciklama":"2025-01-01","hedef_tipi":"all","kisi_id":292,"blok_id":13,"daire_id":5664} 
[2025-07-06 10:13:29] [INFO] Borçlandırma yapıldı: {"id":0,"borclandirma_id":"64","borc_adi":"A\u0130DAT","tutar":"400.00","baslangic_tarihi":"20250101","bitis_tarihi":"20250131","ceza_orani":"0.00","aciklama":"2025-01-01","hedef_tipi":"all","kisi_id":309,"blok_id":13,"daire_id":5665} 
[2025-07-06 10:13:29] [INFO] Borçlandırma yapıldı: {"id":0,"borclandirma_id":"64","borc_adi":"A\u0130DAT","tutar":"400.00","baslangic_tarihi":"20250101","bitis_tarihi":"20250131","ceza_orani":"0.00","aciklama":"2025-01-01","hedef_tipi":"all","kisi_id":310,"blok_id":13,"daire_id":5842} 
[2025-07-06 10:13:29] [INFO] Borçlandırma yapıldı: {"id":0,"borclandirma_id":"64","borc_adi":"A\u0130DAT","tutar":"400.00","baslangic_tarihi":"20250101","bitis_tarihi":"20250131","ceza_orani":"0.00","aciklama":"2025-01-01","hedef_tipi":"all","kisi_id":311,"blok_id":13,"daire_id":5843} 
[2025-07-06 10:13:29] [INFO] Borçlandırma yapıldı: {"id":0,"borclandirma_id":"64","borc_adi":"A\u0130DAT","tutar":"400.00","baslangic_tarihi":"20250101","bitis_tarihi":"20250131","ceza_orani":"0.00","aciklama":"2025-01-01","hedef_tipi":"all","kisi_id":296,"blok_id":13,"daire_id":5844} 
[2025-07-06 10:13:29] [INFO] Borçlandırma yapıldı: {"id":0,"borclandirma_id":"64","borc_adi":"A\u0130DAT","tutar":"400.00","baslangic_tarihi":"20250101","bitis_tarihi":"20250131","ceza_orani":"0.00","aciklama":"2025-01-01","hedef_tipi":"all","kisi_id":312,"blok_id":13,"daire_id":5845} 
[2025-07-06 10:13:29] [INFO] Borçlandırma yapıldı: {"id":0,"borclandirma_id":"64","borc_adi":"A\u0130DAT","tutar":"400.00","baslangic_tarihi":"20250101","bitis_tarihi":"20250131","ceza_orani":"0.00","aciklama":"2025-01-01","hedef_tipi":"all","kisi_id":298,"blok_id":13,"daire_id":5846} 
[2025-07-06 10:13:29] [INFO] Borçlandırma yapıldı: {"id":0,"borclandirma_id":"64","borc_adi":"A\u0130DAT","tutar":"400.00","baslangic_tarihi":"20250101","bitis_tarihi":"20250131","ceza_orani":"0.00","aciklama":"2025-01-01","hedef_tipi":"all","kisi_id":299,"blok_id":13,"daire_id":5671} 
[2025-07-06 10:13:29] [INFO] Borçlandırma yapıldı: {"id":0,"borclandirma_id":"64","borc_adi":"A\u0130DAT","tutar":"400.00","baslangic_tarihi":"20250101","bitis_tarihi":"20250131","ceza_orani":"0.00","aciklama":"2025-01-01","hedef_tipi":"all","kisi_id":300,"blok_id":13,"daire_id":5672} 
[2025-07-06 10:13:29] [INFO] Borçlandırma yapıldı: {"id":0,"borclandirma_id":"64","borc_adi":"A\u0130DAT","tutar":"400.00","baslangic_tarihi":"20250101","bitis_tarihi":"20250131","ceza_orani":"0.00","aciklama":"2025-01-01","hedef_tipi":"all","kisi_id":301,"blok_id":13,"daire_id":5673} 
[2025-07-06 10:13:29] [INFO] Borçlandırma yapıldı: {"id":0,"borclandirma_id":"64","borc_adi":"A\u0130DAT","tutar":"400.00","baslangic_tarihi":"20250101","bitis_tarihi":"20250131","ceza_orani":"0.00","aciklama":"2025-01-01","hedef_tipi":"all","kisi_id":302,"blok_id":13,"daire_id":5674} 
[2025-07-06 10:13:29] [INFO] Borçlandırma yapıldı: {"id":0,"borclandirma_id":"64","borc_adi":"A\u0130DAT","tutar":"400.00","baslangic_tarihi":"20250101","bitis_tarihi":"20250131","ceza_orani":"0.00","aciklama":"2025-01-01","hedef_tipi":"all","kisi_id":303,"blok_id":13,"daire_id":5675} 
[2025-07-06 10:13:29] [INFO] Borçlandırma yapıldı: {"id":0,"borclandirma_id":"64","borc_adi":"A\u0130DAT","tutar":"400.00","baslangic_tarihi":"20250101","bitis_tarihi":"20250131","ceza_orani":"0.00","aciklama":"2025-01-01","hedef_tipi":"all","kisi_id":304,"blok_id":13,"daire_id":5676} 
[2025-07-06 10:13:29] [INFO] Borçlandırma yapıldı: {"id":0,"borclandirma_id":"64","borc_adi":"A\u0130DAT","tutar":"400.00","baslangic_tarihi":"20250101","bitis_tarihi":"20250131","ceza_orani":"0.00","aciklama":"2025-01-01","hedef_tipi":"all","kisi_id":305,"blok_id":13,"daire_id":5677} 
[2025-07-06 10:13:29] [INFO] Borçlandırma yapıldı: {"id":0,"borclandirma_id":"64","borc_adi":"A\u0130DAT","tutar":"400.00","baslangic_tarihi":"20250101","bitis_tarihi":"20250131","ceza_orani":"0.00","aciklama":"2025-01-01","hedef_tipi":"all","kisi_id":313,"blok_id":13,"daire_id":5678} 
[2025-07-06 10:13:29] [INFO] Borçlandırma yapıldı: {"id":0,"borclandirma_id":"64","borc_adi":"A\u0130DAT","tutar":"400.00","baslangic_tarihi":"20250101","bitis_tarihi":"20250131","ceza_orani":"0.00","aciklama":"2025-01-01","hedef_tipi":"all","kisi_id":307,"blok_id":13,"daire_id":5679} 
[2025-07-06 10:13:29] [INFO] Borçlandırma yapıldı: {"id":0,"borclandirma_id":"64","borc_adi":"A\u0130DAT","tutar":"400.00","baslangic_tarihi":"20250101","bitis_tarihi":"20250131","ceza_orani":"0.00","aciklama":"2025-01-01","hedef_tipi":"all","kisi_id":314,"blok_id":13,"daire_id":5680} 
[2025-07-06 10:16:47] [INFO] Borçlandırma yapıldı: {"id":0,"borclandirma_id":"65","borc_adi":"A\u0130DAT","tutar":"400.00","baslangic_tarihi":"20250101","bitis_tarihi":"20250131","son_odeme_tarihi":"20250131","ceza_orani":"0.00","aciklama":"2025-01-01","hedef_tipi":"all","kisi_id":289,"blok_id":13,"daire_id":181} 
[2025-07-06 10:16:47] [INFO] Borçlandırma yapıldı: {"id":0,"borclandirma_id":"65","borc_adi":"A\u0130DAT","tutar":"400.00","baslangic_tarihi":"20250101","bitis_tarihi":"20250131","son_odeme_tarihi":"20250131","ceza_orani":"0.00","aciklama":"2025-01-01","hedef_tipi":"all","kisi_id":290,"blok_id":13,"daire_id":182} 
[2025-07-06 10:16:47] [INFO] Borçlandırma yapıldı: {"id":0,"borclandirma_id":"65","borc_adi":"A\u0130DAT","tutar":"400.00","baslangic_tarihi":"20250101","bitis_tarihi":"20250131","son_odeme_tarihi":"20250131","ceza_orani":"0.00","aciklama":"2025-01-01","hedef_tipi":"all","kisi_id":291,"blok_id":13,"daire_id":183} 
[2025-07-06 10:16:47] [INFO] Borçlandırma yapıldı: {"id":0,"borclandirma_id":"65","borc_adi":"A\u0130DAT","tutar":"400.00","baslangic_tarihi":"20250101","bitis_tarihi":"20250131","son_odeme_tarihi":"20250131","ceza_orani":"0.00","aciklama":"2025-01-01","hedef_tipi":"all","kisi_id":292,"blok_id":13,"daire_id":5664} 
[2025-07-06 10:16:47] [INFO] Borçlandırma yapıldı: {"id":0,"borclandirma_id":"65","borc_adi":"A\u0130DAT","tutar":"400.00","baslangic_tarihi":"20250101","bitis_tarihi":"20250131","son_odeme_tarihi":"20250131","ceza_orani":"0.00","aciklama":"2025-01-01","hedef_tipi":"all","kisi_id":309,"blok_id":13,"daire_id":5665} 
[2025-07-06 10:16:47] [INFO] Borçlandırma yapıldı: {"id":0,"borclandirma_id":"65","borc_adi":"A\u0130DAT","tutar":"400.00","baslangic_tarihi":"20250101","bitis_tarihi":"20250131","son_odeme_tarihi":"20250131","ceza_orani":"0.00","aciklama":"2025-01-01","hedef_tipi":"all","kisi_id":310,"blok_id":13,"daire_id":5842} 
[2025-07-06 10:16:47] [INFO] Borçlandırma yapıldı: {"id":0,"borclandirma_id":"65","borc_adi":"A\u0130DAT","tutar":"400.00","baslangic_tarihi":"20250101","bitis_tarihi":"20250131","son_odeme_tarihi":"20250131","ceza_orani":"0.00","aciklama":"2025-01-01","hedef_tipi":"all","kisi_id":311,"blok_id":13,"daire_id":5843} 
[2025-07-06 10:16:47] [INFO] Borçlandırma yapıldı: {"id":0,"borclandirma_id":"65","borc_adi":"A\u0130DAT","tutar":"400.00","baslangic_tarihi":"20250101","bitis_tarihi":"20250131","son_odeme_tarihi":"20250131","ceza_orani":"0.00","aciklama":"2025-01-01","hedef_tipi":"all","kisi_id":296,"blok_id":13,"daire_id":5844} 
[2025-07-06 10:16:47] [INFO] Borçlandırma yapıldı: {"id":0,"borclandirma_id":"65","borc_adi":"A\u0130DAT","tutar":"400.00","baslangic_tarihi":"20250101","bitis_tarihi":"20250131","son_odeme_tarihi":"20250131","ceza_orani":"0.00","aciklama":"2025-01-01","hedef_tipi":"all","kisi_id":312,"blok_id":13,"daire_id":5845} 
[2025-07-06 10:16:47] [INFO] Borçlandırma yapıldı: {"id":0,"borclandirma_id":"65","borc_adi":"A\u0130DAT","tutar":"400.00","baslangic_tarihi":"20250101","bitis_tarihi":"20250131","son_odeme_tarihi":"20250131","ceza_orani":"0.00","aciklama":"2025-01-01","hedef_tipi":"all","kisi_id":298,"blok_id":13,"daire_id":5846} 
[2025-07-06 10:16:47] [INFO] Borçlandırma yapıldı: {"id":0,"borclandirma_id":"65","borc_adi":"A\u0130DAT","tutar":"400.00","baslangic_tarihi":"20250101","bitis_tarihi":"20250131","son_odeme_tarihi":"20250131","ceza_orani":"0.00","aciklama":"2025-01-01","hedef_tipi":"all","kisi_id":299,"blok_id":13,"daire_id":5671} 
[2025-07-06 10:16:47] [INFO] Borçlandırma yapıldı: {"id":0,"borclandirma_id":"65","borc_adi":"A\u0130DAT","tutar":"400.00","baslangic_tarihi":"20250101","bitis_tarihi":"20250131","son_odeme_tarihi":"20250131","ceza_orani":"0.00","aciklama":"2025-01-01","hedef_tipi":"all","kisi_id":300,"blok_id":13,"daire_id":5672} 
[2025-07-06 10:16:47] [INFO] Borçlandırma yapıldı: {"id":0,"borclandirma_id":"65","borc_adi":"A\u0130DAT","tutar":"400.00","baslangic_tarihi":"20250101","bitis_tarihi":"20250131","son_odeme_tarihi":"20250131","ceza_orani":"0.00","aciklama":"2025-01-01","hedef_tipi":"all","kisi_id":301,"blok_id":13,"daire_id":5673} 
[2025-07-06 10:16:47] [INFO] Borçlandırma yapıldı: {"id":0,"borclandirma_id":"65","borc_adi":"A\u0130DAT","tutar":"400.00","baslangic_tarihi":"20250101","bitis_tarihi":"20250131","son_odeme_tarihi":"20250131","ceza_orani":"0.00","aciklama":"2025-01-01","hedef_tipi":"all","kisi_id":302,"blok_id":13,"daire_id":5674} 
[2025-07-06 10:16:47] [INFO] Borçlandırma yapıldı: {"id":0,"borclandirma_id":"65","borc_adi":"A\u0130DAT","tutar":"400.00","baslangic_tarihi":"20250101","bitis_tarihi":"20250131","son_odeme_tarihi":"20250131","ceza_orani":"0.00","aciklama":"2025-01-01","hedef_tipi":"all","kisi_id":303,"blok_id":13,"daire_id":5675} 
[2025-07-06 10:16:47] [INFO] Borçlandırma yapıldı: {"id":0,"borclandirma_id":"65","borc_adi":"A\u0130DAT","tutar":"400.00","baslangic_tarihi":"20250101","bitis_tarihi":"20250131","son_odeme_tarihi":"20250131","ceza_orani":"0.00","aciklama":"2025-01-01","hedef_tipi":"all","kisi_id":304,"blok_id":13,"daire_id":5676} 
[2025-07-06 10:16:47] [INFO] Borçlandırma yapıldı: {"id":0,"borclandirma_id":"65","borc_adi":"A\u0130DAT","tutar":"400.00","baslangic_tarihi":"20250101","bitis_tarihi":"20250131","son_odeme_tarihi":"20250131","ceza_orani":"0.00","aciklama":"2025-01-01","hedef_tipi":"all","kisi_id":305,"blok_id":13,"daire_id":5677} 
[2025-07-06 10:16:47] [INFO] Borçlandırma yapıldı: {"id":0,"borclandirma_id":"65","borc_adi":"A\u0130DAT","tutar":"400.00","baslangic_tarihi":"20250101","bitis_tarihi":"20250131","son_odeme_tarihi":"20250131","ceza_orani":"0.00","aciklama":"2025-01-01","hedef_tipi":"all","kisi_id":313,"blok_id":13,"daire_id":5678} 
[2025-07-06 10:16:47] [INFO] Borçlandırma yapıldı: {"id":0,"borclandirma_id":"65","borc_adi":"A\u0130DAT","tutar":"400.00","baslangic_tarihi":"20250101","bitis_tarihi":"20250131","son_odeme_tarihi":"20250131","ceza_orani":"0.00","aciklama":"2025-01-01","hedef_tipi":"all","kisi_id":307,"blok_id":13,"daire_id":5679} 
[2025-07-06 10:16:47] [INFO] Borçlandırma yapıldı: {"id":0,"borclandirma_id":"65","borc_adi":"A\u0130DAT","tutar":"400.00","baslangic_tarihi":"20250101","bitis_tarihi":"20250131","son_odeme_tarihi":"20250131","ceza_orani":"0.00","aciklama":"2025-01-01","hedef_tipi":"all","kisi_id":314,"blok_id":13,"daire_id":5680} 
[2025-07-06 14:45:10] [INFO] Anapara ödendi: 400.00 TL, kalan anapara: 400.00 TL 
[2025-07-06 14:46:26] [INFO] Tahsilat detay kaydı: {"id":0,"tahsilat_id":"DcWh372j6CDuGbA6OKy5fMaoP-H5n6PjIdwChI6tzg%2A%2A","borc_detay_id":2412,"odenen_tutar":"400.00","aciklama":"Anapara \u00f6demesi"} 
[2025-07-06 14:47:09] [INFO] Anapara ödendi: 400.00 TL, kalan anapara: 0 TL 
[2025-07-06 14:48:38] [INFO] Anapara ödendi: 400.00 TL, kalan anapara: 0 TL 
[2025-07-06 14:51:19] [INFO] Anapara ödendi: 400.00 TL, kalan anapara: 0 TL 
[2025-07-06 14:51:31] [INFO] Anapara ödendi: 400.00 TL, kalan anapara: 0 TL 
[2025-07-06 19:19:30] [INFO] Anapara ödendi: 400.00 TL, kalan anapara: 0 TL 
[2025-07-06 19:19:30] [INFO] Anapara ödendi: 400.00 TL, kalan anapara: 0 TL 
[2025-07-06 19:25:23] [INFO] Excel daire yükleme tamamlandı. {"İşlenen kayıt sayısı":20,"atlanan kayıt sayısı":0,"hatalı kayıt sayısı":0}
[2025-07-06 19:25:36] [INFO] Excel daire yükleme tamamlandı. {"İşlenen kayıt sayısı":20,"atlanan kayıt sayısı":0,"hatalı kayıt sayısı":0}
[2025-07-06 19:25:51] [INFO] Excel daire yükleme tamamlandı. {"İşlenen kayıt sayısı":20,"atlanan kayıt sayısı":0,"hatalı kayıt sayısı":0}
[2025-07-06 19:27:44] [INFO] Excel daire yükleme tamamlandı. {"İşlenen kayıt sayısı":0,"atlanan kayıt sayısı":20,"hatalı kayıt sayısı":20}
