[2025-11-02 00:35:21] [ERROR] Kullanıcı oturum açmaya çalıştı, ancak oturum bilgisi bulunamadı. {"ip":"127.0.0.1","requested_url":"\/"}
[2025-11-02 00:35:25] [INFO] Kullanıcı başarıyla giriş yaptı. {"user_id":147,"email":"ertanguness@gmail.com","ip":"127.0.0.1"}
[2025-11-02 10:05:15] [INFO] Kredi ID 231 için kullanım güncellendi: Kullanıldı mı: 1, Kullanılan Tutar: 100 TL 
[2025-11-02 10:05:15] [INFO] Kredi ID 232 için kullanım güncellendi: Kullanıldı mı: 0, Kullanılan Tutar: 300 TL 
[2025-11-02 10:05:15] [INFO] Gecikme zammı ödemesi: 0.00 TL, kalan ödenecek tutar: 1600 TL 
[2025-11-02 10:05:15] [INFO] Gecikme zammı ödemesi: 0.00 TL, kalan ödenecek tutar: 800 TL 
[2025-11-02 10:06:39] [INFO] Tahsilat ID 4008 için ilişkili kredi kullanımları silindi. 
[2025-11-02 10:06:40] [INFO] Tahsilat ID 4008 için ilişkili kasa hareketleri silindi. 
[2025-11-02 10:06:40] [INFO] Tahsilat ID 4008 için ilişkili tahsilat detayları silindi. 
[2025-11-02 10:06:40] [INFO] Tahsilat ID 4008 kaydı ve ilişkili tüm veriler silindi. 
[2025-11-02 10:07:09] [INFO] Kredi ID 231 için kullanım güncellendi: Kullanıldı mı: 1, Kullanılan Tutar: 100 TL 
[2025-11-02 10:07:09] [INFO] Kredi ID 232 için kullanım güncellendi: Kullanıldı mı: 0, Kullanılan Tutar: 300 TL 
[2025-11-02 10:07:09] [INFO] Gecikme zammı ödemesi: 0.00 TL, kalan ödenecek tutar: 1400 TL 
[2025-11-02 10:07:09] [INFO] Gecikme zammı ödemesi: 0.00 TL, kalan ödenecek tutar: 600 TL 
[2025-11-02 10:07:23] [INFO] Tahsilat ID 4009 için ilişkili kredi kullanımları silindi. 
[2025-11-02 10:07:23] [INFO] Tahsilat ID 4009 için ilişkili kasa hareketleri silindi. 
[2025-11-02 10:07:23] [INFO] Tahsilat ID 4009 için ilişkili tahsilat detayları silindi. 
[2025-11-02 10:07:23] [INFO] Tahsilat ID 4009 kaydı ve ilişkili tüm veriler silindi. 
[2025-11-02 10:07:47] [INFO] Kredi ID 231 için kullanım güncellendi: Kullanıldı mı: 1, Kullanılan Tutar: 100 TL 
[2025-11-02 10:07:47] [INFO] Kredi ID 232 için kullanım güncellendi: Kullanıldı mı: 0, Kullanılan Tutar: 300 TL 
[2025-11-02 10:07:47] [INFO] Gecikme zammı ödemesi: 0.00 TL, kalan ödenecek tutar: 1400 TL 
[2025-11-02 10:07:47] [INFO] Gecikme zammı ödemesi: 0.00 TL, kalan ödenecek tutar: 600 TL 
[2025-11-02 10:15:44] [INFO] 1 alıcıya başarıyla SMS gönderildi. 
[2025-11-02 10:50:35] [ERROR] Borçlandırma işlemi sırasında hata oluştu: SQLSTATE[23000]: Integrity constraint violation: 1048 Column 'hedef_tipi' cannot be null 
[2025-11-02 10:50:45] [ERROR] Borçlandırma işlemi sırasında hata oluştu: SQLSTATE[23000]: Integrity constraint violation: 1048 Column 'hedef_tipi' cannot be null 
[2025-11-02 10:53:10] [INFO] Borçlandırma yapılıyor, batch kayıt sayısı: 1 
[2025-11-02 10:53:10] [INFO] Borçlandırma işlemi başarıyla tamamlandı: {"id":0,"borclandirma_id":"254","borc_adi":"KAPICI DA\u0130RES\u0130 K\u0130RA","tutar":"6500","kalan_borc":"6500","borclandirma_tarihi":"2025-11-01","baslangic_tarihi":"2025-11-01","bitis_tarihi":"2025-11-30","son_odeme_tarihi":"2025-11-30","ceza_orani":"0.00","aciklama":"KASIM 2025 KAPICI DA\u0130RES\u0130 K\u0130RA","hedef_tipi":"person","kisi_id":319,"daire_id":221} 
[2025-11-02 13:12:55] [INFO] Tahsilat ID 2463 için ilişkili kredi kayıtları silindi. 
[2025-11-02 13:12:55] [INFO] Tahsilat ID 2463 için ilişkili kasa hareketleri silindi. 
[2025-11-02 13:12:55] [INFO] Tahsilat ID 2463 kaydı ve ilişkili tüm veriler silindi. 
[2025-11-02 13:15:22] [INFO] Gecikme zammı ödemesi: 0.00 TL, kalan ödenecek tutar: 1460 TL 
[2025-11-02 13:15:22] [INFO] Gecikme zammı ödemesi: 0.00 TL, kalan ödenecek tutar: 860 TL 
[2025-11-02 13:15:22] [INFO] Gecikme zammı ödemesi: 0.00 TL, kalan ödenecek tutar: 260 TL 
[2025-11-02 13:16:45] [INFO] Tahsilat ID 2455 için ilişkili kredi kayıtları silindi. 
[2025-11-02 13:16:45] [INFO] Tahsilat ID 2455 için ilişkili kasa hareketleri silindi. 
[2025-11-02 13:16:45] [INFO] Tahsilat ID 2455 kaydı ve ilişkili tüm veriler silindi. 
[2025-11-02 14:47:09] [INFO] Tahsilat ID 2451 için ilişkili kredi kayıtları silindi. 
[2025-11-02 14:47:09] [INFO] Tahsilat ID 2451 için ilişkili kasa hareketleri silindi. 
[2025-11-02 14:47:09] [INFO] Tahsilat ID 2451 için ilişkili tahsilat detayları silindi. 
[2025-11-02 14:47:09] [INFO] Tahsilat ID 2451 kaydı ve ilişkili tüm veriler silindi. 
[2025-11-02 14:47:13] [INFO] Tahsilat ID 2453 için ilişkili kredi kayıtları silindi. 
[2025-11-02 14:47:13] [INFO] Tahsilat ID 2453 için ilişkili kasa hareketleri silindi. 
[2025-11-02 14:47:13] [INFO] Tahsilat ID 2453 için ilişkili tahsilat detayları silindi. 
[2025-11-02 14:47:13] [INFO] Tahsilat ID 2453 kaydı ve ilişkili tüm veriler silindi. 
[2025-11-02 14:47:42] [INFO] Gecikme zammı ödemesi: 0.00 TL, kalan ödenecek tutar: 600 TL 
[2025-11-02 14:48:09] [INFO] Gecikme zammı ödemesi: 0.00 TL, kalan ödenecek tutar: 600 TL 
[2025-11-02 14:48:53] [INFO] Kredi ID 160 için kullanım güncellendi: Kullanıldı mı: 1, Kullanılan Tutar: 200 TL 
[2025-11-02 14:48:53] [INFO] Kredi ID 161 için kullanım güncellendi: Kullanıldı mı: 1, Kullanılan Tutar: 200 TL 
[2025-11-02 14:48:53] [INFO] Kredi ID 162 için kullanım güncellendi: Kullanıldı mı: 1, Kullanılan Tutar: 400 TL 
[2025-11-02 14:48:53] [INFO] Gecikme zammı ödemesi: 0.00 TL, kalan ödenecek tutar: 800 TL 
[2025-11-02 20:09:11] [INFO] Gecikme zammı ödemesi: 0.00 TL, kalan ödenecek tutar: 800.00 TL 
[2025-11-02 20:09:48] [INFO] Gecikme zammı ödemesi: 0.00 TL, kalan ödenecek tutar: 800.00 TL 
[2025-11-02 21:17:56] [INFO] Kişi ID 76 için tahsilat tutarı negatif olduğundan kredi olarak eklendi: -1170 TL 
[2025-11-02 21:20:21] [INFO] Kişi ID 76 için tahsilat tutarı negatif olduğundan kredi olarak eklendi: -1170 TL 
[2025-11-02 21:22:35] [INFO] Kişi ID 76 için tahsilat tutarı negatif olduğundan kredi olarak eklendi: -1170 TL 
[2025-11-02 21:23:25] [INFO] Kişi ID 76 için tahsilat tutarı negatif olduğundan kredi olarak eklendi: -1170 TL 
[2025-11-02 21:25:12] [INFO] Tahsilat ID 4027 için ilişkili kredi kayıtları silindi. 
[2025-11-02 21:25:12] [INFO] Tahsilat ID 4027 kaydı ve ilişkili tüm veriler silindi. 
[2025-11-02 21:25:36] [INFO] Kişi ID 76 için tahsilat tutarı negatif olduğundan kredi olarak eklendi: -1170 TL 
[2025-11-02 21:34:26] [INFO] Kişi ID 76 için tahsilat tutarı negatif olduğundan kredi olarak eklendi: -1170 TL 
[2025-11-02 21:34:47] [INFO] Tahsilat ID 4029 için ilişkili kredi kayıtları silindi. 
[2025-11-02 21:34:47] [INFO] Tahsilat ID 4029 için ilişkili kasa hareketleri silindi. 
[2025-11-02 21:34:47] [INFO] Tahsilat ID 4029 kaydı ve ilişkili tüm veriler silindi. 
