<<<<<<< HEAD
[2025-07-16 23:50:02] [INFO] Açıklamadan daire bilgisi çıkarıldı: {"apartmentInfo":null,"daire_id":0,"kisi_id":null,"iyelik_tipi":"Ev Sahibi","aciklama":"MEHMET YILDIZ*0205*C2 BLOK DA\u0130RE 18 \u015eUBAT AYI A\u0130DATI*7590442*FAST"} 
[2025-07-16 23:50:02] [INFO] Açıklamadan daire bilgisi çıkarıldı: {"apartmentInfo":"C1D1","daire_id":81,"kisi_id":81,"iyelik_tipi":"Ev Sahibi","aciklama":"SEVDA KURT*0046*C1 daire 1 subat ayi aidat*4616095*FAST"} 
[2025-07-16 23:50:02] [INFO] Açıklamadan daire bilgisi çıkarıldı: {"apartmentInfo":null,"daire_id":0,"kisi_id":81,"iyelik_tipi":"Ev Sahibi","aciklama":"C\u0130HAN ERCAN*0010*\u00dcSK\u00dcP EVLER\u0130 S\u0130TES\u0130*4039872283*FAST"} 
[2025-07-16 23:50:02] [INFO] Açıklamadan daire bilgisi çıkarıldı: {"apartmentInfo":"C4D6","daire_id":146,"kisi_id":146,"iyelik_tipi":"Ev Sahibi","aciklama":"MEVL\u00dcT BABA*0067*C4 daire 6 \u015fubat aidat\u0131*1506676838*FAST"} 
[2025-07-16 23:50:02] [INFO] Açıklamadan daire bilgisi çıkarıldı: {"apartmentInfo":null,"daire_id":0,"kisi_id":146,"iyelik_tipi":"Ev Sahibi","aciklama":"C\u0130HAT Y\u00dcKSEL*0062*C2 DA\u0130RE 11 \u015eUBAT A\u0130DAT*6090000214*FAST"} 
[2025-07-16 23:50:02] [INFO] Açıklamadan daire bilgisi çıkarıldı: {"apartmentInfo":"C5D14","daire_id":174,"kisi_id":174,"iyelik_tipi":"Ev Sahibi","aciklama":"MUHAMMET SEL\u0130M MUTLU*0046*C5 Daire 14 - OCAK A\u0130DAT*4994721*FAST"} 
[2025-07-16 23:50:02] [INFO] Açıklamadan daire bilgisi çıkarıldı: {"apartmentInfo":"C5D14","daire_id":174,"kisi_id":174,"iyelik_tipi":"Ev Sahibi","aciklama":"MUHAMMET SEL\u0130M MUTLU*0046*C5 Daire 14 - \u015eUBAT A\u0130DAT*4996193*FAST"} 
[2025-07-16 23:50:02] [INFO] Açıklamadan daire bilgisi çıkarıldı: {"apartmentInfo":"C5D15","daire_id":175,"kisi_id":175,"iyelik_tipi":"Ev Sahibi","aciklama":"MEHMET AKY\u00dcZ*0205*C5 Blok daire 15, \u015eubat 2025 aidat\u0131 *7059626*FAST"} 
[2025-07-16 23:50:02] [INFO] Açıklamadan daire bilgisi çıkarıldı: {"apartmentInfo":"B2D2","daire_id":42,"kisi_id":42,"iyelik_tipi":"Ev Sahibi","aciklama":"MUSTAFA \u00d6ZDER*0010*MUSTAFA \u00d6ZDER B 2 blok daire 2 Ocak ve \u015fubat aidat\u0131*4041875015*FAST"} 
[2025-07-16 23:50:02] [INFO] Açıklamadan daire bilgisi çıkarıldı: {"apartmentInfo":"C4D5","daire_id":145,"kisi_id":145,"iyelik_tipi":"Ev Sahibi","aciklama":"F\u0130L\u0130Z ERDEM*0062*C4 BLOK D-5 \u015eUBAT A\u0130DAT*2362000008*FAST"} 
[2025-07-16 23:50:02] [INFO] Açıklamadan daire bilgisi çıkarıldı: {"apartmentInfo":"B2D9","daire_id":49,"kisi_id":49,"iyelik_tipi":"Ev Sahibi","aciklama":"F\u0130L\u0130Z ERDEM*0062*B2 BLOK D-9 \u015eUBAT A\u0130DAT*3053000004*FAST"} 
[2025-07-16 23:50:02] [INFO] Açıklamadan daire bilgisi çıkarıldı: {"apartmentInfo":"C1D12","daire_id":92,"kisi_id":92,"iyelik_tipi":"Ev Sahibi","aciklama":"C1 blok daire:12 ocak-\u015fubat*PER\u0130 MERAM ARBAK*H2502229010793"} 
[2025-07-16 23:50:02] [INFO] Açıklamadan daire bilgisi çıkarıldı: {"apartmentInfo":"B3D10","daire_id":70,"kisi_id":70,"iyelik_tipi":"Ev Sahibi","aciklama":"G\u00dcNAL KEMAL ZENG\u0130N*0046*B3 daire:10 \u015fubat*5897043*FAST"} 
[2025-07-16 23:50:02] [INFO] Açıklamadan daire bilgisi çıkarıldı: {"apartmentInfo":"B3D4","daire_id":64,"kisi_id":64,"iyelik_tipi":"Ev Sahibi","aciklama":"2025 ocak ve \u015fubat ay\u0131 b3 blok daire 4 aidat bedeli*MEHMET BED\u0130RHAN \u00c7EV\u0130K*H2502229714913"} 
[2025-07-16 23:50:02] [INFO] Açıklamadan daire bilgisi çıkarıldı: {"apartmentInfo":null,"daire_id":0,"kisi_id":64,"iyelik_tipi":"Ev Sahibi","aciklama":"ERCAN \u00c7AKMAK*0062*B1 DA\u0130RE 10 \u015eUBAT A\u0130DATI*3458000135*FAST"} 
[2025-07-16 23:50:02] [INFO] Açıklamadan daire bilgisi çıkarıldı: {"apartmentInfo":null,"daire_id":0,"kisi_id":64,"iyelik_tipi":"Ev Sahibi","aciklama":"c2 d8 ocak aidat*FERHAT KAM\u0130L SATICI*H2502230352678"} 
[2025-07-16 23:50:02] [INFO] Açıklamadan daire bilgisi çıkarıldı: {"apartmentInfo":null,"daire_id":0,"kisi_id":64,"iyelik_tipi":"Ev Sahibi","aciklama":"c2 d8 \u015fubat aidat*FERHAT KAM\u0130L SATICI*H2502230371547"} 
[2025-07-16 23:50:02] [INFO] Açıklamadan daire bilgisi çıkarıldı: {"apartmentInfo":"C1D17","daire_id":97,"kisi_id":97,"iyelik_tipi":"Ev Sahibi","aciklama":"YUSUF YILMAZ*0062*C1 17. SUBAT A\u0130DAT*6114000117*FAST"} 
[2025-07-16 23:50:02] [INFO] Açıklamadan daire bilgisi çıkarıldı: {"apartmentInfo":null,"daire_id":0,"kisi_id":97,"iyelik_tipi":"Ev Sahibi","aciklama":"MAHMUT CESUR*0010*MAHMUT CESUR C\/5 D2 ocak -subat ayi aidat*4044516552*FAST"} 
[2025-07-16 23:50:02] [INFO] Açıklamadan daire bilgisi çıkarıldı: {"apartmentInfo":"C5D2","daire_id":162,"kisi_id":162,"iyelik_tipi":"Ev Sahibi","aciklama":"MAHMUT CESUR*0010*MAHMUT CESUR C\/5 D\/2 ocak - subat ay\u0131 aidat*4044517872*FAST"} 
[2025-07-16 23:50:02] [INFO] Açıklamadan daire bilgisi çıkarıldı: {"apartmentInfo":"B3D13","daire_id":73,"kisi_id":73,"iyelik_tipi":"Ev Sahibi","aciklama":"\u00d6zg\u00fcl Emiral*0111*\u015eubat ay\u0131 aidat\u0131 Sinan Kahraman B3 daire 13*404197511*FAST"} 
[2025-07-16 23:50:02] [INFO] Açıklamadan daire bilgisi çıkarıldı: {"apartmentInfo":null,"daire_id":0,"kisi_id":73,"iyelik_tipi":"Ev Sahibi","aciklama":"EL\u0130F KUTLU SEZER-ABDULAZ\u0130Z SEZER*0211*C2 D17 OCAK AYINDAN KALAN*202502123012*FAST"} 
[2025-07-16 23:50:02] [INFO] Açıklamadan daire bilgisi çıkarıldı: {"apartmentInfo":"C3D5","daire_id":125,"kisi_id":125,"iyelik_tipi":"Ev Sahibi","aciklama":"c3d5 Nadi Demirel 2025 \u015eubat aidati*NAD\u0130 DEM\u0130REL*H2502232315856"} 
[2025-07-16 23:50:02] [INFO] Açıklamadan daire bilgisi çıkarıldı: {"apartmentInfo":null,"daire_id":0,"kisi_id":125,"iyelik_tipi":"Ev Sahibi","aciklama":"C1 DA\u0130RE 19 \u015eUBAT AYI A\u0130DAT*TURGAY YILMAZ*H2502232738593"} 
[2025-07-16 23:50:02] [INFO] Açıklamadan daire bilgisi çıkarıldı: {"apartmentInfo":"C2D5","daire_id":105,"kisi_id":105,"iyelik_tipi":"Ev Sahibi","aciklama":"Eda Nazl\u0131mo\u011flu*0111*Eda Nazl\u0131mo\u011flu C2-5 \u015eubat 2025 ve Ocak ay\u0131ndan kalan Aidat \u00d6demesi*407484329*FAST"} 
[2025-07-16 23:50:02] [INFO] Açıklamadan daire bilgisi çıkarıldı: {"apartmentInfo":null,"daire_id":0,"kisi_id":105,"iyelik_tipi":"Ev Sahibi","aciklama":"b3 blok daire3 NERMIN KARATA\u015e aidat*NERM\u0130N KARATA\u015e*H2502236463548"} 
[2025-07-16 23:50:02] [INFO] Açıklamadan daire bilgisi çıkarıldı: {"apartmentInfo":null,"daire_id":0,"kisi_id":105,"iyelik_tipi":"Ev Sahibi","aciklama":"AHMET KARAMERT*0062*B2 D14 \u015eUBAT AYI A\u0130DAT*5241000121*FAST"} 
[2025-07-16 23:50:02] [INFO] Açıklamadan daire bilgisi çıkarıldı: {"apartmentInfo":null,"daire_id":0,"kisi_id":105,"iyelik_tipi":"Ev Sahibi","aciklama":"SELAM\u0130 ERZURUM*0205*C5 BLOK DA\u0130RE 4 \u015eUBAT AYI A\u0130DAT \u00d6DEMES\u0130 *9506000*FAST"} 
[2025-07-16 23:50:02] [INFO] Açıklamadan daire bilgisi çıkarıldı: {"apartmentInfo":"C5D12","daire_id":172,"kisi_id":172,"iyelik_tipi":"Ev Sahibi","aciklama":"\u0130SMA\u0130L TOP\u00c7U*0046*C5 daire 12 subat aidati*9688390*FAST"} 
[2025-07-16 23:50:02] [INFO] Açıklamadan daire bilgisi çıkarıldı: {"apartmentInfo":null,"daire_id":0,"kisi_id":172,"iyelik_tipi":"Ev Sahibi","aciklama":"SAVA\u015e DURSUN*0046*C 2 DA\u0130RE 14 \u015eUBAT 2025 AYI A\u0130DATI*59830*FAST"} 
[2025-07-16 23:50:02] [INFO] Açıklamadan daire bilgisi çıkarıldı: {"apartmentInfo":"C1D7","daire_id":87,"kisi_id":87,"iyelik_tipi":"Ev Sahibi","aciklama":"BAHATT\u0130N SERT*0046*C1 blok kat 1 daire 7 Bahattin Sert*127068*FAST"} 
[2025-07-16 23:50:02] [INFO] Açıklamadan daire bilgisi çıkarıldı: {"apartmentInfo":null,"daire_id":0,"kisi_id":87,"iyelik_tipi":"Ev Sahibi","aciklama":"RAFET MUTLU*0010*\u015eubat Aidat*4057432170*FAST"} 
[2025-07-16 23:50:02] [INFO] Açıklamadan daire bilgisi çıkarıldı: {"apartmentInfo":"B1D4","daire_id":24,"kisi_id":24,"iyelik_tipi":"Ev Sahibi","aciklama":"\u00fcsk\u00fcp evleri sitesi B1D4 HAL\u0130L DEM\u0130RC\u0130*HAL\u0130L DEM\u0130RC\u0130*H2502244990187"} 
[2025-07-16 23:50:02] [INFO] Açıklamadan daire bilgisi çıkarıldı: {"apartmentInfo":null,"daire_id":0,"kisi_id":24,"iyelik_tipi":"Ev Sahibi","aciklama":"B1-BLOK DA\u0130RE:18 S\u0130TE A\u0130DATI \u015eUBAT 2025*HASAN H\u00dcSEY\u0130N BED\u0130R*H2502245013714"} 
[2025-07-16 23:50:02] [INFO] Açıklamadan daire bilgisi çıkarıldı: {"apartmentInfo":null,"daire_id":0,"kisi_id":24,"iyelik_tipi":"Ev Sahibi","aciklama":"As\u0131m Eli\u00e7abuk*0111*C3 blok no12*412563639*FAST"} 
[2025-07-16 23:50:02] [INFO] Açıklamadan daire bilgisi çıkarıldı: {"apartmentInfo":"B3D16","daire_id":76,"kisi_id":76,"iyelik_tipi":"Ev Sahibi","aciklama":"\u00fcsk\u00fcp evleri sitesi b3 blok daire 16 site aidat\u0131*ZEYNEP BOZDO\u011eAN*H2502245221723"} 
[2025-07-16 23:50:02] [INFO] Açıklamadan daire bilgisi çıkarıldı: {"apartmentInfo":"B2D17","daire_id":57,"kisi_id":57,"iyelik_tipi":"Ev Sahibi","aciklama":"\u00d6ZG\u00dcR TORUN*0205*\u00f6zg\u00fcr torun \u00fcsk\u00fcp evleri sitesi b2 blok no 17. \u015fubat 2025 aidat \u00f6demesi*7755076*FAST"} 
[2025-07-16 23:50:02] [INFO] Açıklamadan daire bilgisi çıkarıldı: {"apartmentInfo":"A1D9","daire_id":9,"kisi_id":184,"iyelik_tipi":"Kirac\u0131","aciklama":"YAVUZ YILDIZ*0012*A1D9 \u015eubat Ay\u0131 Aidat*775702746*FAST"} 
[2025-07-16 23:50:02] [INFO] Açıklamadan daire bilgisi çıkarıldı: {"apartmentInfo":"C3D17","daire_id":137,"kisi_id":137,"iyelik_tipi":"Ev Sahibi","aciklama":"HAL\u0130L YILDIZ*0010*C,3- daire 17*4057986971*FAST"} 
[2025-07-16 23:50:02] [INFO] Açıklamadan daire bilgisi çıkarıldı: {"apartmentInfo":null,"daire_id":0,"kisi_id":137,"iyelik_tipi":"Ev Sahibi","aciklama":"Ya\u015far Poyraz*0209*C2 BLOK DA\u0130RE 3 \u015eUBAT AYI A\u0130DATI*10104008*FAST"} 
[2025-07-16 23:50:02] [INFO] Açıklamadan daire bilgisi çıkarıldı: {"apartmentInfo":"C2D20","daire_id":120,"kisi_id":120,"iyelik_tipi":"Ev Sahibi","aciklama":"C2-20 \u015eUBAT AYI*ABDULLAH BEYHAN*H2502245950647"} 
[2025-07-16 23:50:02] [INFO] Açıklamadan daire bilgisi çıkarıldı: {"apartmentInfo":"C2D12","daire_id":112,"kisi_id":112,"iyelik_tipi":"Ev Sahibi","aciklama":"OSMAN G\u00dcREL*0010*\u00fcsk\u00fcp evleri sitesi c2 daire 12*4058785023*FAST"} 
[2025-07-16 23:50:02] [INFO] Açıklamadan daire bilgisi çıkarıldı: {"apartmentInfo":null,"daire_id":0,"kisi_id":112,"iyelik_tipi":"Ev Sahibi","aciklama":"EMRE CENG\u0130Z*0012*15.02.2024 c-4 D.10 aidat*776132289*FAST"} 
[2025-07-16 23:50:02] [INFO] Açıklamadan daire bilgisi çıkarıldı: {"apartmentInfo":null,"daire_id":0,"kisi_id":112,"iyelik_tipi":"Ev Sahibi","aciklama":"\u00fcsk\u00fcp evleri C2 D16 \u015fubat 2025 aidat \u00f6demesi Sevcan \u00d6ztemiz*SEVCAN \u00d6ZTEM\u0130Z*H2502246323053"} 
[2025-07-16 23:50:02] [INFO] Açıklamadan daire bilgisi çıkarıldı: {"apartmentInfo":"C1D8","daire_id":88,"kisi_id":88,"iyelik_tipi":"Ev Sahibi","aciklama":"SEV\u0130LAY \u0130NAN*0010*C1 Daire:8 Ocak-\u015eubat 2025*4059390970*FAST"} 
[2025-07-16 23:50:02] [INFO] Açıklamadan daire bilgisi çıkarıldı: {"apartmentInfo":"B2D10","daire_id":50,"kisi_id":50,"iyelik_tipi":"Ev Sahibi","aciklama":"H\u0130LAL G\u00d6KTEPE*0067*B2 blok daire 10 \u015fubat aidat\u0131*1517626723*FAST"} 
[2025-07-16 23:50:02] [INFO] Açıklamadan daire bilgisi çıkarıldı: {"apartmentInfo":null,"daire_id":0,"kisi_id":50,"iyelik_tipi":"Ev Sahibi","aciklama":"AHMET GEDERET*0012*327-01115358 dan TR460006400000143202445983 a transfer*776527209*FAST"} 
[2025-07-16 23:50:02] [INFO] Açıklamadan daire bilgisi çıkarıldı: {"apartmentInfo":"C3D10","daire_id":130,"kisi_id":130,"iyelik_tipi":"Ev Sahibi","aciklama":"Muhiddin S\u00f6nmezo\u011flu*0209*C3 Blok Daire 10 2024 Y\u0131l\u0131 Aral\u0131k Ay\u0131 Aidat\u0131*10183204*FAST"} 
[2025-07-16 23:50:02] [INFO] Açıklamadan daire bilgisi çıkarıldı: {"apartmentInfo":"C3D10","daire_id":130,"kisi_id":130,"iyelik_tipi":"Ev Sahibi","aciklama":"Muhiddin S\u00f6nmezo\u011flu*0209*C3 Blok Daire 10 2025 Y\u0131l\u0131 OCAK ve \u015eUBAT Aylar\u0131 Aidatlar\u0131*10184621*FAST"} 
[2025-07-16 23:50:02] [INFO] Açıklamadan daire bilgisi çıkarıldı: {"apartmentInfo":null,"daire_id":0,"kisi_id":130,"iyelik_tipi":"Ev Sahibi","aciklama":"C5 D17 \u015fubat aidat*TANER ATMACA*H2502247043956"} 
[2025-07-16 23:50:02] [INFO] Açıklamadan daire bilgisi çıkarıldı: {"apartmentInfo":"C5D10","daire_id":170,"kisi_id":170,"iyelik_tipi":"Ev Sahibi","aciklama":"UFUK KARADUMAN*0010*c5\/no:10 2025 ocak ve \u015fubat ay\u0131 aidat\u0131*4060267777*FAST"} 
[2025-07-16 23:50:02] [INFO] Açıklamadan daire bilgisi çıkarıldı: {"apartmentInfo":null,"daire_id":0,"kisi_id":170,"iyelik_tipi":"Ev Sahibi","aciklama":"a1 d7 aidat subat burcu yon*BURCU Y\u00d6N*H2502247483688"} 
[2025-07-16 23:50:02] [INFO] Açıklamadan daire bilgisi çıkarıldı: {"apartmentInfo":null,"daire_id":0,"kisi_id":170,"iyelik_tipi":"Ev Sahibi","aciklama":"BURHANETT\u0130N G\u00dcL\u00dcN*0015*C1 D13 SUBAT AYI A\u0130DATI*1590265471*FAST"} 
[2025-07-16 23:50:02] [INFO] Açıklamadan daire bilgisi çıkarıldı: {"apartmentInfo":null,"daire_id":0,"kisi_id":170,"iyelik_tipi":"Ev Sahibi","aciklama":"MESUT YOLDA\u015e*0046*Adem.\u00e7apa.c3blok k.1 d..7*2192376*FAST"} 
[2025-07-16 23:50:02] [INFO] Açıklamadan daire bilgisi çıkarıldı: {"apartmentInfo":null,"daire_id":0,"kisi_id":170,"iyelik_tipi":"Ev Sahibi","aciklama":"Erol Ergin*0209*C.4 D.7 \u015eUBAT AYI A\u0130DATI (YEN\u0130 Y\u00d6NET\u0130M)*10246875*FAST"} 
[2025-07-16 23:50:02] [INFO] Açıklamadan daire bilgisi çıkarıldı: {"apartmentInfo":null,"daire_id":0,"kisi_id":170,"iyelik_tipi":"Ev Sahibi","aciklama":"ONUR CAN KARATA\u015e*0010*\u015fubat 2025 aidat c4 d13*4062529186*FAST"} 
[2025-07-16 23:50:02] [INFO] Açıklamadan daire bilgisi çıkarıldı: {"apartmentInfo":null,"daire_id":0,"kisi_id":170,"iyelik_tipi":"Ev Sahibi","aciklama":"OSMAN YILDIZ*0067*C2 D4 \u015eUBAT AYI*1519198388*FAST"} 
[2025-07-16 23:50:02] [INFO] Açıklamadan daire bilgisi çıkarıldı: {"apartmentInfo":null,"daire_id":0,"kisi_id":170,"iyelik_tipi":"Ev Sahibi","aciklama":"EM\u0130N \u00d6ZT\u00dcRK*0062*C1 BLOK D6 EM\u0130N \u00d6ZT\u00dcRK*6828000313*FAST"} 
[2025-07-16 23:50:02] [INFO] Açıklamadan daire bilgisi çıkarıldı: {"apartmentInfo":"C3D14","daire_id":134,"kisi_id":134,"iyelik_tipi":"Ev Sahibi","aciklama":"\u00fcsk\u00fcp evleri sitesi C3 Blok No:14, \u015eubat ay\u0131 aidat*FEH\u0130ME ELEM YILDIRIM*H2502248872528"} 
[2025-07-16 23:50:02] [INFO] Açıklamadan daire bilgisi çıkarıldı: {"apartmentInfo":null,"daire_id":0,"kisi_id":134,"iyelik_tipi":"Ev Sahibi","aciklama":"FUNDA KO\u00c7AK*0012*b1 d12nail ko\u00e7ak*777607570*FAST"} 
[2025-07-16 23:50:02] [INFO] Açıklamadan daire bilgisi çıkarıldı: {"apartmentInfo":null,"daire_id":0,"kisi_id":134,"iyelik_tipi":"Ev Sahibi","aciklama":"ADEM ATACAN*0010*C5 BLOK DA\u0130RE 11 \u015eUBAT AYI A\u0130DAT ADEM ATACAN*4064657034*FAST"} 
[2025-07-16 23:50:02] [INFO] Açıklamadan daire bilgisi çıkarıldı: {"apartmentInfo":null,"daire_id":0,"kisi_id":134,"iyelik_tipi":"Ev Sahibi","aciklama":"TARIK AKS\u00d6Z*0010*B1_D14*4065251781*FAST"} 
[2025-07-16 23:50:02] [INFO] Açıklamadan daire bilgisi çıkarıldı: {"apartmentInfo":null,"daire_id":0,"kisi_id":134,"iyelik_tipi":"Ev Sahibi","aciklama":"AL\u0130 ODABA\u015e*0010*AL\u0130 ODABA\u015e 2025 ocak ve \u015fubat ay\u0131 aidat\u0131*4066001717*FAST"} 
[2025-07-16 23:50:02] [INFO] Açıklamadan daire bilgisi çıkarıldı: {"apartmentInfo":"C5D19","daire_id":179,"kisi_id":179,"iyelik_tipi":"Ev Sahibi","aciklama":"NU\u011eMAN EM\u0130R AKG\u00dcN*0010*azime akg\u00fcn c5 19 \u015fubat ay\u0131*4066932413*FAST"} 
[2025-07-16 23:50:02] [INFO] Açıklamadan daire bilgisi çıkarıldı: {"apartmentInfo":"A1D15","daire_id":15,"kisi_id":15,"iyelik_tipi":"Ev Sahibi","aciklama":"SEVG\u0130 S\u00d6NMEZO\u011eLU*0015*A1 Blok daire 15 Mehmet Emin S\u00f6nmezo\u011flu \u015fubat aidat \u00fccreti*1592854729*FAST"} 
[2025-07-16 23:50:02] [INFO] Açıklamadan daire bilgisi çıkarıldı: {"apartmentInfo":null,"daire_id":0,"kisi_id":15,"iyelik_tipi":"Ev Sahibi","aciklama":"ADEM ATACAN*0010*TAHS\u0130L ED\u0130LEN A\u0130DATLAR VE ESK\u0130 Y\u00d6NET\u0130M GARANT\u0130 HESABINDAN KALAN TUTARLARIN BANKAYA AKTARILMASI*4068037366*FAST"} 
[2025-07-16 23:50:02] [INFO] Açıklamadan daire bilgisi çıkarıldı: {"apartmentInfo":null,"daire_id":0,"kisi_id":15,"iyelik_tipi":"Ev Sahibi","aciklama":"C3 D13 MART AYI A\u0130DAT*MURAT TA\u015eDEM\u0130R*H2502252376824"} 
[2025-07-16 23:50:02] [INFO] Açıklamadan daire bilgisi çıkarıldı: {"apartmentInfo":"C4D148619241","daire_id":0,"kisi_id":0,"iyelik_tipi":"Ev Sahibi","aciklama":"AYNUR YAK\u015e\u0130 BOZKURT*0010*C4 D11 \u015eUBAT AYI AIDATI 1\/11 KRED \/ 148619241 \/ 1 G\u00f6nderen Hesap:48551790 Al.Te*4068960379*FAST"} 
[2025-07-16 23:50:02] [INFO] Açıklamadan daire bilgisi çıkarıldı: {"apartmentInfo":null,"daire_id":0,"kisi_id":0,"iyelik_tipi":"Ev Sahibi","aciklama":"b3 d.8 arzu demirci ocak \u015fubat \u00f6demesi*ARZU DEM\u0130RC\u0130*H2502253629082"} 
[2025-07-16 23:50:02] [INFO] Açıklamadan daire bilgisi çıkarıldı: {"apartmentInfo":null,"daire_id":0,"kisi_id":0,"iyelik_tipi":"Ev Sahibi","aciklama":"EMEL TOP\u00c7U*0067*Fikriye Kocaba\u015f B1 Blok D.7 400 TL \u015fubat aidati*1522595645*FAST"} 
[2025-07-16 23:50:02] [INFO] Açıklamadan daire bilgisi çıkarıldı: {"apartmentInfo":"B2D12","daire_id":52,"kisi_id":52,"iyelik_tipi":"Ev Sahibi","aciklama":"B2 Blok No:12*MUHAMMET TAY*H2502253901607"} 
[2025-07-16 23:50:02] [INFO] Açıklamadan daire bilgisi çıkarıldı: {"apartmentInfo":"C4D17","daire_id":157,"kisi_id":157,"iyelik_tipi":"Ev Sahibi","aciklama":"Semra Duran \u00d6zer C4 Blok Daire 17 \u015eubat Aidat\u0131*AHMET \u00d6ZER*H2502254012109"} 
[2025-07-16 23:50:02] [INFO] Açıklamadan daire bilgisi çıkarıldı: {"apartmentInfo":null,"daire_id":0,"kisi_id":157,"iyelik_tipi":"Ev Sahibi","aciklama":"B1 BLOK DA 19 \u015eUBAT A\u0130DATI*LEYLA \u00d6ZKAN*H2502254182280"} 
[2025-07-16 23:50:02] [INFO] Açıklamadan daire bilgisi çıkarıldı: {"apartmentInfo":"C2D19","daire_id":119,"kisi_id":119,"iyelik_tipi":"Ev Sahibi","aciklama":"MUHAMMED G\u00d6LC\u00dcR*0067*C2-19 \u015eUBAT 2025 A\u0130DATI*1523392328*FAST"} 
[2025-07-16 23:50:02] [INFO] Açıklamadan daire bilgisi çıkarıldı: {"apartmentInfo":null,"daire_id":0,"kisi_id":119,"iyelik_tipi":"Ev Sahibi","aciklama":"DUYGU EK\u0130NC\u0130*0012*DUYGU EK\u0130NC\u0130,TR460006400000143202445983 HSB TR390001200156800001103953 HSTAN*5381322"} 
[2025-07-16 23:50:02] [INFO] Açıklamadan daire bilgisi çıkarıldı: {"apartmentInfo":"C1D14","daire_id":94,"kisi_id":94,"iyelik_tipi":"Ev Sahibi","aciklama":"\u00dcSK\u00dcP EVLER\u0130 S\u0130TES\u0130 A\u0130DAT C1-14*KIYAS POLAT*H2502255966813"} 
[2025-07-16 23:50:02] [INFO] Açıklamadan daire bilgisi çıkarıldı: {"apartmentInfo":"B2D8","daire_id":48,"kisi_id":48,"iyelik_tipi":"Ev Sahibi","aciklama":"HAT\u0130CE MENG\u0130*0067*B2 Blok Daire 8 \u015eubat Ay\u0131 Aidat\u0131 \/ Hatice Mengi*1524107347*FAST"} 
[2025-07-16 23:50:02] [INFO] Açıklamadan daire bilgisi çıkarıldı: {"apartmentInfo":null,"daire_id":0,"kisi_id":48,"iyelik_tipi":"Ev Sahibi","aciklama":"RAHM\u0130 KOCABA\u015e*0015*RAHM\u0130 KOCABA\u015e C4 DA\u0130RE:12 OCAK AYI A\u0130DATI*7745906"} 
[2025-07-16 23:50:02] [INFO] Açıklamadan daire bilgisi çıkarıldı: {"apartmentInfo":"C5D9","daire_id":169,"kisi_id":169,"iyelik_tipi":"Ev Sahibi","aciklama":"GAMZE ALMAZ*0067*C5 daire: 9 subat ay\u0131 aidat\u0131 Gamze Almaz*1524297765*FAST"} 
[2025-07-16 23:50:02] [INFO] Açıklamadan daire bilgisi çıkarıldı: {"apartmentInfo":null,"daire_id":0,"kisi_id":169,"iyelik_tipi":"Ev Sahibi","aciklama":"FATMA \u00d6ZDEM\u0130R*0032*FATMA \u00d6ZDEMIR. B1 BLOK DAIRE20 B2 BLOK DAIRE7*6322089"} 
[2025-07-16 23:50:02] [INFO] Açıklamadan daire bilgisi çıkarıldı: {"apartmentInfo":"C1D16","daire_id":96,"kisi_id":96,"iyelik_tipi":"Ev Sahibi","aciklama":"SONER \u00d6ZDO\u011eAN*0046*C1 daire 16 ocak aidati*6324319*FAST"} 
[2025-07-16 23:50:02] [INFO] Açıklamadan daire bilgisi çıkarıldı: {"apartmentInfo":"C1D16","daire_id":96,"kisi_id":96,"iyelik_tipi":"Ev Sahibi","aciklama":"SONER \u00d6ZDO\u011eAN*0046*C1 daire 16 . subat ayi aidati*6327125*FAST"} 
[2025-07-16 23:50:02] [INFO] Açıklamadan daire bilgisi çıkarıldı: {"apartmentInfo":"C3D20","daire_id":140,"kisi_id":140,"iyelik_tipi":"Ev Sahibi","aciklama":"Yusuf Demirci C-3 blok Daire:20 \u015fubat 2025*YUSUF DEM\u0130RC\u0130*H2502259579545"} 
[2025-07-16 23:50:02] [INFO] Açıklamadan daire bilgisi çıkarıldı: {"apartmentInfo":null,"daire_id":0,"kisi_id":140,"iyelik_tipi":"Ev Sahibi","aciklama":"AY\u015eE ATAY*0134*kira bedel\u0131*414696671457*FAST"} 
[2025-07-16 23:50:02] [INFO] Açıklamadan daire bilgisi çıkarıldı: {"apartmentInfo":"C2D9","daire_id":109,"kisi_id":109,"iyelik_tipi":"Ev Sahibi","aciklama":"METEHAN ALAN*0010*C-2 blok daire 9 \u015fubat ay\u0131 aidat*4075815069*FAST"} 
[2025-07-16 23:50:02] [INFO] Açıklamadan daire bilgisi çıkarıldı: {"apartmentInfo":null,"daire_id":0,"kisi_id":109,"iyelik_tipi":"Ev Sahibi","aciklama":"TUBA AYLI*0010*C4 da\u0131re 9 adidat*4076128134*FAST"} 
[2025-07-16 23:50:02] [INFO] Açıklamadan daire bilgisi çıkarıldı: {"apartmentInfo":"C4D3","daire_id":143,"kisi_id":143,"iyelik_tipi":"Ev Sahibi","aciklama":"HAT\u0130CE \u00c7ELEB\u0130*0015*aidat \u015fubat c4-3*1597805728*FAST"} 
[2025-07-16 23:50:02] [INFO] Açıklamadan daire bilgisi çıkarıldı: {"apartmentInfo":null,"daire_id":0,"kisi_id":143,"iyelik_tipi":"Ev Sahibi","aciklama":"YAS\u0130N T\u00dcFEKC\u0130*0015*\u00dcsk\u00fcp evleri C2 blok 6 numara yasin T\u00fcfekci \u015eubat aidat\u0131*1597989044*FAST"} 
[2025-07-16 23:50:02] [INFO] Açıklamadan daire bilgisi çıkarıldı: {"apartmentInfo":null,"daire_id":0,"kisi_id":143,"iyelik_tipi":"Ev Sahibi","aciklama":"CEREN YILDIRIM*0062*C3 BLOK DA\u0130RE 11*6837000350*FAST"} 
[2025-07-16 23:50:02] [INFO] Açıklamadan daire bilgisi çıkarıldı: {"apartmentInfo":null,"daire_id":0,"kisi_id":143,"iyelik_tipi":"Ev Sahibi","aciklama":"F\u0130L\u0130Z ERO\u011eLU*0010*site aidati*4081306909*FAST"} 
[2025-07-16 23:50:02] [INFO] Açıklamadan daire bilgisi çıkarıldı: {"apartmentInfo":null,"daire_id":0,"kisi_id":143,"iyelik_tipi":"Ev Sahibi","aciklama":"ONUR EROL*0062*A1 DA\u0130RE 14 \u015eUBAT AYI AHMET BSLK*4390000116*FAST"} 
[2025-07-16 23:50:02] [INFO] Açıklamadan daire bilgisi çıkarıldı: {"apartmentInfo":"B1D15","daire_id":35,"kisi_id":35,"iyelik_tipi":"Ev Sahibi","aciklama":"ADEM EVG\u0130N*0046*B1 blok daire 15*9325572*FAST"} 
[2025-07-16 23:50:02] [INFO] Açıklamadan daire bilgisi çıkarıldı: {"apartmentInfo":null,"daire_id":0,"kisi_id":35,"iyelik_tipi":"Ev Sahibi","aciklama":"NAD\u0130R YILMAZ*0205*Nadir Y\u0131lmaz A.1 Blok. Daire 13. \u015eubat ay\u0131 aidat\u0131.*7836884*FAST"} 
[2025-07-16 23:50:02] [INFO] Açıklamadan daire bilgisi çıkarıldı: {"apartmentInfo":null,"daire_id":0,"kisi_id":35,"iyelik_tipi":"Ev Sahibi","aciklama":"EL\u0130F KUTLU SEZER-ABDULAZ\u0130Z SEZER*0211*C2 D17 \u015eubat*202502201614*FAST"} 
[2025-07-16 23:50:02] [INFO] Açıklamadan daire bilgisi çıkarıldı: {"apartmentInfo":"B2D16","daire_id":56,"kisi_id":56,"iyelik_tipi":"Ev Sahibi","aciklama":"U\u011eUR ERG\u0130*0067*B2-16 \u015fubat ay\u0131 aidat\u0131*1532931924*FAST"} 
[2025-07-16 23:50:02] [INFO] Açıklamadan daire bilgisi çıkarıldı: {"apartmentInfo":null,"daire_id":0,"kisi_id":56,"iyelik_tipi":"Ev Sahibi","aciklama":"\u00fcsk\u00fcp evleri sitesi B-3 BLOK DA\u0130RE:12 \u015eubat ay\u0131 site aidat\u0131*NAS\u0130BE AKY\u00dcZ*H2502273353209"} 
[2025-07-16 23:50:02] [INFO] Açıklamadan daire bilgisi çıkarıldı: {"apartmentInfo":"C2D1","daire_id":101,"kisi_id":101,"iyelik_tipi":"Ev Sahibi","aciklama":"SERKAN KA\u00c7AN*0010*C2 BLOK D 1 ARALIK OCAK \u015eUBAT*4092061955*FAST"} 
[2025-07-16 23:50:02] [INFO] Açıklamadan daire bilgisi çıkarıldı: {"apartmentInfo":null,"daire_id":0,"kisi_id":101,"iyelik_tipi":"Ev Sahibi","aciklama":"D\u00dcZCE \u0130LME VE HAYRA H\u0130ZMET VAKFI*0205*A1 BLOK 3-4 NOLU DA\u0130RELER\u0130N \u015eUBAT 2025 A\u0130DATLARI *5858112*FAST"} 
[2025-07-16 23:50:03] [INFO] Açıklamadan daire bilgisi çıkarıldı: {"apartmentInfo":"C5D7","daire_id":167,"kisi_id":167,"iyelik_tipi":"Ev Sahibi","aciklama":"ABDULLAH I\u015eIK*0010*C5 Daire 7 \u015eubat ay\u0131 aidat \u00f6demesi*4100875421*FAST"} 
[2025-07-16 23:50:03] [INFO] Açıklamadan daire bilgisi çıkarıldı: {"apartmentInfo":"B2D20","daire_id":60,"kisi_id":60,"iyelik_tipi":"Ev Sahibi","aciklama":"MUSTAFA \u00d6ZDER*0010*b\/2 d\/20 d\u00fckkan dilek \u00f6zder*4101482753*FAST"} 
[2025-07-16 23:50:03] [INFO] Açıklamadan daire bilgisi çıkarıldı: {"apartmentInfo":null,"daire_id":0,"kisi_id":60,"iyelik_tipi":"Ev Sahibi","aciklama":"MEHMET YILDIZ*0205*C2 BLOK DA\u0130RE 18 OCAK AYI A\u0130DAT FARKI *5447252*FAST"} 
[2025-07-16 23:50:03] [INFO] Açıklamadan daire bilgisi çıkarıldı: {"apartmentInfo":null,"daire_id":0,"kisi_id":60,"iyelik_tipi":"Ev Sahibi","aciklama":"B\u00dc\u015eRA YILDIRIM*0010*c4 d4 \u015fubat ay\u0131 aidat*4101486190*FAST"} 
[2025-07-16 23:50:03] [INFO] Açıklamadan daire bilgisi çıkarıldı: {"apartmentInfo":"B2D18","daire_id":58,"kisi_id":58,"iyelik_tipi":"Ev Sahibi","aciklama":"MUHAMMED NUR\u0130 I\u015eIK*0205*B2 blok daire 18 aidat 2025 \u015eubat ay\u0131 Muhammed Nuri I\u015f\u0131k *9812575*FAST"} 
[2025-07-16 23:50:03] [INFO] Açıklamadan daire bilgisi çıkarıldı: {"apartmentInfo":null,"daire_id":0,"kisi_id":58,"iyelik_tipi":"Ev Sahibi","aciklama":"\u00d6MER ERKO\u00c7*0015*C-4 DA\u0130RE 20 \u015eUBAT 2025 A\u0130DAT*1607283542*FAST"} 
[2025-07-16 23:50:03] [INFO] Açıklamadan daire bilgisi çıkarıldı: {"apartmentInfo":null,"daire_id":0,"kisi_id":58,"iyelik_tipi":"Ev Sahibi","aciklama":"FAT\u0130H G\u00dcLER*0062*FAT\u0130H G\u00dcLER C3 BLOK DA\u0130RE 8 \u015eUBAT*8444000127*FAST"} 
[2025-07-16 23:50:03] [INFO] Açıklamadan daire bilgisi çıkarıldı: {"apartmentInfo":null,"daire_id":0,"kisi_id":58,"iyelik_tipi":"Ev Sahibi","aciklama":"F\u0130L\u0130Z KIYCI*0010*F\u0130L\u0130Z KIYCI B1 D.16 \u015eubat Aidat*4103609663*FAST"} 
[2025-07-16 23:50:03] [INFO] Açıklamadan daire bilgisi çıkarıldı: {"apartmentInfo":null,"daire_id":0,"kisi_id":58,"iyelik_tipi":"Ev Sahibi","aciklama":"MUSTAFA U\u011eUR ARAT*0062*C1 BLOK DA\u0130RE 20*1409000191*FAST"} 
[2025-07-16 23:50:03] [INFO] Açıklamadan daire bilgisi çıkarıldı: {"apartmentInfo":"B1D03","daire_id":0,"kisi_id":0,"iyelik_tipi":"Ev Sahibi","aciklama":"SEVAL \u00c7ALIK*0067*B1 03 ocak -\u015fubat -mart*1542512139*FAST"} 
[2025-07-16 23:50:03] [INFO] Açıklamadan daire bilgisi çıkarıldı: {"apartmentInfo":"A1D2","daire_id":2,"kisi_id":2,"iyelik_tipi":"Ev Sahibi","aciklama":"HARUN SA\u011eLAM*0067*A1 blok daire 2 ocak ay\u0131 aidat\u0131*1542536590*FAST"} 
[2025-07-16 23:50:03] [INFO] Açıklamadan daire bilgisi çıkarıldı: {"apartmentInfo":null,"daire_id":0,"kisi_id":2,"iyelik_tipi":"Ev Sahibi","aciklama":"\u00d6ZKAN KARADUMAN*0134* 2025 YILI OCAK VE \u015eUBAT AYI C1 DA\u0130RE 5 NUMARA A\u0130D*416986744316*FAST"} 
[2025-07-16 23:50:03] [INFO] Açıklamadan daire bilgisi çıkarıldı: {"apartmentInfo":null,"daire_id":0,"kisi_id":2,"iyelik_tipi":"Ev Sahibi","aciklama":"AL\u0130 ODABA\u015e*0010*AL\u0130 ODABA\u015e 2025 ge\u00e7mi\u015f d\u00f6nem aidat borcu C 5\u011edaire 5*4106209732*FAST"} 
[2025-07-16 23:50:03] [INFO] Açıklamadan daire bilgisi çıkarıldı: {"apartmentInfo":"C2D11","daire_id":111,"kisi_id":111,"iyelik_tipi":"Ev Sahibi","aciklama":"EY\u00dcP ERGELEN*0010*EY\u00dcP ERGELEN c2 daire 11 \u015fubat aidat\u0131*4106216963*FAST"} 
[2025-07-16 23:50:03] [INFO] Açıklamadan daire bilgisi çıkarıldı: {"apartmentInfo":"C3D148796644","daire_id":0,"kisi_id":0,"iyelik_tipi":"Ev Sahibi","aciklama":"T\u00dcRKAN KIYICI*0010*T\u00dcRKAN KIYICI C3 16 1\/11 KRED \/ 148796644 \/ 1 G\u00f6nderen Hesap:5776253 Al.Tel*4106903376*FAST"} 
[2025-07-16 23:50:03] [INFO] Açıklamadan daire bilgisi çıkarıldı: {"apartmentInfo":"T5D144845715","daire_id":0,"kisi_id":0,"iyelik_tipi":"Ev Sahibi","aciklama":"FATMA \u00c7ALIK*0010*FATMA \u00c7ALIK A\u0130DAT 5\/12 KRED \/ 144845715 \/ 21 G\u00f6nderen Hesap:65311315 Al.T*4106903383*FAST"} 
[2025-07-16 23:50:03] [INFO] Açıklamadan daire bilgisi çıkarıldı: {"apartmentInfo":null,"daire_id":0,"kisi_id":0,"iyelik_tipi":"Ev Sahibi","aciklama":"ZAFER AKYOL*0015*B-1 DA\u0130RE:11 ZAFER AKYOL A\u0130DAT BEDEL\u0130*9008163"} 
[2025-07-16 23:50:03] [INFO] Açıklamadan daire bilgisi çıkarıldı: {"apartmentInfo":null,"daire_id":0,"kisi_id":0,"iyelik_tipi":"Ev Sahibi","aciklama":"RAHM\u0130 KOCABA\u015e*0015*RAHM\u0130 KOCABA\u015e C4 DA\u0130RE:12 A\u0130DAT \u00d6DEMES\u0130*9008395"} 
[2025-07-16 23:50:03] [INFO] Açıklamadan daire bilgisi çıkarıldı: {"apartmentInfo":"B1D5","daire_id":25,"kisi_id":25,"iyelik_tipi":"Ev Sahibi","aciklama":"SAM\u0130 ERG\u0130N*0010*SAM\u0130ERG\u0130NB1D5\u015eUBATAYI A\u0130DATI*4107855208*FAST"} 
[2025-07-16 23:50:03] [INFO] Açıklamadan daire bilgisi çıkarıldı: {"apartmentInfo":null,"daire_id":0,"kisi_id":25,"iyelik_tipi":"Ev Sahibi","aciklama":"OG\u00dcN PE\u00c7ENEK*0205*C2. D.13, Ocak ay\u0131nda 600 \u00f6dedi\u011fim i\u00e7in \u015fubatta 200 olarak yat\u0131r\u0131yorum. *7561582*FAST"} 
[2025-07-16 23:50:03] [INFO] Açıklamadan daire bilgisi çıkarıldı: {"apartmentInfo":"B3D18","daire_id":78,"kisi_id":78,"iyelik_tipi":"Ev Sahibi","aciklama":"b 3 blok daire 18 AHMET \u0130B\u0130LO\u011eLU*AHMET \u0130B\u0130LO\u011eLU*H2502291214538"} 
[2025-07-16 23:50:03] [INFO] Açıklamadan daire bilgisi çıkarıldı: {"apartmentInfo":null,"daire_id":0,"kisi_id":78,"iyelik_tipi":"Ev Sahibi","aciklama":"C3 blok no19 \u015fubat 2025 site aidat\u0131*LAT\u0130F ONUR U\u011eUR*H2502291379984"} 
[2025-07-16 23:50:03] [INFO] Açıklamadan daire bilgisi çıkarıldı: {"apartmentInfo":"B1D2","daire_id":22,"kisi_id":22,"iyelik_tipi":"Ev Sahibi","aciklama":"SABR\u0130YE ARABACI*0134*b 1 blok daire 2 \u015fubat ay\u0131 aidat\u0131*417351772945*FAST"} 
[2025-07-16 23:50:03] [INFO] Açıklamadan daire bilgisi çıkarıldı: {"apartmentInfo":null,"daire_id":0,"kisi_id":22,"iyelik_tipi":"Ev Sahibi","aciklama":"MURAT \u015eAFAK*0062*C3 D6 \u015eUBAT A\u0130DAT 2025*9858000217*FAST"} 
[2025-07-16 23:50:03] [INFO] Açıklamadan daire bilgisi çıkarıldı: {"apartmentInfo":null,"daire_id":0,"kisi_id":22,"iyelik_tipi":"Ev Sahibi","aciklama":"AYTEN DEM\u0130R T\u00dcKEL*0067*kas\u0131m, aral\u0131k, ocak, \u015fubat ayi aidatlaridir*1545580622*FAST"} 
[2025-07-16 23:50:03] [INFO] Açıklamadan daire bilgisi çıkarıldı: {"apartmentInfo":null,"daire_id":0,"kisi_id":22,"iyelik_tipi":"Ev Sahibi","aciklama":"M\u0130MTA\u015e M\u0130MARLIK \u0130N\u015eAAT M\u00dcHEND\u0130SL\u0130K TAAHH\u00dcT MAK\u0130NA SANAY\u0130 VE T\u0130CARET L\u0130M\u0130TED \u015e\u0130RKET\u0130*0205*C5 D1 \u015eUBAT A\u0130DAT \u00d6DEMES\u0130 *9856690*FAST"} 
[2025-07-16 23:50:03] [INFO] Açıklamadan daire bilgisi çıkarıldı: {"apartmentInfo":"C1D15","daire_id":95,"kisi_id":95,"iyelik_tipi":"Ev Sahibi","aciklama":"H\u00dcLYA YILMAZ*0111*C1 Blok Daire 15 Han\u0131m ve Bedirhan Y\u0131lmaz \u00f6nceki aidat 600 yat\u0131r\u0131lm\u0131\u015ft\u0131*448371772*FAST"} 
[2025-07-16 23:50:03] [INFO] Açıklamadan daire bilgisi çıkarıldı: {"apartmentInfo":"C3D9","daire_id":129,"kisi_id":129,"iyelik_tipi":"Ev Sahibi","aciklama":"NAC\u0130 G\u00dcLDAL*0067*C3\/9 \u015fubat ay\u0131 aidat\u0131 NAC\u0130 G\u00dcLDAL*1549436485*FAST"} 
[2025-07-16 23:50:03] [INFO] Açıklamadan daire bilgisi çıkarıldı: {"apartmentInfo":null,"daire_id":0,"kisi_id":129,"iyelik_tipi":"Ev Sahibi","aciklama":"FATMA \u00c7ENGEL*0046*Aydad*2105089*FAST"} 
[2025-07-16 23:50:03] [INFO] Açıklamadan daire bilgisi çıkarıldı: {"apartmentInfo":"B3D5","daire_id":65,"kisi_id":65,"iyelik_tipi":"Ev Sahibi","aciklama":"EDA \u00c7\u0130\u00c7EK*0010*B3 blok daire:5 Eda \u00c7\u0130\u00c7EK*4117477481*FAST"} 
[2025-07-16 23:50:03] [INFO] Açıklamadan daire bilgisi çıkarıldı: {"apartmentInfo":null,"daire_id":0,"kisi_id":65,"iyelik_tipi":"Ev Sahibi","aciklama":"Sava\u015fer \u00d6zt\u00fcrk*0111*B2 BLOK DA\u0130RE 6, \u015eUBAT 2025*451351913*FAST"} 
[2025-07-16 23:50:03] [INFO] Açıklamadan daire bilgisi çıkarıldı: {"apartmentInfo":"C5D18","daire_id":178,"kisi_id":178,"iyelik_tipi":"Ev Sahibi","aciklama":"O\u011eUZCAN CAP*0046*\u015eubat C5 blok daire 18*3455564*FAST"} 
[2025-07-16 23:50:03] [INFO] Açıklamadan daire bilgisi çıkarıldı: {"apartmentInfo":null,"daire_id":0,"kisi_id":178,"iyelik_tipi":"Ev Sahibi","aciklama":"ABD\u00dcLMUTTAL\u0130P \u00d6ZT\u00dcRK*0010*B2 BLOK DA\u0130RE:13 \u015eUBAT 2025 A\u0130DAT - TAL\u0130P \u00d6ZT\u00dcRK*4121478103*FAST"} 
[2025-07-16 23:50:03] [INFO] Açıklamadan daire bilgisi çıkarıldı: {"apartmentInfo":null,"daire_id":0,"kisi_id":178,"iyelik_tipi":"Ev Sahibi","aciklama":"C1 DA\u0130RE 19 MART AYI A\u0130DAT*TURGAY YILMAZ*H2502303054281"} 
[2025-07-16 23:50:03] [INFO] Açıklamadan daire bilgisi çıkarıldı: {"apartmentInfo":"C5D14","daire_id":174,"kisi_id":174,"iyelik_tipi":"Ev Sahibi","aciklama":"MUHAMMET SEL\u0130M MUTLU*0111*C5 Daire 14 Mart Ay\u0131 Aidat*453351123*FAST"} 
[2025-07-16 23:50:03] [INFO] Açıklamadan daire bilgisi çıkarıldı: {"apartmentInfo":"B2D15","daire_id":55,"kisi_id":55,"iyelik_tipi":"Ev Sahibi","aciklama":"SERTA\u00c7 SARA\u00c7O\u011eLU*0010*\u00dcSK\u00dcP B2 D:15 A\u0130DAT*4122680392*FAST"} 
[2025-07-16 23:50:03] [INFO] Açıklamadan daire bilgisi çıkarıldı: {"apartmentInfo":null,"daire_id":0,"kisi_id":55,"iyelik_tipi":"Ev Sahibi","aciklama":"SEMANUR AKMAN*0205*C2 DA\u0130RE2 \u015eubat ay\u0131 kalan ve mart ay\u0131 aidat \u00fccreti*8714259*FAST"} 
[2025-07-16 23:54:59] [INFO] Açıklamadan daire bilgisi çıkarıldı: {"apartmentInfo":null,"daire_id":0,"kisi_id":null,"iyelik_tipi":"Ev Sahibi","aciklama":"MEHMET YILDIZ*0205*C2 BLOK DA\u0130RE 18 \u015eUBAT AYI A\u0130DATI*7590442*FAST"} 
[2025-07-16 23:54:59] [INFO] Açıklamadan daire bilgisi çıkarıldı: {"apartmentInfo":null,"daire_id":0,"kisi_id":null,"iyelik_tipi":"Ev Sahibi","aciklama":"SEVDA KURT*0046*C1 daire 1 subat ayi aidat*4616095*FAST"} 
[2025-07-16 23:54:59] [INFO] Açıklamadan daire bilgisi çıkarıldı: {"apartmentInfo":null,"daire_id":0,"kisi_id":null,"iyelik_tipi":"Ev Sahibi","aciklama":"C\u0130HAN ERCAN*0010*\u00dcSK\u00dcP EVLER\u0130 S\u0130TES\u0130*4039872283*FAST"} 
[2025-07-16 23:54:59] [INFO] Açıklamadan daire bilgisi çıkarıldı: {"apartmentInfo":null,"daire_id":0,"kisi_id":null,"iyelik_tipi":"Ev Sahibi","aciklama":"MEVL\u00dcT BABA*0067*C4 daire 6 \u015fubat aidat\u0131*1506676838*FAST"} 
[2025-07-16 23:54:59] [INFO] Açıklamadan daire bilgisi çıkarıldı: {"apartmentInfo":null,"daire_id":0,"kisi_id":null,"iyelik_tipi":"Ev Sahibi","aciklama":"C\u0130HAT Y\u00dcKSEL*0062*C2 DA\u0130RE 11 \u015eUBAT A\u0130DAT*6090000214*FAST"} 
[2025-07-16 23:54:59] [INFO] Açıklamadan daire bilgisi çıkarıldı: {"apartmentInfo":null,"daire_id":0,"kisi_id":null,"iyelik_tipi":"Ev Sahibi","aciklama":"MUHAMMET SEL\u0130M MUTLU*0046*C5 Daire 14 - OCAK A\u0130DAT*4994721*FAST"} 
[2025-07-16 23:54:59] [INFO] Açıklamadan daire bilgisi çıkarıldı: {"apartmentInfo":null,"daire_id":0,"kisi_id":null,"iyelik_tipi":"Ev Sahibi","aciklama":"MUHAMMET SEL\u0130M MUTLU*0046*C5 Daire 14 - \u015eUBAT A\u0130DAT*4996193*FAST"} 
[2025-07-16 23:54:59] [INFO] Açıklamadan daire bilgisi çıkarıldı: {"apartmentInfo":null,"daire_id":0,"kisi_id":null,"iyelik_tipi":"Ev Sahibi","aciklama":"MEHMET AKY\u00dcZ*0205*C5 Blok daire 15, \u015eubat 2025 aidat\u0131 *7059626*FAST"} 
[2025-07-16 23:54:59] [INFO] Açıklamadan daire bilgisi çıkarıldı: {"apartmentInfo":"B2D2","daire_id":42,"kisi_id":42,"iyelik_tipi":"Ev Sahibi","aciklama":"MUSTAFA \u00d6ZDER*0010*MUSTAFA \u00d6ZDER B 2 blok daire 2 Ocak ve \u015fubat aidat\u0131*4041875015*FAST"} 
[2025-07-16 23:54:59] [INFO] Açıklamadan daire bilgisi çıkarıldı: {"apartmentInfo":null,"daire_id":0,"kisi_id":42,"iyelik_tipi":"Ev Sahibi","aciklama":"F\u0130L\u0130Z ERDEM*0062*C4 BLOK D-5 \u015eUBAT A\u0130DAT*2362000008*FAST"} 
[2025-07-16 23:54:59] [INFO] Açıklamadan daire bilgisi çıkarıldı: {"apartmentInfo":null,"daire_id":0,"kisi_id":42,"iyelik_tipi":"Ev Sahibi","aciklama":"F\u0130L\u0130Z ERDEM*0062*B2 BLOK D-9 \u015eUBAT A\u0130DAT*3053000004*FAST"} 
[2025-07-16 23:54:59] [INFO] Açıklamadan daire bilgisi çıkarıldı: {"apartmentInfo":"C1D12","daire_id":92,"kisi_id":92,"iyelik_tipi":"Ev Sahibi","aciklama":"C1 blok daire:12 ocak-\u015fubat*PER\u0130 MERAM ARBAK*H2502229010793"} 
[2025-07-16 23:54:59] [INFO] Açıklamadan daire bilgisi çıkarıldı: {"apartmentInfo":null,"daire_id":0,"kisi_id":92,"iyelik_tipi":"Ev Sahibi","aciklama":"G\u00dcNAL KEMAL ZENG\u0130N*0046*B3 daire:10 \u015fubat*5897043*FAST"} 
[2025-07-16 23:54:59] [INFO] Açıklamadan daire bilgisi çıkarıldı: {"apartmentInfo":"B3D4","daire_id":64,"kisi_id":64,"iyelik_tipi":"Ev Sahibi","aciklama":"2025 ocak ve \u015fubat ay\u0131 b3 blok daire 4 aidat bedeli*MEHMET BED\u0130RHAN \u00c7EV\u0130K*H2502229714913"} 
[2025-07-16 23:54:59] [INFO] Açıklamadan daire bilgisi çıkarıldı: {"apartmentInfo":null,"daire_id":0,"kisi_id":64,"iyelik_tipi":"Ev Sahibi","aciklama":"ERCAN \u00c7AKMAK*0062*B1 DA\u0130RE 10 \u015eUBAT A\u0130DATI*3458000135*FAST"} 
[2025-07-16 23:54:59] [INFO] Açıklamadan daire bilgisi çıkarıldı: {"apartmentInfo":"C2D8","daire_id":108,"kisi_id":108,"iyelik_tipi":"Ev Sahibi","aciklama":"c2 d8 ocak aidat*FERHAT KAM\u0130L SATICI*H2502230352678"} 
[2025-07-16 23:54:59] [INFO] Açıklamadan daire bilgisi çıkarıldı: {"apartmentInfo":"C2D8","daire_id":108,"kisi_id":108,"iyelik_tipi":"Ev Sahibi","aciklama":"c2 d8 \u015fubat aidat*FERHAT KAM\u0130L SATICI*H2502230371547"} 
[2025-07-16 23:54:59] [INFO] Açıklamadan daire bilgisi çıkarıldı: {"apartmentInfo":null,"daire_id":0,"kisi_id":108,"iyelik_tipi":"Ev Sahibi","aciklama":"YUSUF YILMAZ*0062*C1 17. SUBAT A\u0130DAT*6114000117*FAST"} 
[2025-07-16 23:54:59] [INFO] Açıklamadan daire bilgisi çıkarıldı: {"apartmentInfo":"C5D2","daire_id":162,"kisi_id":162,"iyelik_tipi":"Ev Sahibi","aciklama":"MAHMUT CESUR*0010*MAHMUT CESUR C\/5 D2 ocak -subat ayi aidat*4044516552*FAST"} 
[2025-07-16 23:54:59] [INFO] Açıklamadan daire bilgisi çıkarıldı: {"apartmentInfo":"C5D2","daire_id":162,"kisi_id":162,"iyelik_tipi":"Ev Sahibi","aciklama":"MAHMUT CESUR*0010*MAHMUT CESUR C\/5 D\/2 ocak - subat ay\u0131 aidat*4044517872*FAST"} 
[2025-07-16 23:54:59] [INFO] Açıklamadan daire bilgisi çıkarıldı: {"apartmentInfo":null,"daire_id":0,"kisi_id":162,"iyelik_tipi":"Ev Sahibi","aciklama":"\u00d6zg\u00fcl Emiral*0111*\u015eubat ay\u0131 aidat\u0131 Sinan Kahraman B3 daire 13*404197511*FAST"} 
[2025-07-16 23:54:59] [INFO] Açıklamadan daire bilgisi çıkarıldı: {"apartmentInfo":null,"daire_id":0,"kisi_id":162,"iyelik_tipi":"Ev Sahibi","aciklama":"EL\u0130F KUTLU SEZER-ABDULAZ\u0130Z SEZER*0211*C2 D17 OCAK AYINDAN KALAN*202502123012*FAST"} 
[2025-07-16 23:54:59] [INFO] Açıklamadan daire bilgisi çıkarıldı: {"apartmentInfo":"C3D5","daire_id":125,"kisi_id":125,"iyelik_tipi":"Ev Sahibi","aciklama":"c3d5 Nadi Demirel 2025 \u015eubat aidati*NAD\u0130 DEM\u0130REL*H2502232315856"} 
[2025-07-16 23:54:59] [INFO] Açıklamadan daire bilgisi çıkarıldı: {"apartmentInfo":"C1D19","daire_id":99,"kisi_id":99,"iyelik_tipi":"Ev Sahibi","aciklama":"C1 DA\u0130RE 19 \u015eUBAT AYI A\u0130DAT*TURGAY YILMAZ*H2502232738593"} 
[2025-07-16 23:54:59] [INFO] Açıklamadan daire bilgisi çıkarıldı: {"apartmentInfo":"C2D5","daire_id":105,"kisi_id":105,"iyelik_tipi":"Ev Sahibi","aciklama":"Eda Nazl\u0131mo\u011flu*0111*Eda Nazl\u0131mo\u011flu C2-5 \u015eubat 2025 ve Ocak ay\u0131ndan kalan Aidat \u00d6demesi*407484329*FAST"} 
[2025-07-16 23:54:59] [INFO] Açıklamadan daire bilgisi çıkarıldı: {"apartmentInfo":"B3D3","daire_id":63,"kisi_id":63,"iyelik_tipi":"Ev Sahibi","aciklama":"b3 blok daire3 NERMIN KARATA\u015e aidat*NERM\u0130N KARATA\u015e*H2502236463548"} 
[2025-07-16 23:54:59] [INFO] Açıklamadan daire bilgisi çıkarıldı: {"apartmentInfo":null,"daire_id":0,"kisi_id":63,"iyelik_tipi":"Ev Sahibi","aciklama":"AHMET KARAMERT*0062*B2 D14 \u015eUBAT AYI A\u0130DAT*5241000121*FAST"} 
[2025-07-16 23:54:59] [INFO] Açıklamadan daire bilgisi çıkarıldı: {"apartmentInfo":null,"daire_id":0,"kisi_id":63,"iyelik_tipi":"Ev Sahibi","aciklama":"SELAM\u0130 ERZURUM*0205*C5 BLOK DA\u0130RE 4 \u015eUBAT AYI A\u0130DAT \u00d6DEMES\u0130 *9506000*FAST"} 
[2025-07-16 23:54:59] [INFO] Açıklamadan daire bilgisi çıkarıldı: {"apartmentInfo":null,"daire_id":0,"kisi_id":63,"iyelik_tipi":"Ev Sahibi","aciklama":"\u0130SMA\u0130L TOP\u00c7U*0046*C5 daire 12 subat aidati*9688390*FAST"} 
[2025-07-16 23:54:59] [INFO] Açıklamadan daire bilgisi çıkarıldı: {"apartmentInfo":null,"daire_id":0,"kisi_id":63,"iyelik_tipi":"Ev Sahibi","aciklama":"SAVA\u015e DURSUN*0046*C 2 DA\u0130RE 14 \u015eUBAT 2025 AYI A\u0130DATI*59830*FAST"} 
[2025-07-16 23:54:59] [INFO] Açıklamadan daire bilgisi çıkarıldı: {"apartmentInfo":null,"daire_id":0,"kisi_id":63,"iyelik_tipi":"Ev Sahibi","aciklama":"BAHATT\u0130N SERT*0046*C1 blok kat 1 daire 7 Bahattin Sert*127068*FAST"} 
[2025-07-16 23:54:59] [INFO] Açıklamadan daire bilgisi çıkarıldı: {"apartmentInfo":null,"daire_id":0,"kisi_id":63,"iyelik_tipi":"Ev Sahibi","aciklama":"RAFET MUTLU*0010*\u015eubat Aidat*4057432170*FAST"} 
[2025-07-16 23:54:59] [INFO] Açıklamadan daire bilgisi çıkarıldı: {"apartmentInfo":"B1D4","daire_id":24,"kisi_id":24,"iyelik_tipi":"Ev Sahibi","aciklama":"\u00fcsk\u00fcp evleri sitesi B1D4 HAL\u0130L DEM\u0130RC\u0130*HAL\u0130L DEM\u0130RC\u0130*H2502244990187"} 
[2025-07-16 23:54:59] [INFO] Açıklamadan daire bilgisi çıkarıldı: {"apartmentInfo":"B1D18","daire_id":38,"kisi_id":38,"iyelik_tipi":"Ev Sahibi","aciklama":"B1-BLOK DA\u0130RE:18 S\u0130TE A\u0130DATI \u015eUBAT 2025*HASAN H\u00dcSEY\u0130N BED\u0130R*H2502245013714"} 
[2025-07-16 23:54:59] [INFO] Açıklamadan daire bilgisi çıkarıldı: {"apartmentInfo":null,"daire_id":0,"kisi_id":38,"iyelik_tipi":"Ev Sahibi","aciklama":"As\u0131m Eli\u00e7abuk*0111*C3 blok no12*412563639*FAST"} 
[2025-07-16 23:54:59] [INFO] Açıklamadan daire bilgisi çıkarıldı: {"apartmentInfo":"B3D16","daire_id":76,"kisi_id":76,"iyelik_tipi":"Ev Sahibi","aciklama":"\u00fcsk\u00fcp evleri sitesi b3 blok daire 16 site aidat\u0131*ZEYNEP BOZDO\u011eAN*H2502245221723"} 
[2025-07-16 23:54:59] [INFO] Açıklamadan daire bilgisi çıkarıldı: {"apartmentInfo":"B2D17","daire_id":57,"kisi_id":57,"iyelik_tipi":"Ev Sahibi","aciklama":"\u00d6ZG\u00dcR TORUN*0205*\u00f6zg\u00fcr torun \u00fcsk\u00fcp evleri sitesi b2 blok no 17. \u015fubat 2025 aidat \u00f6demesi*7755076*FAST"} 
[2025-07-16 23:54:59] [INFO] Açıklamadan daire bilgisi çıkarıldı: {"apartmentInfo":null,"daire_id":0,"kisi_id":57,"iyelik_tipi":"Kirac\u0131","aciklama":"YAVUZ YILDIZ*0012*A1D9 \u015eubat Ay\u0131 Aidat*775702746*FAST"} 
[2025-07-16 23:54:59] [INFO] Açıklamadan daire bilgisi çıkarıldı: {"apartmentInfo":null,"daire_id":0,"kisi_id":57,"iyelik_tipi":"Ev Sahibi","aciklama":"HAL\u0130L YILDIZ*0010*C,3- daire 17*4057986971*FAST"} 
[2025-07-16 23:54:59] [INFO] Açıklamadan daire bilgisi çıkarıldı: {"apartmentInfo":null,"daire_id":0,"kisi_id":57,"iyelik_tipi":"Ev Sahibi","aciklama":"Ya\u015far Poyraz*0209*C2 BLOK DA\u0130RE 3 \u015eUBAT AYI A\u0130DATI*10104008*FAST"} 
[2025-07-16 23:54:59] [INFO] Açıklamadan daire bilgisi çıkarıldı: {"apartmentInfo":"C2D20","daire_id":120,"kisi_id":120,"iyelik_tipi":"Ev Sahibi","aciklama":"C2-20 \u015eUBAT AYI*ABDULLAH BEYHAN*H2502245950647"} 
[2025-07-16 23:54:59] [INFO] Açıklamadan daire bilgisi çıkarıldı: {"apartmentInfo":null,"daire_id":0,"kisi_id":120,"iyelik_tipi":"Ev Sahibi","aciklama":"OSMAN G\u00dcREL*0010*\u00fcsk\u00fcp evleri sitesi c2 daire 12*4058785023*FAST"} 
[2025-07-16 23:54:59] [INFO] Açıklamadan daire bilgisi çıkarıldı: {"apartmentInfo":"C4D10","daire_id":150,"kisi_id":150,"iyelik_tipi":"Ev Sahibi","aciklama":"EMRE CENG\u0130Z*0012*15.02.2024 c-4 D.10 aidat*776132289*FAST"} 
[2025-07-16 23:54:59] [INFO] Açıklamadan daire bilgisi çıkarıldı: {"apartmentInfo":"C2D16","daire_id":116,"kisi_id":116,"iyelik_tipi":"Ev Sahibi","aciklama":"\u00fcsk\u00fcp evleri C2 D16 \u015fubat 2025 aidat \u00f6demesi Sevcan \u00d6ztemiz*SEVCAN \u00d6ZTEM\u0130Z*H2502246323053"} 
[2025-07-16 23:54:59] [INFO] Açıklamadan daire bilgisi çıkarıldı: {"apartmentInfo":null,"daire_id":0,"kisi_id":116,"iyelik_tipi":"Ev Sahibi","aciklama":"SEV\u0130LAY \u0130NAN*0010*C1 Daire:8 Ocak-\u015eubat 2025*4059390970*FAST"} 
[2025-07-16 23:54:59] [INFO] Açıklamadan daire bilgisi çıkarıldı: {"apartmentInfo":null,"daire_id":0,"kisi_id":116,"iyelik_tipi":"Ev Sahibi","aciklama":"H\u0130LAL G\u00d6KTEPE*0067*B2 blok daire 10 \u015fubat aidat\u0131*1517626723*FAST"} 
[2025-07-16 23:54:59] [INFO] Açıklamadan daire bilgisi çıkarıldı: {"apartmentInfo":null,"daire_id":0,"kisi_id":116,"iyelik_tipi":"Ev Sahibi","aciklama":"AHMET GEDERET*0012*327-01115358 dan TR460006400000143202445983 a transfer*776527209*FAST"} 
[2025-07-16 23:54:59] [INFO] Açıklamadan daire bilgisi çıkarıldı: {"apartmentInfo":null,"daire_id":0,"kisi_id":116,"iyelik_tipi":"Ev Sahibi","aciklama":"Muhiddin S\u00f6nmezo\u011flu*0209*C3 Blok Daire 10 2024 Y\u0131l\u0131 Aral\u0131k Ay\u0131 Aidat\u0131*10183204*FAST"} 
[2025-07-16 23:54:59] [INFO] Açıklamadan daire bilgisi çıkarıldı: {"apartmentInfo":null,"daire_id":0,"kisi_id":116,"iyelik_tipi":"Ev Sahibi","aciklama":"Muhiddin S\u00f6nmezo\u011flu*0209*C3 Blok Daire 10 2025 Y\u0131l\u0131 OCAK ve \u015eUBAT Aylar\u0131 Aidatlar\u0131*10184621*FAST"} 
[2025-07-16 23:54:59] [INFO] Açıklamadan daire bilgisi çıkarıldı: {"apartmentInfo":"C5D17","daire_id":177,"kisi_id":177,"iyelik_tipi":"Ev Sahibi","aciklama":"C5 D17 \u015fubat aidat*TANER ATMACA*H2502247043956"} 
[2025-07-16 23:54:59] [INFO] Açıklamadan daire bilgisi çıkarıldı: {"apartmentInfo":null,"daire_id":0,"kisi_id":177,"iyelik_tipi":"Ev Sahibi","aciklama":"UFUK KARADUMAN*0010*c5\/no:10 2025 ocak ve \u015fubat ay\u0131 aidat\u0131*4060267777*FAST"} 
[2025-07-16 23:54:59] [INFO] Açıklamadan daire bilgisi çıkarıldı: {"apartmentInfo":"A1D7","daire_id":0,"kisi_id":0,"iyelik_tipi":"Ev Sahibi","aciklama":"a1 d7 aidat subat burcu yon*BURCU Y\u00d6N*H2502247483688"} 
[2025-07-16 23:54:59] [INFO] Açıklamadan daire bilgisi çıkarıldı: {"apartmentInfo":null,"daire_id":0,"kisi_id":0,"iyelik_tipi":"Ev Sahibi","aciklama":"BURHANETT\u0130N G\u00dcL\u00dcN*0015*C1 D13 SUBAT AYI A\u0130DATI*1590265471*FAST"} 
[2025-07-16 23:54:59] [INFO] Açıklamadan daire bilgisi çıkarıldı: {"apartmentInfo":null,"daire_id":0,"kisi_id":0,"iyelik_tipi":"Ev Sahibi","aciklama":"MESUT YOLDA\u015e*0046*Adem.\u00e7apa.c3blok k.1 d..7*2192376*FAST"} 
[2025-07-16 23:54:59] [INFO] Açıklamadan daire bilgisi çıkarıldı: {"apartmentInfo":null,"daire_id":0,"kisi_id":0,"iyelik_tipi":"Ev Sahibi","aciklama":"Erol Ergin*0209*C.4 D.7 \u015eUBAT AYI A\u0130DATI (YEN\u0130 Y\u00d6NET\u0130M)*10246875*FAST"} 
[2025-07-16 23:54:59] [INFO] Açıklamadan daire bilgisi çıkarıldı: {"apartmentInfo":null,"daire_id":0,"kisi_id":0,"iyelik_tipi":"Ev Sahibi","aciklama":"ONUR CAN KARATA\u015e*0010*\u015fubat 2025 aidat c4 d13*4062529186*FAST"} 
[2025-07-16 23:54:59] [INFO] Açıklamadan daire bilgisi çıkarıldı: {"apartmentInfo":null,"daire_id":0,"kisi_id":0,"iyelik_tipi":"Ev Sahibi","aciklama":"OSMAN YILDIZ*0067*C2 D4 \u015eUBAT AYI*1519198388*FAST"} 
[2025-07-16 23:54:59] [INFO] Açıklamadan daire bilgisi çıkarıldı: {"apartmentInfo":null,"daire_id":0,"kisi_id":0,"iyelik_tipi":"Ev Sahibi","aciklama":"EM\u0130N \u00d6ZT\u00dcRK*0062*C1 BLOK D6 EM\u0130N \u00d6ZT\u00dcRK*6828000313*FAST"} 
[2025-07-16 23:54:59] [INFO] Açıklamadan daire bilgisi çıkarıldı: {"apartmentInfo":"C3D14","daire_id":134,"kisi_id":134,"iyelik_tipi":"Ev Sahibi","aciklama":"\u00fcsk\u00fcp evleri sitesi C3 Blok No:14, \u015eubat ay\u0131 aidat*FEH\u0130ME ELEM YILDIRIM*H2502248872528"} 
[2025-07-16 23:54:59] [INFO] Açıklamadan daire bilgisi çıkarıldı: {"apartmentInfo":null,"daire_id":0,"kisi_id":134,"iyelik_tipi":"Ev Sahibi","aciklama":"FUNDA KO\u00c7AK*0012*b1 d12nail ko\u00e7ak*777607570*FAST"} 
[2025-07-16 23:54:59] [INFO] Açıklamadan daire bilgisi çıkarıldı: {"apartmentInfo":null,"daire_id":0,"kisi_id":134,"iyelik_tipi":"Ev Sahibi","aciklama":"ADEM ATACAN*0010*C5 BLOK DA\u0130RE 11 \u015eUBAT AYI A\u0130DAT ADEM ATACAN*4064657034*FAST"} 
[2025-07-16 23:54:59] [INFO] Açıklamadan daire bilgisi çıkarıldı: {"apartmentInfo":null,"daire_id":0,"kisi_id":134,"iyelik_tipi":"Ev Sahibi","aciklama":"TARIK AKS\u00d6Z*0010*B1_D14*4065251781*FAST"} 
[2025-07-16 23:54:59] [INFO] Açıklamadan daire bilgisi çıkarıldı: {"apartmentInfo":null,"daire_id":0,"kisi_id":134,"iyelik_tipi":"Ev Sahibi","aciklama":"AL\u0130 ODABA\u015e*0010*AL\u0130 ODABA\u015e 2025 ocak ve \u015fubat ay\u0131 aidat\u0131*4066001717*FAST"} 
[2025-07-16 23:54:59] [INFO] Açıklamadan daire bilgisi çıkarıldı: {"apartmentInfo":"C5D19","daire_id":179,"kisi_id":179,"iyelik_tipi":"Ev Sahibi","aciklama":"NU\u011eMAN EM\u0130R AKG\u00dcN*0010*azime akg\u00fcn c5 19 \u015fubat ay\u0131*4066932413*FAST"} 
[2025-07-16 23:54:59] [INFO] Açıklamadan daire bilgisi çıkarıldı: {"apartmentInfo":null,"daire_id":0,"kisi_id":179,"iyelik_tipi":"Ev Sahibi","aciklama":"SEVG\u0130 S\u00d6NMEZO\u011eLU*0015*A1 Blok daire 15 Mehmet Emin S\u00f6nmezo\u011flu \u015fubat aidat \u00fccreti*1592854729*FAST"} 
[2025-07-16 23:54:59] [INFO] Açıklamadan daire bilgisi çıkarıldı: {"apartmentInfo":null,"daire_id":0,"kisi_id":179,"iyelik_tipi":"Ev Sahibi","aciklama":"ADEM ATACAN*0010*TAHS\u0130L ED\u0130LEN A\u0130DATLAR VE ESK\u0130 Y\u00d6NET\u0130M GARANT\u0130 HESABINDAN KALAN TUTARLARIN BANKAYA AKTARILMASI*4068037366*FAST"} 
[2025-07-16 23:54:59] [INFO] Açıklamadan daire bilgisi çıkarıldı: {"apartmentInfo":"C3D13","daire_id":133,"kisi_id":133,"iyelik_tipi":"Ev Sahibi","aciklama":"C3 D13 MART AYI A\u0130DAT*MURAT TA\u015eDEM\u0130R*H2502252376824"} 
[2025-07-16 23:54:59] [INFO] Açıklamadan daire bilgisi çıkarıldı: {"apartmentInfo":"D11D148619241","daire_id":0,"kisi_id":0,"iyelik_tipi":"Ev Sahibi","aciklama":"AYNUR YAK\u015e\u0130 BOZKURT*0010*C4 D11 \u015eUBAT AYI AIDATI 1\/11 KRED \/ 148619241 \/ 1 G\u00f6nderen Hesap:48551790 Al.Te*4068960379*FAST"} 
[2025-07-16 23:54:59] [INFO] Açıklamadan daire bilgisi çıkarıldı: {"apartmentInfo":"B3D8","daire_id":68,"kisi_id":68,"iyelik_tipi":"Ev Sahibi","aciklama":"b3 d.8 arzu demirci ocak \u015fubat \u00f6demesi*ARZU DEM\u0130RC\u0130*H2502253629082"} 
[2025-07-16 23:54:59] [INFO] Açıklamadan daire bilgisi çıkarıldı: {"apartmentInfo":"B1D7","daire_id":27,"kisi_id":27,"iyelik_tipi":"Ev Sahibi","aciklama":"EMEL TOP\u00c7U*0067*Fikriye Kocaba\u015f B1 Blok D.7 400 TL \u015fubat aidati*1522595645*FAST"} 
[2025-07-16 23:54:59] [INFO] Açıklamadan daire bilgisi çıkarıldı: {"apartmentInfo":null,"daire_id":0,"kisi_id":27,"iyelik_tipi":"Ev Sahibi","aciklama":"B2 Blok No:12*MUHAMMET TAY*H2502253901607"} 
[2025-07-16 23:54:59] [INFO] Açıklamadan daire bilgisi çıkarıldı: {"apartmentInfo":"C4D17","daire_id":157,"kisi_id":157,"iyelik_tipi":"Ev Sahibi","aciklama":"Semra Duran \u00d6zer C4 Blok Daire 17 \u015eubat Aidat\u0131*AHMET \u00d6ZER*H2502254012109"} 
[2025-07-16 23:54:59] [INFO] Açıklamadan daire bilgisi çıkarıldı: {"apartmentInfo":"B1D19","daire_id":39,"kisi_id":39,"iyelik_tipi":"Ev Sahibi","aciklama":"B1 BLOK DA 19 \u015eUBAT A\u0130DATI*LEYLA \u00d6ZKAN*H2502254182280"} 
[2025-07-16 23:54:59] [INFO] Açıklamadan daire bilgisi çıkarıldı: {"apartmentInfo":null,"daire_id":0,"kisi_id":39,"iyelik_tipi":"Ev Sahibi","aciklama":"MUHAMMED G\u00d6LC\u00dcR*0067*C2-19 \u015eUBAT 2025 A\u0130DATI*1523392328*FAST"} 
[2025-07-16 23:54:59] [INFO] Açıklamadan daire bilgisi çıkarıldı: {"apartmentInfo":null,"daire_id":0,"kisi_id":39,"iyelik_tipi":"Ev Sahibi","aciklama":"DUYGU EK\u0130NC\u0130*0012*DUYGU EK\u0130NC\u0130,TR460006400000143202445983 HSB TR390001200156800001103953 HSTAN*5381322"} 
[2025-07-16 23:54:59] [INFO] Açıklamadan daire bilgisi çıkarıldı: {"apartmentInfo":null,"daire_id":0,"kisi_id":39,"iyelik_tipi":"Ev Sahibi","aciklama":"\u00dcSK\u00dcP EVLER\u0130 S\u0130TES\u0130 A\u0130DAT C1-14*KIYAS POLAT*H2502255966813"} 
[2025-07-16 23:54:59] [INFO] Açıklamadan daire bilgisi çıkarıldı: {"apartmentInfo":null,"daire_id":0,"kisi_id":39,"iyelik_tipi":"Ev Sahibi","aciklama":"HAT\u0130CE MENG\u0130*0067*B2 Blok Daire 8 \u015eubat Ay\u0131 Aidat\u0131 \/ Hatice Mengi*1524107347*FAST"} 
[2025-07-16 23:54:59] [INFO] Açıklamadan daire bilgisi çıkarıldı: {"apartmentInfo":"C4D12","daire_id":152,"kisi_id":152,"iyelik_tipi":"Ev Sahibi","aciklama":"RAHM\u0130 KOCABA\u015e*0015*RAHM\u0130 KOCABA\u015e C4 DA\u0130RE:12 OCAK AYI A\u0130DATI*7745906"} 
[2025-07-16 23:54:59] [INFO] Açıklamadan daire bilgisi çıkarıldı: {"apartmentInfo":null,"daire_id":0,"kisi_id":152,"iyelik_tipi":"Ev Sahibi","aciklama":"GAMZE ALMAZ*0067*C5 daire: 9 subat ay\u0131 aidat\u0131 Gamze Almaz*1524297765*FAST"} 
[2025-07-16 23:54:59] [INFO] Açıklamadan daire bilgisi çıkarıldı: {"apartmentInfo":"B1D20","daire_id":40,"kisi_id":40,"iyelik_tipi":"Ev Sahibi","aciklama":"FATMA \u00d6ZDEM\u0130R*0032*FATMA \u00d6ZDEMIR. B1 BLOK DAIRE20 B2 BLOK DAIRE7*6322089"} 
[2025-07-16 23:54:59] [INFO] Açıklamadan daire bilgisi çıkarıldı: {"apartmentInfo":null,"daire_id":0,"kisi_id":40,"iyelik_tipi":"Ev Sahibi","aciklama":"SONER \u00d6ZDO\u011eAN*0046*C1 daire 16 ocak aidati*6324319*FAST"} 
[2025-07-16 23:54:59] [INFO] Açıklamadan daire bilgisi çıkarıldı: {"apartmentInfo":null,"daire_id":0,"kisi_id":40,"iyelik_tipi":"Ev Sahibi","aciklama":"SONER \u00d6ZDO\u011eAN*0046*C1 daire 16 . subat ayi aidati*6327125*FAST"} 
[2025-07-16 23:54:59] [INFO] Açıklamadan daire bilgisi çıkarıldı: {"apartmentInfo":"C3D20","daire_id":140,"kisi_id":140,"iyelik_tipi":"Ev Sahibi","aciklama":"Yusuf Demirci C-3 blok Daire:20 \u015fubat 2025*YUSUF DEM\u0130RC\u0130*H2502259579545"} 
[2025-07-16 23:54:59] [INFO] Açıklamadan daire bilgisi çıkarıldı: {"apartmentInfo":null,"daire_id":0,"kisi_id":140,"iyelik_tipi":"Ev Sahibi","aciklama":"AY\u015eE ATAY*0134*kira bedel\u0131*414696671457*FAST"} 
[2025-07-16 23:54:59] [INFO] Açıklamadan daire bilgisi çıkarıldı: {"apartmentInfo":null,"daire_id":0,"kisi_id":140,"iyelik_tipi":"Ev Sahibi","aciklama":"METEHAN ALAN*0010*C-2 blok daire 9 \u015fubat ay\u0131 aidat*4075815069*FAST"} 
[2025-07-16 23:54:59] [INFO] Açıklamadan daire bilgisi çıkarıldı: {"apartmentInfo":null,"daire_id":0,"kisi_id":140,"iyelik_tipi":"Ev Sahibi","aciklama":"TUBA AYLI*0010*C4 da\u0131re 9 adidat*4076128134*FAST"} 
[2025-07-16 23:54:59] [INFO] Açıklamadan daire bilgisi çıkarıldı: {"apartmentInfo":null,"daire_id":0,"kisi_id":140,"iyelik_tipi":"Ev Sahibi","aciklama":"HAT\u0130CE \u00c7ELEB\u0130*0015*aidat \u015fubat c4-3*1597805728*FAST"} 
[2025-07-16 23:54:59] [INFO] Açıklamadan daire bilgisi çıkarıldı: {"apartmentInfo":null,"daire_id":0,"kisi_id":140,"iyelik_tipi":"Ev Sahibi","aciklama":"YAS\u0130N T\u00dcFEKC\u0130*0015*\u00dcsk\u00fcp evleri C2 blok 6 numara yasin T\u00fcfekci \u015eubat aidat\u0131*1597989044*FAST"} 
[2025-07-16 23:54:59] [INFO] Açıklamadan daire bilgisi çıkarıldı: {"apartmentInfo":null,"daire_id":0,"kisi_id":140,"iyelik_tipi":"Ev Sahibi","aciklama":"CEREN YILDIRIM*0062*C3 BLOK DA\u0130RE 11*6837000350*FAST"} 
[2025-07-16 23:54:59] [INFO] Açıklamadan daire bilgisi çıkarıldı: {"apartmentInfo":null,"daire_id":0,"kisi_id":140,"iyelik_tipi":"Ev Sahibi","aciklama":"F\u0130L\u0130Z ERO\u011eLU*0010*site aidati*4081306909*FAST"} 
[2025-07-16 23:54:59] [INFO] Açıklamadan daire bilgisi çıkarıldı: {"apartmentInfo":null,"daire_id":0,"kisi_id":140,"iyelik_tipi":"Ev Sahibi","aciklama":"ONUR EROL*0062*A1 DA\u0130RE 14 \u015eUBAT AYI AHMET BSLK*4390000116*FAST"} 
[2025-07-16 23:54:59] [INFO] Açıklamadan daire bilgisi çıkarıldı: {"apartmentInfo":null,"daire_id":0,"kisi_id":140,"iyelik_tipi":"Ev Sahibi","aciklama":"ADEM EVG\u0130N*0046*B1 blok daire 15*9325572*FAST"} 
[2025-07-16 23:54:59] [INFO] Açıklamadan daire bilgisi çıkarıldı: {"apartmentInfo":"A1D13","daire_id":13,"kisi_id":13,"iyelik_tipi":"Ev Sahibi","aciklama":"NAD\u0130R YILMAZ*0205*Nadir Y\u0131lmaz A.1 Blok. Daire 13. \u015eubat ay\u0131 aidat\u0131.*7836884*FAST"} 
[2025-07-16 23:54:59] [INFO] Açıklamadan daire bilgisi çıkarıldı: {"apartmentInfo":null,"daire_id":0,"kisi_id":13,"iyelik_tipi":"Ev Sahibi","aciklama":"EL\u0130F KUTLU SEZER-ABDULAZ\u0130Z SEZER*0211*C2 D17 \u015eubat*202502201614*FAST"} 
[2025-07-16 23:54:59] [INFO] Açıklamadan daire bilgisi çıkarıldı: {"apartmentInfo":null,"daire_id":0,"kisi_id":13,"iyelik_tipi":"Ev Sahibi","aciklama":"U\u011eUR ERG\u0130*0067*B2-16 \u015fubat ay\u0131 aidat\u0131*1532931924*FAST"} 
[2025-07-16 23:54:59] [INFO] Açıklamadan daire bilgisi çıkarıldı: {"apartmentInfo":"B3D12","daire_id":72,"kisi_id":72,"iyelik_tipi":"Ev Sahibi","aciklama":"\u00fcsk\u00fcp evleri sitesi B-3 BLOK DA\u0130RE:12 \u015eubat ay\u0131 site aidat\u0131*NAS\u0130BE AKY\u00dcZ*H2502273353209"} 
[2025-07-16 23:54:59] [INFO] Açıklamadan daire bilgisi çıkarıldı: {"apartmentInfo":null,"daire_id":0,"kisi_id":72,"iyelik_tipi":"Ev Sahibi","aciklama":"SERKAN KA\u00c7AN*0010*C2 BLOK D 1 ARALIK OCAK \u015eUBAT*4092061955*FAST"} 
[2025-07-16 23:54:59] [INFO] Açıklamadan daire bilgisi çıkarıldı: {"apartmentInfo":null,"daire_id":0,"kisi_id":72,"iyelik_tipi":"Ev Sahibi","aciklama":"D\u00dcZCE \u0130LME VE HAYRA H\u0130ZMET VAKFI*0205*A1 BLOK 3-4 NOLU DA\u0130RELER\u0130N \u015eUBAT 2025 A\u0130DATLARI *5858112*FAST"} 
[2025-07-16 23:54:59] [INFO] Açıklamadan daire bilgisi çıkarıldı: {"apartmentInfo":null,"daire_id":0,"kisi_id":72,"iyelik_tipi":"Ev Sahibi","aciklama":"ABDULLAH I\u015eIK*0010*C5 Daire 7 \u015eubat ay\u0131 aidat \u00f6demesi*4100875421*FAST"} 
[2025-07-16 23:54:59] [INFO] Açıklamadan daire bilgisi çıkarıldı: {"apartmentInfo":null,"daire_id":0,"kisi_id":72,"iyelik_tipi":"Ev Sahibi","aciklama":"MUSTAFA \u00d6ZDER*0010*b\/2 d\/20 d\u00fckkan dilek \u00f6zder*4101482753*FAST"} 
[2025-07-16 23:54:59] [INFO] Açıklamadan daire bilgisi çıkarıldı: {"apartmentInfo":null,"daire_id":0,"kisi_id":72,"iyelik_tipi":"Ev Sahibi","aciklama":"MEHMET YILDIZ*0205*C2 BLOK DA\u0130RE 18 OCAK AYI A\u0130DAT FARKI *5447252*FAST"} 
[2025-07-16 23:54:59] [INFO] Açıklamadan daire bilgisi çıkarıldı: {"apartmentInfo":null,"daire_id":0,"kisi_id":72,"iyelik_tipi":"Ev Sahibi","aciklama":"B\u00dc\u015eRA YILDIRIM*0010*c4 d4 \u015fubat ay\u0131 aidat*4101486190*FAST"} 
[2025-07-16 23:55:00] [INFO] Açıklamadan daire bilgisi çıkarıldı: {"apartmentInfo":null,"daire_id":0,"kisi_id":72,"iyelik_tipi":"Ev Sahibi","aciklama":"MUHAMMED NUR\u0130 I\u015eIK*0205*B2 blok daire 18 aidat 2025 \u015eubat ay\u0131 Muhammed Nuri I\u015f\u0131k *9812575*FAST"} 
[2025-07-16 23:55:00] [INFO] Açıklamadan daire bilgisi çıkarıldı: {"apartmentInfo":null,"daire_id":0,"kisi_id":72,"iyelik_tipi":"Ev Sahibi","aciklama":"\u00d6MER ERKO\u00c7*0015*C-4 DA\u0130RE 20 \u015eUBAT 2025 A\u0130DAT*1607283542*FAST"} 
[2025-07-16 23:55:00] [INFO] Açıklamadan daire bilgisi çıkarıldı: {"apartmentInfo":"C3D8","daire_id":128,"kisi_id":128,"iyelik_tipi":"Ev Sahibi","aciklama":"FAT\u0130H G\u00dcLER*0062*FAT\u0130H G\u00dcLER C3 BLOK DA\u0130RE 8 \u015eUBAT*8444000127*FAST"} 
[2025-07-16 23:55:00] [INFO] Açıklamadan daire bilgisi çıkarıldı: {"apartmentInfo":"B1D16","daire_id":36,"kisi_id":36,"iyelik_tipi":"Ev Sahibi","aciklama":"F\u0130L\u0130Z KIYCI*0010*F\u0130L\u0130Z KIYCI B1 D.16 \u015eubat Aidat*4103609663*FAST"} 
[2025-07-16 23:55:00] [INFO] Açıklamadan daire bilgisi çıkarıldı: {"apartmentInfo":null,"daire_id":0,"kisi_id":36,"iyelik_tipi":"Ev Sahibi","aciklama":"MUSTAFA U\u011eUR ARAT*0062*C1 BLOK DA\u0130RE 20*1409000191*FAST"} 
[2025-07-16 23:55:00] [INFO] Açıklamadan daire bilgisi çıkarıldı: {"apartmentInfo":null,"daire_id":0,"kisi_id":36,"iyelik_tipi":"Ev Sahibi","aciklama":"SEVAL \u00c7ALIK*0067*B1 03 ocak -\u015fubat -mart*1542512139*FAST"} 
[2025-07-16 23:55:00] [INFO] Açıklamadan daire bilgisi çıkarıldı: {"apartmentInfo":null,"daire_id":0,"kisi_id":36,"iyelik_tipi":"Ev Sahibi","aciklama":"HARUN SA\u011eLAM*0067*A1 blok daire 2 ocak ay\u0131 aidat\u0131*1542536590*FAST"} 
[2025-07-16 23:55:00] [INFO] Açıklamadan daire bilgisi çıkarıldı: {"apartmentInfo":"C1D5","daire_id":85,"kisi_id":85,"iyelik_tipi":"Ev Sahibi","aciklama":"\u00d6ZKAN KARADUMAN*0134* 2025 YILI OCAK VE \u015eUBAT AYI C1 DA\u0130RE 5 NUMARA A\u0130D*416986744316*FAST"} 
[2025-07-16 23:55:00] [INFO] Açıklamadan daire bilgisi çıkarıldı: {"apartmentInfo":null,"daire_id":0,"kisi_id":85,"iyelik_tipi":"Ev Sahibi","aciklama":"AL\u0130 ODABA\u015e*0010*AL\u0130 ODABA\u015e 2025 ge\u00e7mi\u015f d\u00f6nem aidat borcu C 5\u011edaire 5*4106209732*FAST"} 
[2025-07-16 23:55:00] [INFO] Açıklamadan daire bilgisi çıkarıldı: {"apartmentInfo":"C2D11","daire_id":111,"kisi_id":111,"iyelik_tipi":"Ev Sahibi","aciklama":"EY\u00dcP ERGELEN*0010*EY\u00dcP ERGELEN c2 daire 11 \u015fubat aidat\u0131*4106216963*FAST"} 
[2025-07-16 23:55:00] [INFO] Açıklamadan daire bilgisi çıkarıldı: {"apartmentInfo":"C3D148796644","daire_id":0,"kisi_id":0,"iyelik_tipi":"Ev Sahibi","aciklama":"T\u00dcRKAN KIYICI*0010*T\u00dcRKAN KIYICI C3 16 1\/11 KRED \/ 148796644 \/ 1 G\u00f6nderen Hesap:5776253 Al.Tel*4106903376*FAST"} 
[2025-07-16 23:55:00] [INFO] Açıklamadan daire bilgisi çıkarıldı: {"apartmentInfo":null,"daire_id":0,"kisi_id":0,"iyelik_tipi":"Ev Sahibi","aciklama":"FATMA \u00c7ALIK*0010*FATMA \u00c7ALIK A\u0130DAT 5\/12 KRED \/ 144845715 \/ 21 G\u00f6nderen Hesap:65311315 Al.T*4106903383*FAST"} 
[2025-07-16 23:55:00] [INFO] Açıklamadan daire bilgisi çıkarıldı: {"apartmentInfo":null,"daire_id":0,"kisi_id":0,"iyelik_tipi":"Ev Sahibi","aciklama":"ZAFER AKYOL*0015*B-1 DA\u0130RE:11 ZAFER AKYOL A\u0130DAT BEDEL\u0130*9008163"} 
[2025-07-16 23:55:00] [INFO] Açıklamadan daire bilgisi çıkarıldı: {"apartmentInfo":"C4D12","daire_id":152,"kisi_id":152,"iyelik_tipi":"Ev Sahibi","aciklama":"RAHM\u0130 KOCABA\u015e*0015*RAHM\u0130 KOCABA\u015e C4 DA\u0130RE:12 A\u0130DAT \u00d6DEMES\u0130*9008395"} 
[2025-07-16 23:55:00] [INFO] Açıklamadan daire bilgisi çıkarıldı: {"apartmentInfo":null,"daire_id":0,"kisi_id":152,"iyelik_tipi":"Ev Sahibi","aciklama":"SAM\u0130 ERG\u0130N*0010*SAM\u0130ERG\u0130NB1D5\u015eUBATAYI A\u0130DATI*4107855208*FAST"} 
[2025-07-16 23:55:00] [INFO] Açıklamadan daire bilgisi çıkarıldı: {"apartmentInfo":"D13D600","daire_id":0,"kisi_id":0,"iyelik_tipi":"Ev Sahibi","aciklama":"OG\u00dcN PE\u00c7ENEK*0205*C2. D.13, Ocak ay\u0131nda 600 \u00f6dedi\u011fim i\u00e7in \u015fubatta 200 olarak yat\u0131r\u0131yorum. *7561582*FAST"} 
[2025-07-16 23:55:00] [INFO] Açıklamadan daire bilgisi çıkarıldı: {"apartmentInfo":"B3D18","daire_id":78,"kisi_id":78,"iyelik_tipi":"Ev Sahibi","aciklama":"b 3 blok daire 18 AHMET \u0130B\u0130LO\u011eLU*AHMET \u0130B\u0130LO\u011eLU*H2502291214538"} 
[2025-07-16 23:55:00] [INFO] Açıklamadan daire bilgisi çıkarıldı: {"apartmentInfo":"C3D19","daire_id":139,"kisi_id":139,"iyelik_tipi":"Ev Sahibi","aciklama":"C3 blok no19 \u015fubat 2025 site aidat\u0131*LAT\u0130F ONUR U\u011eUR*H2502291379984"} 
[2025-07-16 23:55:00] [INFO] Açıklamadan daire bilgisi çıkarıldı: {"apartmentInfo":null,"daire_id":0,"kisi_id":139,"iyelik_tipi":"Ev Sahibi","aciklama":"SABR\u0130YE ARABACI*0134*b 1 blok daire 2 \u015fubat ay\u0131 aidat\u0131*417351772945*FAST"} 
[2025-07-16 23:55:00] [INFO] Açıklamadan daire bilgisi çıkarıldı: {"apartmentInfo":null,"daire_id":0,"kisi_id":139,"iyelik_tipi":"Ev Sahibi","aciklama":"MURAT \u015eAFAK*0062*C3 D6 \u015eUBAT A\u0130DAT 2025*9858000217*FAST"} 
[2025-07-16 23:55:00] [INFO] Açıklamadan daire bilgisi çıkarıldı: {"apartmentInfo":null,"daire_id":0,"kisi_id":139,"iyelik_tipi":"Ev Sahibi","aciklama":"AYTEN DEM\u0130R T\u00dcKEL*0067*kas\u0131m, aral\u0131k, ocak, \u015fubat ayi aidatlaridir*1545580622*FAST"} 
[2025-07-16 23:55:00] [INFO] Açıklamadan daire bilgisi çıkarıldı: {"apartmentInfo":null,"daire_id":0,"kisi_id":139,"iyelik_tipi":"Ev Sahibi","aciklama":"M\u0130MTA\u015e M\u0130MARLIK \u0130N\u015eAAT M\u00dcHEND\u0130SL\u0130K TAAHH\u00dcT MAK\u0130NA SANAY\u0130 VE T\u0130CARET L\u0130M\u0130TED \u015e\u0130RKET\u0130*0205*C5 D1 \u015eUBAT A\u0130DAT \u00d6DEMES\u0130 *9856690*FAST"} 
[2025-07-16 23:55:00] [INFO] Açıklamadan daire bilgisi çıkarıldı: {"apartmentInfo":null,"daire_id":0,"kisi_id":139,"iyelik_tipi":"Ev Sahibi","aciklama":"H\u00dcLYA YILMAZ*0111*C1 Blok Daire 15 Han\u0131m ve Bedirhan Y\u0131lmaz \u00f6nceki aidat 600 yat\u0131r\u0131lm\u0131\u015ft\u0131*448371772*FAST"} 
[2025-07-16 23:55:00] [INFO] Açıklamadan daire bilgisi çıkarıldı: {"apartmentInfo":null,"daire_id":0,"kisi_id":139,"iyelik_tipi":"Ev Sahibi","aciklama":"NAC\u0130 G\u00dcLDAL*0067*C3\/9 \u015fubat ay\u0131 aidat\u0131 NAC\u0130 G\u00dcLDAL*1549436485*FAST"} 
[2025-07-16 23:55:00] [INFO] Açıklamadan daire bilgisi çıkarıldı: {"apartmentInfo":null,"daire_id":0,"kisi_id":139,"iyelik_tipi":"Ev Sahibi","aciklama":"FATMA \u00c7ENGEL*0046*Aydad*2105089*FAST"} 
[2025-07-16 23:55:00] [INFO] Açıklamadan daire bilgisi çıkarıldı: {"apartmentInfo":null,"daire_id":0,"kisi_id":139,"iyelik_tipi":"Ev Sahibi","aciklama":"EDA \u00c7\u0130\u00c7EK*0010*B3 blok daire:5 Eda \u00c7\u0130\u00c7EK*4117477481*FAST"} 
[2025-07-16 23:55:00] [INFO] Açıklamadan daire bilgisi çıkarıldı: {"apartmentInfo":null,"daire_id":0,"kisi_id":139,"iyelik_tipi":"Ev Sahibi","aciklama":"Sava\u015fer \u00d6zt\u00fcrk*0111*B2 BLOK DA\u0130RE 6, \u015eUBAT 2025*451351913*FAST"} 
[2025-07-16 23:55:00] [INFO] Açıklamadan daire bilgisi çıkarıldı: {"apartmentInfo":null,"daire_id":0,"kisi_id":139,"iyelik_tipi":"Ev Sahibi","aciklama":"O\u011eUZCAN CAP*0046*\u015eubat C5 blok daire 18*3455564*FAST"} 
[2025-07-16 23:55:00] [INFO] Açıklamadan daire bilgisi çıkarıldı: {"apartmentInfo":null,"daire_id":0,"kisi_id":139,"iyelik_tipi":"Ev Sahibi","aciklama":"ABD\u00dcLMUTTAL\u0130P \u00d6ZT\u00dcRK*0010*B2 BLOK DA\u0130RE:13 \u015eUBAT 2025 A\u0130DAT - TAL\u0130P \u00d6ZT\u00dcRK*4121478103*FAST"} 
[2025-07-16 23:55:00] [INFO] Açıklamadan daire bilgisi çıkarıldı: {"apartmentInfo":"C1D19","daire_id":99,"kisi_id":99,"iyelik_tipi":"Ev Sahibi","aciklama":"C1 DA\u0130RE 19 MART AYI A\u0130DAT*TURGAY YILMAZ*H2502303054281"} 
[2025-07-16 23:55:00] [INFO] Açıklamadan daire bilgisi çıkarıldı: {"apartmentInfo":null,"daire_id":0,"kisi_id":99,"iyelik_tipi":"Ev Sahibi","aciklama":"MUHAMMET SEL\u0130M MUTLU*0111*C5 Daire 14 Mart Ay\u0131 Aidat*453351123*FAST"} 
[2025-07-16 23:55:00] [INFO] Açıklamadan daire bilgisi çıkarıldı: {"apartmentInfo":"B2D15","daire_id":55,"kisi_id":55,"iyelik_tipi":"Ev Sahibi","aciklama":"SERTA\u00c7 SARA\u00c7O\u011eLU*0010*\u00dcSK\u00dcP B2 D:15 A\u0130DAT*4122680392*FAST"} 
[2025-07-16 23:55:00] [INFO] Açıklamadan daire bilgisi çıkarıldı: {"apartmentInfo":null,"daire_id":0,"kisi_id":55,"iyelik_tipi":"Ev Sahibi","aciklama":"SEMANUR AKMAN*0205*C2 DA\u0130RE2 \u015eubat ay\u0131 kalan ve mart ay\u0131 aidat \u00fccreti*8714259*FAST"} 
[2025-07-16 23:59:30] [INFO] Açıklamadan daire bilgisi çıkarıldı: {"apartmentInfo":null,"daire_id":0,"kisi_id":null,"iyelik_tipi":"Ev Sahibi","aciklama":"MEHMET YILDIZ*0205*C2 BLOK DA\u0130RE 18 \u015eUBAT AYI A\u0130DATI*7590442*FAST"} 
[2025-07-16 23:59:30] [INFO] Açıklamadan daire bilgisi çıkarıldı: {"apartmentInfo":null,"daire_id":0,"kisi_id":null,"iyelik_tipi":"Ev Sahibi","aciklama":"SEVDA KURT*0046*C1 daire 1 subat ayi aidat*4616095*FAST"} 
[2025-07-16 23:59:30] [INFO] Açıklamadan daire bilgisi çıkarıldı: {"apartmentInfo":null,"daire_id":0,"kisi_id":null,"iyelik_tipi":"Ev Sahibi","aciklama":"C\u0130HAN ERCAN*0010*\u00dcSK\u00dcP EVLER\u0130 S\u0130TES\u0130*4039872283*FAST"} 
[2025-07-16 23:59:30] [INFO] Açıklamadan daire bilgisi çıkarıldı: {"apartmentInfo":null,"daire_id":0,"kisi_id":null,"iyelik_tipi":"Ev Sahibi","aciklama":"MEVL\u00dcT BABA*0067*C4 daire 6 \u015fubat aidat\u0131*1506676838*FAST"} 
[2025-07-16 23:59:30] [INFO] Açıklamadan daire bilgisi çıkarıldı: {"apartmentInfo":null,"daire_id":0,"kisi_id":null,"iyelik_tipi":"Ev Sahibi","aciklama":"C\u0130HAT Y\u00dcKSEL*0062*C2 DA\u0130RE 11 \u015eUBAT A\u0130DAT*6090000214*FAST"} 
[2025-07-16 23:59:30] [INFO] Açıklamadan daire bilgisi çıkarıldı: {"apartmentInfo":null,"daire_id":0,"kisi_id":null,"iyelik_tipi":"Ev Sahibi","aciklama":"MUHAMMET SEL\u0130M MUTLU*0046*C5 Daire 14 - OCAK A\u0130DAT*4994721*FAST"} 
[2025-07-16 23:59:30] [INFO] Açıklamadan daire bilgisi çıkarıldı: {"apartmentInfo":null,"daire_id":0,"kisi_id":null,"iyelik_tipi":"Ev Sahibi","aciklama":"MUHAMMET SEL\u0130M MUTLU*0046*C5 Daire 14 - \u015eUBAT A\u0130DAT*4996193*FAST"} 
[2025-07-16 23:59:30] [INFO] Açıklamadan daire bilgisi çıkarıldı: {"apartmentInfo":null,"daire_id":0,"kisi_id":null,"iyelik_tipi":"Ev Sahibi","aciklama":"MEHMET AKY\u00dcZ*0205*C5 Blok daire 15, \u015eubat 2025 aidat\u0131 *7059626*FAST"} 
[2025-07-16 23:59:30] [INFO] Açıklamadan daire bilgisi çıkarıldı: {"apartmentInfo":"B2D2","daire_id":42,"kisi_id":42,"iyelik_tipi":"Ev Sahibi","aciklama":"MUSTAFA \u00d6ZDER*0010*MUSTAFA \u00d6ZDER B 2 blok daire 2 Ocak ve \u015fubat aidat\u0131*4041875015*FAST"} 
[2025-07-16 23:59:30] [INFO] Açıklamadan daire bilgisi çıkarıldı: {"apartmentInfo":null,"daire_id":0,"kisi_id":42,"iyelik_tipi":"Ev Sahibi","aciklama":"F\u0130L\u0130Z ERDEM*0062*C4 BLOK D-5 \u015eUBAT A\u0130DAT*2362000008*FAST"} 
[2025-07-16 23:59:30] [INFO] Açıklamadan daire bilgisi çıkarıldı: {"apartmentInfo":null,"daire_id":0,"kisi_id":42,"iyelik_tipi":"Ev Sahibi","aciklama":"F\u0130L\u0130Z ERDEM*0062*B2 BLOK D-9 \u015eUBAT A\u0130DAT*3053000004*FAST"} 
[2025-07-16 23:59:30] [INFO] Açıklamadan daire bilgisi çıkarıldı: {"apartmentInfo":"C1D12","daire_id":92,"kisi_id":92,"iyelik_tipi":"Ev Sahibi","aciklama":"C1 blok daire:12 ocak-\u015fubat*PER\u0130 MERAM ARBAK*H2502229010793"} 
[2025-07-16 23:59:30] [INFO] Açıklamadan daire bilgisi çıkarıldı: {"apartmentInfo":null,"daire_id":0,"kisi_id":92,"iyelik_tipi":"Ev Sahibi","aciklama":"G\u00dcNAL KEMAL ZENG\u0130N*0046*B3 daire:10 \u015fubat*5897043*FAST"} 
[2025-07-16 23:59:30] [INFO] Açıklamadan daire bilgisi çıkarıldı: {"apartmentInfo":"B3D4","daire_id":64,"kisi_id":64,"iyelik_tipi":"Ev Sahibi","aciklama":"2025 ocak ve \u015fubat ay\u0131 b3 blok daire 4 aidat bedeli*MEHMET BED\u0130RHAN \u00c7EV\u0130K*H2502229714913"} 
[2025-07-16 23:59:30] [INFO] Açıklamadan daire bilgisi çıkarıldı: {"apartmentInfo":null,"daire_id":0,"kisi_id":64,"iyelik_tipi":"Ev Sahibi","aciklama":"ERCAN \u00c7AKMAK*0062*B1 DA\u0130RE 10 \u015eUBAT A\u0130DATI*3458000135*FAST"} 
[2025-07-16 23:59:30] [INFO] Açıklamadan daire bilgisi çıkarıldı: {"apartmentInfo":null,"daire_id":0,"kisi_id":64,"iyelik_tipi":"Ev Sahibi","aciklama":"c2 d8 ocak aidat*FERHAT KAM\u0130L SATICI*H2502230352678"} 
[2025-07-16 23:59:30] [INFO] Açıklamadan daire bilgisi çıkarıldı: {"apartmentInfo":null,"daire_id":0,"kisi_id":64,"iyelik_tipi":"Ev Sahibi","aciklama":"c2 d8 \u015fubat aidat*FERHAT KAM\u0130L SATICI*H2502230371547"} 
[2025-07-16 23:59:30] [INFO] Açıklamadan daire bilgisi çıkarıldı: {"apartmentInfo":null,"daire_id":0,"kisi_id":64,"iyelik_tipi":"Ev Sahibi","aciklama":"YUSUF YILMAZ*0062*C1 17. SUBAT A\u0130DAT*6114000117*FAST"} 
[2025-07-16 23:59:30] [INFO] Açıklamadan daire bilgisi çıkarıldı: {"apartmentInfo":null,"daire_id":0,"kisi_id":64,"iyelik_tipi":"Ev Sahibi","aciklama":"MAHMUT CESUR*0010*MAHMUT CESUR C\/5 D2 ocak -subat ayi aidat*4044516552*FAST"} 
[2025-07-16 23:59:30] [INFO] Açıklamadan daire bilgisi çıkarıldı: {"apartmentInfo":null,"daire_id":0,"kisi_id":64,"iyelik_tipi":"Ev Sahibi","aciklama":"MAHMUT CESUR*0010*MAHMUT CESUR C\/5 D\/2 ocak - subat ay\u0131 aidat*4044517872*FAST"} 
[2025-07-16 23:59:30] [INFO] Açıklamadan daire bilgisi çıkarıldı: {"apartmentInfo":null,"daire_id":0,"kisi_id":64,"iyelik_tipi":"Ev Sahibi","aciklama":"\u00d6zg\u00fcl Emiral*0111*\u015eubat ay\u0131 aidat\u0131 Sinan Kahraman B3 daire 13*404197511*FAST"} 
[2025-07-16 23:59:30] [INFO] Açıklamadan daire bilgisi çıkarıldı: {"apartmentInfo":null,"daire_id":0,"kisi_id":64,"iyelik_tipi":"Ev Sahibi","aciklama":"EL\u0130F KUTLU SEZER-ABDULAZ\u0130Z SEZER*0211*C2 D17 OCAK AYINDAN KALAN*202502123012*FAST"} 
[2025-07-16 23:59:30] [INFO] Açıklamadan daire bilgisi çıkarıldı: {"apartmentInfo":"C3D5","daire_id":125,"kisi_id":125,"iyelik_tipi":"Ev Sahibi","aciklama":"c3d5 Nadi Demirel 2025 \u015eubat aidati*NAD\u0130 DEM\u0130REL*H2502232315856"} 
[2025-07-16 23:59:30] [INFO] Açıklamadan daire bilgisi çıkarıldı: {"apartmentInfo":"C1D19","daire_id":99,"kisi_id":99,"iyelik_tipi":"Ev Sahibi","aciklama":"C1 DA\u0130RE 19 \u015eUBAT AYI A\u0130DAT*TURGAY YILMAZ*H2502232738593"} 
[2025-07-16 23:59:30] [INFO] Açıklamadan daire bilgisi çıkarıldı: {"apartmentInfo":null,"daire_id":0,"kisi_id":99,"iyelik_tipi":"Ev Sahibi","aciklama":"Eda Nazl\u0131mo\u011flu*0111*Eda Nazl\u0131mo\u011flu C2-5 \u015eubat 2025 ve Ocak ay\u0131ndan kalan Aidat \u00d6demesi*407484329*FAST"} 
[2025-07-16 23:59:30] [INFO] Açıklamadan daire bilgisi çıkarıldı: {"apartmentInfo":null,"daire_id":0,"kisi_id":99,"iyelik_tipi":"Ev Sahibi","aciklama":"b3 blok daire3 NERMIN KARATA\u015e aidat*NERM\u0130N KARATA\u015e*H2502236463548"} 
[2025-07-16 23:59:30] [INFO] Açıklamadan daire bilgisi çıkarıldı: {"apartmentInfo":null,"daire_id":0,"kisi_id":99,"iyelik_tipi":"Ev Sahibi","aciklama":"AHMET KARAMERT*0062*B2 D14 \u015eUBAT AYI A\u0130DAT*5241000121*FAST"} 
[2025-07-16 23:59:30] [INFO] Açıklamadan daire bilgisi çıkarıldı: {"apartmentInfo":null,"daire_id":0,"kisi_id":99,"iyelik_tipi":"Ev Sahibi","aciklama":"SELAM\u0130 ERZURUM*0205*C5 BLOK DA\u0130RE 4 \u015eUBAT AYI A\u0130DAT \u00d6DEMES\u0130 *9506000*FAST"} 
[2025-07-16 23:59:30] [INFO] Açıklamadan daire bilgisi çıkarıldı: {"apartmentInfo":null,"daire_id":0,"kisi_id":99,"iyelik_tipi":"Ev Sahibi","aciklama":"\u0130SMA\u0130L TOP\u00c7U*0046*C5 daire 12 subat aidati*9688390*FAST"} 
[2025-07-16 23:59:30] [INFO] Açıklamadan daire bilgisi çıkarıldı: {"apartmentInfo":null,"daire_id":0,"kisi_id":99,"iyelik_tipi":"Ev Sahibi","aciklama":"SAVA\u015e DURSUN*0046*C 2 DA\u0130RE 14 \u015eUBAT 2025 AYI A\u0130DATI*59830*FAST"} 
[2025-07-16 23:59:30] [INFO] Açıklamadan daire bilgisi çıkarıldı: {"apartmentInfo":null,"daire_id":0,"kisi_id":99,"iyelik_tipi":"Ev Sahibi","aciklama":"BAHATT\u0130N SERT*0046*C1 blok kat 1 daire 7 Bahattin Sert*127068*FAST"} 
[2025-07-16 23:59:30] [INFO] Açıklamadan daire bilgisi çıkarıldı: {"apartmentInfo":null,"daire_id":0,"kisi_id":99,"iyelik_tipi":"Ev Sahibi","aciklama":"RAFET MUTLU*0010*\u015eubat Aidat*4057432170*FAST"} 
[2025-07-16 23:59:30] [INFO] Açıklamadan daire bilgisi çıkarıldı: {"apartmentInfo":"B1D4","daire_id":24,"kisi_id":24,"iyelik_tipi":"Ev Sahibi","aciklama":"\u00fcsk\u00fcp evleri sitesi B1D4 HAL\u0130L DEM\u0130RC\u0130*HAL\u0130L DEM\u0130RC\u0130*H2502244990187"} 
[2025-07-16 23:59:30] [INFO] Açıklamadan daire bilgisi çıkarıldı: {"apartmentInfo":"B1D18","daire_id":38,"kisi_id":38,"iyelik_tipi":"Ev Sahibi","aciklama":"B1-BLOK DA\u0130RE:18 S\u0130TE A\u0130DATI \u015eUBAT 2025*HASAN H\u00dcSEY\u0130N BED\u0130R*H2502245013714"} 
[2025-07-16 23:59:30] [INFO] Açıklamadan daire bilgisi çıkarıldı: {"apartmentInfo":null,"daire_id":0,"kisi_id":38,"iyelik_tipi":"Ev Sahibi","aciklama":"As\u0131m Eli\u00e7abuk*0111*C3 blok no12*412563639*FAST"} 
[2025-07-16 23:59:30] [INFO] Açıklamadan daire bilgisi çıkarıldı: {"apartmentInfo":"B3D16","daire_id":76,"kisi_id":76,"iyelik_tipi":"Ev Sahibi","aciklama":"\u00fcsk\u00fcp evleri sitesi b3 blok daire 16 site aidat\u0131*ZEYNEP BOZDO\u011eAN*H2502245221723"} 
[2025-07-16 23:59:30] [INFO] Açıklamadan daire bilgisi çıkarıldı: {"apartmentInfo":"B2D17","daire_id":57,"kisi_id":57,"iyelik_tipi":"Ev Sahibi","aciklama":"\u00d6ZG\u00dcR TORUN*0205*\u00f6zg\u00fcr torun \u00fcsk\u00fcp evleri sitesi b2 blok no 17. \u015fubat 2025 aidat \u00f6demesi*7755076*FAST"} 
[2025-07-16 23:59:30] [INFO] Açıklamadan daire bilgisi çıkarıldı: {"apartmentInfo":"A1D9","daire_id":9,"kisi_id":184,"iyelik_tipi":"Kirac\u0131","aciklama":"YAVUZ YILDIZ*0012*A1D9 \u015eubat Ay\u0131 Aidat*775702746*FAST"} 
[2025-07-16 23:59:30] [INFO] Açıklamadan daire bilgisi çıkarıldı: {"apartmentInfo":null,"daire_id":0,"kisi_id":184,"iyelik_tipi":"Ev Sahibi","aciklama":"HAL\u0130L YILDIZ*0010*C,3- daire 17*4057986971*FAST"} 
[2025-07-16 23:59:30] [INFO] Açıklamadan daire bilgisi çıkarıldı: {"apartmentInfo":null,"daire_id":0,"kisi_id":184,"iyelik_tipi":"Ev Sahibi","aciklama":"Ya\u015far Poyraz*0209*C2 BLOK DA\u0130RE 3 \u015eUBAT AYI A\u0130DATI*10104008*FAST"} 
[2025-07-16 23:59:30] [INFO] Açıklamadan daire bilgisi çıkarıldı: {"apartmentInfo":null,"daire_id":0,"kisi_id":184,"iyelik_tipi":"Ev Sahibi","aciklama":"C2-20 \u015eUBAT AYI*ABDULLAH BEYHAN*H2502245950647"} 
[2025-07-16 23:59:30] [INFO] Açıklamadan daire bilgisi çıkarıldı: {"apartmentInfo":null,"daire_id":0,"kisi_id":184,"iyelik_tipi":"Ev Sahibi","aciklama":"OSMAN G\u00dcREL*0010*\u00fcsk\u00fcp evleri sitesi c2 daire 12*4058785023*FAST"} 
[2025-07-16 23:59:30] [INFO] Açıklamadan daire bilgisi çıkarıldı: {"apartmentInfo":null,"daire_id":0,"kisi_id":184,"iyelik_tipi":"Ev Sahibi","aciklama":"EMRE CENG\u0130Z*0012*15.02.2024 c-4 D.10 aidat*776132289*FAST"} 
[2025-07-16 23:59:30] [INFO] Açıklamadan daire bilgisi çıkarıldı: {"apartmentInfo":null,"daire_id":0,"kisi_id":184,"iyelik_tipi":"Ev Sahibi","aciklama":"\u00fcsk\u00fcp evleri C2 D16 \u015fubat 2025 aidat \u00f6demesi Sevcan \u00d6ztemiz*SEVCAN \u00d6ZTEM\u0130Z*H2502246323053"} 
[2025-07-16 23:59:30] [INFO] Açıklamadan daire bilgisi çıkarıldı: {"apartmentInfo":null,"daire_id":0,"kisi_id":184,"iyelik_tipi":"Ev Sahibi","aciklama":"SEV\u0130LAY \u0130NAN*0010*C1 Daire:8 Ocak-\u015eubat 2025*4059390970*FAST"} 
[2025-07-16 23:59:30] [INFO] Açıklamadan daire bilgisi çıkarıldı: {"apartmentInfo":null,"daire_id":0,"kisi_id":184,"iyelik_tipi":"Ev Sahibi","aciklama":"H\u0130LAL G\u00d6KTEPE*0067*B2 blok daire 10 \u015fubat aidat\u0131*1517626723*FAST"} 
[2025-07-16 23:59:30] [INFO] Açıklamadan daire bilgisi çıkarıldı: {"apartmentInfo":null,"daire_id":0,"kisi_id":184,"iyelik_tipi":"Ev Sahibi","aciklama":"AHMET GEDERET*0012*327-01115358 dan TR460006400000143202445983 a transfer*776527209*FAST"} 
[2025-07-16 23:59:30] [INFO] Açıklamadan daire bilgisi çıkarıldı: {"apartmentInfo":null,"daire_id":0,"kisi_id":184,"iyelik_tipi":"Ev Sahibi","aciklama":"Muhiddin S\u00f6nmezo\u011flu*0209*C3 Blok Daire 10 2024 Y\u0131l\u0131 Aral\u0131k Ay\u0131 Aidat\u0131*10183204*FAST"} 
[2025-07-16 23:59:30] [INFO] Açıklamadan daire bilgisi çıkarıldı: {"apartmentInfo":null,"daire_id":0,"kisi_id":184,"iyelik_tipi":"Ev Sahibi","aciklama":"Muhiddin S\u00f6nmezo\u011flu*0209*C3 Blok Daire 10 2025 Y\u0131l\u0131 OCAK ve \u015eUBAT Aylar\u0131 Aidatlar\u0131*10184621*FAST"} 
[2025-07-16 23:59:30] [INFO] Açıklamadan daire bilgisi çıkarıldı: {"apartmentInfo":null,"daire_id":0,"kisi_id":184,"iyelik_tipi":"Ev Sahibi","aciklama":"C5 D17 \u015fubat aidat*TANER ATMACA*H2502247043956"} 
[2025-07-16 23:59:30] [INFO] Açıklamadan daire bilgisi çıkarıldı: {"apartmentInfo":null,"daire_id":0,"kisi_id":184,"iyelik_tipi":"Ev Sahibi","aciklama":"UFUK KARADUMAN*0010*c5\/no:10 2025 ocak ve \u015fubat ay\u0131 aidat\u0131*4060267777*FAST"} 
[2025-07-16 23:59:30] [INFO] Açıklamadan daire bilgisi çıkarıldı: {"apartmentInfo":null,"daire_id":0,"kisi_id":184,"iyelik_tipi":"Ev Sahibi","aciklama":"a1 d7 aidat subat burcu yon*BURCU Y\u00d6N*H2502247483688"} 
[2025-07-16 23:59:30] [INFO] Açıklamadan daire bilgisi çıkarıldı: {"apartmentInfo":null,"daire_id":0,"kisi_id":184,"iyelik_tipi":"Ev Sahibi","aciklama":"BURHANETT\u0130N G\u00dcL\u00dcN*0015*C1 D13 SUBAT AYI A\u0130DATI*1590265471*FAST"} 
[2025-07-16 23:59:30] [INFO] Açıklamadan daire bilgisi çıkarıldı: {"apartmentInfo":null,"daire_id":0,"kisi_id":184,"iyelik_tipi":"Ev Sahibi","aciklama":"MESUT YOLDA\u015e*0046*Adem.\u00e7apa.c3blok k.1 d..7*2192376*FAST"} 
[2025-07-16 23:59:30] [INFO] Açıklamadan daire bilgisi çıkarıldı: {"apartmentInfo":null,"daire_id":0,"kisi_id":184,"iyelik_tipi":"Ev Sahibi","aciklama":"Erol Ergin*0209*C.4 D.7 \u015eUBAT AYI A\u0130DATI (YEN\u0130 Y\u00d6NET\u0130M)*10246875*FAST"} 
[2025-07-16 23:59:30] [INFO] Açıklamadan daire bilgisi çıkarıldı: {"apartmentInfo":null,"daire_id":0,"kisi_id":184,"iyelik_tipi":"Ev Sahibi","aciklama":"ONUR CAN KARATA\u015e*0010*\u015fubat 2025 aidat c4 d13*4062529186*FAST"} 
[2025-07-16 23:59:30] [INFO] Açıklamadan daire bilgisi çıkarıldı: {"apartmentInfo":null,"daire_id":0,"kisi_id":184,"iyelik_tipi":"Ev Sahibi","aciklama":"OSMAN YILDIZ*0067*C2 D4 \u015eUBAT AYI*1519198388*FAST"} 
[2025-07-16 23:59:30] [INFO] Açıklamadan daire bilgisi çıkarıldı: {"apartmentInfo":null,"daire_id":0,"kisi_id":184,"iyelik_tipi":"Ev Sahibi","aciklama":"EM\u0130N \u00d6ZT\u00dcRK*0062*C1 BLOK D6 EM\u0130N \u00d6ZT\u00dcRK*6828000313*FAST"} 
[2025-07-16 23:59:30] [INFO] Açıklamadan daire bilgisi çıkarıldı: {"apartmentInfo":"C3D14","daire_id":134,"kisi_id":134,"iyelik_tipi":"Ev Sahibi","aciklama":"\u00fcsk\u00fcp evleri sitesi C3 Blok No:14, \u015eubat ay\u0131 aidat*FEH\u0130ME ELEM YILDIRIM*H2502248872528"} 
[2025-07-16 23:59:30] [INFO] Açıklamadan daire bilgisi çıkarıldı: {"apartmentInfo":null,"daire_id":0,"kisi_id":134,"iyelik_tipi":"Ev Sahibi","aciklama":"FUNDA KO\u00c7AK*0012*b1 d12nail ko\u00e7ak*777607570*FAST"} 
[2025-07-16 23:59:30] [INFO] Açıklamadan daire bilgisi çıkarıldı: {"apartmentInfo":null,"daire_id":0,"kisi_id":134,"iyelik_tipi":"Ev Sahibi","aciklama":"ADEM ATACAN*0010*C5 BLOK DA\u0130RE 11 \u015eUBAT AYI A\u0130DAT ADEM ATACAN*4064657034*FAST"} 
[2025-07-16 23:59:30] [INFO] Açıklamadan daire bilgisi çıkarıldı: {"apartmentInfo":null,"daire_id":0,"kisi_id":134,"iyelik_tipi":"Ev Sahibi","aciklama":"TARIK AKS\u00d6Z*0010*B1_D14*4065251781*FAST"} 
[2025-07-16 23:59:30] [INFO] Açıklamadan daire bilgisi çıkarıldı: {"apartmentInfo":null,"daire_id":0,"kisi_id":134,"iyelik_tipi":"Ev Sahibi","aciklama":"AL\u0130 ODABA\u015e*0010*AL\u0130 ODABA\u015e 2025 ocak ve \u015fubat ay\u0131 aidat\u0131*4066001717*FAST"} 
[2025-07-16 23:59:30] [INFO] Açıklamadan daire bilgisi çıkarıldı: {"apartmentInfo":null,"daire_id":0,"kisi_id":134,"iyelik_tipi":"Ev Sahibi","aciklama":"NU\u011eMAN EM\u0130R AKG\u00dcN*0010*azime akg\u00fcn c5 19 \u015fubat ay\u0131*4066932413*FAST"} 
[2025-07-16 23:59:30] [INFO] Açıklamadan daire bilgisi çıkarıldı: {"apartmentInfo":null,"daire_id":0,"kisi_id":134,"iyelik_tipi":"Ev Sahibi","aciklama":"SEVG\u0130 S\u00d6NMEZO\u011eLU*0015*A1 Blok daire 15 Mehmet Emin S\u00f6nmezo\u011flu \u015fubat aidat \u00fccreti*1592854729*FAST"} 
[2025-07-16 23:59:30] [INFO] Açıklamadan daire bilgisi çıkarıldı: {"apartmentInfo":null,"daire_id":0,"kisi_id":134,"iyelik_tipi":"Ev Sahibi","aciklama":"ADEM ATACAN*0010*TAHS\u0130L ED\u0130LEN A\u0130DATLAR VE ESK\u0130 Y\u00d6NET\u0130M GARANT\u0130 HESABINDAN KALAN TUTARLARIN BANKAYA AKTARILMASI*4068037366*FAST"} 
[2025-07-16 23:59:30] [INFO] Açıklamadan daire bilgisi çıkarıldı: {"apartmentInfo":null,"daire_id":0,"kisi_id":134,"iyelik_tipi":"Ev Sahibi","aciklama":"C3 D13 MART AYI A\u0130DAT*MURAT TA\u015eDEM\u0130R*H2502252376824"} 
[2025-07-16 23:59:30] [INFO] Açıklamadan daire bilgisi çıkarıldı: {"apartmentInfo":"D11D1","daire_id":0,"kisi_id":0,"iyelik_tipi":"Ev Sahibi","aciklama":"AYNUR YAK\u015e\u0130 BOZKURT*0010*C4 D11 \u015eUBAT AYI AIDATI 1\/11 KRED \/ 148619241 \/ 1 G\u00f6nderen Hesap:48551790 Al.Te*4068960379*FAST"} 
[2025-07-16 23:59:30] [INFO] Açıklamadan daire bilgisi çıkarıldı: {"apartmentInfo":null,"daire_id":0,"kisi_id":0,"iyelik_tipi":"Ev Sahibi","aciklama":"b3 d.8 arzu demirci ocak \u015fubat \u00f6demesi*ARZU DEM\u0130RC\u0130*H2502253629082"} 
[2025-07-16 23:59:30] [INFO] Açıklamadan daire bilgisi çıkarıldı: {"apartmentInfo":"B1D7","daire_id":27,"kisi_id":27,"iyelik_tipi":"Ev Sahibi","aciklama":"EMEL TOP\u00c7U*0067*Fikriye Kocaba\u015f B1 Blok D.7 400 TL \u015fubat aidati*1522595645*FAST"} 
[2025-07-16 23:59:30] [INFO] Açıklamadan daire bilgisi çıkarıldı: {"apartmentInfo":null,"daire_id":0,"kisi_id":27,"iyelik_tipi":"Ev Sahibi","aciklama":"B2 Blok No:12*MUHAMMET TAY*H2502253901607"} 
[2025-07-16 23:59:30] [INFO] Açıklamadan daire bilgisi çıkarıldı: {"apartmentInfo":"C4D17","daire_id":157,"kisi_id":157,"iyelik_tipi":"Ev Sahibi","aciklama":"Semra Duran \u00d6zer C4 Blok Daire 17 \u015eubat Aidat\u0131*AHMET \u00d6ZER*H2502254012109"} 
[2025-07-16 23:59:30] [INFO] Açıklamadan daire bilgisi çıkarıldı: {"apartmentInfo":"B1D19","daire_id":39,"kisi_id":39,"iyelik_tipi":"Ev Sahibi","aciklama":"B1 BLOK DA 19 \u015eUBAT A\u0130DATI*LEYLA \u00d6ZKAN*H2502254182280"} 
[2025-07-16 23:59:30] [INFO] Açıklamadan daire bilgisi çıkarıldı: {"apartmentInfo":null,"daire_id":0,"kisi_id":39,"iyelik_tipi":"Ev Sahibi","aciklama":"MUHAMMED G\u00d6LC\u00dcR*0067*C2-19 \u015eUBAT 2025 A\u0130DATI*1523392328*FAST"} 
[2025-07-16 23:59:30] [INFO] Açıklamadan daire bilgisi çıkarıldı: {"apartmentInfo":null,"daire_id":0,"kisi_id":39,"iyelik_tipi":"Ev Sahibi","aciklama":"DUYGU EK\u0130NC\u0130*0012*DUYGU EK\u0130NC\u0130,TR460006400000143202445983 HSB TR390001200156800001103953 HSTAN*5381322"} 
[2025-07-16 23:59:30] [INFO] Açıklamadan daire bilgisi çıkarıldı: {"apartmentInfo":null,"daire_id":0,"kisi_id":39,"iyelik_tipi":"Ev Sahibi","aciklama":"\u00dcSK\u00dcP EVLER\u0130 S\u0130TES\u0130 A\u0130DAT C1-14*KIYAS POLAT*H2502255966813"} 
[2025-07-16 23:59:30] [INFO] Açıklamadan daire bilgisi çıkarıldı: {"apartmentInfo":null,"daire_id":0,"kisi_id":39,"iyelik_tipi":"Ev Sahibi","aciklama":"HAT\u0130CE MENG\u0130*0067*B2 Blok Daire 8 \u015eubat Ay\u0131 Aidat\u0131 \/ Hatice Mengi*1524107347*FAST"} 
[2025-07-16 23:59:30] [INFO] Açıklamadan daire bilgisi çıkarıldı: {"apartmentInfo":null,"daire_id":0,"kisi_id":39,"iyelik_tipi":"Ev Sahibi","aciklama":"RAHM\u0130 KOCABA\u015e*0015*RAHM\u0130 KOCABA\u015e C4 DA\u0130RE:12 OCAK AYI A\u0130DATI*7745906"} 
[2025-07-16 23:59:30] [INFO] Açıklamadan daire bilgisi çıkarıldı: {"apartmentInfo":null,"daire_id":0,"kisi_id":39,"iyelik_tipi":"Ev Sahibi","aciklama":"GAMZE ALMAZ*0067*C5 daire: 9 subat ay\u0131 aidat\u0131 Gamze Almaz*1524297765*FAST"} 
[2025-07-16 23:59:30] [INFO] Açıklamadan daire bilgisi çıkarıldı: {"apartmentInfo":null,"daire_id":0,"kisi_id":39,"iyelik_tipi":"Ev Sahibi","aciklama":"FATMA \u00d6ZDEM\u0130R*0032*FATMA \u00d6ZDEMIR. B1 BLOK DAIRE20 B2 BLOK DAIRE7*6322089"} 
[2025-07-16 23:59:30] [INFO] Açıklamadan daire bilgisi çıkarıldı: {"apartmentInfo":null,"daire_id":0,"kisi_id":39,"iyelik_tipi":"Ev Sahibi","aciklama":"SONER \u00d6ZDO\u011eAN*0046*C1 daire 16 ocak aidati*6324319*FAST"} 
[2025-07-16 23:59:30] [INFO] Açıklamadan daire bilgisi çıkarıldı: {"apartmentInfo":null,"daire_id":0,"kisi_id":39,"iyelik_tipi":"Ev Sahibi","aciklama":"SONER \u00d6ZDO\u011eAN*0046*C1 daire 16 . subat ayi aidati*6327125*FAST"} 
[2025-07-16 23:59:30] [INFO] Açıklamadan daire bilgisi çıkarıldı: {"apartmentInfo":"C3D20","daire_id":140,"kisi_id":140,"iyelik_tipi":"Ev Sahibi","aciklama":"Yusuf Demirci C-3 blok Daire:20 \u015fubat 2025*YUSUF DEM\u0130RC\u0130*H2502259579545"} 
[2025-07-16 23:59:30] [INFO] Açıklamadan daire bilgisi çıkarıldı: {"apartmentInfo":null,"daire_id":0,"kisi_id":140,"iyelik_tipi":"Ev Sahibi","aciklama":"AY\u015eE ATAY*0134*kira bedel\u0131*414696671457*FAST"} 
[2025-07-16 23:59:30] [INFO] Açıklamadan daire bilgisi çıkarıldı: {"apartmentInfo":null,"daire_id":0,"kisi_id":140,"iyelik_tipi":"Ev Sahibi","aciklama":"METEHAN ALAN*0010*C-2 blok daire 9 \u015fubat ay\u0131 aidat*4075815069*FAST"} 
[2025-07-16 23:59:30] [INFO] Açıklamadan daire bilgisi çıkarıldı: {"apartmentInfo":null,"daire_id":0,"kisi_id":140,"iyelik_tipi":"Ev Sahibi","aciklama":"TUBA AYLI*0010*C4 da\u0131re 9 adidat*4076128134*FAST"} 
[2025-07-16 23:59:30] [INFO] Açıklamadan daire bilgisi çıkarıldı: {"apartmentInfo":null,"daire_id":0,"kisi_id":140,"iyelik_tipi":"Ev Sahibi","aciklama":"HAT\u0130CE \u00c7ELEB\u0130*0015*aidat \u015fubat c4-3*1597805728*FAST"} 
[2025-07-16 23:59:30] [INFO] Açıklamadan daire bilgisi çıkarıldı: {"apartmentInfo":"C2D6","daire_id":106,"kisi_id":106,"iyelik_tipi":"Ev Sahibi","aciklama":"YAS\u0130N T\u00dcFEKC\u0130*0015*\u00dcsk\u00fcp evleri C2 blok 6 numara yasin T\u00fcfekci \u015eubat aidat\u0131*1597989044*FAST"} 
[2025-07-16 23:59:30] [INFO] Açıklamadan daire bilgisi çıkarıldı: {"apartmentInfo":null,"daire_id":0,"kisi_id":106,"iyelik_tipi":"Ev Sahibi","aciklama":"CEREN YILDIRIM*0062*C3 BLOK DA\u0130RE 11*6837000350*FAST"} 
[2025-07-16 23:59:30] [INFO] Açıklamadan daire bilgisi çıkarıldı: {"apartmentInfo":null,"daire_id":0,"kisi_id":106,"iyelik_tipi":"Ev Sahibi","aciklama":"F\u0130L\u0130Z ERO\u011eLU*0010*site aidati*4081306909*FAST"} 
[2025-07-16 23:59:30] [INFO] Açıklamadan daire bilgisi çıkarıldı: {"apartmentInfo":null,"daire_id":0,"kisi_id":106,"iyelik_tipi":"Ev Sahibi","aciklama":"ONUR EROL*0062*A1 DA\u0130RE 14 \u015eUBAT AYI AHMET BSLK*4390000116*FAST"} 
[2025-07-16 23:59:30] [INFO] Açıklamadan daire bilgisi çıkarıldı: {"apartmentInfo":null,"daire_id":0,"kisi_id":106,"iyelik_tipi":"Ev Sahibi","aciklama":"ADEM EVG\u0130N*0046*B1 blok daire 15*9325572*FAST"} 
[2025-07-16 23:59:30] [INFO] Açıklamadan daire bilgisi çıkarıldı: {"apartmentInfo":null,"daire_id":0,"kisi_id":106,"iyelik_tipi":"Ev Sahibi","aciklama":"NAD\u0130R YILMAZ*0205*Nadir Y\u0131lmaz A.1 Blok. Daire 13. \u015eubat ay\u0131 aidat\u0131.*7836884*FAST"} 
[2025-07-16 23:59:30] [INFO] Açıklamadan daire bilgisi çıkarıldı: {"apartmentInfo":null,"daire_id":0,"kisi_id":106,"iyelik_tipi":"Ev Sahibi","aciklama":"EL\u0130F KUTLU SEZER-ABDULAZ\u0130Z SEZER*0211*C2 D17 \u015eubat*202502201614*FAST"} 
[2025-07-16 23:59:30] [INFO] Açıklamadan daire bilgisi çıkarıldı: {"apartmentInfo":null,"daire_id":0,"kisi_id":106,"iyelik_tipi":"Ev Sahibi","aciklama":"U\u011eUR ERG\u0130*0067*B2-16 \u015fubat ay\u0131 aidat\u0131*1532931924*FAST"} 
[2025-07-16 23:59:30] [INFO] Açıklamadan daire bilgisi çıkarıldı: {"apartmentInfo":"B3D12","daire_id":72,"kisi_id":72,"iyelik_tipi":"Ev Sahibi","aciklama":"\u00fcsk\u00fcp evleri sitesi B-3 BLOK DA\u0130RE:12 \u015eubat ay\u0131 site aidat\u0131*NAS\u0130BE AKY\u00dcZ*H2502273353209"} 
[2025-07-16 23:59:30] [INFO] Açıklamadan daire bilgisi çıkarıldı: {"apartmentInfo":null,"daire_id":0,"kisi_id":72,"iyelik_tipi":"Ev Sahibi","aciklama":"SERKAN KA\u00c7AN*0010*C2 BLOK D 1 ARALIK OCAK \u015eUBAT*4092061955*FAST"} 
[2025-07-16 23:59:30] [INFO] Açıklamadan daire bilgisi çıkarıldı: {"apartmentInfo":null,"daire_id":0,"kisi_id":72,"iyelik_tipi":"Ev Sahibi","aciklama":"D\u00dcZCE \u0130LME VE HAYRA H\u0130ZMET VAKFI*0205*A1 BLOK 3-4 NOLU DA\u0130RELER\u0130N \u015eUBAT 2025 A\u0130DATLARI *5858112*FAST"} 
[2025-07-16 23:59:30] [INFO] Açıklamadan daire bilgisi çıkarıldı: {"apartmentInfo":null,"daire_id":0,"kisi_id":72,"iyelik_tipi":"Ev Sahibi","aciklama":"ABDULLAH I\u015eIK*0010*C5 Daire 7 \u015eubat ay\u0131 aidat \u00f6demesi*4100875421*FAST"} 
[2025-07-16 23:59:30] [INFO] Açıklamadan daire bilgisi çıkarıldı: {"apartmentInfo":null,"daire_id":0,"kisi_id":72,"iyelik_tipi":"Ev Sahibi","aciklama":"MUSTAFA \u00d6ZDER*0010*b\/2 d\/20 d\u00fckkan dilek \u00f6zder*4101482753*FAST"} 
[2025-07-16 23:59:30] [INFO] Açıklamadan daire bilgisi çıkarıldı: {"apartmentInfo":null,"daire_id":0,"kisi_id":72,"iyelik_tipi":"Ev Sahibi","aciklama":"MEHMET YILDIZ*0205*C2 BLOK DA\u0130RE 18 OCAK AYI A\u0130DAT FARKI *5447252*FAST"} 
[2025-07-16 23:59:30] [INFO] Açıklamadan daire bilgisi çıkarıldı: {"apartmentInfo":null,"daire_id":0,"kisi_id":72,"iyelik_tipi":"Ev Sahibi","aciklama":"B\u00dc\u015eRA YILDIRIM*0010*c4 d4 \u015fubat ay\u0131 aidat*4101486190*FAST"} 
[2025-07-16 23:59:30] [INFO] Açıklamadan daire bilgisi çıkarıldı: {"apartmentInfo":null,"daire_id":0,"kisi_id":72,"iyelik_tipi":"Ev Sahibi","aciklama":"MUHAMMED NUR\u0130 I\u015eIK*0205*B2 blok daire 18 aidat 2025 \u015eubat ay\u0131 Muhammed Nuri I\u015f\u0131k *9812575*FAST"} 
[2025-07-16 23:59:30] [INFO] Açıklamadan daire bilgisi çıkarıldı: {"apartmentInfo":null,"daire_id":0,"kisi_id":72,"iyelik_tipi":"Ev Sahibi","aciklama":"\u00d6MER ERKO\u00c7*0015*C-4 DA\u0130RE 20 \u015eUBAT 2025 A\u0130DAT*1607283542*FAST"} 
[2025-07-16 23:59:30] [INFO] Açıklamadan daire bilgisi çıkarıldı: {"apartmentInfo":"C3D8","daire_id":128,"kisi_id":128,"iyelik_tipi":"Ev Sahibi","aciklama":"FAT\u0130H G\u00dcLER*0062*FAT\u0130H G\u00dcLER C3 BLOK DA\u0130RE 8 \u015eUBAT*8444000127*FAST"} 
[2025-07-16 23:59:30] [INFO] Açıklamadan daire bilgisi çıkarıldı: {"apartmentInfo":null,"daire_id":0,"kisi_id":128,"iyelik_tipi":"Ev Sahibi","aciklama":"F\u0130L\u0130Z KIYCI*0010*F\u0130L\u0130Z KIYCI B1 D.16 \u015eubat Aidat*4103609663*FAST"} 
[2025-07-16 23:59:30] [INFO] Açıklamadan daire bilgisi çıkarıldı: {"apartmentInfo":null,"daire_id":0,"kisi_id":128,"iyelik_tipi":"Ev Sahibi","aciklama":"MUSTAFA U\u011eUR ARAT*0062*C1 BLOK DA\u0130RE 20*1409000191*FAST"} 
[2025-07-16 23:59:30] [INFO] Açıklamadan daire bilgisi çıkarıldı: {"apartmentInfo":null,"daire_id":0,"kisi_id":128,"iyelik_tipi":"Ev Sahibi","aciklama":"SEVAL \u00c7ALIK*0067*B1 03 ocak -\u015fubat -mart*1542512139*FAST"} 
[2025-07-16 23:59:30] [INFO] Açıklamadan daire bilgisi çıkarıldı: {"apartmentInfo":null,"daire_id":0,"kisi_id":128,"iyelik_tipi":"Ev Sahibi","aciklama":"HARUN SA\u011eLAM*0067*A1 blok daire 2 ocak ay\u0131 aidat\u0131*1542536590*FAST"} 
[2025-07-16 23:59:30] [INFO] Açıklamadan daire bilgisi çıkarıldı: {"apartmentInfo":"C1D5","daire_id":85,"kisi_id":85,"iyelik_tipi":"Ev Sahibi","aciklama":"\u00d6ZKAN KARADUMAN*0134* 2025 YILI OCAK VE \u015eUBAT AYI C1 DA\u0130RE 5 NUMARA A\u0130D*416986744316*FAST"} 
[2025-07-16 23:59:30] [INFO] Açıklamadan daire bilgisi çıkarıldı: {"apartmentInfo":null,"daire_id":0,"kisi_id":85,"iyelik_tipi":"Ev Sahibi","aciklama":"AL\u0130 ODABA\u015e*0010*AL\u0130 ODABA\u015e 2025 ge\u00e7mi\u015f d\u00f6nem aidat borcu C 5\u011edaire 5*4106209732*FAST"} 
[2025-07-16 23:59:30] [INFO] Açıklamadan daire bilgisi çıkarıldı: {"apartmentInfo":"C2D11","daire_id":111,"kisi_id":111,"iyelik_tipi":"Ev Sahibi","aciklama":"EY\u00dcP ERGELEN*0010*EY\u00dcP ERGELEN c2 daire 11 \u015fubat aidat\u0131*4106216963*FAST"} 
[2025-07-16 23:59:30] [INFO] Açıklamadan daire bilgisi çıkarıldı: {"apartmentInfo":"C3D1","daire_id":121,"kisi_id":121,"iyelik_tipi":"Ev Sahibi","aciklama":"T\u00dcRKAN KIYICI*0010*T\u00dcRKAN KIYICI C3 16 1\/11 KRED \/ 148796644 \/ 1 G\u00f6nderen Hesap:5776253 Al.Tel*4106903376*FAST"} 
[2025-07-16 23:59:30] [INFO] Açıklamadan daire bilgisi çıkarıldı: {"apartmentInfo":null,"daire_id":0,"kisi_id":121,"iyelik_tipi":"Ev Sahibi","aciklama":"FATMA \u00c7ALIK*0010*FATMA \u00c7ALIK A\u0130DAT 5\/12 KRED \/ 144845715 \/ 21 G\u00f6nderen Hesap:65311315 Al.T*4106903383*FAST"} 
[2025-07-16 23:59:30] [INFO] Açıklamadan daire bilgisi çıkarıldı: {"apartmentInfo":null,"daire_id":0,"kisi_id":121,"iyelik_tipi":"Ev Sahibi","aciklama":"ZAFER AKYOL*0015*B-1 DA\u0130RE:11 ZAFER AKYOL A\u0130DAT BEDEL\u0130*9008163"} 
[2025-07-16 23:59:30] [INFO] Açıklamadan daire bilgisi çıkarıldı: {"apartmentInfo":null,"daire_id":0,"kisi_id":121,"iyelik_tipi":"Ev Sahibi","aciklama":"RAHM\u0130 KOCABA\u015e*0015*RAHM\u0130 KOCABA\u015e C4 DA\u0130RE:12 A\u0130DAT \u00d6DEMES\u0130*9008395"} 
[2025-07-16 23:59:30] [INFO] Açıklamadan daire bilgisi çıkarıldı: {"apartmentInfo":"B1D5","daire_id":25,"kisi_id":25,"iyelik_tipi":"Ev Sahibi","aciklama":"SAM\u0130 ERG\u0130N*0010*SAM\u0130ERG\u0130NB1D5\u015eUBATAYI A\u0130DATI*4107855208*FAST"} 
[2025-07-16 23:59:30] [INFO] Açıklamadan daire bilgisi çıkarıldı: {"apartmentInfo":null,"daire_id":0,"kisi_id":25,"iyelik_tipi":"Ev Sahibi","aciklama":"OG\u00dcN PE\u00c7ENEK*0205*C2. D.13, Ocak ay\u0131nda 600 \u00f6dedi\u011fim i\u00e7in \u015fubatta 200 olarak yat\u0131r\u0131yorum. *7561582*FAST"} 
[2025-07-16 23:59:30] [INFO] Açıklamadan daire bilgisi çıkarıldı: {"apartmentInfo":"B3D18","daire_id":78,"kisi_id":78,"iyelik_tipi":"Ev Sahibi","aciklama":"b 3 blok daire 18 AHMET \u0130B\u0130LO\u011eLU*AHMET \u0130B\u0130LO\u011eLU*H2502291214538"} 
[2025-07-16 23:59:30] [INFO] Açıklamadan daire bilgisi çıkarıldı: {"apartmentInfo":null,"daire_id":0,"kisi_id":78,"iyelik_tipi":"Ev Sahibi","aciklama":"C3 blok no19 \u015fubat 2025 site aidat\u0131*LAT\u0130F ONUR U\u011eUR*H2502291379984"} 
[2025-07-16 23:59:30] [INFO] Açıklamadan daire bilgisi çıkarıldı: {"apartmentInfo":null,"daire_id":0,"kisi_id":78,"iyelik_tipi":"Ev Sahibi","aciklama":"SABR\u0130YE ARABACI*0134*b 1 blok daire 2 \u015fubat ay\u0131 aidat\u0131*417351772945*FAST"} 
[2025-07-16 23:59:30] [INFO] Açıklamadan daire bilgisi çıkarıldı: {"apartmentInfo":null,"daire_id":0,"kisi_id":78,"iyelik_tipi":"Ev Sahibi","aciklama":"MURAT \u015eAFAK*0062*C3 D6 \u015eUBAT A\u0130DAT 2025*9858000217*FAST"} 
[2025-07-16 23:59:30] [INFO] Açıklamadan daire bilgisi çıkarıldı: {"apartmentInfo":null,"daire_id":0,"kisi_id":78,"iyelik_tipi":"Ev Sahibi","aciklama":"AYTEN DEM\u0130R T\u00dcKEL*0067*kas\u0131m, aral\u0131k, ocak, \u015fubat ayi aidatlaridir*1545580622*FAST"} 
[2025-07-16 23:59:30] [INFO] Açıklamadan daire bilgisi çıkarıldı: {"apartmentInfo":null,"daire_id":0,"kisi_id":78,"iyelik_tipi":"Ev Sahibi","aciklama":"M\u0130MTA\u015e M\u0130MARLIK \u0130N\u015eAAT M\u00dcHEND\u0130SL\u0130K TAAHH\u00dcT MAK\u0130NA SANAY\u0130 VE T\u0130CARET L\u0130M\u0130TED \u015e\u0130RKET\u0130*0205*C5 D1 \u015eUBAT A\u0130DAT \u00d6DEMES\u0130 *9856690*FAST"} 
[2025-07-16 23:59:30] [INFO] Açıklamadan daire bilgisi çıkarıldı: {"apartmentInfo":null,"daire_id":0,"kisi_id":78,"iyelik_tipi":"Ev Sahibi","aciklama":"H\u00dcLYA YILMAZ*0111*C1 Blok Daire 15 Han\u0131m ve Bedirhan Y\u0131lmaz \u00f6nceki aidat 600 yat\u0131r\u0131lm\u0131\u015ft\u0131*448371772*FAST"} 
[2025-07-16 23:59:30] [INFO] Açıklamadan daire bilgisi çıkarıldı: {"apartmentInfo":null,"daire_id":0,"kisi_id":78,"iyelik_tipi":"Ev Sahibi","aciklama":"NAC\u0130 G\u00dcLDAL*0067*C3\/9 \u015fubat ay\u0131 aidat\u0131 NAC\u0130 G\u00dcLDAL*1549436485*FAST"} 
[2025-07-16 23:59:30] [INFO] Açıklamadan daire bilgisi çıkarıldı: {"apartmentInfo":null,"daire_id":0,"kisi_id":78,"iyelik_tipi":"Ev Sahibi","aciklama":"FATMA \u00c7ENGEL*0046*Aydad*2105089*FAST"} 
[2025-07-16 23:59:30] [INFO] Açıklamadan daire bilgisi çıkarıldı: {"apartmentInfo":null,"daire_id":0,"kisi_id":78,"iyelik_tipi":"Ev Sahibi","aciklama":"EDA \u00c7\u0130\u00c7EK*0010*B3 blok daire:5 Eda \u00c7\u0130\u00c7EK*4117477481*FAST"} 
[2025-07-16 23:59:30] [INFO] Açıklamadan daire bilgisi çıkarıldı: {"apartmentInfo":null,"daire_id":0,"kisi_id":78,"iyelik_tipi":"Ev Sahibi","aciklama":"Sava\u015fer \u00d6zt\u00fcrk*0111*B2 BLOK DA\u0130RE 6, \u015eUBAT 2025*451351913*FAST"} 
[2025-07-16 23:59:30] [INFO] Açıklamadan daire bilgisi çıkarıldı: {"apartmentInfo":null,"daire_id":0,"kisi_id":78,"iyelik_tipi":"Ev Sahibi","aciklama":"O\u011eUZCAN CAP*0046*\u015eubat C5 blok daire 18*3455564*FAST"} 
[2025-07-16 23:59:30] [INFO] Açıklamadan daire bilgisi çıkarıldı: {"apartmentInfo":null,"daire_id":0,"kisi_id":78,"iyelik_tipi":"Ev Sahibi","aciklama":"ABD\u00dcLMUTTAL\u0130P \u00d6ZT\u00dcRK*0010*B2 BLOK DA\u0130RE:13 \u015eUBAT 2025 A\u0130DAT - TAL\u0130P \u00d6ZT\u00dcRK*4121478103*FAST"} 
[2025-07-16 23:59:30] [INFO] Açıklamadan daire bilgisi çıkarıldı: {"apartmentInfo":"C1D19","daire_id":99,"kisi_id":99,"iyelik_tipi":"Ev Sahibi","aciklama":"C1 DA\u0130RE 19 MART AYI A\u0130DAT*TURGAY YILMAZ*H2502303054281"} 
[2025-07-16 23:59:30] [INFO] Açıklamadan daire bilgisi çıkarıldı: {"apartmentInfo":null,"daire_id":0,"kisi_id":99,"iyelik_tipi":"Ev Sahibi","aciklama":"MUHAMMET SEL\u0130M MUTLU*0111*C5 Daire 14 Mart Ay\u0131 Aidat*453351123*FAST"} 
[2025-07-16 23:59:30] [INFO] Açıklamadan daire bilgisi çıkarıldı: {"apartmentInfo":null,"daire_id":0,"kisi_id":99,"iyelik_tipi":"Ev Sahibi","aciklama":"SERTA\u00c7 SARA\u00c7O\u011eLU*0010*\u00dcSK\u00dcP B2 D:15 A\u0130DAT*4122680392*FAST"} 
[2025-07-16 23:59:30] [INFO] Açıklamadan daire bilgisi çıkarıldı: {"apartmentInfo":null,"daire_id":0,"kisi_id":99,"iyelik_tipi":"Ev Sahibi","aciklama":"SEMANUR AKMAN*0205*C2 DA\u0130RE2 \u015eubat ay\u0131 kalan ve mart ay\u0131 aidat \u00fccreti*8714259*FAST"} 
=======
[2025-07-16 11:34:07] [ERROR] Kullanıcı oturum açmaya çalıştı, ancak oturum bilgisi bulunamadı. {"ip":"::1","requested_url":"\/index.php"}
[2025-07-16 11:34:25] [INFO] Kullanıcı başarıyla giriş yaptı. {"user_id":147,"email":"ertanguness@gmail.com","ip":"::1"}
[2025-07-16 12:36:58] [INFO] Kullanıcı oturumu kapattı. {"user_id":147,"ip":"::1"}
>>>>>>> d3a32c13927d99cb71560198e52b9a9dc1be2023
