[2025-10-09 20:00:11] [INFO] Tahsilat ID 1842 için ilişkili kredi kayıtları silindi. 
[2025-10-09 20:00:11] [INFO] Tahsilat ID 1842 için ilişkili kasa hareketleri silindi. 
[2025-10-09 20:00:11] [INFO] Tahsilat ID 1842 için ilişkili tahsilat detayları silindi. 
[2025-10-09 20:00:11] [INFO] Tahsilat ID 1842 kaydı ve ilişkili tüm veriler silindi. 
[2025-10-09 20:01:41] [INFO] Tahsilat-Borç eşleştirme işlemi başlatıldı {"onay_id":"7266","gelen_tutar":2800,"kullanici_id":147}
[2025-10-09 20:01:41] [INFO] Ana tahsilat kaydı oluşturuldu ve kasaya eklendi. {"tahsilat_id":"2164","kasa_hareket_id":"wCZ5b60dOTROe5XuY7AE8_WdBR1hXch2weoOkLDDMVI%2A","tutar":2800}
[2025-10-09 20:01:41] [INFO] Borç detayları alındı. {"borc_detay_bilgisi":"[\n    {\n        \"id\": 22879,\n        \"borc_tutari\": \"400.00\",\n        \"gun_farki\": 251,\n        \"gecikme_zammi\": \"0.00\",\n        \"ceza_orani\": \"0.00\",\n        \"toplam_borc\": \"400.00\",\n        \"toplam_odenen\": null,\n        \"anapara_tahsilat\": null,\n        \"gecikme_zammi_odemesi\": null,\n        \"kalan_toplam_borc\": \"400.00\",\n        \"kalan_gecikme_zammi\": \"0.00\"\n    },\n    {\n        \"id\": 23058,\n        \"borc_tutari\": \"400.00\",\n        \"gun_farki\": 223,\n        \"gecikme_zammi\": \"0.00\",\n        \"ceza_orani\": \"0.00\",\n        \"toplam_borc\": \"400.00\",\n        \"toplam_odenen\": null,\n        \"anapara_tahsilat\": null,\n        \"gecikme_zammi_odemesi\": null,\n        \"kalan_toplam_borc\": \"400.00\",\n        \"kalan_gecikme_zammi\": \"0.00\"\n    },\n    {\n        \"id\": 23595,\n        \"borc_tutari\": \"393.11\",\n        \"gun_farki\": -83,\n        \"gecikme_zammi\": \"0.00\",\n        \"ceza_orani\": \"0.00\",\n        \"toplam_borc\": \"393.11\",\n        \"toplam_odenen\": null,\n        \"anapara_tahsilat\": null,\n        \"gecikme_zammi_odemesi\": null,\n        \"kalan_toplam_borc\": \"393.11\",\n        \"kalan_gecikme_zammi\": \"0.00\"\n    },\n    {\n        \"id\": 23782,\n        \"borc_tutari\": \"400.00\",\n        \"gun_farki\": 192,\n        \"gecikme_zammi\": \"0.00\",\n        \"ceza_orani\": \"0.00\",\n        \"toplam_borc\": \"400.00\",\n        \"toplam_odenen\": null,\n        \"anapara_tahsilat\": null,\n        \"gecikme_zammi_odemesi\": null,\n        \"kalan_toplam_borc\": \"400.00\",\n        \"kalan_gecikme_zammi\": \"0.00\"\n    },\n    {\n        \"id\": 23961,\n        \"borc_tutari\": \"400.00\",\n        \"gun_farki\": 162,\n        \"gecikme_zammi\": \"0.00\",\n        \"ceza_orani\": \"0.00\",\n        \"toplam_borc\": \"400.00\",\n        \"toplam_odenen\": null,\n        \"anapara_tahsilat\": null,\n        \"gecikme_zammi_odemesi\": null,\n        \"kalan_toplam_borc\": \"400.00\",\n        \"kalan_gecikme_zammi\": \"0.00\"\n    },\n    {\n        \"id\": 24319,\n        \"borc_tutari\": \"600.00\",\n        \"gun_farki\": 162,\n        \"gecikme_zammi\": \"0.00\",\n        \"ceza_orani\": \"0.00\",\n        \"toplam_borc\": \"600.00\",\n        \"toplam_odenen\": null,\n        \"anapara_tahsilat\": null,\n        \"gecikme_zammi_odemesi\": null,\n        \"kalan_toplam_borc\": \"600.00\",\n        \"kalan_gecikme_zammi\": \"0.00\"\n    }\n]"}
[2025-10-09 20:01:41] [INFO] Borç kaydı işleniyor. {"borc_detay_id":22879,"kalan_dagitilacak_tutar":2800}
[2025-10-09 20:01:41] [INFO] Anapara için tahsilat detayı oluşturuldu. {"borc_detay_id":22879,"odenen_anapara":400}
[2025-10-09 20:01:41] [INFO] Borç kaydı işleniyor. {"borc_detay_id":23058,"kalan_dagitilacak_tutar":2400}
[2025-10-09 20:01:41] [INFO] Anapara için tahsilat detayı oluşturuldu. {"borc_detay_id":23058,"odenen_anapara":400}
[2025-10-09 20:01:41] [INFO] Borç kaydı işleniyor. {"borc_detay_id":23595,"kalan_dagitilacak_tutar":2000}
[2025-10-09 20:01:41] [INFO] Anapara için tahsilat detayı oluşturuldu. {"borc_detay_id":23595,"odenen_anapara":393.11}
[2025-10-09 20:01:41] [INFO] Borç kaydı işleniyor. {"borc_detay_id":23782,"kalan_dagitilacak_tutar":1606.8899999999999}
[2025-10-09 20:01:41] [INFO] Anapara için tahsilat detayı oluşturuldu. {"borc_detay_id":23782,"odenen_anapara":400}
[2025-10-09 20:01:41] [INFO] Borç kaydı işleniyor. {"borc_detay_id":23961,"kalan_dagitilacak_tutar":1206.8899999999999}
[2025-10-09 20:01:41] [INFO] Anapara için tahsilat detayı oluşturuldu. {"borc_detay_id":23961,"odenen_anapara":400}
[2025-10-09 20:01:41] [INFO] Borç kaydı işleniyor. {"borc_detay_id":24319,"kalan_dagitilacak_tutar":806.8899999999999}
[2025-10-09 20:01:41] [INFO] Anapara için tahsilat detayı oluşturuldu. {"borc_detay_id":24319,"odenen_anapara":600}
[2025-10-09 20:01:41] [INFO] Artan tutar krediye eklendi. {"kisi_id":"1","kredi_tutari":206.88999999999987}
[2025-10-09 20:17:53] [INFO] Tahsilat ID 2164 için ilişkili kredi kayıtları silindi. 
[2025-10-09 20:17:53] [INFO] Tahsilat ID 2164 için ilişkili kasa hareketleri silindi. 
[2025-10-09 20:17:53] [INFO] Tahsilat ID 2164 için ilişkili tahsilat detayları silindi. 
[2025-10-09 20:17:53] [INFO] Tahsilat ID 2164 kaydı ve ilişkili tüm veriler silindi. 
[2025-10-09 20:18:17] [INFO] Tahsilat-Borç eşleştirme işlemi başlatıldı {"onay_id":"7266","gelen_tutar":2800,"kullanici_id":147}
[2025-10-09 20:18:17] [INFO] Ana tahsilat kaydı oluşturuldu ve kasaya eklendi. {"tahsilat_id":"2165","kasa_hareket_id":"KL1Kry9qPtBXgHeb9Ppdou7nqnn9miyUSjoIDbYjNcw%2A","tutar":2800}
[2025-10-09 20:18:17] [INFO] Borç detayları alındı. {"borc_detay_bilgisi":"[\n    {\n        \"id\": 22879,\n        \"borc_tutari\": \"400.00\",\n        \"gun_farki\": 251,\n        \"gecikme_zammi\": \"0.00\",\n        \"ceza_orani\": \"0.00\",\n        \"toplam_borc\": \"400.00\",\n        \"toplam_odenen\": null,\n        \"anapara_tahsilat\": null,\n        \"gecikme_zammi_odemesi\": null,\n        \"kalan_toplam_borc\": \"400.00\",\n        \"kalan_gecikme_zammi\": \"0.00\"\n    },\n    {\n        \"id\": 23058,\n        \"borc_tutari\": \"400.00\",\n        \"gun_farki\": 223,\n        \"gecikme_zammi\": \"0.00\",\n        \"ceza_orani\": \"0.00\",\n        \"toplam_borc\": \"400.00\",\n        \"toplam_odenen\": null,\n        \"anapara_tahsilat\": null,\n        \"gecikme_zammi_odemesi\": null,\n        \"kalan_toplam_borc\": \"400.00\",\n        \"kalan_gecikme_zammi\": \"0.00\"\n    },\n    {\n        \"id\": 23595,\n        \"borc_tutari\": \"393.11\",\n        \"gun_farki\": -83,\n        \"gecikme_zammi\": \"0.00\",\n        \"ceza_orani\": \"0.00\",\n        \"toplam_borc\": \"393.11\",\n        \"toplam_odenen\": null,\n        \"anapara_tahsilat\": null,\n        \"gecikme_zammi_odemesi\": null,\n        \"kalan_toplam_borc\": \"393.11\",\n        \"kalan_gecikme_zammi\": \"0.00\"\n    },\n    {\n        \"id\": 23782,\n        \"borc_tutari\": \"400.00\",\n        \"gun_farki\": 192,\n        \"gecikme_zammi\": \"0.00\",\n        \"ceza_orani\": \"0.00\",\n        \"toplam_borc\": \"400.00\",\n        \"toplam_odenen\": null,\n        \"anapara_tahsilat\": null,\n        \"gecikme_zammi_odemesi\": null,\n        \"kalan_toplam_borc\": \"400.00\",\n        \"kalan_gecikme_zammi\": \"0.00\"\n    },\n    {\n        \"id\": 23961,\n        \"borc_tutari\": \"400.00\",\n        \"gun_farki\": 162,\n        \"gecikme_zammi\": \"0.00\",\n        \"ceza_orani\": \"0.00\",\n        \"toplam_borc\": \"400.00\",\n        \"toplam_odenen\": null,\n        \"anapara_tahsilat\": null,\n        \"gecikme_zammi_odemesi\": null,\n        \"kalan_toplam_borc\": \"400.00\",\n        \"kalan_gecikme_zammi\": \"0.00\"\n    },\n    {\n        \"id\": 24319,\n        \"borc_tutari\": \"600.00\",\n        \"gun_farki\": 162,\n        \"gecikme_zammi\": \"0.00\",\n        \"ceza_orani\": \"0.00\",\n        \"toplam_borc\": \"600.00\",\n        \"toplam_odenen\": null,\n        \"anapara_tahsilat\": null,\n        \"gecikme_zammi_odemesi\": null,\n        \"kalan_toplam_borc\": \"600.00\",\n        \"kalan_gecikme_zammi\": \"0.00\"\n    }\n]"}
[2025-10-09 20:18:17] [INFO] Borç kaydı işleniyor. {"borc_detay_id":22879,"kalan_dagitilacak_tutar":2800}
[2025-10-09 20:18:17] [INFO] Anapara için tahsilat detayı oluşturuldu. {"borc_detay_id":22879,"odenen_anapara":400}
[2025-10-09 20:18:17] [INFO] Borç kaydı işleniyor. {"borc_detay_id":23058,"kalan_dagitilacak_tutar":2400}
[2025-10-09 20:18:17] [INFO] Anapara için tahsilat detayı oluşturuldu. {"borc_detay_id":23058,"odenen_anapara":400}
[2025-10-09 20:18:17] [INFO] Borç kaydı işleniyor. {"borc_detay_id":23595,"kalan_dagitilacak_tutar":2000}
[2025-10-09 20:18:17] [INFO] Anapara için tahsilat detayı oluşturuldu. {"borc_detay_id":23595,"odenen_anapara":393.11}
[2025-10-09 20:18:17] [INFO] Borç kaydı işleniyor. {"borc_detay_id":23782,"kalan_dagitilacak_tutar":1606.8899999999999}
[2025-10-09 20:18:17] [INFO] Anapara için tahsilat detayı oluşturuldu. {"borc_detay_id":23782,"odenen_anapara":400}
[2025-10-09 20:18:17] [INFO] Borç kaydı işleniyor. {"borc_detay_id":23961,"kalan_dagitilacak_tutar":1206.8899999999999}
[2025-10-09 20:18:17] [INFO] Anapara için tahsilat detayı oluşturuldu. {"borc_detay_id":23961,"odenen_anapara":400}
[2025-10-09 20:18:17] [INFO] Borç kaydı işleniyor. {"borc_detay_id":24319,"kalan_dagitilacak_tutar":806.8899999999999}
[2025-10-09 20:18:17] [INFO] Anapara için tahsilat detayı oluşturuldu. {"borc_detay_id":24319,"odenen_anapara":600}
[2025-10-09 20:18:17] [INFO] Artan tutar krediye eklendi. {"kisi_id":"1","kredi_tutari":206.88999999999987}
[2025-10-09 20:19:12] [INFO] Tahsilat ID 2165 için ilişkili kredi kayıtları silindi. 
[2025-10-09 20:19:12] [INFO] Tahsilat ID 2165 için ilişkili kasa hareketleri silindi. 
[2025-10-09 20:19:12] [INFO] Tahsilat ID 2165 için ilişkili tahsilat detayları silindi. 
[2025-10-09 20:19:12] [INFO] Tahsilat ID 2165 kaydı ve ilişkili tüm veriler silindi. 
[2025-10-09 20:19:38] [INFO] Tahsilat-Borç eşleştirme işlemi başlatıldı {"onay_id":"7266","gelen_tutar":2800,"kullanici_id":147}
[2025-10-09 20:19:38] [INFO] Ana tahsilat kaydı oluşturuldu ve kasaya eklendi. {"tahsilat_id":"2166","kasa_hareket_id":"Hi3Zk5I_9hZU5on7bNsPAPR5JdO6WaJskqv_MjEE_Fo%2A","tutar":2800}
[2025-10-09 20:19:39] [INFO] Borç detayları alındı. {"borc_detay_bilgisi":"[\n    {\n        \"id\": 22879,\n        \"borc_tutari\": \"400.00\",\n        \"gun_farki\": 251,\n        \"gecikme_zammi\": \"0.00\",\n        \"ceza_orani\": \"0.00\",\n        \"toplam_borc\": \"400.00\",\n        \"toplam_odenen\": null,\n        \"anapara_tahsilat\": null,\n        \"gecikme_zammi_odemesi\": null,\n        \"kalan_toplam_borc\": \"400.00\",\n        \"kalan_gecikme_zammi\": \"0.00\"\n    },\n    {\n        \"id\": 23058,\n        \"borc_tutari\": \"400.00\",\n        \"gun_farki\": 223,\n        \"gecikme_zammi\": \"0.00\",\n        \"ceza_orani\": \"0.00\",\n        \"toplam_borc\": \"400.00\",\n        \"toplam_odenen\": null,\n        \"anapara_tahsilat\": null,\n        \"gecikme_zammi_odemesi\": null,\n        \"kalan_toplam_borc\": \"400.00\",\n        \"kalan_gecikme_zammi\": \"0.00\"\n    },\n    {\n        \"id\": 23595,\n        \"borc_tutari\": \"393.11\",\n        \"gun_farki\": -83,\n        \"gecikme_zammi\": \"0.00\",\n        \"ceza_orani\": \"0.00\",\n        \"toplam_borc\": \"393.11\",\n        \"toplam_odenen\": null,\n        \"anapara_tahsilat\": null,\n        \"gecikme_zammi_odemesi\": null,\n        \"kalan_toplam_borc\": \"393.11\",\n        \"kalan_gecikme_zammi\": \"0.00\"\n    },\n    {\n        \"id\": 23782,\n        \"borc_tutari\": \"400.00\",\n        \"gun_farki\": 192,\n        \"gecikme_zammi\": \"0.00\",\n        \"ceza_orani\": \"0.00\",\n        \"toplam_borc\": \"400.00\",\n        \"toplam_odenen\": null,\n        \"anapara_tahsilat\": null,\n        \"gecikme_zammi_odemesi\": null,\n        \"kalan_toplam_borc\": \"400.00\",\n        \"kalan_gecikme_zammi\": \"0.00\"\n    },\n    {\n        \"id\": 23961,\n        \"borc_tutari\": \"400.00\",\n        \"gun_farki\": 162,\n        \"gecikme_zammi\": \"0.00\",\n        \"ceza_orani\": \"0.00\",\n        \"toplam_borc\": \"400.00\",\n        \"toplam_odenen\": null,\n        \"anapara_tahsilat\": null,\n        \"gecikme_zammi_odemesi\": null,\n        \"kalan_toplam_borc\": \"400.00\",\n        \"kalan_gecikme_zammi\": \"0.00\"\n    },\n    {\n        \"id\": 24319,\n        \"borc_tutari\": \"600.00\",\n        \"gun_farki\": 162,\n        \"gecikme_zammi\": \"0.00\",\n        \"ceza_orani\": \"0.00\",\n        \"toplam_borc\": \"600.00\",\n        \"toplam_odenen\": null,\n        \"anapara_tahsilat\": null,\n        \"gecikme_zammi_odemesi\": null,\n        \"kalan_toplam_borc\": \"600.00\",\n        \"kalan_gecikme_zammi\": \"0.00\"\n    }\n]"}
[2025-10-09 20:19:39] [INFO] Borç kaydı işleniyor. {"borc_detay_id":22879,"kalan_dagitilacak_tutar":2800}
[2025-10-09 20:19:39] [INFO] Anapara için tahsilat detayı oluşturuldu. {"borc_detay_id":22879,"odenen_anapara":400}
[2025-10-09 20:19:39] [INFO] Borç kaydı işleniyor. {"borc_detay_id":23058,"kalan_dagitilacak_tutar":2400}
[2025-10-09 20:19:39] [INFO] Anapara için tahsilat detayı oluşturuldu. {"borc_detay_id":23058,"odenen_anapara":400}
[2025-10-09 20:19:39] [INFO] Borç kaydı işleniyor. {"borc_detay_id":23595,"kalan_dagitilacak_tutar":2000}
[2025-10-09 20:19:39] [INFO] Anapara için tahsilat detayı oluşturuldu. {"borc_detay_id":23595,"odenen_anapara":393.11}
[2025-10-09 20:19:39] [INFO] Borç kaydı işleniyor. {"borc_detay_id":23782,"kalan_dagitilacak_tutar":1606.8899999999999}
[2025-10-09 20:19:39] [INFO] Anapara için tahsilat detayı oluşturuldu. {"borc_detay_id":23782,"odenen_anapara":400}
[2025-10-09 20:19:39] [INFO] Borç kaydı işleniyor. {"borc_detay_id":23961,"kalan_dagitilacak_tutar":1206.8899999999999}
[2025-10-09 20:19:39] [INFO] Anapara için tahsilat detayı oluşturuldu. {"borc_detay_id":23961,"odenen_anapara":400}
[2025-10-09 20:19:39] [INFO] Borç kaydı işleniyor. {"borc_detay_id":24319,"kalan_dagitilacak_tutar":806.8899999999999}
[2025-10-09 20:19:39] [INFO] Anapara için tahsilat detayı oluşturuldu. {"borc_detay_id":24319,"odenen_anapara":600}
[2025-10-09 20:19:39] [INFO] Artan tutar krediye eklendi. {"kisi_id":"1","kredi_tutari":206.88999999999987}
[2025-10-09 20:22:26] [INFO] Gecikme zammı ödemesi: 0.00 TL, kalan ödenecek tutar: 385 TL 
[2025-10-09 20:23:01] [INFO] Gecikme zammı ödemesi: 0.00 TL, kalan ödenecek tutar: 600 TL 
[2025-10-09 20:23:01] [INFO] Gecikme zammı ödemesi: 0.00 TL, kalan ödenecek tutar: 585 TL 
[2025-10-09 20:23:28] [INFO] Tahsilat ID 2168 için ilişkili kredi kayıtları silindi. 
[2025-10-09 20:23:28] [INFO] Tahsilat ID 2168 için ilişkili kasa hareketleri silindi. 
[2025-10-09 20:23:28] [INFO] Tahsilat ID 2168 için ilişkili tahsilat detayları silindi. 
[2025-10-09 20:23:28] [INFO] Tahsilat ID 2168 kaydı ve ilişkili tüm veriler silindi. 
[2025-10-09 20:23:30] [INFO] Tahsilat ID 2167 için ilişkili kasa hareketleri silindi. 
[2025-10-09 20:23:30] [INFO] Tahsilat ID 2167 için ilişkili tahsilat detayları silindi. 
[2025-10-09 20:23:30] [INFO] Tahsilat ID 2167 kaydı ve ilişkili tüm veriler silindi. 
[2025-10-09 20:25:40] [INFO] Gecikme zammı ödemesi: 0.00 TL, kalan ödenecek tutar: 600 TL 
[2025-10-09 20:29:57] [INFO] Tahsilat-Borç eşleştirme işlemi başlatıldı {"onay_id":"6998","gelen_tutar":1000,"kullanici_id":147}
[2025-10-09 20:29:57] [INFO] Ana tahsilat kaydı oluşturuldu ve kasaya eklendi. {"tahsilat_id":"2171","kasa_hareket_id":"52ZRPOgfN2XtBKzfDvzL6VRGwg2P3P0KslOF3cnvPyM%2A","tutar":1000}
[2025-10-09 20:29:57] [INFO] Borç detayları alındı. {"borc_detay_bilgisi":"[\n    {\n        \"id\": 23989,\n        \"borc_tutari\": \"400.00\",\n        \"gun_farki\": 162,\n        \"gecikme_zammi\": \"0.00\",\n        \"ceza_orani\": \"0.00\",\n        \"toplam_borc\": \"400.00\",\n        \"toplam_odenen\": null,\n        \"anapara_tahsilat\": null,\n        \"gecikme_zammi_odemesi\": null,\n        \"kalan_toplam_borc\": \"400.00\",\n        \"kalan_gecikme_zammi\": \"0.00\"\n    },\n    {\n        \"id\": 24347,\n        \"borc_tutari\": \"600.00\",\n        \"gun_farki\": 162,\n        \"gecikme_zammi\": \"0.00\",\n        \"ceza_orani\": \"0.00\",\n        \"toplam_borc\": \"600.00\",\n        \"toplam_odenen\": null,\n        \"anapara_tahsilat\": null,\n        \"gecikme_zammi_odemesi\": null,\n        \"kalan_toplam_borc\": \"600.00\",\n        \"kalan_gecikme_zammi\": \"0.00\"\n    }\n]"}
[2025-10-09 20:29:57] [INFO] Borç kaydı işleniyor. {"borc_detay_id":23989,"kalan_dagitilacak_tutar":1000}
[2025-10-09 20:29:57] [INFO] Anapara için tahsilat detayı oluşturuldu. {"borc_detay_id":23989,"odenen_anapara":400}
[2025-10-09 20:29:57] [INFO] Borç kaydı işleniyor. {"borc_detay_id":24347,"kalan_dagitilacak_tutar":600}
[2025-10-09 20:29:57] [INFO] Anapara için tahsilat detayı oluşturuldu. {"borc_detay_id":24347,"odenen_anapara":600}
[2025-10-09 20:37:07] [INFO] Gecikme zammı ödemesi: 0.00 TL, kalan ödenecek tutar: 1060.00 TL 
[2025-10-09 20:37:40] [INFO] Gecikme zammı ödemesi: 0.00 TL, kalan ödenecek tutar: 1000.00 TL 
[2025-10-09 20:37:40] [INFO] Gecikme zammı ödemesi: 0.00 TL, kalan ödenecek tutar: 400 TL 
[2025-10-09 20:38:13] [INFO] Gecikme zammı ödemesi: 0.00 TL, kalan ödenecek tutar: 400.00 TL 
[2025-10-09 20:38:32] [INFO] Gecikme zammı ödemesi: 0.00 TL, kalan ödenecek tutar: 800.00 TL 
[2025-10-09 20:38:52] [INFO] Gecikme zammı ödemesi: 0.00 TL, kalan ödenecek tutar: 800.00 TL 
[2025-10-09 20:40:31] [INFO] Gecikme zammı ödemesi: 0.00 TL, kalan ödenecek tutar: 800.00 TL 
[2025-10-09 20:44:24] [INFO] Gecikme zammı ödemesi: 0.00 TL, kalan ödenecek tutar: 400.00 TL 
[2025-10-09 20:45:25] [INFO] Tahsilat ID 2177 için ilişkili kasa hareketleri silindi. 
[2025-10-09 20:45:25] [INFO] Tahsilat ID 2177 için ilişkili tahsilat detayları silindi. 
[2025-10-09 20:45:25] [INFO] Tahsilat ID 2177 kaydı ve ilişkili tüm veriler silindi. 
[2025-10-09 20:45:57] [INFO] Kredi ID 124 için kullanım güncellendi: Kullanıldı mı: 1, Kullanılan Tutar: 185 TL 
[2025-10-09 20:45:57] [INFO] Kredi ID 125 için kullanım güncellendi: Kullanıldı mı: 1, Kullanılan Tutar: 200 TL 
[2025-10-09 20:45:57] [INFO] Kredi ID 126 için kullanım güncellendi: Kullanıldı mı: 0, Kullanılan Tutar: 15 TL 
[2025-10-09 20:45:57] [INFO] Gecikme zammı ödemesi: 0.00 TL, kalan ödenecek tutar: 800 TL 
[2025-10-09 20:46:29] [INFO] Kredi ID 124 için kullanım güncellendi: Kullanıldı mı: 1, Kullanılan Tutar: 185 TL 
[2025-10-09 20:46:29] [INFO] Kredi ID 125 için kullanım güncellendi: Kullanıldı mı: 1, Kullanılan Tutar: 200 TL 
[2025-10-09 20:46:29] [INFO] Kredi ID 126 için kullanım güncellendi: Kullanıldı mı: 0, Kullanılan Tutar: 15 TL 
[2025-10-09 20:46:29] [INFO] Gecikme zammı ödemesi: 0.00 TL, kalan ödenecek tutar: 400 TL 
[2025-10-09 20:52:44] [INFO] Tahsilat-Borç eşleştirme işlemi başlatıldı {"onay_id":"6352","gelen_tutar":800,"kullanici_id":147}
[2025-10-09 20:52:44] [INFO] Ana tahsilat kaydı oluşturuldu ve kasaya eklendi. {"tahsilat_id":"2181","kasa_hareket_id":"QaW098EuRT0TE2J8EsEw2rL79ZYoh5PwNK47yvuDtT8%2A","tutar":800}
[2025-10-09 20:52:44] [INFO] Borç detayları alındı. {"borc_detay_bilgisi":"[\n    {\n        \"id\": 25424,\n        \"borc_tutari\": \"800.00\",\n        \"gun_farki\": 9,\n        \"gecikme_zammi\": \"0.00\",\n        \"ceza_orani\": \"0.00\",\n        \"toplam_borc\": \"800.00\",\n        \"toplam_odenen\": null,\n        \"anapara_tahsilat\": null,\n        \"gecikme_zammi_odemesi\": null,\n        \"kalan_toplam_borc\": \"800.00\",\n        \"kalan_gecikme_zammi\": \"0.00\"\n    }\n]"}
[2025-10-09 20:52:44] [INFO] Borç kaydı işleniyor. {"borc_detay_id":25424,"kalan_dagitilacak_tutar":800}
[2025-10-09 20:52:44] [INFO] Anapara için tahsilat detayı oluşturuldu. {"borc_detay_id":25424,"odenen_anapara":800}
[2025-10-09 20:53:02] [INFO] Tahsilat-Borç eşleştirme işlemi başlatıldı {"onay_id":"6806","gelen_tutar":2060,"kullanici_id":147}
[2025-10-09 20:53:02] [INFO] Ana tahsilat kaydı oluşturuldu ve kasaya eklendi. {"tahsilat_id":"2182","kasa_hareket_id":"4ffZigLcnTAKBh3NEbXtzEAMKCugb_BCWfSgUGaXfq8%2A","tutar":2060}
[2025-10-09 20:53:02] [INFO] Borç detayları alındı. {"borc_detay_bilgisi":"[\n    {\n        \"id\": 24528,\n        \"borc_tutari\": \"600.00\",\n        \"gun_farki\": 131,\n        \"gecikme_zammi\": \"0.00\",\n        \"ceza_orani\": \"0.00\",\n        \"toplam_borc\": \"600.00\",\n        \"toplam_odenen\": null,\n        \"anapara_tahsilat\": null,\n        \"gecikme_zammi_odemesi\": null,\n        \"kalan_toplam_borc\": \"600.00\",\n        \"kalan_gecikme_zammi\": \"0.00\"\n    },\n    {\n        \"id\": 24708,\n        \"borc_tutari\": \"400.00\",\n        \"gun_farki\": 131,\n        \"gecikme_zammi\": \"0.00\",\n        \"ceza_orani\": \"0.00\",\n        \"toplam_borc\": \"400.00\",\n        \"toplam_odenen\": null,\n        \"anapara_tahsilat\": null,\n        \"gecikme_zammi_odemesi\": null,\n        \"kalan_toplam_borc\": \"400.00\",\n        \"kalan_gecikme_zammi\": \"0.00\"\n    },\n    {\n        \"id\": 25961,\n        \"borc_tutari\": \"1060.00\",\n        \"gun_farki\": 101,\n        \"gecikme_zammi\": \"0.00\",\n        \"ceza_orani\": \"0.00\",\n        \"toplam_borc\": \"1060.00\",\n        \"toplam_odenen\": null,\n        \"anapara_tahsilat\": null,\n        \"gecikme_zammi_odemesi\": null,\n        \"kalan_toplam_borc\": \"1060.00\",\n        \"kalan_gecikme_zammi\": \"0.00\"\n    }\n]"}
[2025-10-09 20:53:02] [INFO] Borç kaydı işleniyor. {"borc_detay_id":24528,"kalan_dagitilacak_tutar":2060}
[2025-10-09 20:53:02] [INFO] Anapara için tahsilat detayı oluşturuldu. {"borc_detay_id":24528,"odenen_anapara":600}
[2025-10-09 20:53:02] [INFO] Borç kaydı işleniyor. {"borc_detay_id":24708,"kalan_dagitilacak_tutar":1460}
[2025-10-09 20:53:02] [INFO] Anapara için tahsilat detayı oluşturuldu. {"borc_detay_id":24708,"odenen_anapara":400}
[2025-10-09 20:53:02] [INFO] Borç kaydı işleniyor. {"borc_detay_id":25961,"kalan_dagitilacak_tutar":1060}
[2025-10-09 20:53:02] [INFO] Anapara için tahsilat detayı oluşturuldu. {"borc_detay_id":25961,"odenen_anapara":1060}
[2025-10-09 20:53:15] [INFO] Tahsilat-Borç eşleştirme işlemi başlatıldı {"onay_id":"6565","gelen_tutar":800,"kullanici_id":147}
[2025-10-09 20:53:15] [INFO] Ana tahsilat kaydı oluşturuldu ve kasaya eklendi. {"tahsilat_id":"2183","kasa_hareket_id":"yOUzldZTlse2p5D2cisLbPSCD4JXAcFVma9KjuR6BCs%2A","tutar":800}
[2025-10-09 20:53:15] [INFO] Borç detayları alındı. {"borc_detay_bilgisi":"[\n    {\n        \"id\": 25066,\n        \"borc_tutari\": \"800.00\",\n        \"gun_farki\": 70,\n        \"gecikme_zammi\": \"0.00\",\n        \"ceza_orani\": \"0.00\",\n        \"toplam_borc\": \"800.00\",\n        \"toplam_odenen\": null,\n        \"anapara_tahsilat\": null,\n        \"gecikme_zammi_odemesi\": null,\n        \"kalan_toplam_borc\": \"800.00\",\n        \"kalan_gecikme_zammi\": \"0.00\"\n    }\n]"}
[2025-10-09 20:53:15] [INFO] Borç kaydı işleniyor. {"borc_detay_id":25066,"kalan_dagitilacak_tutar":800}
[2025-10-09 20:53:15] [INFO] Anapara için tahsilat detayı oluşturuldu. {"borc_detay_id":25066,"odenen_anapara":800}
[2025-10-09 20:53:23] [INFO] Tahsilat-Borç eşleştirme işlemi başlatıldı {"onay_id":"6677","gelen_tutar":200,"kullanici_id":147}
[2025-10-09 20:53:23] [INFO] Ana tahsilat kaydı oluşturuldu ve kasaya eklendi. {"tahsilat_id":"2184","kasa_hareket_id":"jotbLemkxMC4ECNO8XdbeBTFYMneUDyssWOF6jl2skc%2A","tutar":200}
[2025-10-09 20:53:23] [INFO] Borç detayları alındı. {"borc_detay_bilgisi":"[\n    {\n        \"id\": 24887,\n        \"borc_tutari\": \"400.00\",\n        \"gun_farki\": 101,\n        \"gecikme_zammi\": \"0.00\",\n        \"ceza_orani\": \"0.00\",\n        \"toplam_borc\": \"400.00\",\n        \"toplam_odenen\": null,\n        \"anapara_tahsilat\": null,\n        \"gecikme_zammi_odemesi\": null,\n        \"kalan_toplam_borc\": \"400.00\",\n        \"kalan_gecikme_zammi\": \"0.00\"\n    }\n]"}
[2025-10-09 20:53:23] [INFO] Borç kaydı işleniyor. {"borc_detay_id":24887,"kalan_dagitilacak_tutar":200}
[2025-10-09 20:53:23] [INFO] Anapara için tahsilat detayı oluşturuldu. {"borc_detay_id":24887,"odenen_anapara":200}
[2025-10-09 20:53:34] [INFO] Tahsilat-Borç eşleştirme işlemi başlatıldı {"onay_id":"6458","gelen_tutar":800,"kullanici_id":147}
[2025-10-09 20:53:34] [INFO] Ana tahsilat kaydı oluşturuldu ve kasaya eklendi. {"tahsilat_id":"2185","kasa_hareket_id":"9qrOd8_0zkBrGorqoBoRN2J5nKk6f2_BS8B85UVdCMs%2A","tutar":800}
[2025-10-09 20:53:34] [INFO] Borç detayları alındı. {"borc_detay_bilgisi":"[\n    {\n        \"id\": 25245,\n        \"borc_tutari\": \"800.00\",\n        \"gun_farki\": 39,\n        \"gecikme_zammi\": \"0.00\",\n        \"ceza_orani\": \"0.00\",\n        \"toplam_borc\": \"800.00\",\n        \"toplam_odenen\": null,\n        \"anapara_tahsilat\": null,\n        \"gecikme_zammi_odemesi\": null,\n        \"kalan_toplam_borc\": \"800.00\",\n        \"kalan_gecikme_zammi\": \"0.00\"\n    }\n]"}
[2025-10-09 20:53:34] [INFO] Borç kaydı işleniyor. {"borc_detay_id":25245,"kalan_dagitilacak_tutar":800}
[2025-10-09 20:53:34] [INFO] Anapara için tahsilat detayı oluşturuldu. {"borc_detay_id":25245,"odenen_anapara":800}
[2025-10-09 20:53:48] [INFO] Tahsilat-Borç eşleştirme işlemi başlatıldı {"onay_id":"6989","gelen_tutar":1000,"kullanici_id":147}
[2025-10-09 20:53:48] [INFO] Ana tahsilat kaydı oluşturuldu ve kasaya eklendi. {"tahsilat_id":"2186","kasa_hareket_id":"bhvu6uYIsSj87WppTMKnNb1IvsZdN306tKjq_tKJ-QQ%2A","tutar":1000}
[2025-10-09 20:53:48] [INFO] Borç detayları alındı. {"borc_detay_bilgisi":"[\n    {\n        \"id\": 23990,\n        \"borc_tutari\": \"400.00\",\n        \"gun_farki\": 162,\n        \"gecikme_zammi\": \"0.00\",\n        \"ceza_orani\": \"0.00\",\n        \"toplam_borc\": \"400.00\",\n        \"toplam_odenen\": null,\n        \"anapara_tahsilat\": null,\n        \"gecikme_zammi_odemesi\": null,\n        \"kalan_toplam_borc\": \"400.00\",\n        \"kalan_gecikme_zammi\": \"0.00\"\n    },\n    {\n        \"id\": 24348,\n        \"borc_tutari\": \"600.00\",\n        \"gun_farki\": 162,\n        \"gecikme_zammi\": \"0.00\",\n        \"ceza_orani\": \"0.00\",\n        \"toplam_borc\": \"600.00\",\n        \"toplam_odenen\": null,\n        \"anapara_tahsilat\": null,\n        \"gecikme_zammi_odemesi\": null,\n        \"kalan_toplam_borc\": \"600.00\",\n        \"kalan_gecikme_zammi\": \"0.00\"\n    }\n]"}
[2025-10-09 20:53:48] [INFO] Borç kaydı işleniyor. {"borc_detay_id":23990,"kalan_dagitilacak_tutar":1000}
[2025-10-09 20:53:48] [INFO] Anapara için tahsilat detayı oluşturuldu. {"borc_detay_id":23990,"odenen_anapara":400}
[2025-10-09 20:53:48] [INFO] Borç kaydı işleniyor. {"borc_detay_id":24348,"kalan_dagitilacak_tutar":600}
[2025-10-09 20:53:48] [INFO] Anapara için tahsilat detayı oluşturuldu. {"borc_detay_id":24348,"odenen_anapara":600}
[2025-10-09 20:53:55] [INFO] Tahsilat-Borç eşleştirme işlemi başlatıldı {"onay_id":"7085","gelen_tutar":400,"kullanici_id":147}
[2025-10-09 20:53:55] [INFO] Ana tahsilat kaydı oluşturuldu ve kasaya eklendi. {"tahsilat_id":"2187","kasa_hareket_id":"rGgp3_oUI9JouFZlV00-ctOAp977ndk_AvnuyExjOsc%2A","tutar":400}
[2025-10-09 20:53:55] [INFO] Borç detayları alındı. {"borc_detay_bilgisi":"[\n    {\n        \"id\": 23811,\n        \"borc_tutari\": \"400.00\",\n        \"gun_farki\": 192,\n        \"gecikme_zammi\": \"0.00\",\n        \"ceza_orani\": \"0.00\",\n        \"toplam_borc\": \"400.00\",\n        \"toplam_odenen\": null,\n        \"anapara_tahsilat\": null,\n        \"gecikme_zammi_odemesi\": null,\n        \"kalan_toplam_borc\": \"400.00\",\n        \"kalan_gecikme_zammi\": \"0.00\"\n    }\n]"}
[2025-10-09 20:53:55] [INFO] Borç kaydı işleniyor. {"borc_detay_id":23811,"kalan_dagitilacak_tutar":400}
[2025-10-09 20:53:55] [INFO] Anapara için tahsilat detayı oluşturuldu. {"borc_detay_id":23811,"odenen_anapara":400}
[2025-10-09 20:54:04] [INFO] Tahsilat-Borç eşleştirme işlemi başlatıldı {"onay_id":"7258","gelen_tutar":400,"kullanici_id":147}
[2025-10-09 20:54:04] [INFO] Ana tahsilat kaydı oluşturuldu ve kasaya eklendi. {"tahsilat_id":"2188","kasa_hareket_id":"3pX0tKmsrCIY5kRG5vP4H7NX1GWbJ6Z9gHQEZIm973c%2A","tutar":400}
[2025-10-09 20:54:04] [INFO] Borç detayları alındı. {"borc_detay_bilgisi":"[\n    {\n        \"id\": 23087,\n        \"borc_tutari\": \"400.00\",\n        \"gun_farki\": 223,\n        \"gecikme_zammi\": \"0.00\",\n        \"ceza_orani\": \"0.00\",\n        \"toplam_borc\": \"400.00\",\n        \"toplam_odenen\": null,\n        \"anapara_tahsilat\": null,\n        \"gecikme_zammi_odemesi\": null,\n        \"kalan_toplam_borc\": \"400.00\",\n        \"kalan_gecikme_zammi\": \"0.00\"\n    }\n]"}
[2025-10-09 20:54:04] [INFO] Borç kaydı işleniyor. {"borc_detay_id":23087,"kalan_dagitilacak_tutar":400}
[2025-10-09 20:54:04] [INFO] Anapara için tahsilat detayı oluşturuldu. {"borc_detay_id":23087,"odenen_anapara":400}
[2025-10-09 20:55:19] [INFO] Gecikme zammı ödemesi: 0.00 TL, kalan ödenecek tutar: 600.00 TL 
[2025-10-09 20:55:19] [INFO] Gecikme zammı ödemesi: 0.00 TL, kalan ödenecek tutar: 200 TL 
[2025-10-09 21:13:21] [INFO] Gecikme zammı ödemesi: 0.00 TL, kalan ödenecek tutar: 385 TL 
[2025-10-09 21:35:57] [INFO] Tahsilat-Borç eşleştirme işlemi başlatıldı {"onay_id":"7391","gelen_tutar":400,"kullanici_id":147}
[2025-10-09 21:35:57] [INFO] Ana tahsilat kaydı oluşturuldu ve kasaya eklendi. {"tahsilat_id":"2191","kasa_hareket_id":"sTqGWC1sECMTpbT2sG8buCOVxse2yZg0xBivCOAAIiA%2A","tutar":400}
[2025-10-09 21:35:57] [INFO] Borç detayları alındı. {"borc_detay_bilgisi":"[\n    {\n        \"id\": 23088,\n        \"borc_tutari\": \"400.00\",\n        \"gun_farki\": 223,\n        \"gecikme_zammi\": \"0.00\",\n        \"ceza_orani\": \"0.00\",\n        \"toplam_borc\": \"400.00\",\n        \"toplam_odenen\": null,\n        \"anapara_tahsilat\": null,\n        \"gecikme_zammi_odemesi\": null,\n        \"kalan_toplam_borc\": \"400.00\",\n        \"kalan_gecikme_zammi\": \"0.00\"\n    }\n]"}
[2025-10-09 21:35:57] [INFO] Borç kaydı işleniyor. {"borc_detay_id":23088,"kalan_dagitilacak_tutar":400}
[2025-10-09 21:35:57] [INFO] Anapara için tahsilat detayı oluşturuldu. {"borc_detay_id":23088,"odenen_anapara":400}
[2025-10-09 21:36:02] [INFO] Tahsilat-Borç eşleştirme işlemi başlatıldı {"onay_id":"7392","gelen_tutar":400,"kullanici_id":147}
[2025-10-09 21:36:02] [INFO] Ana tahsilat kaydı oluşturuldu ve kasaya eklendi. {"tahsilat_id":"2192","kasa_hareket_id":"ef8Tr0WgYzHG8iT-rNgp5Ogj-CKCkJXLxCnxnAERU38%2A","tutar":400}
[2025-10-09 21:36:02] [INFO] Borç detayları alındı. {"borc_detay_bilgisi":"[\n    {\n        \"id\": 23812,\n        \"borc_tutari\": \"400.00\",\n        \"gun_farki\": 192,\n        \"gecikme_zammi\": \"0.00\",\n        \"ceza_orani\": \"0.00\",\n        \"toplam_borc\": \"400.00\",\n        \"toplam_odenen\": null,\n        \"anapara_tahsilat\": null,\n        \"gecikme_zammi_odemesi\": null,\n        \"kalan_toplam_borc\": \"400.00\",\n        \"kalan_gecikme_zammi\": \"0.00\"\n    }\n]"}
[2025-10-09 21:36:02] [INFO] Borç kaydı işleniyor. {"borc_detay_id":23812,"kalan_dagitilacak_tutar":400}
[2025-10-09 21:36:02] [INFO] Anapara için tahsilat detayı oluşturuldu. {"borc_detay_id":23812,"odenen_anapara":400}
[2025-10-09 21:36:06] [INFO] Tahsilat-Borç eşleştirme işlemi başlatıldı {"onay_id":"7390","gelen_tutar":400,"kullanici_id":147}
[2025-10-09 21:36:06] [INFO] Ana tahsilat kaydı oluşturuldu ve kasaya eklendi. {"tahsilat_id":"2193","kasa_hareket_id":"wB7BlpP_PKP5pPn4u0pXj6Y0q_tjrZWYLWYz6KsAX88%2A","tutar":400}
[2025-10-09 21:36:06] [INFO] Borç detayları alındı. {"borc_detay_bilgisi":"[\n    {\n        \"id\": 23991,\n        \"borc_tutari\": \"400.00\",\n        \"gun_farki\": 162,\n        \"gecikme_zammi\": \"0.00\",\n        \"ceza_orani\": \"0.00\",\n        \"toplam_borc\": \"400.00\",\n        \"toplam_odenen\": null,\n        \"anapara_tahsilat\": null,\n        \"gecikme_zammi_odemesi\": null,\n        \"kalan_toplam_borc\": \"400.00\",\n        \"kalan_gecikme_zammi\": \"0.00\"\n    }\n]"}
[2025-10-09 21:36:06] [INFO] Borç kaydı işleniyor. {"borc_detay_id":23991,"kalan_dagitilacak_tutar":400}
[2025-10-09 21:36:06] [INFO] Anapara için tahsilat detayı oluşturuldu. {"borc_detay_id":23991,"odenen_anapara":400}
[2025-10-09 21:36:15] [INFO] Tahsilat-Borç eşleştirme işlemi başlatıldı {"onay_id":"7388","gelen_tutar":400,"kullanici_id":147}
[2025-10-09 21:36:15] [INFO] Ana tahsilat kaydı oluşturuldu ve kasaya eklendi. {"tahsilat_id":"2194","kasa_hareket_id":"6f9TalqWnaDkzyFW3ozZ5eTjPed4DxvSHyVvMdpd6w0%2A","tutar":400}
[2025-10-09 21:36:15] [INFO] Borç detayları alındı. {"borc_detay_bilgisi":"[\n    {\n        \"id\": 24888,\n        \"borc_tutari\": \"400.00\",\n        \"gun_farki\": 101,\n        \"gecikme_zammi\": \"0.00\",\n        \"ceza_orani\": \"0.00\",\n        \"toplam_borc\": \"400.00\",\n        \"toplam_odenen\": null,\n        \"anapara_tahsilat\": null,\n        \"gecikme_zammi_odemesi\": null,\n        \"kalan_toplam_borc\": \"400.00\",\n        \"kalan_gecikme_zammi\": \"0.00\"\n    }\n]"}
[2025-10-09 21:36:15] [INFO] Borç kaydı işleniyor. {"borc_detay_id":24888,"kalan_dagitilacak_tutar":400}
[2025-10-09 21:36:15] [INFO] Anapara için tahsilat detayı oluşturuldu. {"borc_detay_id":24888,"odenen_anapara":400}
[2025-10-09 21:36:25] [INFO] Tahsilat-Borç eşleştirme işlemi başlatıldı {"onay_id":"7393","gelen_tutar":400,"kullanici_id":147}
[2025-10-09 21:36:25] [INFO] Ana tahsilat kaydı oluşturuldu ve kasaya eklendi. {"tahsilat_id":"2195","kasa_hareket_id":"CEN0rKHNPqFzFSd48dK3NgBn6po3P2YBHsjVRbdHZ0c%2A","tutar":400}
[2025-10-09 21:36:25] [INFO] Borç detayları alındı. {"borc_detay_bilgisi":"[\n    {\n        \"id\": 24709,\n        \"borc_tutari\": \"400.00\",\n        \"gun_farki\": 131,\n        \"gecikme_zammi\": \"0.00\",\n        \"ceza_orani\": \"0.00\",\n        \"toplam_borc\": \"400.00\",\n        \"toplam_odenen\": null,\n        \"anapara_tahsilat\": null,\n        \"gecikme_zammi_odemesi\": null,\n        \"kalan_toplam_borc\": \"400.00\",\n        \"kalan_gecikme_zammi\": \"0.00\"\n    }\n]"}
[2025-10-09 21:36:25] [INFO] Borç kaydı işleniyor. {"borc_detay_id":24709,"kalan_dagitilacak_tutar":400}
[2025-10-09 21:36:25] [INFO] Anapara için tahsilat detayı oluşturuldu. {"borc_detay_id":24709,"odenen_anapara":400}
[2025-10-09 21:36:31] [INFO] Tahsilat-Borç eşleştirme işlemi başlatıldı {"onay_id":"7389","gelen_tutar":800,"kullanici_id":147}
[2025-10-09 21:36:31] [INFO] Ana tahsilat kaydı oluşturuldu ve kasaya eklendi. {"tahsilat_id":"2196","kasa_hareket_id":"NtFTFs009HuoNiSsfYFnuS6ZLOM2DiwV0PtshJGQZZ0%2A","tutar":800}
[2025-10-09 21:36:31] [INFO] Borç detayları alındı. {"borc_detay_bilgisi":"[\n    {\n        \"id\": 25067,\n        \"borc_tutari\": \"800.00\",\n        \"gun_farki\": 70,\n        \"gecikme_zammi\": \"0.00\",\n        \"ceza_orani\": \"0.00\",\n        \"toplam_borc\": \"800.00\",\n        \"toplam_odenen\": null,\n        \"anapara_tahsilat\": null,\n        \"gecikme_zammi_odemesi\": null,\n        \"kalan_toplam_borc\": \"800.00\",\n        \"kalan_gecikme_zammi\": \"0.00\"\n    }\n]"}
[2025-10-09 21:36:31] [INFO] Borç kaydı işleniyor. {"borc_detay_id":25067,"kalan_dagitilacak_tutar":800}
[2025-10-09 21:36:31] [INFO] Anapara için tahsilat detayı oluşturuldu. {"borc_detay_id":25067,"odenen_anapara":800}
[2025-10-09 21:36:36] [INFO] Tahsilat-Borç eşleştirme işlemi başlatıldı {"onay_id":"7387","gelen_tutar":800,"kullanici_id":147}
[2025-10-09 21:36:36] [INFO] Ana tahsilat kaydı oluşturuldu ve kasaya eklendi. {"tahsilat_id":"2197","kasa_hareket_id":"q1lA-GkWfPIlU7j45iS7M8805pymAxjsuZDioa5xzFc%2A","tutar":800}
[2025-10-09 21:36:36] [INFO] Borç detayları alındı. {"borc_detay_bilgisi":"[\n    {\n        \"id\": 25246,\n        \"borc_tutari\": \"800.00\",\n        \"gun_farki\": 39,\n        \"gecikme_zammi\": \"0.00\",\n        \"ceza_orani\": \"0.00\",\n        \"toplam_borc\": \"800.00\",\n        \"toplam_odenen\": null,\n        \"anapara_tahsilat\": null,\n        \"gecikme_zammi_odemesi\": null,\n        \"kalan_toplam_borc\": \"800.00\",\n        \"kalan_gecikme_zammi\": \"0.00\"\n    }\n]"}
[2025-10-09 21:36:36] [INFO] Borç kaydı işleniyor. {"borc_detay_id":25246,"kalan_dagitilacak_tutar":800}
[2025-10-09 21:36:36] [INFO] Anapara için tahsilat detayı oluşturuldu. {"borc_detay_id":25246,"odenen_anapara":800}
[2025-10-09 21:36:40] [INFO] Tahsilat-Borç eşleştirme işlemi başlatıldı {"onay_id":"7386","gelen_tutar":800,"kullanici_id":147}
[2025-10-09 21:36:40] [INFO] Ana tahsilat kaydı oluşturuldu ve kasaya eklendi. {"tahsilat_id":"2198","kasa_hareket_id":"jQKGginAExZD4n86OGOnAm34HdWuHh54MtyvCV1oCrU%2A","tutar":800}
[2025-10-09 21:36:40] [INFO] Borç detayları alındı. {"borc_detay_bilgisi":"[\n    {\n        \"id\": 25425,\n        \"borc_tutari\": \"800.00\",\n        \"gun_farki\": 9,\n        \"gecikme_zammi\": \"0.00\",\n        \"ceza_orani\": \"0.00\",\n        \"toplam_borc\": \"800.00\",\n        \"toplam_odenen\": null,\n        \"anapara_tahsilat\": null,\n        \"gecikme_zammi_odemesi\": null,\n        \"kalan_toplam_borc\": \"800.00\",\n        \"kalan_gecikme_zammi\": \"0.00\"\n    }\n]"}
[2025-10-09 21:36:40] [INFO] Borç kaydı işleniyor. {"borc_detay_id":25425,"kalan_dagitilacak_tutar":800}
[2025-10-09 21:36:40] [INFO] Anapara için tahsilat detayı oluşturuldu. {"borc_detay_id":25425,"odenen_anapara":800}
[2025-10-09 21:37:47] [INFO] Gecikme zammı ödemesi: 0.00 TL, kalan ödenecek tutar: 400 TL 
[2025-10-09 21:38:21] [INFO] Gecikme zammı ödemesi: 0.00 TL, kalan ödenecek tutar: 1200.00 TL 
[2025-10-09 21:38:21] [INFO] Gecikme zammı ödemesi: 0.00 TL, kalan ödenecek tutar: 600 TL 
[2025-10-09 21:38:40] [INFO] Kredi ID 127 için kullanım güncellendi: Kullanıldı mı: 1, Kullanılan Tutar: 385 TL 
[2025-10-09 21:38:40] [INFO] Gecikme zammı ödemesi: 0.00 TL, kalan ödenecek tutar: 1060 TL 
[2025-10-09 21:38:47] [INFO] Tahsilat ID 2201 için ilişkili kredi kullanımları silindi. 
[2025-10-09 21:38:47] [INFO] Tahsilat ID 2201 için ilişkili kasa hareketleri silindi. 
[2025-10-09 21:38:47] [INFO] Tahsilat ID 2201 için ilişkili tahsilat detayları silindi. 
[2025-10-09 21:38:47] [INFO] Tahsilat ID 2201 kaydı ve ilişkili tüm veriler silindi. 
[2025-10-09 21:39:04] [INFO] Kredi ID 127 için kullanım güncellendi: Kullanıldı mı: 1, Kullanılan Tutar: 385 TL 
[2025-10-09 21:39:04] [INFO] Gecikme zammı ödemesi: 0.00 TL, kalan ödenecek tutar: 1060 TL 
[2025-10-09 21:44:52] [INFO] Borçlandırma kaydı başarıyla oluşturuldu: {"id":"23626","borclandirma_id":"184","borc_adi":"DEV\u0130R","kisi_id":"192","daire_id":32,"tutar":"320","baslangic_tarihi":"2024-01-01","bitis_tarihi":"2024-12-31","son_odeme_tarihi":"2024-12-31","ceza_orani":"0.00","aciklama":"2024 YILINDAN DEV\u0130R BORCU","borclandirma_tarihi":"01.01.2025 00:00"} 
[2025-10-09 21:45:39] [INFO] Tahsilat eşleşmeyen havuzuna gönderme işlemi başlatıldı {"onay_id":"6908","kullanici_id":147}
[2025-10-09 21:45:39] [ERROR] Tahsilat havuzuna gönderme hatası {"error":"İşlenen tutar bulunamadı.","onay_id":"6908","file":"C:\\xampp\\htdocs\\yonapp-1\\pages\\dues\\payment\\api\\APItahsilat_onay.php","line":347}
[2025-10-09 21:46:00] [INFO] Tahsilat eşleşmeyen havuzuna gönderme işlemi başlatıldı {"onay_id":"6825","kullanici_id":147}
[2025-10-09 21:46:00] [ERROR] Tahsilat havuzuna gönderme hatası {"error":"İşlenen tutar bulunamadı.","onay_id":"6825","file":"C:\\xampp\\htdocs\\yonapp-1\\pages\\dues\\payment\\api\\APItahsilat_onay.php","line":347}
[2025-10-09 21:48:00] [INFO] Tahsilat eşleşmeyen havuzuna gönderme işlemi başlatıldı {"onay_id":"6825","kullanici_id":147}
[2025-10-09 21:48:00] [INFO] Onay kaydı ve işlenen tutar doğrulandı. {"onay_id":"6825","islenen_tutar":0}
[2025-10-09 21:48:00] [INFO] Tahsilat havuzu kaydı oluşturuldu. {"tahsilat_havuzu_id":"6580"}
[2025-10-09 21:48:00] [INFO] Tahsilat onay kaydı güncellendi. {"onay_id":"6825","onay_durumu":1}
[2025-10-09 21:48:06] [INFO] Tahsilat eşleşmeyen havuzuna gönderme işlemi başlatıldı {"onay_id":"6908","kullanici_id":147}
[2025-10-09 21:48:06] [INFO] Onay kaydı ve işlenen tutar doğrulandı. {"onay_id":"6908","islenen_tutar":0}
[2025-10-09 21:48:06] [INFO] Tahsilat havuzu kaydı oluşturuldu. {"tahsilat_havuzu_id":"6581"}
[2025-10-09 21:48:06] [INFO] Tahsilat onay kaydı güncellendi. {"onay_id":"6908","onay_durumu":1}
[2025-10-09 21:49:18] [INFO] Gecikme zammı ödemesi: 0.00 TL, kalan ödenecek tutar: 600 TL 
[2025-10-09 21:49:18] [INFO] Gecikme zammı ödemesi: 0.00 TL, kalan ödenecek tutar: 200 TL 
[2025-10-09 21:50:35] [INFO] Tahsilat-Borç eşleştirme işlemi başlatıldı {"onay_id":"7394","gelen_tutar":200,"kullanici_id":147}
[2025-10-09 21:50:35] [INFO] Ana tahsilat kaydı oluşturuldu ve kasaya eklendi. {"tahsilat_id":"2204","kasa_hareket_id":"cgp7wl_cNGnMgdwqrql0YGRWUQ1NtuYyHbbgMuJDxW4%2A","tutar":200}
[2025-10-09 21:50:35] [INFO] Borç detayları alındı. {"borc_detay_bilgisi":"[\n    {\n        \"id\": 23089,\n        \"borc_tutari\": \"400.00\",\n        \"gun_farki\": 223,\n        \"gecikme_zammi\": \"0.00\",\n        \"ceza_orani\": \"0.00\",\n        \"toplam_borc\": \"400.00\",\n        \"toplam_odenen\": \"200.00\",\n        \"anapara_tahsilat\": \"200.00\",\n        \"gecikme_zammi_odemesi\": null,\n        \"kalan_toplam_borc\": \"200.00\",\n        \"kalan_gecikme_zammi\": \"0.00\"\n    }\n]"}
[2025-10-09 21:50:35] [INFO] Borç kaydı işleniyor. {"borc_detay_id":23089,"kalan_dagitilacak_tutar":200}
[2025-10-09 21:50:35] [INFO] Anapara için tahsilat detayı oluşturuldu. {"borc_detay_id":23089,"odenen_anapara":200}
[2025-10-09 21:53:19] [INFO] Kredi ID 128 için kullanım güncellendi: Kullanıldı mı: 1, Kullanılan Tutar: 320 TL 
[2025-10-09 21:53:19] [INFO] Gecikme zammı ödemesi: 0.00 TL, kalan ödenecek tutar: 320 TL 
[2025-10-09 21:53:50] [INFO] Tahsilat-Borç eşleştirme işlemi başlatıldı {"onay_id":"6907","gelen_tutar":480,"kullanici_id":147}
[2025-10-09 21:53:50] [INFO] Ana tahsilat kaydı oluşturuldu ve kasaya eklendi. {"tahsilat_id":"2207","kasa_hareket_id":"UY0WX4CrIwzIYWVotCIK_5foW--zonJN4Vrxej49vao%2A","tutar":480}
[2025-10-09 21:53:50] [INFO] Borç detayları alındı. {"borc_detay_bilgisi":"[\n    {\n        \"id\": 23813,\n        \"borc_tutari\": \"400.00\",\n        \"gun_farki\": 192,\n        \"gecikme_zammi\": \"0.00\",\n        \"ceza_orani\": \"0.00\",\n        \"toplam_borc\": \"400.00\",\n        \"toplam_odenen\": \"320.00\",\n        \"anapara_tahsilat\": \"320.00\",\n        \"gecikme_zammi_odemesi\": null,\n        \"kalan_toplam_borc\": \"80.00\",\n        \"kalan_gecikme_zammi\": \"0.00\"\n    },\n    {\n        \"id\": 23992,\n        \"borc_tutari\": \"400.00\",\n        \"gun_farki\": 162,\n        \"gecikme_zammi\": \"0.00\",\n        \"ceza_orani\": \"0.00\",\n        \"toplam_borc\": \"400.00\",\n        \"toplam_odenen\": null,\n        \"anapara_tahsilat\": null,\n        \"gecikme_zammi_odemesi\": null,\n        \"kalan_toplam_borc\": \"400.00\",\n        \"kalan_gecikme_zammi\": \"0.00\"\n    }\n]"}
[2025-10-09 21:53:50] [INFO] Borç kaydı işleniyor. {"borc_detay_id":23813,"kalan_dagitilacak_tutar":480}
[2025-10-09 21:53:50] [INFO] Anapara için tahsilat detayı oluşturuldu. {"borc_detay_id":23813,"odenen_anapara":80}
[2025-10-09 21:53:50] [INFO] Borç kaydı işleniyor. {"borc_detay_id":23992,"kalan_dagitilacak_tutar":400}
[2025-10-09 21:53:50] [INFO] Anapara için tahsilat detayı oluşturuldu. {"borc_detay_id":23992,"odenen_anapara":400}
[2025-10-09 21:54:38] [INFO] Tahsilat-Borç eşleştirme işlemi başlatıldı {"onay_id":"6590","gelen_tutar":400,"kullanici_id":147}
[2025-10-09 21:54:38] [INFO] Ana tahsilat kaydı oluşturuldu ve kasaya eklendi. {"tahsilat_id":"2208","kasa_hareket_id":"sR9dzt_yrHWncE3a1W1TAfZpEIWdmpuA3nfpV2sf-R8%2A","tutar":400}
[2025-10-09 21:54:38] [INFO] Borç detayları alındı. {"borc_detay_bilgisi":"[\n    {\n        \"id\": 24710,\n        \"borc_tutari\": \"400.00\",\n        \"gun_farki\": 131,\n        \"gecikme_zammi\": \"0.00\",\n        \"ceza_orani\": \"0.00\",\n        \"toplam_borc\": \"400.00\",\n        \"toplam_odenen\": null,\n        \"anapara_tahsilat\": null,\n        \"gecikme_zammi_odemesi\": null,\n        \"kalan_toplam_borc\": \"400.00\",\n        \"kalan_gecikme_zammi\": \"0.00\"\n    }\n]"}
[2025-10-09 21:54:38] [INFO] Borç kaydı işleniyor. {"borc_detay_id":24710,"kalan_dagitilacak_tutar":400}
[2025-10-09 21:54:38] [INFO] Anapara için tahsilat detayı oluşturuldu. {"borc_detay_id":24710,"odenen_anapara":400}
[2025-10-09 21:54:59] [INFO] Tahsilat-Borç eşleştirme işlemi başlatıldı {"onay_id":"6520","gelen_tutar":1200,"kullanici_id":147}
[2025-10-09 21:54:59] [INFO] Ana tahsilat kaydı oluşturuldu ve kasaya eklendi. {"tahsilat_id":"2209","kasa_hareket_id":"900Wva-GQCW7rZwf8N89lwFbc4pYZYNlgzIVVdBO3xQ%2A","tutar":1200}
[2025-10-09 21:54:59] [INFO] Borç detayları alındı. {"borc_detay_bilgisi":"[\n    {\n        \"id\": 24889,\n        \"borc_tutari\": \"400.00\",\n        \"gun_farki\": 101,\n        \"gecikme_zammi\": \"0.00\",\n        \"ceza_orani\": \"0.00\",\n        \"toplam_borc\": \"400.00\",\n        \"toplam_odenen\": null,\n        \"anapara_tahsilat\": null,\n        \"gecikme_zammi_odemesi\": null,\n        \"kalan_toplam_borc\": \"400.00\",\n        \"kalan_gecikme_zammi\": \"0.00\"\n    },\n    {\n        \"id\": 25068,\n        \"borc_tutari\": \"800.00\",\n        \"gun_farki\": 70,\n        \"gecikme_zammi\": \"0.00\",\n        \"ceza_orani\": \"0.00\",\n        \"toplam_borc\": \"800.00\",\n        \"toplam_odenen\": null,\n        \"anapara_tahsilat\": null,\n        \"gecikme_zammi_odemesi\": null,\n        \"kalan_toplam_borc\": \"800.00\",\n        \"kalan_gecikme_zammi\": \"0.00\"\n    }\n]"}
[2025-10-09 21:54:59] [INFO] Borç kaydı işleniyor. {"borc_detay_id":24889,"kalan_dagitilacak_tutar":1200}
[2025-10-09 21:54:59] [INFO] Anapara için tahsilat detayı oluşturuldu. {"borc_detay_id":24889,"odenen_anapara":400}
[2025-10-09 21:54:59] [INFO] Borç kaydı işleniyor. {"borc_detay_id":25068,"kalan_dagitilacak_tutar":800}
[2025-10-09 21:54:59] [INFO] Anapara için tahsilat detayı oluşturuldu. {"borc_detay_id":25068,"odenen_anapara":800}
[2025-10-09 21:55:06] [INFO] Tahsilat-Borç eşleştirme işlemi başlatıldı {"onay_id":"6500","gelen_tutar":800,"kullanici_id":147}
[2025-10-09 21:55:06] [INFO] Ana tahsilat kaydı oluşturuldu ve kasaya eklendi. {"tahsilat_id":"2210","kasa_hareket_id":"xbj1QR5mdnvJszMN172HpReAAC0MOMob321MKMwmFzY%2A","tutar":800}
[2025-10-09 21:55:06] [INFO] Borç detayları alındı. {"borc_detay_bilgisi":"[\n    {\n        \"id\": 25247,\n        \"borc_tutari\": \"800.00\",\n        \"gun_farki\": 39,\n        \"gecikme_zammi\": \"0.00\",\n        \"ceza_orani\": \"0.00\",\n        \"toplam_borc\": \"800.00\",\n        \"toplam_odenen\": null,\n        \"anapara_tahsilat\": null,\n        \"gecikme_zammi_odemesi\": null,\n        \"kalan_toplam_borc\": \"800.00\",\n        \"kalan_gecikme_zammi\": \"0.00\"\n    }\n]"}
[2025-10-09 21:55:06] [INFO] Borç kaydı işleniyor. {"borc_detay_id":25247,"kalan_dagitilacak_tutar":800}
[2025-10-09 21:55:06] [INFO] Anapara için tahsilat detayı oluşturuldu. {"borc_detay_id":25247,"odenen_anapara":800}
[2025-10-09 21:55:09] [INFO] Tahsilat-Borç eşleştirme işlemi başlatıldı {"onay_id":"6404","gelen_tutar":800,"kullanici_id":147}
[2025-10-09 21:55:09] [INFO] Ana tahsilat kaydı oluşturuldu ve kasaya eklendi. {"tahsilat_id":"2211","kasa_hareket_id":"MCpsKKVfyzL8wElDSkxL_fMc6u4042unyVTdItEjK5c%2A","tutar":800}
[2025-10-09 21:55:09] [INFO] Borç detayları alındı. {"borc_detay_bilgisi":"[\n    {\n        \"id\": 25426,\n        \"borc_tutari\": \"800.00\",\n        \"gun_farki\": 9,\n        \"gecikme_zammi\": \"0.00\",\n        \"ceza_orani\": \"0.00\",\n        \"toplam_borc\": \"800.00\",\n        \"toplam_odenen\": null,\n        \"anapara_tahsilat\": null,\n        \"gecikme_zammi_odemesi\": null,\n        \"kalan_toplam_borc\": \"800.00\",\n        \"kalan_gecikme_zammi\": \"0.00\"\n    }\n]"}
[2025-10-09 21:55:09] [INFO] Borç kaydı işleniyor. {"borc_detay_id":25426,"kalan_dagitilacak_tutar":800}
[2025-10-09 21:55:09] [INFO] Anapara için tahsilat detayı oluşturuldu. {"borc_detay_id":25426,"odenen_anapara":800}
[2025-10-09 21:55:27] [INFO] Tahsilat ID 2203 için ilişkili kasa hareketleri silindi. 
[2025-10-09 21:55:27] [INFO] Tahsilat ID 2203 için ilişkili tahsilat detayları silindi. 
[2025-10-09 21:55:27] [INFO] Tahsilat ID 2203 kaydı ve ilişkili tüm veriler silindi. 
[2025-10-09 21:55:47] [INFO] Gecikme zammı ödemesi: 0.00 TL, kalan ödenecek tutar: 600.00 TL 
[2025-10-09 21:55:47] [INFO] Gecikme zammı ödemesi: 0.00 TL, kalan ödenecek tutar: 200 TL 
[2025-10-09 21:56:23] [INFO] Tahsilat ID 2205 için ilişkili kredi kayıtları silindi. 
[2025-10-09 21:56:23] [INFO] Tahsilat ID 2205 için ilişkili kasa hareketleri silindi. 
[2025-10-09 21:56:23] [INFO] Tahsilat ID 2205 kaydı ve ilişkili tüm veriler silindi. 
[2025-10-09 21:59:06] [INFO] Tahsilat-Borç eşleştirme işlemi başlatıldı {"onay_id":"7395","gelen_tutar":1660,"kullanici_id":147}
[2025-10-09 21:59:06] [INFO] Ana tahsilat kaydı oluşturuldu ve kasaya eklendi. {"tahsilat_id":"2214","kasa_hareket_id":"o0jxOSTZyNskECc_oRFbPlIT-0ZScVOK8qxcW7z7kCk%2A","tutar":1660}
[2025-10-09 21:59:06] [INFO] Borç detayları alındı. {"borc_detay_bilgisi":"[\n    {\n        \"id\": 24530,\n        \"borc_tutari\": \"600.00\",\n        \"gun_farki\": 131,\n        \"gecikme_zammi\": \"0.00\",\n        \"ceza_orani\": \"0.00\",\n        \"toplam_borc\": \"600.00\",\n        \"toplam_odenen\": null,\n        \"anapara_tahsilat\": null,\n        \"gecikme_zammi_odemesi\": null,\n        \"kalan_toplam_borc\": \"600.00\",\n        \"kalan_gecikme_zammi\": \"0.00\"\n    },\n    {\n        \"id\": 25963,\n        \"borc_tutari\": \"1060.00\",\n        \"gun_farki\": 101,\n        \"gecikme_zammi\": \"0.00\",\n        \"ceza_orani\": \"0.00\",\n        \"toplam_borc\": \"1060.00\",\n        \"toplam_odenen\": null,\n        \"anapara_tahsilat\": null,\n        \"gecikme_zammi_odemesi\": null,\n        \"kalan_toplam_borc\": \"1060.00\",\n        \"kalan_gecikme_zammi\": \"0.00\"\n    }\n]"}
[2025-10-09 21:59:06] [INFO] Borç kaydı işleniyor. {"borc_detay_id":24530,"kalan_dagitilacak_tutar":1660}
[2025-10-09 21:59:06] [INFO] Anapara için tahsilat detayı oluşturuldu. {"borc_detay_id":24530,"odenen_anapara":600}
[2025-10-09 21:59:06] [INFO] Borç kaydı işleniyor. {"borc_detay_id":25963,"kalan_dagitilacak_tutar":1060}
[2025-10-09 21:59:06] [INFO] Anapara için tahsilat detayı oluşturuldu. {"borc_detay_id":25963,"odenen_anapara":1060}
[2025-10-09 21:59:09] [INFO] Tahsilat-Borç eşleştirme işlemi başlatıldı {"onay_id":"7396","gelen_tutar":600,"kullanici_id":147}
[2025-10-09 21:59:09] [INFO] Ana tahsilat kaydı oluşturuldu ve kasaya eklendi. {"tahsilat_id":"2215","kasa_hareket_id":"segbM6hyRicFbzuW7qtwM88ERBlcG73A4PwfQDfrS9U%2A","tutar":600}
[2025-10-09 21:59:09] [INFO] Borç detayları alındı. {"borc_detay_bilgisi":"[\n    {\n        \"id\": 24350,\n        \"borc_tutari\": \"600.00\",\n        \"gun_farki\": 162,\n        \"gecikme_zammi\": \"0.00\",\n        \"ceza_orani\": \"0.00\",\n        \"toplam_borc\": \"600.00\",\n        \"toplam_odenen\": null,\n        \"anapara_tahsilat\": null,\n        \"gecikme_zammi_odemesi\": null,\n        \"kalan_toplam_borc\": \"600.00\",\n        \"kalan_gecikme_zammi\": \"0.00\"\n    }\n]"}
[2025-10-09 21:59:09] [INFO] Borç kaydı işleniyor. {"borc_detay_id":24350,"kalan_dagitilacak_tutar":600}
[2025-10-09 21:59:09] [INFO] Anapara için tahsilat detayı oluşturuldu. {"borc_detay_id":24350,"odenen_anapara":600}
[2025-10-09 22:05:30] [INFO] Gecikme zammı ödemesi: 0.00 TL, kalan ödenecek tutar: 780.91 TL 
[2025-10-09 22:05:30] [INFO] Gecikme zammı ödemesi: 0.00 TL, kalan ödenecek tutar: 380.91 TL 
[2025-10-09 22:06:03] [INFO] Gecikme zammı ödemesi: 0.00 TL, kalan ödenecek tutar: 180.91 TL 
[2025-10-09 22:06:45] [INFO] Tahsilat-Borç eşleştirme işlemi başlatıldı {"onay_id":"7064","gelen_tutar":238.18,"kullanici_id":147}
[2025-10-09 22:06:45] [INFO] Ana tahsilat kaydı oluşturuldu ve kasaya eklendi. {"tahsilat_id":"2218","kasa_hareket_id":"7k7rHerD4y1n10OC9g42qT_r58aneklTWcrKjZIXWs4%2A","tutar":238.18}
[2025-10-09 22:06:45] [INFO] Borç detayları alındı. {"borc_detay_bilgisi":"[\n    {\n        \"id\": 23814,\n        \"borc_tutari\": \"400.00\",\n        \"gun_farki\": 192,\n        \"gecikme_zammi\": \"0.00\",\n        \"ceza_orani\": \"0.00\",\n        \"toplam_borc\": \"400.00\",\n        \"toplam_odenen\": null,\n        \"anapara_tahsilat\": null,\n        \"gecikme_zammi_odemesi\": null,\n        \"kalan_toplam_borc\": \"400.00\",\n        \"kalan_gecikme_zammi\": \"0.00\"\n    }\n]"}
[2025-10-09 22:06:45] [INFO] Borç kaydı işleniyor. {"borc_detay_id":23814,"kalan_dagitilacak_tutar":238.18}
[2025-10-09 22:06:45] [INFO] Anapara için tahsilat detayı oluşturuldu. {"borc_detay_id":23814,"odenen_anapara":238.18}
[2025-10-09 22:07:22] [INFO] Tahsilat-Borç eşleştirme işlemi başlatıldı {"onay_id":"6800","gelen_tutar":2060,"kullanici_id":147}
[2025-10-09 22:07:22] [INFO] Ana tahsilat kaydı oluşturuldu ve kasaya eklendi. {"tahsilat_id":"2219","kasa_hareket_id":"W6ut0osp4w9apnD5hMnCS0qc80SIBVqr0L9hPPgk4Vo%2A","tutar":2060}
[2025-10-09 22:07:22] [INFO] Borç detayları alındı. {"borc_detay_bilgisi":"[\n    {\n        \"id\": 23993,\n        \"borc_tutari\": \"400.00\",\n        \"gun_farki\": 162,\n        \"gecikme_zammi\": \"0.00\",\n        \"ceza_orani\": \"0.00\",\n        \"toplam_borc\": \"400.00\",\n        \"toplam_odenen\": null,\n        \"anapara_tahsilat\": null,\n        \"gecikme_zammi_odemesi\": null,\n        \"kalan_toplam_borc\": \"400.00\",\n        \"kalan_gecikme_zammi\": \"0.00\"\n    },\n    {\n        \"id\": 24351,\n        \"borc_tutari\": \"600.00\",\n        \"gun_farki\": 162,\n        \"gecikme_zammi\": \"0.00\",\n        \"ceza_orani\": \"0.00\",\n        \"toplam_borc\": \"600.00\",\n        \"toplam_odenen\": null,\n        \"anapara_tahsilat\": null,\n        \"gecikme_zammi_odemesi\": null,\n        \"kalan_toplam_borc\": \"600.00\",\n        \"kalan_gecikme_zammi\": \"0.00\"\n    },\n    {\n        \"id\": 25964,\n        \"borc_tutari\": \"1060.00\",\n        \"gun_farki\": 101,\n        \"gecikme_zammi\": \"0.00\",\n        \"ceza_orani\": \"0.00\",\n        \"toplam_borc\": \"1060.00\",\n        \"toplam_odenen\": null,\n        \"anapara_tahsilat\": null,\n        \"gecikme_zammi_odemesi\": null,\n        \"kalan_toplam_borc\": \"1060.00\",\n        \"kalan_gecikme_zammi\": \"0.00\"\n    }\n]"}
[2025-10-09 22:07:22] [INFO] Borç kaydı işleniyor. {"borc_detay_id":23993,"kalan_dagitilacak_tutar":2060}
[2025-10-09 22:07:22] [INFO] Anapara için tahsilat detayı oluşturuldu. {"borc_detay_id":23993,"odenen_anapara":400}
[2025-10-09 22:07:22] [INFO] Borç kaydı işleniyor. {"borc_detay_id":24351,"kalan_dagitilacak_tutar":1660}
[2025-10-09 22:07:22] [INFO] Anapara için tahsilat detayı oluşturuldu. {"borc_detay_id":24351,"odenen_anapara":600}
[2025-10-09 22:07:22] [INFO] Borç kaydı işleniyor. {"borc_detay_id":25964,"kalan_dagitilacak_tutar":1060}
[2025-10-09 22:07:22] [INFO] Anapara için tahsilat detayı oluşturuldu. {"borc_detay_id":25964,"odenen_anapara":1060}
[2025-10-09 22:07:33] [INFO] Tahsilat-Borç eşleştirme işlemi başlatıldı {"onay_id":"6639","gelen_tutar":600,"kullanici_id":147}
[2025-10-09 22:07:33] [INFO] Ana tahsilat kaydı oluşturuldu ve kasaya eklendi. {"tahsilat_id":"2220","kasa_hareket_id":"DLq12tM2iW5z72e6rJW3eD96-0uoEWXkAaUb6xe_CgM%2A","tutar":600}
[2025-10-09 22:07:33] [INFO] Borç detayları alındı. {"borc_detay_bilgisi":"[\n    {\n        \"id\": 24531,\n        \"borc_tutari\": \"600.00\",\n        \"gun_farki\": 131,\n        \"gecikme_zammi\": \"0.00\",\n        \"ceza_orani\": \"0.00\",\n        \"toplam_borc\": \"600.00\",\n        \"toplam_odenen\": null,\n        \"anapara_tahsilat\": null,\n        \"gecikme_zammi_odemesi\": null,\n        \"kalan_toplam_borc\": \"600.00\",\n        \"kalan_gecikme_zammi\": \"0.00\"\n    }\n]"}
[2025-10-09 22:07:33] [INFO] Borç kaydı işleniyor. {"borc_detay_id":24531,"kalan_dagitilacak_tutar":600}
[2025-10-09 22:07:33] [INFO] Anapara için tahsilat detayı oluşturuldu. {"borc_detay_id":24531,"odenen_anapara":600}
[2025-10-09 22:07:42] [INFO] Tahsilat-Borç eşleştirme işlemi başlatıldı {"onay_id":"6485","gelen_tutar":1600,"kullanici_id":147}
[2025-10-09 22:07:42] [INFO] Ana tahsilat kaydı oluşturuldu ve kasaya eklendi. {"tahsilat_id":"2221","kasa_hareket_id":"GblAIsFFOUKaTU47MdezeHasRdCnMb3rQGeSvuxW3Lc%2A","tutar":1600}
[2025-10-09 22:07:42] [INFO] Borç detayları alındı. {"borc_detay_bilgisi":"[\n    {\n        \"id\": 25069,\n        \"borc_tutari\": \"800.00\",\n        \"gun_farki\": 70,\n        \"gecikme_zammi\": \"0.00\",\n        \"ceza_orani\": \"0.00\",\n        \"toplam_borc\": \"800.00\",\n        \"toplam_odenen\": null,\n        \"anapara_tahsilat\": null,\n        \"gecikme_zammi_odemesi\": null,\n        \"kalan_toplam_borc\": \"800.00\",\n        \"kalan_gecikme_zammi\": \"0.00\"\n    },\n    {\n        \"id\": 25248,\n        \"borc_tutari\": \"800.00\",\n        \"gun_farki\": 39,\n        \"gecikme_zammi\": \"0.00\",\n        \"ceza_orani\": \"0.00\",\n        \"toplam_borc\": \"800.00\",\n        \"toplam_odenen\": null,\n        \"anapara_tahsilat\": null,\n        \"gecikme_zammi_odemesi\": null,\n        \"kalan_toplam_borc\": \"800.00\",\n        \"kalan_gecikme_zammi\": \"0.00\"\n    }\n]"}
[2025-10-09 22:07:42] [INFO] Borç kaydı işleniyor. {"borc_detay_id":25069,"kalan_dagitilacak_tutar":1600}
[2025-10-09 22:07:42] [INFO] Anapara için tahsilat detayı oluşturuldu. {"borc_detay_id":25069,"odenen_anapara":800}
[2025-10-09 22:07:42] [INFO] Borç kaydı işleniyor. {"borc_detay_id":25248,"kalan_dagitilacak_tutar":800}
[2025-10-09 22:07:42] [INFO] Anapara için tahsilat detayı oluşturuldu. {"borc_detay_id":25248,"odenen_anapara":800}
[2025-10-09 22:08:26] [INFO] Tahsilat-Borç eşleştirme işlemi başlatıldı {"onay_id":"7397","gelen_tutar":800,"kullanici_id":147}
[2025-10-09 22:08:26] [INFO] Ana tahsilat kaydı oluşturuldu ve kasaya eklendi. {"tahsilat_id":"2222","kasa_hareket_id":"5LJVhzz3izvTmI9MvtOGU74e41jYzedS0oeVjN71BUQ%2A","tutar":800}
[2025-10-09 22:08:26] [INFO] Borç detayları alındı. {"borc_detay_bilgisi":"[\n    {\n        \"id\": 24711,\n        \"borc_tutari\": \"400.00\",\n        \"gun_farki\": 131,\n        \"gecikme_zammi\": \"0.00\",\n        \"ceza_orani\": \"0.00\",\n        \"toplam_borc\": \"400.00\",\n        \"toplam_odenen\": null,\n        \"anapara_tahsilat\": null,\n        \"gecikme_zammi_odemesi\": null,\n        \"kalan_toplam_borc\": \"400.00\",\n        \"kalan_gecikme_zammi\": \"0.00\"\n    },\n    {\n        \"id\": 24890,\n        \"borc_tutari\": \"400.00\",\n        \"gun_farki\": 101,\n        \"gecikme_zammi\": \"0.00\",\n        \"ceza_orani\": \"0.00\",\n        \"toplam_borc\": \"400.00\",\n        \"toplam_odenen\": null,\n        \"anapara_tahsilat\": null,\n        \"gecikme_zammi_odemesi\": null,\n        \"kalan_toplam_borc\": \"400.00\",\n        \"kalan_gecikme_zammi\": \"0.00\"\n    }\n]"}
[2025-10-09 22:08:26] [INFO] Borç kaydı işleniyor. {"borc_detay_id":24711,"kalan_dagitilacak_tutar":800}
[2025-10-09 22:08:26] [INFO] Anapara için tahsilat detayı oluşturuldu. {"borc_detay_id":24711,"odenen_anapara":400}
[2025-10-09 22:08:26] [INFO] Borç kaydı işleniyor. {"borc_detay_id":24890,"kalan_dagitilacak_tutar":400}
[2025-10-09 22:08:26] [INFO] Anapara için tahsilat detayı oluşturuldu. {"borc_detay_id":24890,"odenen_anapara":400}
[2025-10-09 22:09:04] [INFO] Kredi ID 130 için kullanım güncellendi: Kullanıldı mı: 1, Kullanılan Tutar: 161.82 TL 
[2025-10-09 22:09:04] [INFO] Gecikme zammı ödemesi: 0.00 TL, kalan ödenecek tutar: 161.82 TL 
[2025-10-09 22:17:26] [INFO] Borçlandırma kaydı başarıyla oluşturuldu: {"id":"25070","borclandirma_id":"192","borc_adi":"A\u0130DAT","kisi_id":"308","daire_id":34,"tutar":"800.00","baslangic_tarihi":"2025-07-01","bitis_tarihi":"2025-07-31","son_odeme_tarihi":"2025-07-31","ceza_orani":"0.00","aciklama":"TEMMUZ 2025 A\u0130DAT","borclandirma_tarihi":"01.07.2025 00:00"} 
[2025-10-09 22:17:52] [INFO] Borçlandırma kaydı başarıyla oluşturuldu: {"id":"25249","borclandirma_id":"193","borc_adi":"A\u0130DAT","kisi_id":"308","daire_id":34,"tutar":"800.00","baslangic_tarihi":"2025-08-01","bitis_tarihi":"2025-08-31","son_odeme_tarihi":"2025-08-31","ceza_orani":"0.00","aciklama":"A\u011eUSTOS 2025 A\u0130DAT","borclandirma_tarihi":"01.08.2025 00:00"} 
[2025-10-09 22:18:09] [INFO] Borçlandırma kaydı başarıyla oluşturuldu: {"id":"25428","borclandirma_id":"194","borc_adi":"A\u0130DAT","kisi_id":"308","daire_id":34,"tutar":"800.00","baslangic_tarihi":"2025-09-01","bitis_tarihi":"2025-09-30","son_odeme_tarihi":"2025-09-30","ceza_orani":"0.00","aciklama":"EYL\u00dcL 2025 A\u0130DAT","borclandirma_tarihi":"01.09.2025 00:00"} 
[2025-10-09 22:18:35] [INFO] Borçlandırma kaydı başarıyla oluşturuldu: {"id":"25607","borclandirma_id":"195","borc_adi":"A\u0130DAT","kisi_id":"308","daire_id":34,"tutar":"800.00","baslangic_tarihi":"2025-10-01","bitis_tarihi":"2025-10-31","son_odeme_tarihi":"2025-10-31","ceza_orani":"5.00","aciklama":"EKIM 2025 A\u0130DAT","borclandirma_tarihi":"01.10.2025 00:00"} 
