[2025-10-04 09:15:22] [INFO] Gecikme zammı ödemesi: 0.00 TL, kalan ödenecek tutar: 400.00 TL 
[2025-10-04 09:17:42] [INFO] Gecikme zammı ödemesi: 0.00 TL, kalan ödenecek tutar: 800.00 TL 
[2025-10-04 09:19:17] [INFO] Gecikme zammı ödemesi: 0.00 TL, kalan ödenecek tutar: 800.00 TL 
[2025-10-04 09:20:33] [INFO] Gecikme zammı ödemesi: 0.00 TL, kalan ödenecek tutar: 800.00 TL 
[2025-10-04 09:24:28] [INFO] Tahsilat ID 1921 için ilişkili kasa hareketleri silindi. 
[2025-10-04 09:24:28] [INFO] Tahsilat ID 1921 için ilişkili tahsilat detayları silindi. 
[2025-10-04 09:24:28] [INFO] Tahsilat ID 1921 kaydı ve ilişkili tüm veriler silindi. 
[2025-10-04 09:25:00] [INFO] Tahsilat ID 1920 için ilişkili kasa hareketleri silindi. 
[2025-10-04 09:25:00] [INFO] Tahsilat ID 1920 için ilişkili tahsilat detayları silindi. 
[2025-10-04 09:25:01] [INFO] Tahsilat ID 1920 kaydı ve ilişkili tüm veriler silindi. 
[2025-10-04 09:29:13] [INFO] Tahsilat ID 1919 için ilişkili kasa hareketleri silindi. 
[2025-10-04 09:29:13] [INFO] Tahsilat ID 1919 için ilişkili tahsilat detayları silindi. 
[2025-10-04 09:29:13] [INFO] Tahsilat ID 1919 kaydı ve ilişkili tüm veriler silindi. 
[2025-10-04 09:29:22] [INFO] Tahsilat ID 1918 için ilişkili kasa hareketleri silindi. 
[2025-10-04 09:29:22] [INFO] Tahsilat ID 1918 için ilişkili tahsilat detayları silindi. 
[2025-10-04 09:29:22] [INFO] Tahsilat ID 1918 kaydı ve ilişkili tüm veriler silindi. 
[2025-10-04 09:30:51] [INFO] Gecikme zammı ödemesi: 0.00 TL, kalan ödenecek tutar: 400.00 TL 
[2025-10-04 09:31:49] [INFO] Gecikme zammı ödemesi: 0.00 TL, kalan ödenecek tutar: 800.00 TL 
[2025-10-04 09:32:01] [INFO] Gecikme zammı ödemesi: 0.00 TL, kalan ödenecek tutar: 800.00 TL 
[2025-10-04 09:35:12] [INFO] Gecikme zammı ödemesi: 0.00 TL, kalan ödenecek tutar: 800.00 TL 
[2025-10-04 09:35:26] [INFO] Tahsilat ID 1925 için ilişkili kasa hareketleri silindi. 
[2025-10-04 09:35:26] [INFO] Tahsilat ID 1925 için ilişkili tahsilat detayları silindi. 
[2025-10-04 09:35:26] [INFO] Tahsilat ID 1925 kaydı ve ilişkili tüm veriler silindi. 
[2025-10-04 09:36:47] [INFO] Tahsilat ID 1924 için ilişkili kasa hareketleri silindi. 
[2025-10-04 09:36:47] [INFO] Tahsilat ID 1924 için ilişkili tahsilat detayları silindi. 
[2025-10-04 09:36:47] [INFO] Tahsilat ID 1924 kaydı ve ilişkili tüm veriler silindi. 
[2025-10-04 09:37:37] [INFO] Tahsilat ID 1923 için ilişkili kasa hareketleri silindi. 
[2025-10-04 09:37:37] [INFO] Tahsilat ID 1923 için ilişkili tahsilat detayları silindi. 
[2025-10-04 09:37:37] [INFO] Tahsilat ID 1923 kaydı ve ilişkili tüm veriler silindi. 
[2025-10-04 09:39:09] [INFO] Tahsilat ID 1922 için ilişkili kasa hareketleri silindi. 
[2025-10-04 09:39:09] [INFO] Tahsilat ID 1922 için ilişkili tahsilat detayları silindi. 
[2025-10-04 09:39:09] [INFO] Tahsilat ID 1922 kaydı ve ilişkili tüm veriler silindi. 
[2025-10-04 09:43:49] [INFO] Gecikme zammı ödemesi: 0.00 TL, kalan ödenecek tutar: 400.00 TL 
[2025-10-04 09:44:02] [INFO] Gecikme zammı ödemesi: 0.00 TL, kalan ödenecek tutar: 800.00 TL 
[2025-10-04 09:44:09] [INFO] Tahsilat ID 1927 için ilişkili kasa hareketleri silindi. 
[2025-10-04 09:44:09] [INFO] Tahsilat ID 1927 için ilişkili tahsilat detayları silindi. 
[2025-10-04 09:44:09] [INFO] Tahsilat ID 1927 kaydı ve ilişkili tüm veriler silindi. 
[2025-10-04 09:44:48] [INFO] Tahsilat ID 1926 için ilişkili kasa hareketleri silindi. 
[2025-10-04 09:44:48] [INFO] Tahsilat ID 1926 için ilişkili tahsilat detayları silindi. 
[2025-10-04 09:44:48] [INFO] Tahsilat ID 1926 kaydı ve ilişkili tüm veriler silindi. 
[2025-10-04 09:48:14] [INFO] Gecikme zammı ödemesi: 0.00 TL, kalan ödenecek tutar: 1200.00 TL 
[2025-10-04 09:48:14] [INFO] Gecikme zammı ödemesi: 0.00 TL, kalan ödenecek tutar: 800 TL 
[2025-10-04 09:48:20] [INFO] Tahsilat ID 1928 için ilişkili kasa hareketleri silindi. 
[2025-10-04 09:48:20] [INFO] Tahsilat ID 1928 için ilişkili tahsilat detayları silindi. 
[2025-10-04 09:48:20] [INFO] Tahsilat ID 1928 kaydı ve ilişkili tüm veriler silindi. 
[2025-10-04 09:50:45] [INFO] Gecikme zammı ödemesi: 0.00 TL, kalan ödenecek tutar: 400.00 TL 
[2025-10-04 09:50:51] [INFO] Tahsilat ID 1929 için ilişkili kasa hareketleri silindi. 
[2025-10-04 09:50:51] [INFO] Tahsilat ID 1929 için ilişkili tahsilat detayları silindi. 
[2025-10-04 09:50:51] [INFO] Tahsilat ID 1929 kaydı ve ilişkili tüm veriler silindi. 
[2025-10-04 09:51:29] [INFO] Gecikme zammı ödemesi: 0.00 TL, kalan ödenecek tutar: 2000.00 TL 
[2025-10-04 09:51:29] [INFO] Gecikme zammı ödemesi: 0.00 TL, kalan ödenecek tutar: 1600 TL 
[2025-10-04 09:51:29] [INFO] Gecikme zammı ödemesi: 0.00 TL, kalan ödenecek tutar: 800 TL 
[2025-10-04 09:52:51] [INFO] Gecikme zammı ödemesi: 0.00 TL, kalan ödenecek tutar: 800.00 TL 
[2025-10-04 09:53:13] [INFO] Tahsilat ID 1930 için ilişkili kasa hareketleri silindi. 
[2025-10-04 09:53:13] [INFO] Tahsilat ID 1930 için ilişkili tahsilat detayları silindi. 
[2025-10-04 09:53:13] [INFO] Tahsilat ID 1930 kaydı ve ilişkili tüm veriler silindi. 
[2025-10-04 09:53:17] [INFO] Tahsilat ID 1931 için ilişkili kasa hareketleri silindi. 
[2025-10-04 09:53:17] [INFO] Tahsilat ID 1931 için ilişkili tahsilat detayları silindi. 
[2025-10-04 09:53:17] [INFO] Tahsilat ID 1931 kaydı ve ilişkili tüm veriler silindi. 
[2025-10-04 09:56:09] [INFO] Tahsilat-Borç eşleştirme işlemi başlatıldı {"onay_id":"6533","gelen_tutar":800,"kullanici_id":147}
[2025-10-04 09:56:09] [INFO] Ana tahsilat kaydı oluşturuldu ve kasaya eklendi. {"tahsilat_id":"1932","kasa_hareket_id":"2CZmQLJd6cxRs86lJDKBFKc8SvpOymgig2sAIBp6Gw%2A%2A","tutar":800}
[2025-10-04 09:56:09] [INFO] Borç detayları alındı. {"borc_detay_bilgisi":"[\n    {\n        \"id\": 25043,\n        \"borc_tutari\": \"800.00\",\n        \"gun_farki\": 65,\n        \"gecikme_zammi\": \"0.00\",\n        \"ceza_orani\": \"0.00\",\n        \"toplam_borc\": \"800.00\",\n        \"toplam_odenen\": null,\n        \"anapara_tahsilat\": null,\n        \"gecikme_zammi_odemesi\": null,\n        \"kalan_toplam_borc\": \"800.00\",\n        \"kalan_gecikme_zammi\": \"0.00\"\n    }\n]"}
[2025-10-04 09:56:09] [INFO] Borç kaydı işleniyor. {"borc_detay_id":25043,"kalan_dagitilacak_tutar":800}
[2025-10-04 09:56:09] [INFO] Anapara için tahsilat detayı oluşturuldu. {"borc_detay_id":25043,"odenen_anapara":800}
[2025-10-04 09:58:57] [INFO] Tahsilat-Borç eşleştirme işlemi başlatıldı {"onay_id":"7304","gelen_tutar":800,"kullanici_id":147}
[2025-10-04 09:58:57] [INFO] Ana tahsilat kaydı oluşturuldu ve kasaya eklendi. {"tahsilat_id":"1933","kasa_hareket_id":"XNE9VsYuLMjLgMO8gIuYI_saijdsShEiyADrmgVkPA%2A%2A","tutar":800}
[2025-10-04 09:58:57] [INFO] Borç detayları alındı. {"borc_detay_bilgisi":"[\n    {\n        \"id\": 25222,\n        \"borc_tutari\": \"800.00\",\n        \"gun_farki\": 34,\n        \"gecikme_zammi\": \"0.00\",\n        \"ceza_orani\": \"0.00\",\n        \"toplam_borc\": \"800.00\",\n        \"toplam_odenen\": null,\n        \"anapara_tahsilat\": null,\n        \"gecikme_zammi_odemesi\": null,\n        \"kalan_toplam_borc\": \"800.00\",\n        \"kalan_gecikme_zammi\": \"0.00\"\n    }\n]"}
[2025-10-04 09:58:57] [INFO] Borç kaydı işleniyor. {"borc_detay_id":25222,"kalan_dagitilacak_tutar":800}
[2025-10-04 09:58:57] [INFO] Anapara için tahsilat detayı oluşturuldu. {"borc_detay_id":25222,"odenen_anapara":800}
[2025-10-04 09:59:28] [INFO] Tahsilat-Borç eşleştirme işlemi başlatıldı {"onay_id":"7305","gelen_tutar":800,"kullanici_id":147}
[2025-10-04 09:59:28] [INFO] Ana tahsilat kaydı oluşturuldu ve kasaya eklendi. {"tahsilat_id":"1934","kasa_hareket_id":"sL3Dq47oCX9SB5NKbBzVpScmWs-y0Mn008E7y9v-TQ%2A%2A","tutar":800}
[2025-10-04 09:59:28] [INFO] Borç detayları alındı. {"borc_detay_bilgisi":"[\n    {\n        \"id\": 25401,\n        \"borc_tutari\": \"800.00\",\n        \"gun_farki\": 4,\n        \"gecikme_zammi\": \"0.00\",\n        \"ceza_orani\": \"0.00\",\n        \"toplam_borc\": \"800.00\",\n        \"toplam_odenen\": null,\n        \"anapara_tahsilat\": null,\n        \"gecikme_zammi_odemesi\": null,\n        \"kalan_toplam_borc\": \"800.00\",\n        \"kalan_gecikme_zammi\": \"0.00\"\n    }\n]"}
[2025-10-04 09:59:28] [INFO] Borç kaydı işleniyor. {"borc_detay_id":25401,"kalan_dagitilacak_tutar":800}
[2025-10-04 09:59:28] [INFO] Anapara için tahsilat detayı oluşturuldu. {"borc_detay_id":25401,"odenen_anapara":800}
[2025-10-04 10:03:32] [INFO] Tahsilat-Borç eşleştirme işlemi başlatıldı {"onay_id":"7306","gelen_tutar":400,"kullanici_id":147}
[2025-10-04 10:03:32] [INFO] Ana tahsilat kaydı oluşturuldu ve kasaya eklendi. {"tahsilat_id":"1935","kasa_hareket_id":"RjHyH09dBoj1MjeEr5wE5KK96I_2fvp-lpUGmjFd8Q%2A%2A","tutar":400}
[2025-10-04 10:03:32] [INFO] Borç detayları alındı. {"borc_detay_bilgisi":"[\n    {\n        \"id\": 23065,\n        \"borc_tutari\": \"400.00\",\n        \"gun_farki\": 218,\n        \"gecikme_zammi\": \"0.00\",\n        \"ceza_orani\": \"0.00\",\n        \"toplam_borc\": \"400.00\",\n        \"toplam_odenen\": null,\n        \"anapara_tahsilat\": null,\n        \"gecikme_zammi_odemesi\": null,\n        \"kalan_toplam_borc\": \"400.00\",\n        \"kalan_gecikme_zammi\": \"0.00\"\n    }\n]"}
[2025-10-04 10:03:32] [INFO] Borç kaydı işleniyor. {"borc_detay_id":23065,"kalan_dagitilacak_tutar":400}
[2025-10-04 10:03:32] [INFO] Anapara için tahsilat detayı oluşturuldu. {"borc_detay_id":23065,"odenen_anapara":400}
[2025-10-04 10:03:38] [INFO] Tahsilat-Borç eşleştirme işlemi başlatıldı {"onay_id":"7308","gelen_tutar":400,"kullanici_id":147}
[2025-10-04 10:03:38] [INFO] Ana tahsilat kaydı oluşturuldu ve kasaya eklendi. {"tahsilat_id":"1936","kasa_hareket_id":"N8UeISfZNqZqmLsIONxIjbYs7PFWU2br2mkGsnFtJQ%2A%2A","tutar":400}
[2025-10-04 10:03:38] [INFO] Borç detayları alındı. {"borc_detay_bilgisi":"[\n    {\n        \"id\": 23789,\n        \"borc_tutari\": \"400.00\",\n        \"gun_farki\": 187,\n        \"gecikme_zammi\": \"0.00\",\n        \"ceza_orani\": \"0.00\",\n        \"toplam_borc\": \"400.00\",\n        \"toplam_odenen\": null,\n        \"anapara_tahsilat\": null,\n        \"gecikme_zammi_odemesi\": null,\n        \"kalan_toplam_borc\": \"400.00\",\n        \"kalan_gecikme_zammi\": \"0.00\"\n    }\n]"}
[2025-10-04 10:03:38] [INFO] Borç kaydı işleniyor. {"borc_detay_id":23789,"kalan_dagitilacak_tutar":400}
[2025-10-04 10:03:38] [INFO] Anapara için tahsilat detayı oluşturuldu. {"borc_detay_id":23789,"odenen_anapara":400}
[2025-10-04 10:03:51] [INFO] Tahsilat-Borç eşleştirme işlemi başlatıldı {"onay_id":"7307","gelen_tutar":400,"kullanici_id":147}
[2025-10-04 10:03:51] [INFO] Ana tahsilat kaydı oluşturuldu ve kasaya eklendi. {"tahsilat_id":"1937","kasa_hareket_id":"QgwEZpYpFM6nWTD7LjeKs1ZQkRmu88pQmQUbDjjryg%2A%2A","tutar":400}
[2025-10-04 10:03:51] [INFO] Borç detayları alındı. {"borc_detay_bilgisi":"[\n    {\n        \"id\": 23968,\n        \"borc_tutari\": \"400.00\",\n        \"gun_farki\": 157,\n        \"gecikme_zammi\": \"0.00\",\n        \"ceza_orani\": \"0.00\",\n        \"toplam_borc\": \"400.00\",\n        \"toplam_odenen\": null,\n        \"anapara_tahsilat\": null,\n        \"gecikme_zammi_odemesi\": null,\n        \"kalan_toplam_borc\": \"400.00\",\n        \"kalan_gecikme_zammi\": \"0.00\"\n    }\n]"}
[2025-10-04 10:03:51] [INFO] Borç kaydı işleniyor. {"borc_detay_id":23968,"kalan_dagitilacak_tutar":400}
[2025-10-04 10:03:51] [INFO] Anapara için tahsilat detayı oluşturuldu. {"borc_detay_id":23968,"odenen_anapara":400}
[2025-10-04 10:04:03] [INFO] Tahsilat-Borç eşleştirme işlemi başlatıldı {"onay_id":"7309","gelen_tutar":400,"kullanici_id":147}
[2025-10-04 10:04:03] [INFO] Ana tahsilat kaydı oluşturuldu ve kasaya eklendi. {"tahsilat_id":"1938","kasa_hareket_id":"1knr5t8gyxboQF4b_1txeIBr6i8whycOMf_8mfXjaw%2A%2A","tutar":400}
[2025-10-04 10:04:03] [INFO] Borç detayları alındı. {"borc_detay_bilgisi":"[\n    {\n        \"id\": 24686,\n        \"borc_tutari\": \"400.00\",\n        \"gun_farki\": 126,\n        \"gecikme_zammi\": \"0.00\",\n        \"ceza_orani\": \"0.00\",\n        \"toplam_borc\": \"400.00\",\n        \"toplam_odenen\": null,\n        \"anapara_tahsilat\": null,\n        \"gecikme_zammi_odemesi\": null,\n        \"kalan_toplam_borc\": \"400.00\",\n        \"kalan_gecikme_zammi\": \"0.00\"\n    }\n]"}
[2025-10-04 10:04:03] [INFO] Borç kaydı işleniyor. {"borc_detay_id":24686,"kalan_dagitilacak_tutar":400}
[2025-10-04 10:04:03] [INFO] Anapara için tahsilat detayı oluşturuldu. {"borc_detay_id":24686,"odenen_anapara":400}
[2025-10-04 10:04:21] [INFO] Tahsilat-Borç eşleştirme işlemi başlatıldı {"onay_id":"7313","gelen_tutar":400,"kullanici_id":147}
[2025-10-04 10:04:21] [INFO] Ana tahsilat kaydı oluşturuldu ve kasaya eklendi. {"tahsilat_id":"1939","kasa_hareket_id":"nurQlvZGFxfePgeiVL-00jxw61n9D-mPOZ3ofIy8Aw%2A%2A","tutar":400}
[2025-10-04 10:04:21] [INFO] Borç detayları alındı. {"borc_detay_bilgisi":"[\n    {\n        \"id\": 25044,\n        \"borc_tutari\": \"800.00\",\n        \"gun_farki\": 65,\n        \"gecikme_zammi\": \"0.00\",\n        \"ceza_orani\": \"0.00\",\n        \"toplam_borc\": \"800.00\",\n        \"toplam_odenen\": null,\n        \"anapara_tahsilat\": null,\n        \"gecikme_zammi_odemesi\": null,\n        \"kalan_toplam_borc\": \"800.00\",\n        \"kalan_gecikme_zammi\": \"0.00\"\n    }\n]"}
[2025-10-04 10:04:21] [INFO] Borç kaydı işleniyor. {"borc_detay_id":25044,"kalan_dagitilacak_tutar":400}
[2025-10-04 10:04:21] [INFO] Anapara için tahsilat detayı oluşturuldu. {"borc_detay_id":25044,"odenen_anapara":400}
[2025-10-04 10:04:34] [INFO] Tahsilat-Borç eşleştirme işlemi başlatıldı {"onay_id":"7312","gelen_tutar":800,"kullanici_id":147}
[2025-10-04 10:04:34] [INFO] Ana tahsilat kaydı oluşturuldu ve kasaya eklendi. {"tahsilat_id":"1940","kasa_hareket_id":"kmCPqIWXBhg3hIl5GFjs_LeBOP6Yu20_m_Y4vOdM5g%2A%2A","tutar":800}
[2025-10-04 10:04:34] [INFO] Borç detayları alındı. {"borc_detay_bilgisi":"[\n    {\n        \"id\": 25223,\n        \"borc_tutari\": \"800.00\",\n        \"gun_farki\": 34,\n        \"gecikme_zammi\": \"0.00\",\n        \"ceza_orani\": \"0.00\",\n        \"toplam_borc\": \"800.00\",\n        \"toplam_odenen\": null,\n        \"anapara_tahsilat\": null,\n        \"gecikme_zammi_odemesi\": null,\n        \"kalan_toplam_borc\": \"800.00\",\n        \"kalan_gecikme_zammi\": \"0.00\"\n    }\n]"}
[2025-10-04 10:04:34] [INFO] Borç kaydı işleniyor. {"borc_detay_id":25223,"kalan_dagitilacak_tutar":800}
[2025-10-04 10:04:34] [INFO] Anapara için tahsilat detayı oluşturuldu. {"borc_detay_id":25223,"odenen_anapara":800}
[2025-10-04 10:04:41] [INFO] Tahsilat-Borç eşleştirme işlemi başlatıldı {"onay_id":"7311","gelen_tutar":800,"kullanici_id":147}
[2025-10-04 10:04:41] [INFO] Ana tahsilat kaydı oluşturuldu ve kasaya eklendi. {"tahsilat_id":"1941","kasa_hareket_id":"2_TjYY33Sa3yUEGFHoNv5ukV4ovWGgfxCZCNVi7cZw%2A%2A","tutar":800}
[2025-10-04 10:04:41] [INFO] Borç detayları alındı. {"borc_detay_bilgisi":"[\n    {\n        \"id\": 25402,\n        \"borc_tutari\": \"800.00\",\n        \"gun_farki\": 4,\n        \"gecikme_zammi\": \"0.00\",\n        \"ceza_orani\": \"0.00\",\n        \"toplam_borc\": \"800.00\",\n        \"toplam_odenen\": null,\n        \"anapara_tahsilat\": null,\n        \"gecikme_zammi_odemesi\": null,\n        \"kalan_toplam_borc\": \"800.00\",\n        \"kalan_gecikme_zammi\": \"0.00\"\n    }\n]"}
[2025-10-04 10:04:41] [INFO] Borç kaydı işleniyor. {"borc_detay_id":25402,"kalan_dagitilacak_tutar":800}
[2025-10-04 10:04:41] [INFO] Anapara için tahsilat detayı oluşturuldu. {"borc_detay_id":25402,"odenen_anapara":800}
[2025-10-04 10:04:50] [INFO] Tahsilat-Borç eşleştirme işlemi başlatıldı {"onay_id":"7310","gelen_tutar":400,"kullanici_id":147}
[2025-10-04 10:04:50] [INFO] Ana tahsilat kaydı oluşturuldu ve kasaya eklendi. {"tahsilat_id":"1942","kasa_hareket_id":"mGaMBwb8yruNENA387QXSlrRTby5lZY0YkSK8WvsJw%2A%2A","tutar":400}
[2025-10-04 10:04:50] [INFO] Borç detayları alındı. {"borc_detay_bilgisi":"[\n    {\n        \"id\": 24865,\n        \"borc_tutari\": \"400.00\",\n        \"gun_farki\": 96,\n        \"gecikme_zammi\": \"0.00\",\n        \"ceza_orani\": \"0.00\",\n        \"toplam_borc\": \"400.00\",\n        \"toplam_odenen\": null,\n        \"anapara_tahsilat\": null,\n        \"gecikme_zammi_odemesi\": null,\n        \"kalan_toplam_borc\": \"400.00\",\n        \"kalan_gecikme_zammi\": \"0.00\"\n    }\n]"}
[2025-10-04 10:04:50] [INFO] Borç kaydı işleniyor. {"borc_detay_id":24865,"kalan_dagitilacak_tutar":400}
[2025-10-04 10:04:50] [INFO] Anapara için tahsilat detayı oluşturuldu. {"borc_detay_id":24865,"odenen_anapara":400}
[2025-10-04 10:09:19] [INFO] Gecikme zammı ödemesi: 0.00 TL, kalan ödenecek tutar: 1660.00 TL 
[2025-10-04 10:09:19] [INFO] Gecikme zammı ödemesi: 0.00 TL, kalan ödenecek tutar: 1060 TL 
[2025-10-04 10:09:44] [INFO] Gecikme zammı ödemesi: 0.00 TL, kalan ödenecek tutar: 385 TL 
[2025-10-04 10:10:16] [INFO] Tahsilat ID 1943 için ilişkili kredi kayıtları silindi. 
[2025-10-04 10:10:17] [INFO] Tahsilat ID 1943 için ilişkili kasa hareketleri silindi. 
[2025-10-04 10:10:17] [INFO] Tahsilat ID 1943 kaydı ve ilişkili tüm veriler silindi. 
[2025-10-04 10:17:48] [INFO] Gecikme zammı ödemesi: 0.00 TL, kalan ödenecek tutar: 15.00 TL 
[2025-10-04 10:19:13] [INFO] Gecikme zammı ödemesi: 0.00 TL, kalan ödenecek tutar: 600.00 TL 
[2025-10-04 10:19:44] [INFO] Tahsilat ID 1947 için ilişkili kasa hareketleri silindi. 
[2025-10-04 10:19:44] [INFO] Tahsilat ID 1947 için ilişkili tahsilat detayları silindi. 
[2025-10-04 10:19:44] [INFO] Tahsilat ID 1947 kaydı ve ilişkili tüm veriler silindi. 
[2025-10-04 10:19:47] [INFO] Tahsilat ID 1948 için ilişkili kasa hareketleri silindi. 
[2025-10-04 10:19:47] [INFO] Tahsilat ID 1948 için ilişkili tahsilat detayları silindi. 
[2025-10-04 10:19:47] [INFO] Tahsilat ID 1948 kaydı ve ilişkili tüm veriler silindi. 
[2025-10-04 10:49:46] [INFO] Gecikme zammı ödemesi: 0.00 TL, kalan ödenecek tutar: 15.00 TL 
[2025-10-04 10:59:15] [INFO] Gecikme zammı ödemesi: 0.00 TL, kalan ödenecek tutar: 600.00 TL 
[2025-10-04 11:03:06] [INFO] Gecikme zammı ödemesi: 0.00 TL, kalan ödenecek tutar: 400.00 TL 
[2025-10-04 11:04:39] [INFO] Tahsilat ID 1951 için ilişkili kasa hareketleri silindi. 
[2025-10-04 11:04:39] [INFO] Tahsilat ID 1951 için ilişkili tahsilat detayları silindi. 
[2025-10-04 11:04:39] [INFO] Tahsilat ID 1951 kaydı ve ilişkili tüm veriler silindi. 
[2025-10-04 11:04:45] [INFO] Tahsilat ID 1950 için ilişkili kasa hareketleri silindi. 
[2025-10-04 11:04:45] [INFO] Tahsilat ID 1950 için ilişkili tahsilat detayları silindi. 
[2025-10-04 11:04:45] [INFO] Tahsilat ID 1950 kaydı ve ilişkili tüm veriler silindi. 
[2025-10-04 11:04:48] [INFO] Tahsilat ID 1949 için ilişkili kasa hareketleri silindi. 
[2025-10-04 11:04:48] [INFO] Tahsilat ID 1949 için ilişkili tahsilat detayları silindi. 
[2025-10-04 11:04:48] [INFO] Tahsilat ID 1949 kaydı ve ilişkili tüm veriler silindi. 
[2025-10-04 11:05:32] [INFO] Tahsilat-Borç eşleştirme işlemi başlatıldı {"onay_id":"6783","gelen_tutar":1060,"kullanici_id":147}
[2025-10-04 11:05:32] [INFO] Ana tahsilat kaydı oluşturuldu ve kasaya eklendi. {"tahsilat_id":"1952","kasa_hareket_id":"WD9altUPf9dm9b_2ztacksz6d1VkuSOg5HsWUDPDEg%2A%2A","tutar":1060}
[2025-10-04 11:05:32] [INFO] Borç detayları alındı. {"borc_detay_bilgisi":"[\n    {\n        \"id\": 25940,\n        \"borc_tutari\": \"1060.00\",\n        \"gun_farki\": 96,\n        \"gecikme_zammi\": \"0.00\",\n        \"ceza_orani\": \"0.00\",\n        \"toplam_borc\": \"1060.00\",\n        \"toplam_odenen\": null,\n        \"anapara_tahsilat\": null,\n        \"gecikme_zammi_odemesi\": null,\n        \"kalan_toplam_borc\": \"1060.00\",\n        \"kalan_gecikme_zammi\": \"0.00\"\n    }\n]"}
[2025-10-04 11:05:32] [INFO] Borç kaydı işleniyor. {"borc_detay_id":25940,"kalan_dagitilacak_tutar":1060}
[2025-10-04 11:05:32] [INFO] Anapara için tahsilat detayı oluşturuldu. {"borc_detay_id":25940,"odenen_anapara":1060}
[2025-10-04 11:07:15] [INFO] Tahsilat eşleşmeyen havuzuna gönderme işlemi başlatıldı {"onay_id":"6974","kullanici_id":147}
[2025-10-04 11:07:15] [INFO] Tahsilat havuzu kaydı oluşturuldu. {"tahsilat_havuzu_id":"6565"}
[2025-10-04 11:07:15] [INFO] Tahsilat onay kaydı güncellendi. {"onay_id":"6974","onay_durumu":1}
[2025-10-04 11:07:18] [INFO] Tahsilat eşleşmeyen havuzuna gönderme işlemi başlatıldı {"onay_id":"6845","kullanici_id":147}
[2025-10-04 11:07:18] [INFO] Tahsilat havuzu kaydı oluşturuldu. {"tahsilat_havuzu_id":"6566"}
[2025-10-04 11:07:18] [INFO] Tahsilat onay kaydı güncellendi. {"onay_id":"6845","onay_durumu":1}
[2025-10-04 11:08:40] [INFO] Tahsilat-Borç eşleştirme işlemi başlatıldı {"onay_id":"7314","gelen_tutar":600,"kullanici_id":147}
[2025-10-04 11:08:40] [INFO] Ana tahsilat kaydı oluşturuldu ve kasaya eklendi. {"tahsilat_id":"1953","kasa_hareket_id":"yEVUN5EEgP8eDlyG6fwp0WKvDAdbFO3ZIYu3-U6JWg%2A%2A","tutar":600}
[2025-10-04 11:08:40] [INFO] Borç detayları alındı. {"borc_detay_bilgisi":"[\n    {\n        \"id\": 24327,\n        \"borc_tutari\": \"600.00\",\n        \"gun_farki\": 157,\n        \"gecikme_zammi\": \"0.00\",\n        \"ceza_orani\": \"0.00\",\n        \"toplam_borc\": \"600.00\",\n        \"toplam_odenen\": null,\n        \"anapara_tahsilat\": null,\n        \"gecikme_zammi_odemesi\": null,\n        \"kalan_toplam_borc\": \"600.00\",\n        \"kalan_gecikme_zammi\": \"0.00\"\n    }\n]"}
[2025-10-04 11:08:40] [INFO] Borç kaydı işleniyor. {"borc_detay_id":24327,"kalan_dagitilacak_tutar":600}
[2025-10-04 11:08:40] [INFO] Anapara için tahsilat detayı oluşturuldu. {"borc_detay_id":24327,"odenen_anapara":600}
[2025-10-04 11:08:49] [INFO] Tahsilat-Borç eşleştirme işlemi başlatıldı {"onay_id":"7315","gelen_tutar":600,"kullanici_id":147}
[2025-10-04 11:08:49] [INFO] Ana tahsilat kaydı oluşturuldu ve kasaya eklendi. {"tahsilat_id":"1954","kasa_hareket_id":"11-bODvRyuvqIbD4dUVE6SDH5Hnw4UoDQ90D6Tva4A%2A%2A","tutar":600}
[2025-10-04 11:08:49] [INFO] Borç detayları alındı. {"borc_detay_bilgisi":"[\n    {\n        \"id\": 24507,\n        \"borc_tutari\": \"600.00\",\n        \"gun_farki\": 126,\n        \"gecikme_zammi\": \"0.00\",\n        \"ceza_orani\": \"0.00\",\n        \"toplam_borc\": \"600.00\",\n        \"toplam_odenen\": null,\n        \"anapara_tahsilat\": null,\n        \"gecikme_zammi_odemesi\": null,\n        \"kalan_toplam_borc\": \"600.00\",\n        \"kalan_gecikme_zammi\": \"0.00\"\n    }\n]"}
[2025-10-04 11:08:49] [INFO] Borç kaydı işleniyor. {"borc_detay_id":24507,"kalan_dagitilacak_tutar":600}
[2025-10-04 11:08:49] [INFO] Anapara için tahsilat detayı oluşturuldu. {"borc_detay_id":24507,"odenen_anapara":600}
[2025-10-04 11:08:57] [INFO] Tahsilat-Borç eşleştirme işlemi başlatıldı {"onay_id":"6400","gelen_tutar":800,"kullanici_id":147}
[2025-10-04 11:08:57] [INFO] Ana tahsilat kaydı oluşturuldu ve kasaya eklendi. {"tahsilat_id":"1955","kasa_hareket_id":"PSjCiPebEA3Ok4-WQwEZMZqVdJIXyDut1dMCAx8YmA%2A%2A","tutar":800}
[2025-10-04 11:08:57] [INFO] Borç detayları alındı. {"borc_detay_bilgisi":"[\n    {\n        \"id\": 25403,\n        \"borc_tutari\": \"800.00\",\n        \"gun_farki\": 4,\n        \"gecikme_zammi\": \"0.00\",\n        \"ceza_orani\": \"0.00\",\n        \"toplam_borc\": \"800.00\",\n        \"toplam_odenen\": null,\n        \"anapara_tahsilat\": null,\n        \"gecikme_zammi_odemesi\": null,\n        \"kalan_toplam_borc\": \"800.00\",\n        \"kalan_gecikme_zammi\": \"0.00\"\n    }\n]"}
[2025-10-04 11:08:57] [INFO] Borç kaydı işleniyor. {"borc_detay_id":25403,"kalan_dagitilacak_tutar":800}
[2025-10-04 11:08:57] [INFO] Anapara için tahsilat detayı oluşturuldu. {"borc_detay_id":25403,"odenen_anapara":800}
[2025-10-04 11:09:04] [INFO] Tahsilat-Borç eşleştirme işlemi başlatıldı {"onay_id":"7317","gelen_tutar":400,"kullanici_id":147}
[2025-10-04 11:09:04] [INFO] Ana tahsilat kaydı oluşturuldu ve kasaya eklendi. {"tahsilat_id":"1956","kasa_hareket_id":"9Y-swhuhE5omvf7ZkBh99mPDtdy9wjQnceJBmf0sIQ%2A%2A","tutar":400}
[2025-10-04 11:09:04] [INFO] Borç detayları alındı. {"borc_detay_bilgisi":"[\n    {\n        \"id\": 24687,\n        \"borc_tutari\": \"400.00\",\n        \"gun_farki\": 126,\n        \"gecikme_zammi\": \"0.00\",\n        \"ceza_orani\": \"0.00\",\n        \"toplam_borc\": \"400.00\",\n        \"toplam_odenen\": null,\n        \"anapara_tahsilat\": null,\n        \"gecikme_zammi_odemesi\": null,\n        \"kalan_toplam_borc\": \"400.00\",\n        \"kalan_gecikme_zammi\": \"0.00\"\n    }\n]"}
[2025-10-04 11:09:04] [INFO] Borç kaydı işleniyor. {"borc_detay_id":24687,"kalan_dagitilacak_tutar":400}
[2025-10-04 11:09:04] [INFO] Anapara için tahsilat detayı oluşturuldu. {"borc_detay_id":24687,"odenen_anapara":400}
[2025-10-04 11:09:10] [INFO] Tahsilat-Borç eşleştirme işlemi başlatıldı {"onay_id":"7316","gelen_tutar":400,"kullanici_id":147}
[2025-10-04 11:09:10] [INFO] Ana tahsilat kaydı oluşturuldu ve kasaya eklendi. {"tahsilat_id":"1957","kasa_hareket_id":"Q4R_sJQHMSvWZSa0SJGUYpwjL_KcOeuiGB7iilCDlw%2A%2A","tutar":400}
[2025-10-04 11:09:10] [INFO] Borç detayları alındı. {"borc_detay_bilgisi":"[\n    {\n        \"id\": 23969,\n        \"borc_tutari\": \"400.00\",\n        \"gun_farki\": 157,\n        \"gecikme_zammi\": \"0.00\",\n        \"ceza_orani\": \"0.00\",\n        \"toplam_borc\": \"400.00\",\n        \"toplam_odenen\": null,\n        \"anapara_tahsilat\": null,\n        \"gecikme_zammi_odemesi\": null,\n        \"kalan_toplam_borc\": \"400.00\",\n        \"kalan_gecikme_zammi\": \"0.00\"\n    }\n]"}
[2025-10-04 11:09:10] [INFO] Borç kaydı işleniyor. {"borc_detay_id":23969,"kalan_dagitilacak_tutar":400}
[2025-10-04 11:09:10] [INFO] Anapara için tahsilat detayı oluşturuldu. {"borc_detay_id":23969,"odenen_anapara":400}
[2025-10-04 11:09:18] [INFO] Tahsilat-Borç eşleştirme işlemi başlatıldı {"onay_id":"7128","gelen_tutar":400,"kullanici_id":147}
[2025-10-04 11:09:18] [INFO] Ana tahsilat kaydı oluşturuldu ve kasaya eklendi. {"tahsilat_id":"1958","kasa_hareket_id":"jpRVc46VhZ2I2O88wmXtkkDAJ2K2jhnAd-0RCcq64Q%2A%2A","tutar":400}
[2025-10-04 11:09:18] [INFO] Borç detayları alındı. {"borc_detay_bilgisi":"[\n    {\n        \"id\": 23790,\n        \"borc_tutari\": \"400.00\",\n        \"gun_farki\": 187,\n        \"gecikme_zammi\": \"0.00\",\n        \"ceza_orani\": \"0.00\",\n        \"toplam_borc\": \"400.00\",\n        \"toplam_odenen\": null,\n        \"anapara_tahsilat\": null,\n        \"gecikme_zammi_odemesi\": null,\n        \"kalan_toplam_borc\": \"400.00\",\n        \"kalan_gecikme_zammi\": \"0.00\"\n    }\n]"}
[2025-10-04 11:09:18] [INFO] Borç kaydı işleniyor. {"borc_detay_id":23790,"kalan_dagitilacak_tutar":400}
[2025-10-04 11:09:18] [INFO] Anapara için tahsilat detayı oluşturuldu. {"borc_detay_id":23790,"odenen_anapara":400}
[2025-10-04 11:09:23] [INFO] Tahsilat-Borç eşleştirme işlemi başlatıldı {"onay_id":"6486","gelen_tutar":800,"kullanici_id":147}
[2025-10-04 11:09:23] [INFO] Ana tahsilat kaydı oluşturuldu ve kasaya eklendi. {"tahsilat_id":"1959","kasa_hareket_id":"QFj9cNl7kYiXazreLhdbf-zUUtXYq9fYxF4VBFWqog%2A%2A","tutar":800}
[2025-10-04 11:09:23] [INFO] Borç detayları alındı. {"borc_detay_bilgisi":"[\n    {\n        \"id\": 25224,\n        \"borc_tutari\": \"800.00\",\n        \"gun_farki\": 34,\n        \"gecikme_zammi\": \"0.00\",\n        \"ceza_orani\": \"0.00\",\n        \"toplam_borc\": \"800.00\",\n        \"toplam_odenen\": null,\n        \"anapara_tahsilat\": null,\n        \"gecikme_zammi_odemesi\": null,\n        \"kalan_toplam_borc\": \"800.00\",\n        \"kalan_gecikme_zammi\": \"0.00\"\n    }\n]"}
[2025-10-04 11:09:23] [INFO] Borç kaydı işleniyor. {"borc_detay_id":25224,"kalan_dagitilacak_tutar":800}
[2025-10-04 11:09:23] [INFO] Anapara için tahsilat detayı oluşturuldu. {"borc_detay_id":25224,"odenen_anapara":800}
[2025-10-04 11:09:29] [INFO] Tahsilat-Borç eşleştirme işlemi başlatıldı {"onay_id":"6714","gelen_tutar":400,"kullanici_id":147}
[2025-10-04 11:09:29] [INFO] Ana tahsilat kaydı oluşturuldu ve kasaya eklendi. {"tahsilat_id":"1960","kasa_hareket_id":"uopCd0YpZqe13iNLd5iprQILzt5owV9u60vKXO7rJg%2A%2A","tutar":400}
[2025-10-04 11:09:29] [INFO] Borç detayları alındı. {"borc_detay_bilgisi":"[\n    {\n        \"id\": 24866,\n        \"borc_tutari\": \"400.00\",\n        \"gun_farki\": 96,\n        \"gecikme_zammi\": \"0.00\",\n        \"ceza_orani\": \"0.00\",\n        \"toplam_borc\": \"400.00\",\n        \"toplam_odenen\": null,\n        \"anapara_tahsilat\": null,\n        \"gecikme_zammi_odemesi\": null,\n        \"kalan_toplam_borc\": \"400.00\",\n        \"kalan_gecikme_zammi\": \"0.00\"\n    }\n]"}
[2025-10-04 11:09:29] [INFO] Borç kaydı işleniyor. {"borc_detay_id":24866,"kalan_dagitilacak_tutar":400}
[2025-10-04 11:09:29] [INFO] Anapara için tahsilat detayı oluşturuldu. {"borc_detay_id":24866,"odenen_anapara":400}
[2025-10-04 11:10:23] [INFO] Borçlandırma kaydı başarıyla oluşturuldu: {"id":"23603","borclandirma_id":"184","borc_adi":"DEV\u0130R","kisi_id":"184","daire_id":9,"tutar":"683.84","baslangic_tarihi":"2024-01-01","bitis_tarihi":"2024-12-31","son_odeme_tarihi":"2024-12-31","ceza_orani":"0.00","aciklama":"2024 DEV\u0130R"} 
[2025-10-04 11:11:10] [INFO] Tahsilat-Borç eşleştirme işlemi başlatıldı {"onay_id":"7018","gelen_tutar":684,"kullanici_id":147}
[2025-10-04 11:11:10] [INFO] Ana tahsilat kaydı oluşturuldu ve kasaya eklendi. {"tahsilat_id":"1961","kasa_hareket_id":"Sa6MHrg27c86nbF_fot9U4Kz6y85Gc05o-2qrz45xw%2A%2A","tutar":684}
[2025-10-04 11:11:10] [INFO] Borç detayları alındı. {"borc_detay_bilgisi":"[\n    {\n        \"id\": 23603,\n        \"borc_tutari\": \"683.84\",\n        \"gun_farki\": 277,\n        \"gecikme_zammi\": \"0.00\",\n        \"ceza_orani\": \"0.00\",\n        \"toplam_borc\": \"683.84\",\n        \"toplam_odenen\": null,\n        \"anapara_tahsilat\": null,\n        \"gecikme_zammi_odemesi\": null,\n        \"kalan_toplam_borc\": \"683.84\",\n        \"kalan_gecikme_zammi\": \"0.00\"\n    }\n]"}
[2025-10-04 11:11:10] [INFO] Borç kaydı işleniyor. {"borc_detay_id":23603,"kalan_dagitilacak_tutar":684}
[2025-10-04 11:11:10] [INFO] Anapara için tahsilat detayı oluşturuldu. {"borc_detay_id":23603,"odenen_anapara":683.84}
[2025-10-04 11:11:10] [INFO] Artan tutar krediye eklendi. {"kisi_id":"184","kredi_tutari":0.15999999999996817}
[2025-10-04 11:12:56] [INFO] Borçlandırma kaydı başarıyla oluşturuldu: {"id":0,"borclandirma_id":"180","borc_adi":"A\u0130DAT","kisi_id":"184","daire_id":9,"tutar":"400","baslangic_tarihi":"2025-02-01","bitis_tarihi":"2025-02-28","son_odeme_tarihi":"2025-02-28","ceza_orani":"","aciklama":"\u015eUBAT 2025 A\u0130DAT"} 
[2025-10-04 11:13:42] [INFO] Tahsilat-Borç eşleştirme işlemi başlatıldı {"onay_id":"7236","gelen_tutar":200,"kullanici_id":147}
[2025-10-04 11:13:42] [INFO] Ana tahsilat kaydı oluşturuldu ve kasaya eklendi. {"tahsilat_id":"1962","kasa_hareket_id":"WQOEe8E3xssVK_8a0FwrzMp_IxDz5XIdpwHXtySdtA%2A%2A","tutar":200}
[2025-10-04 11:13:42] [INFO] Borç detayları alındı. {"borc_detay_bilgisi":"[\n    {\n        \"id\": 26115,\n        \"borc_tutari\": \"400.00\",\n        \"gun_farki\": 218,\n        \"gecikme_zammi\": \"0.00\",\n        \"ceza_orani\": \"0.00\",\n        \"toplam_borc\": \"400.00\",\n        \"toplam_odenen\": null,\n        \"anapara_tahsilat\": null,\n        \"gecikme_zammi_odemesi\": null,\n        \"kalan_toplam_borc\": \"400.00\",\n        \"kalan_gecikme_zammi\": \"0.00\"\n    }\n]"}
[2025-10-04 11:13:42] [INFO] Borç kaydı işleniyor. {"borc_detay_id":26115,"kalan_dagitilacak_tutar":200}
[2025-10-04 11:13:42] [INFO] Anapara için tahsilat detayı oluşturuldu. {"borc_detay_id":26115,"odenen_anapara":200}
[2025-10-04 11:15:59] [INFO] Gecikme zammı ödemesi: 0.00 TL, kalan ödenecek tutar: 600.00 TL 
[2025-10-04 11:15:59] [INFO] Gecikme zammı ödemesi: 0.00 TL, kalan ödenecek tutar: 200 TL 
[2025-10-04 11:17:27] [INFO] Gecikme zammı ödemesi: 0.00 TL, kalan ödenecek tutar: 400.00 TL 
[2025-10-04 11:18:38] [INFO] Borçlandırma kaydı başarıyla oluşturuldu: {"id":"23604","borclandirma_id":"184","borc_adi":"DEV\u0130R","kisi_id":"10","daire_id":10,"tutar":"666.01","baslangic_tarihi":"2024-01-01","bitis_tarihi":"2024-12-31","son_odeme_tarihi":"2024-12-31","ceza_orani":"0.00","aciklama":"2024 YILINDAN DEV\u0130R BORCU"} 
[2025-10-04 11:19:55] [INFO] Gecikme zammı ödemesi: 0.00 TL, kalan ödenecek tutar: 1467 TL 
[2025-10-04 11:19:55] [INFO] Gecikme zammı ödemesi: 0.00 TL, kalan ödenecek tutar: 800.99 TL 
[2025-10-04 11:19:55] [INFO] Gecikme zammı ödemesi: 0.00 TL, kalan ödenecek tutar: 400.99 TL 
[2025-10-04 11:21:29] [INFO] Tahsilat-Borç eşleştirme işlemi başlatıldı {"onay_id":"7318","gelen_tutar":800,"kullanici_id":147}
[2025-10-04 11:21:29] [INFO] Ana tahsilat kaydı oluşturuldu ve kasaya eklendi. {"tahsilat_id":"1966","kasa_hareket_id":"gEljOx2U1c8q2MqObHpETQEoBk3qttEJaRgpHLhttg%2A%2A","tutar":800}
[2025-10-04 11:21:29] [INFO] Borç detayları alındı. {"borc_detay_bilgisi":"[\n    {\n        \"id\": 25404,\n        \"borc_tutari\": \"800.00\",\n        \"gun_farki\": 4,\n        \"gecikme_zammi\": \"0.00\",\n        \"ceza_orani\": \"0.00\",\n        \"toplam_borc\": \"800.00\",\n        \"toplam_odenen\": null,\n        \"anapara_tahsilat\": null,\n        \"gecikme_zammi_odemesi\": null,\n        \"kalan_toplam_borc\": \"800.00\",\n        \"kalan_gecikme_zammi\": \"0.00\"\n    }\n]"}
[2025-10-04 11:21:29] [INFO] Borç kaydı işleniyor. {"borc_detay_id":25404,"kalan_dagitilacak_tutar":800}
[2025-10-04 11:21:29] [INFO] Anapara için tahsilat detayı oluşturuldu. {"borc_detay_id":25404,"odenen_anapara":800}
[2025-10-04 11:21:37] [INFO] Tahsilat-Borç eşleştirme işlemi başlatıldı {"onay_id":"7323","gelen_tutar":800,"kullanici_id":147}
[2025-10-04 11:21:37] [INFO] Ana tahsilat kaydı oluşturuldu ve kasaya eklendi. {"tahsilat_id":"1967","kasa_hareket_id":"P-0Y-r-CWdOzsSqmT49lfRRaNONiWNPy1Onf7H9a5g%2A%2A","tutar":800}
[2025-10-04 11:21:37] [INFO] Borç detayları alındı. {"borc_detay_bilgisi":"[\n    {\n        \"id\": 25225,\n        \"borc_tutari\": \"800.00\",\n        \"gun_farki\": 34,\n        \"gecikme_zammi\": \"0.00\",\n        \"ceza_orani\": \"0.00\",\n        \"toplam_borc\": \"800.00\",\n        \"toplam_odenen\": null,\n        \"anapara_tahsilat\": null,\n        \"gecikme_zammi_odemesi\": null,\n        \"kalan_toplam_borc\": \"800.00\",\n        \"kalan_gecikme_zammi\": \"0.00\"\n    }\n]"}
[2025-10-04 11:21:37] [INFO] Borç kaydı işleniyor. {"borc_detay_id":25225,"kalan_dagitilacak_tutar":800}
[2025-10-04 11:21:37] [INFO] Anapara için tahsilat detayı oluşturuldu. {"borc_detay_id":25225,"odenen_anapara":800}
[2025-10-04 11:21:46] [INFO] Tahsilat-Borç eşleştirme işlemi başlatıldı {"onay_id":"7322","gelen_tutar":400,"kullanici_id":147}
[2025-10-04 11:21:46] [INFO] Ana tahsilat kaydı oluşturuldu ve kasaya eklendi. {"tahsilat_id":"1968","kasa_hareket_id":"kXBwqYVKZyz10uG9BwESqAfFOJ6ZwAGUuJi5eq7WHQ%2A%2A","tutar":400}
[2025-10-04 11:21:46] [INFO] Borç detayları alındı. {"borc_detay_bilgisi":"[\n    {\n        \"id\": 24867,\n        \"borc_tutari\": \"400.00\",\n        \"gun_farki\": 96,\n        \"gecikme_zammi\": \"0.00\",\n        \"ceza_orani\": \"0.00\",\n        \"toplam_borc\": \"400.00\",\n        \"toplam_odenen\": null,\n        \"anapara_tahsilat\": null,\n        \"gecikme_zammi_odemesi\": null,\n        \"kalan_toplam_borc\": \"400.00\",\n        \"kalan_gecikme_zammi\": \"0.00\"\n    }\n]"}
[2025-10-04 11:21:46] [INFO] Borç kaydı işleniyor. {"borc_detay_id":24867,"kalan_dagitilacak_tutar":400}
[2025-10-04 11:21:46] [INFO] Anapara için tahsilat detayı oluşturuldu. {"borc_detay_id":24867,"odenen_anapara":400}
[2025-10-04 11:21:52] [INFO] Tahsilat-Borç eşleştirme işlemi başlatıldı {"onay_id":"7319","gelen_tutar":800,"kullanici_id":147}
[2025-10-04 11:21:52] [INFO] Ana tahsilat kaydı oluşturuldu ve kasaya eklendi. {"tahsilat_id":"1969","kasa_hareket_id":"PIDG_6M56AvDhwIlCWae7tMac-ySd9yEBgAZlysvnA%2A%2A","tutar":800}
[2025-10-04 11:21:52] [INFO] Borç detayları alındı. {"borc_detay_bilgisi":"[\n    {\n        \"id\": 25046,\n        \"borc_tutari\": \"800.00\",\n        \"gun_farki\": 65,\n        \"gecikme_zammi\": \"0.00\",\n        \"ceza_orani\": \"0.00\",\n        \"toplam_borc\": \"800.00\",\n        \"toplam_odenen\": null,\n        \"anapara_tahsilat\": null,\n        \"gecikme_zammi_odemesi\": null,\n        \"kalan_toplam_borc\": \"800.00\",\n        \"kalan_gecikme_zammi\": \"0.00\"\n    }\n]"}
[2025-10-04 11:21:52] [INFO] Borç kaydı işleniyor. {"borc_detay_id":25046,"kalan_dagitilacak_tutar":800}
[2025-10-04 11:21:52] [INFO] Anapara için tahsilat detayı oluşturuldu. {"borc_detay_id":25046,"odenen_anapara":800}
[2025-10-04 11:22:00] [INFO] Tahsilat-Borç eşleştirme işlemi başlatıldı {"onay_id":"7320","gelen_tutar":1000,"kullanici_id":147}
[2025-10-04 11:22:00] [INFO] Ana tahsilat kaydı oluşturuldu ve kasaya eklendi. {"tahsilat_id":"1970","kasa_hareket_id":"HdMCuHUxKMUynpFT7pwR5f6M0-gfdq-QxOVPEvs2Zg%2A%2A","tutar":1000}
[2025-10-04 11:22:00] [INFO] Borç detayları alındı. {"borc_detay_bilgisi":"[\n    {\n        \"id\": 23970,\n        \"borc_tutari\": \"400.00\",\n        \"gun_farki\": 157,\n        \"gecikme_zammi\": \"0.00\",\n        \"ceza_orani\": \"0.00\",\n        \"toplam_borc\": \"400.00\",\n        \"toplam_odenen\": null,\n        \"anapara_tahsilat\": null,\n        \"gecikme_zammi_odemesi\": null,\n        \"kalan_toplam_borc\": \"400.00\",\n        \"kalan_gecikme_zammi\": \"0.00\"\n    },\n    {\n        \"id\": 24328,\n        \"borc_tutari\": \"600.00\",\n        \"gun_farki\": 157,\n        \"gecikme_zammi\": \"0.00\",\n        \"ceza_orani\": \"0.00\",\n        \"toplam_borc\": \"600.00\",\n        \"toplam_odenen\": null,\n        \"anapara_tahsilat\": null,\n        \"gecikme_zammi_odemesi\": null,\n        \"kalan_toplam_borc\": \"600.00\",\n        \"kalan_gecikme_zammi\": \"0.00\"\n    }\n]"}
[2025-10-04 11:22:00] [INFO] Borç kaydı işleniyor. {"borc_detay_id":23970,"kalan_dagitilacak_tutar":1000}
[2025-10-04 11:22:00] [INFO] Anapara için tahsilat detayı oluşturuldu. {"borc_detay_id":23970,"odenen_anapara":400}
[2025-10-04 11:22:00] [INFO] Borç kaydı işleniyor. {"borc_detay_id":24328,"kalan_dagitilacak_tutar":600}
[2025-10-04 11:22:00] [INFO] Anapara için tahsilat detayı oluşturuldu. {"borc_detay_id":24328,"odenen_anapara":600}
[2025-10-04 11:22:09] [INFO] Tahsilat-Borç eşleştirme işlemi başlatıldı {"onay_id":"7321","gelen_tutar":2060,"kullanici_id":147}
[2025-10-04 11:22:09] [INFO] Ana tahsilat kaydı oluşturuldu ve kasaya eklendi. {"tahsilat_id":"1971","kasa_hareket_id":"FojsfI1yq5NRAmqYM39l7CJCZ3aen_pTJWK-EIt8SA%2A%2A","tutar":2060}
[2025-10-04 11:22:09] [INFO] Borç detayları alındı. {"borc_detay_bilgisi":"[\n    {\n        \"id\": 24508,\n        \"borc_tutari\": \"600.00\",\n        \"gun_farki\": 126,\n        \"gecikme_zammi\": \"0.00\",\n        \"ceza_orani\": \"0.00\",\n        \"toplam_borc\": \"600.00\",\n        \"toplam_odenen\": null,\n        \"anapara_tahsilat\": null,\n        \"gecikme_zammi_odemesi\": null,\n        \"kalan_toplam_borc\": \"600.00\",\n        \"kalan_gecikme_zammi\": \"0.00\"\n    },\n    {\n        \"id\": 24688,\n        \"borc_tutari\": \"400.00\",\n        \"gun_farki\": 126,\n        \"gecikme_zammi\": \"0.00\",\n        \"ceza_orani\": \"0.00\",\n        \"toplam_borc\": \"400.00\",\n        \"toplam_odenen\": null,\n        \"anapara_tahsilat\": null,\n        \"gecikme_zammi_odemesi\": null,\n        \"kalan_toplam_borc\": \"400.00\",\n        \"kalan_gecikme_zammi\": \"0.00\"\n    },\n    {\n        \"id\": 25941,\n        \"borc_tutari\": \"1060.00\",\n        \"gun_farki\": 96,\n        \"gecikme_zammi\": \"0.00\",\n        \"ceza_orani\": \"0.00\",\n        \"toplam_borc\": \"1060.00\",\n        \"toplam_odenen\": null,\n        \"anapara_tahsilat\": null,\n        \"gecikme_zammi_odemesi\": null,\n        \"kalan_toplam_borc\": \"1060.00\",\n        \"kalan_gecikme_zammi\": \"0.00\"\n    }\n]"}
[2025-10-04 11:22:09] [INFO] Borç kaydı işleniyor. {"borc_detay_id":24508,"kalan_dagitilacak_tutar":2060}
[2025-10-04 11:22:09] [INFO] Anapara için tahsilat detayı oluşturuldu. {"borc_detay_id":24508,"odenen_anapara":600}
[2025-10-04 11:22:09] [INFO] Borç kaydı işleniyor. {"borc_detay_id":24688,"kalan_dagitilacak_tutar":1460}
[2025-10-04 11:22:09] [INFO] Anapara için tahsilat detayı oluşturuldu. {"borc_detay_id":24688,"odenen_anapara":400}
[2025-10-04 11:22:09] [INFO] Borç kaydı işleniyor. {"borc_detay_id":25941,"kalan_dagitilacak_tutar":1060}
[2025-10-04 11:22:09] [INFO] Anapara için tahsilat detayı oluşturuldu. {"borc_detay_id":25941,"odenen_anapara":1060}
[2025-10-04 20:37:04] [INFO] Tahsilat-Borç eşleştirme işlemi başlatıldı {"onay_id":"6422","gelen_tutar":800,"kullanici_id":147}
[2025-10-04 20:37:04] [INFO] Ana tahsilat kaydı oluşturuldu ve kasaya eklendi. {"tahsilat_id":"1972","kasa_hareket_id":"tpb16bzDTaccpV4u-7js70q_WBxiaA_OzMdG2ZOM-w%2A%2A","tutar":800}
[2025-10-04 20:37:04] [INFO] Borç detayları alındı. {"borc_detay_bilgisi":"[\n    {\n        \"id\": 25405,\n        \"borc_tutari\": \"800.00\",\n        \"gun_farki\": 4,\n        \"gecikme_zammi\": \"0.00\",\n        \"ceza_orani\": \"0.00\",\n        \"toplam_borc\": \"800.00\",\n        \"toplam_odenen\": null,\n        \"anapara_tahsilat\": null,\n        \"gecikme_zammi_odemesi\": null,\n        \"kalan_toplam_borc\": \"800.00\",\n        \"kalan_gecikme_zammi\": \"0.00\"\n    }\n]"}
[2025-10-04 20:37:04] [INFO] Borç kaydı işleniyor. {"borc_detay_id":25405,"kalan_dagitilacak_tutar":800}
[2025-10-04 20:37:04] [INFO] Anapara için tahsilat detayı oluşturuldu. {"borc_detay_id":25405,"odenen_anapara":800}
[2025-10-04 20:40:43] [INFO] Tahsilat-Borç eşleştirme işlemi başlatıldı {"onay_id":"6514","gelen_tutar":800,"kullanici_id":147}
[2025-10-04 20:40:43] [INFO] Ana tahsilat kaydı oluşturuldu ve kasaya eklendi. {"tahsilat_id":"1973","kasa_hareket_id":"ksAZSTWJ-soNlS0YcTCHalgb-i1-SE3jO-OrY7yjbA%2A%2A","tutar":800}
[2025-10-04 20:40:43] [INFO] Borç detayları alındı. {"borc_detay_bilgisi":"[\n    {\n        \"id\": 25226,\n        \"borc_tutari\": \"800.00\",\n        \"gun_farki\": 34,\n        \"gecikme_zammi\": \"0.00\",\n        \"ceza_orani\": \"0.00\",\n        \"toplam_borc\": \"800.00\",\n        \"toplam_odenen\": null,\n        \"anapara_tahsilat\": null,\n        \"gecikme_zammi_odemesi\": null,\n        \"kalan_toplam_borc\": \"800.00\",\n        \"kalan_gecikme_zammi\": \"0.00\"\n    }\n]"}
[2025-10-04 20:40:43] [INFO] Borç kaydı işleniyor. {"borc_detay_id":25226,"kalan_dagitilacak_tutar":800}
[2025-10-04 20:40:43] [INFO] Anapara için tahsilat detayı oluşturuldu. {"borc_detay_id":25226,"odenen_anapara":800}
[2025-10-04 20:40:53] [INFO] Tahsilat-Borç eşleştirme işlemi başlatıldı {"onay_id":"6627","gelen_tutar":800,"kullanici_id":147}
[2025-10-04 20:40:53] [INFO] Ana tahsilat kaydı oluşturuldu ve kasaya eklendi. {"tahsilat_id":"1974","kasa_hareket_id":"pt23l-kw-vGYAC2W4d92xGzlYTP2ck07tjOhwFX64A%2A%2A","tutar":800}
[2025-10-04 20:40:53] [INFO] Borç detayları alındı. {"borc_detay_bilgisi":"[\n    {\n        \"id\": 25047,\n        \"borc_tutari\": \"800.00\",\n        \"gun_farki\": 65,\n        \"gecikme_zammi\": \"0.00\",\n        \"ceza_orani\": \"0.00\",\n        \"toplam_borc\": \"800.00\",\n        \"toplam_odenen\": null,\n        \"anapara_tahsilat\": null,\n        \"gecikme_zammi_odemesi\": null,\n        \"kalan_toplam_borc\": \"800.00\",\n        \"kalan_gecikme_zammi\": \"0.00\"\n    }\n]"}
[2025-10-04 20:40:53] [INFO] Borç kaydı işleniyor. {"borc_detay_id":25047,"kalan_dagitilacak_tutar":800}
[2025-10-04 20:40:53] [INFO] Anapara için tahsilat detayı oluşturuldu. {"borc_detay_id":25047,"odenen_anapara":800}
[2025-10-04 20:42:05] [INFO] Tahsilat-Borç eşleştirme işlemi başlatıldı {"onay_id":"7149","gelen_tutar":400,"kullanici_id":147}
[2025-10-04 20:42:05] [INFO] Ana tahsilat kaydı oluşturuldu ve kasaya eklendi. {"tahsilat_id":"1975","kasa_hareket_id":"_TqcSF9Sfjt7MXTyPF0P6N-8QG6iAen2PDuEUsi4IQ%2A%2A","tutar":400}
[2025-10-04 20:42:05] [INFO] Borç detayları alındı. {"borc_detay_bilgisi":"[\n    {\n        \"id\": 23792,\n        \"borc_tutari\": \"400.00\",\n        \"gun_farki\": 187,\n        \"gecikme_zammi\": \"0.00\",\n        \"ceza_orani\": \"0.00\",\n        \"toplam_borc\": \"400.00\",\n        \"toplam_odenen\": null,\n        \"anapara_tahsilat\": null,\n        \"gecikme_zammi_odemesi\": null,\n        \"kalan_toplam_borc\": \"400.00\",\n        \"kalan_gecikme_zammi\": \"0.00\"\n    }\n]"}
[2025-10-04 20:42:05] [INFO] Borç kaydı işleniyor. {"borc_detay_id":23792,"kalan_dagitilacak_tutar":400}
[2025-10-04 20:42:05] [INFO] Anapara için tahsilat detayı oluşturuldu. {"borc_detay_id":23792,"odenen_anapara":400}
[2025-10-04 20:42:30] [INFO] Tahsilat-Borç eşleştirme işlemi başlatıldı {"onay_id":"7002","gelen_tutar":1000,"kullanici_id":147}
[2025-10-04 20:42:30] [INFO] Ana tahsilat kaydı oluşturuldu ve kasaya eklendi. {"tahsilat_id":"1976","kasa_hareket_id":"zSy2u9TEZcrawe69y3S3CxGawFOkvxb47DedgM0jIA%2A%2A","tutar":1000}
[2025-10-04 20:42:30] [INFO] Borç detayları alındı. {"borc_detay_bilgisi":"[\n    {\n        \"id\": 23971,\n        \"borc_tutari\": \"400.00\",\n        \"gun_farki\": 157,\n        \"gecikme_zammi\": \"0.00\",\n        \"ceza_orani\": \"0.00\",\n        \"toplam_borc\": \"400.00\",\n        \"toplam_odenen\": null,\n        \"anapara_tahsilat\": null,\n        \"gecikme_zammi_odemesi\": null,\n        \"kalan_toplam_borc\": \"400.00\",\n        \"kalan_gecikme_zammi\": \"0.00\"\n    },\n    {\n        \"id\": 24329,\n        \"borc_tutari\": \"600.00\",\n        \"gun_farki\": 157,\n        \"gecikme_zammi\": \"0.00\",\n        \"ceza_orani\": \"0.00\",\n        \"toplam_borc\": \"600.00\",\n        \"toplam_odenen\": null,\n        \"anapara_tahsilat\": null,\n        \"gecikme_zammi_odemesi\": null,\n        \"kalan_toplam_borc\": \"600.00\",\n        \"kalan_gecikme_zammi\": \"0.00\"\n    }\n]"}
[2025-10-04 20:42:30] [INFO] Borç kaydı işleniyor. {"borc_detay_id":23971,"kalan_dagitilacak_tutar":1000}
[2025-10-04 20:42:30] [INFO] Anapara için tahsilat detayı oluşturuldu. {"borc_detay_id":23971,"odenen_anapara":400}
[2025-10-04 20:42:30] [INFO] Borç kaydı işleniyor. {"borc_detay_id":24329,"kalan_dagitilacak_tutar":600}
[2025-10-04 20:42:30] [INFO] Anapara için tahsilat detayı oluşturuldu. {"borc_detay_id":24329,"odenen_anapara":600}
[2025-10-04 20:43:04] [INFO] Tahsilat-Borç eşleştirme işlemi başlatıldı {"onay_id":"6872","gelen_tutar":2060,"kullanici_id":147}
[2025-10-04 20:43:04] [INFO] Ana tahsilat kaydı oluşturuldu ve kasaya eklendi. {"tahsilat_id":"1977","kasa_hareket_id":"10TrZr_nNrWUWPACiPjrU1n9_YYRwIItwczNrudkAg%2A%2A","tutar":2060}
[2025-10-04 20:43:04] [INFO] Borç detayları alındı. {"borc_detay_bilgisi":"[\n    {\n        \"id\": 24509,\n        \"borc_tutari\": \"600.00\",\n        \"gun_farki\": 126,\n        \"gecikme_zammi\": \"0.00\",\n        \"ceza_orani\": \"0.00\",\n        \"toplam_borc\": \"600.00\",\n        \"toplam_odenen\": null,\n        \"anapara_tahsilat\": null,\n        \"gecikme_zammi_odemesi\": null,\n        \"kalan_toplam_borc\": \"600.00\",\n        \"kalan_gecikme_zammi\": \"0.00\"\n    },\n    {\n        \"id\": 24689,\n        \"borc_tutari\": \"400.00\",\n        \"gun_farki\": 126,\n        \"gecikme_zammi\": \"0.00\",\n        \"ceza_orani\": \"0.00\",\n        \"toplam_borc\": \"400.00\",\n        \"toplam_odenen\": null,\n        \"anapara_tahsilat\": null,\n        \"gecikme_zammi_odemesi\": null,\n        \"kalan_toplam_borc\": \"400.00\",\n        \"kalan_gecikme_zammi\": \"0.00\"\n    },\n    {\n        \"id\": 25942,\n        \"borc_tutari\": \"1060.00\",\n        \"gun_farki\": 96,\n        \"gecikme_zammi\": \"0.00\",\n        \"ceza_orani\": \"0.00\",\n        \"toplam_borc\": \"1060.00\",\n        \"toplam_odenen\": null,\n        \"anapara_tahsilat\": null,\n        \"gecikme_zammi_odemesi\": null,\n        \"kalan_toplam_borc\": \"1060.00\",\n        \"kalan_gecikme_zammi\": \"0.00\"\n    }\n]"}
[2025-10-04 20:43:04] [INFO] Borç kaydı işleniyor. {"borc_detay_id":24509,"kalan_dagitilacak_tutar":2060}
[2025-10-04 20:43:04] [INFO] Anapara için tahsilat detayı oluşturuldu. {"borc_detay_id":24509,"odenen_anapara":600}
[2025-10-04 20:43:04] [INFO] Borç kaydı işleniyor. {"borc_detay_id":24689,"kalan_dagitilacak_tutar":1460}
[2025-10-04 20:43:04] [INFO] Anapara için tahsilat detayı oluşturuldu. {"borc_detay_id":24689,"odenen_anapara":400}
[2025-10-04 20:43:04] [INFO] Borç kaydı işleniyor. {"borc_detay_id":25942,"kalan_dagitilacak_tutar":1060}
[2025-10-04 20:43:04] [INFO] Anapara için tahsilat detayı oluşturuldu. {"borc_detay_id":25942,"odenen_anapara":1060}
[2025-10-04 20:48:00] [INFO] Tahsilat-Borç eşleştirme işlemi başlatıldı {"onay_id":"6720","gelen_tutar":430,"kullanici_id":147}
[2025-10-04 20:48:00] [INFO] Ana tahsilat kaydı oluşturuldu ve kasaya eklendi. {"tahsilat_id":"1978","kasa_hareket_id":"JZS8RlJZb5tTBOTazcEKrS9txeUC3DGByORJ09Ltog%2A%2A","tutar":430}
[2025-10-04 20:48:00] [INFO] Borç detayları alındı. {"borc_detay_bilgisi":"[\n    {\n        \"id\": 24868,\n        \"borc_tutari\": \"400.00\",\n        \"gun_farki\": 96,\n        \"gecikme_zammi\": \"0.00\",\n        \"ceza_orani\": \"0.00\",\n        \"toplam_borc\": \"400.00\",\n        \"toplam_odenen\": null,\n        \"anapara_tahsilat\": null,\n        \"gecikme_zammi_odemesi\": null,\n        \"kalan_toplam_borc\": \"400.00\",\n        \"kalan_gecikme_zammi\": \"0.00\"\n    }\n]"}
[2025-10-04 20:48:00] [INFO] Borç kaydı işleniyor. {"borc_detay_id":24868,"kalan_dagitilacak_tutar":430}
[2025-10-04 20:48:00] [INFO] Anapara için tahsilat detayı oluşturuldu. {"borc_detay_id":24868,"odenen_anapara":400}
[2025-10-04 20:48:00] [INFO] Artan tutar krediye eklendi. {"kisi_id":"11","kredi_tutari":30}
[2025-10-04 20:49:25] [INFO] Kredi ID 86 için kullanım güncellendi: Kullanıldı mı: 1, Kullanılan Tutar: 30 TL 
[2025-10-04 20:49:25] [INFO] Gecikme zammı ödemesi: 0.00 TL, kalan ödenecek tutar: 800 TL 
[2025-10-04 20:49:25] [INFO] Gecikme zammı ödemesi: 0.00 TL, kalan ödenecek tutar: 400 TL 
[2025-10-04 21:01:03] [INFO] Gecikme zammı ödemesi: 0.00 TL, kalan ödenecek tutar: 519 TL 
[2025-10-04 21:04:44] [INFO] Kredi ID 87 için kullanım güncellendi: Kullanıldı mı: 1, Kullanılan Tutar: 119 TL 
[2025-10-04 21:04:44] [INFO] Kredi ID 88 için kullanım güncellendi: Kullanıldı mı: 0, Kullanılan Tutar: 80.44 TL 
[2025-10-04 21:04:44] [INFO] Gecikme zammı ödemesi: 0.00 TL, kalan ödenecek tutar: 800 TL 
[2025-10-04 21:04:44] [INFO] Gecikme zammı ödemesi: 0.00 TL, kalan ödenecek tutar: 400 TL 
[2025-10-04 21:08:41] [INFO] Borçlandırma kaydı başarıyla oluşturuldu: {"id":"23606","borclandirma_id":"184","borc_adi":"DEV\u0130R","kisi_id":"12","daire_id":12,"tutar":"19.80","baslangic_tarihi":"2024-01-01","bitis_tarihi":"2024-12-31","son_odeme_tarihi":"2024-12-31","ceza_orani":"0.00","aciklama":"2024 DEV\u0130R BORCU"} 
[2025-10-04 21:09:58] [INFO] Kredi ID 87 için kullanım güncellendi: Kullanıldı mı: 0, Kullanılan Tutar: 19.8 TL 
[2025-10-04 21:09:58] [INFO] Gecikme zammı ödemesi: 0.00 TL, kalan ödenecek tutar: 19.8 TL 
[2025-10-04 21:16:23] [INFO] Tahsilat-Borç eşleştirme işlemi başlatıldı {"onay_id":"7330","gelen_tutar":400,"kullanici_id":147}
[2025-10-04 21:16:23] [INFO] Ana tahsilat kaydı oluşturuldu ve kasaya eklendi. {"tahsilat_id":"1985","kasa_hareket_id":"BXs40epPQGRTHZdA6nvfzp73ToveSjnp9OQBzNOByg%2A%2A","tutar":400}
[2025-10-04 21:16:23] [INFO] Borç detayları alındı. {"borc_detay_bilgisi":"[\n    {\n        \"id\": 23972,\n        \"borc_tutari\": \"400.00\",\n        \"gun_farki\": 157,\n        \"gecikme_zammi\": \"0.00\",\n        \"ceza_orani\": \"0.00\",\n        \"toplam_borc\": \"400.00\",\n        \"toplam_odenen\": null,\n        \"anapara_tahsilat\": null,\n        \"gecikme_zammi_odemesi\": null,\n        \"kalan_toplam_borc\": \"400.00\",\n        \"kalan_gecikme_zammi\": \"0.00\"\n    }\n]"}
[2025-10-04 21:16:23] [INFO] Borç kaydı işleniyor. {"borc_detay_id":23972,"kalan_dagitilacak_tutar":400}
[2025-10-04 21:16:23] [INFO] Anapara için tahsilat detayı oluşturuldu. {"borc_detay_id":23972,"odenen_anapara":400}
[2025-10-04 21:16:55] [INFO] Tahsilat-Borç eşleştirme işlemi başlatıldı {"onay_id":"7325","gelen_tutar":300,"kullanici_id":147}
[2025-10-04 21:16:55] [INFO] Ana tahsilat kaydı oluşturuldu ve kasaya eklendi. {"tahsilat_id":"1986","kasa_hareket_id":"8Bk3TmAq_PAEWaGW2kt32RXS_BiX2qb4r0huUkcW8A%2A%2A","tutar":300}
[2025-10-04 21:16:55] [INFO] Borç detayları alındı. {"borc_detay_bilgisi":"[\n    {\n        \"id\": 25227,\n        \"borc_tutari\": \"800.00\",\n        \"gun_farki\": 34,\n        \"gecikme_zammi\": \"0.00\",\n        \"ceza_orani\": \"0.00\",\n        \"toplam_borc\": \"800.00\",\n        \"toplam_odenen\": null,\n        \"anapara_tahsilat\": null,\n        \"gecikme_zammi_odemesi\": null,\n        \"kalan_toplam_borc\": \"800.00\",\n        \"kalan_gecikme_zammi\": \"0.00\"\n    }\n]"}
[2025-10-04 21:16:55] [INFO] Borç kaydı işleniyor. {"borc_detay_id":25227,"kalan_dagitilacak_tutar":300}
[2025-10-04 21:16:55] [INFO] Anapara için tahsilat detayı oluşturuldu. {"borc_detay_id":25227,"odenen_anapara":300}
[2025-10-04 21:17:06] [INFO] Tahsilat-Borç eşleştirme işlemi başlatıldı {"onay_id":"7326","gelen_tutar":500,"kullanici_id":147}
[2025-10-04 21:17:06] [INFO] Ana tahsilat kaydı oluşturuldu ve kasaya eklendi. {"tahsilat_id":"1987","kasa_hareket_id":"1lOuuJ1HuheBbjjzAOctd953JVxJQycSl_m3D76pWw%2A%2A","tutar":500}
[2025-10-04 21:17:06] [INFO] Borç detayları alındı. {"borc_detay_bilgisi":"[\n    {\n        \"id\": 25227,\n        \"borc_tutari\": \"800.00\",\n        \"gun_farki\": 34,\n        \"gecikme_zammi\": \"0.00\",\n        \"ceza_orani\": \"0.00\",\n        \"toplam_borc\": \"800.00\",\n        \"toplam_odenen\": \"300.00\",\n        \"anapara_tahsilat\": \"300.00\",\n        \"gecikme_zammi_odemesi\": null,\n        \"kalan_toplam_borc\": \"500.00\",\n        \"kalan_gecikme_zammi\": \"0.00\"\n    }\n]"}
[2025-10-04 21:17:06] [INFO] Borç kaydı işleniyor. {"borc_detay_id":25227,"kalan_dagitilacak_tutar":500}
[2025-10-04 21:17:06] [INFO] Anapara için tahsilat detayı oluşturuldu. {"borc_detay_id":25227,"odenen_anapara":500}
[2025-10-04 21:17:16] [INFO] Tahsilat-Borç eşleştirme işlemi başlatıldı {"onay_id":"7327","gelen_tutar":400,"kullanici_id":147}
[2025-10-04 21:17:16] [INFO] Ana tahsilat kaydı oluşturuldu ve kasaya eklendi. {"tahsilat_id":"1988","kasa_hareket_id":"jaNj3QU2ULj-Awy251E4x3qtsCZEwHErXStBkxhL6Q%2A%2A","tutar":400}
[2025-10-04 21:17:16] [INFO] Borç detayları alındı. {"borc_detay_bilgisi":"[\n    {\n        \"id\": 24869,\n        \"borc_tutari\": \"400.00\",\n        \"gun_farki\": 96,\n        \"gecikme_zammi\": \"0.00\",\n        \"ceza_orani\": \"0.00\",\n        \"toplam_borc\": \"400.00\",\n        \"toplam_odenen\": null,\n        \"anapara_tahsilat\": null,\n        \"gecikme_zammi_odemesi\": null,\n        \"kalan_toplam_borc\": \"400.00\",\n        \"kalan_gecikme_zammi\": \"0.00\"\n    }\n]"}
[2025-10-04 21:17:16] [INFO] Borç kaydı işleniyor. {"borc_detay_id":24869,"kalan_dagitilacak_tutar":400}
[2025-10-04 21:17:16] [INFO] Anapara için tahsilat detayı oluşturuldu. {"borc_detay_id":24869,"odenen_anapara":400}
[2025-10-04 21:20:14] [INFO] Tahsilat-Borç eşleştirme işlemi başlatıldı {"onay_id":"7331","gelen_tutar":860,"kullanici_id":147}
[2025-10-04 21:20:14] [INFO] Ana tahsilat kaydı oluşturuldu ve kasaya eklendi. {"tahsilat_id":"1989","kasa_hareket_id":"3KUPe6ocG6USoyMLRTnsIe7vAAsRzIdv7NXflRCt_g%2A%2A","tutar":860}
[2025-10-04 21:20:14] [INFO] Borç detayları alındı. {"borc_detay_bilgisi":"[\n    {\n        \"id\": 24330,\n        \"borc_tutari\": \"600.00\",\n        \"gun_farki\": 157,\n        \"gecikme_zammi\": \"0.00\",\n        \"ceza_orani\": \"0.00\",\n        \"toplam_borc\": \"600.00\",\n        \"toplam_odenen\": null,\n        \"anapara_tahsilat\": null,\n        \"gecikme_zammi_odemesi\": null,\n        \"kalan_toplam_borc\": \"600.00\",\n        \"kalan_gecikme_zammi\": \"0.00\"\n    },\n    {\n        \"id\": 24690,\n        \"borc_tutari\": \"400.00\",\n        \"gun_farki\": 126,\n        \"gecikme_zammi\": \"0.00\",\n        \"ceza_orani\": \"0.00\",\n        \"toplam_borc\": \"400.00\",\n        \"toplam_odenen\": null,\n        \"anapara_tahsilat\": null,\n        \"gecikme_zammi_odemesi\": null,\n        \"kalan_toplam_borc\": \"400.00\",\n        \"kalan_gecikme_zammi\": \"0.00\"\n    }\n]"}
[2025-10-04 21:20:14] [INFO] Borç kaydı işleniyor. {"borc_detay_id":24330,"kalan_dagitilacak_tutar":860}
[2025-10-04 21:20:14] [INFO] Anapara için tahsilat detayı oluşturuldu. {"borc_detay_id":24330,"odenen_anapara":600}
[2025-10-04 21:20:14] [INFO] Borç kaydı işleniyor. {"borc_detay_id":24690,"kalan_dagitilacak_tutar":260}
[2025-10-04 21:20:14] [INFO] Anapara için tahsilat detayı oluşturuldu. {"borc_detay_id":24690,"odenen_anapara":260}
[2025-10-04 21:24:20] [INFO] Tahsilat ID 1988 için ilişkili kasa hareketleri silindi. 
[2025-10-04 21:24:20] [INFO] Tahsilat ID 1988 için ilişkili tahsilat detayları silindi. 
[2025-10-04 21:24:20] [INFO] Tahsilat ID 1988 kaydı ve ilişkili tüm veriler silindi. 
[2025-10-04 21:25:05] [INFO] Tahsilat-Borç eşleştirme işlemi başlatıldı {"onay_id":"7327","gelen_tutar":400,"kullanici_id":147}
[2025-10-04 21:25:05] [INFO] Ana tahsilat kaydı oluşturuldu ve kasaya eklendi. {"tahsilat_id":"1990","kasa_hareket_id":"QHRUMLNfHtSdIgWeW7q-jWs-hXfC4gADsT91DDuizw%2A%2A","tutar":400}
[2025-10-04 21:25:05] [INFO] Borç detayları alındı. {"borc_detay_bilgisi":"[\n    {\n        \"id\": 25943,\n        \"borc_tutari\": \"1060.00\",\n        \"gun_farki\": 96,\n        \"gecikme_zammi\": \"0.00\",\n        \"ceza_orani\": \"0.00\",\n        \"toplam_borc\": \"1060.00\",\n        \"toplam_odenen\": null,\n        \"anapara_tahsilat\": null,\n        \"gecikme_zammi_odemesi\": null,\n        \"kalan_toplam_borc\": \"1060.00\",\n        \"kalan_gecikme_zammi\": \"0.00\"\n    }\n]"}
[2025-10-04 21:25:05] [INFO] Borç kaydı işleniyor. {"borc_detay_id":25943,"kalan_dagitilacak_tutar":400}
[2025-10-04 21:25:05] [INFO] Anapara için tahsilat detayı oluşturuldu. {"borc_detay_id":25943,"odenen_anapara":400}
[2025-10-04 21:25:49] [INFO] Tahsilat-Borç eşleştirme işlemi başlatıldı {"onay_id":"7328","gelen_tutar":500,"kullanici_id":147}
[2025-10-04 21:25:49] [INFO] Ana tahsilat kaydı oluşturuldu ve kasaya eklendi. {"tahsilat_id":"1991","kasa_hareket_id":"Of7eUZdbfvp4mDP4dOreEjUhVIxa3cXliRNmCsF-KA%2A%2A","tutar":500}
[2025-10-04 21:25:49] [INFO] Borç detayları alındı. {"borc_detay_bilgisi":"[\n    {\n        \"id\": 25943,\n        \"borc_tutari\": \"1060.00\",\n        \"gun_farki\": 96,\n        \"gecikme_zammi\": \"0.00\",\n        \"ceza_orani\": \"0.00\",\n        \"toplam_borc\": \"1060.00\",\n        \"toplam_odenen\": \"400.00\",\n        \"anapara_tahsilat\": \"400.00\",\n        \"gecikme_zammi_odemesi\": null,\n        \"kalan_toplam_borc\": \"660.00\",\n        \"kalan_gecikme_zammi\": \"0.00\"\n    }\n]"}
[2025-10-04 21:25:49] [INFO] Borç kaydı işleniyor. {"borc_detay_id":25943,"kalan_dagitilacak_tutar":500}
[2025-10-04 21:25:49] [INFO] Anapara için tahsilat detayı oluşturuldu. {"borc_detay_id":25943,"odenen_anapara":500}
[2025-10-04 21:26:12] [INFO] Tahsilat-Borç eşleştirme işlemi başlatıldı {"onay_id":"7329","gelen_tutar":300,"kullanici_id":147}
[2025-10-04 21:26:12] [INFO] Ana tahsilat kaydı oluşturuldu ve kasaya eklendi. {"tahsilat_id":"1992","kasa_hareket_id":"e2Mskq33zWFp-tu7dHitvQSo5DtZ5nzyRjsP7yzWHg%2A%2A","tutar":300}
[2025-10-04 21:26:12] [INFO] Borç detayları alındı. {"borc_detay_bilgisi":"[\n    {\n        \"id\": 24690,\n        \"borc_tutari\": \"400.00\",\n        \"gun_farki\": 126,\n        \"gecikme_zammi\": \"0.00\",\n        \"ceza_orani\": \"0.00\",\n        \"toplam_borc\": \"400.00\",\n        \"toplam_odenen\": \"260.00\",\n        \"anapara_tahsilat\": \"260.00\",\n        \"gecikme_zammi_odemesi\": null,\n        \"kalan_toplam_borc\": \"140.00\",\n        \"kalan_gecikme_zammi\": \"0.00\"\n    },\n    {\n        \"id\": 25943,\n        \"borc_tutari\": \"1060.00\",\n        \"gun_farki\": 96,\n        \"gecikme_zammi\": \"0.00\",\n        \"ceza_orani\": \"0.00\",\n        \"toplam_borc\": \"1060.00\",\n        \"toplam_odenen\": \"900.00\",\n        \"anapara_tahsilat\": \"900.00\",\n        \"gecikme_zammi_odemesi\": null,\n        \"kalan_toplam_borc\": \"160.00\",\n        \"kalan_gecikme_zammi\": \"0.00\"\n    }\n]"}
[2025-10-04 21:26:12] [INFO] Borç kaydı işleniyor. {"borc_detay_id":24690,"kalan_dagitilacak_tutar":300}
[2025-10-04 21:26:12] [INFO] Anapara için tahsilat detayı oluşturuldu. {"borc_detay_id":24690,"odenen_anapara":140}
[2025-10-04 21:26:13] [INFO] Borç kaydı işleniyor. {"borc_detay_id":25943,"kalan_dagitilacak_tutar":160}
[2025-10-04 21:26:13] [INFO] Anapara için tahsilat detayı oluşturuldu. {"borc_detay_id":25943,"odenen_anapara":160}
[2025-10-04 21:26:39] [INFO] Tahsilat-Borç eşleştirme işlemi başlatıldı {"onay_id":"7324","gelen_tutar":1000,"kullanici_id":147}
[2025-10-04 21:26:39] [INFO] Ana tahsilat kaydı oluşturuldu ve kasaya eklendi. {"tahsilat_id":"1993","kasa_hareket_id":"k257L57P8BkP8lrFTrdO5dgWMVps9F9lvMrd_DPJ6w%2A%2A","tutar":1000}
[2025-10-04 21:26:39] [INFO] Borç detayları alındı. {"borc_detay_bilgisi":"[\n    {\n        \"id\": 24510,\n        \"borc_tutari\": \"600.00\",\n        \"gun_farki\": 126,\n        \"gecikme_zammi\": \"0.00\",\n        \"ceza_orani\": \"0.00\",\n        \"toplam_borc\": \"600.00\",\n        \"toplam_odenen\": null,\n        \"anapara_tahsilat\": null,\n        \"gecikme_zammi_odemesi\": null,\n        \"kalan_toplam_borc\": \"600.00\",\n        \"kalan_gecikme_zammi\": \"0.00\"\n    },\n    {\n        \"id\": 24869,\n        \"borc_tutari\": \"400.00\",\n        \"gun_farki\": 96,\n        \"gecikme_zammi\": \"0.00\",\n        \"ceza_orani\": \"0.00\",\n        \"toplam_borc\": \"400.00\",\n        \"toplam_odenen\": null,\n        \"anapara_tahsilat\": null,\n        \"gecikme_zammi_odemesi\": null,\n        \"kalan_toplam_borc\": \"400.00\",\n        \"kalan_gecikme_zammi\": \"0.00\"\n    }\n]"}
[2025-10-04 21:26:39] [INFO] Borç kaydı işleniyor. {"borc_detay_id":24510,"kalan_dagitilacak_tutar":1000}
[2025-10-04 21:26:39] [INFO] Anapara için tahsilat detayı oluşturuldu. {"borc_detay_id":24510,"odenen_anapara":600}
[2025-10-04 21:26:39] [INFO] Borç kaydı işleniyor. {"borc_detay_id":24869,"kalan_dagitilacak_tutar":400}
[2025-10-04 21:26:39] [INFO] Anapara için tahsilat detayı oluşturuldu. {"borc_detay_id":24869,"odenen_anapara":400}
[2025-10-04 21:27:56] [INFO] Tahsilat-Borç eşleştirme işlemi başlatıldı {"onay_id":"7332","gelen_tutar":1000,"kullanici_id":147}
[2025-10-04 21:27:56] [INFO] Ana tahsilat kaydı oluşturuldu ve kasaya eklendi. {"tahsilat_id":"1994","kasa_hareket_id":"ODKsUUs6GHDWRgtt6FxVcEu75wIzqOyfMPwBLb5s2A%2A%2A","tutar":1000}
[2025-10-04 21:27:56] [INFO] Borç detayları alındı. {"borc_detay_bilgisi":"[\n    {\n        \"id\": 25048,\n        \"borc_tutari\": \"800.00\",\n        \"gun_farki\": 65,\n        \"gecikme_zammi\": \"0.00\",\n        \"ceza_orani\": \"0.00\",\n        \"toplam_borc\": \"800.00\",\n        \"toplam_odenen\": null,\n        \"anapara_tahsilat\": null,\n        \"gecikme_zammi_odemesi\": null,\n        \"kalan_toplam_borc\": \"800.00\",\n        \"kalan_gecikme_zammi\": \"0.00\"\n    },\n    {\n        \"id\": 25406,\n        \"borc_tutari\": \"800.00\",\n        \"gun_farki\": 4,\n        \"gecikme_zammi\": \"0.00\",\n        \"ceza_orani\": \"0.00\",\n        \"toplam_borc\": \"800.00\",\n        \"toplam_odenen\": null,\n        \"anapara_tahsilat\": null,\n        \"gecikme_zammi_odemesi\": null,\n        \"kalan_toplam_borc\": \"800.00\",\n        \"kalan_gecikme_zammi\": \"0.00\"\n    }\n]"}
[2025-10-04 21:27:56] [INFO] Borç kaydı işleniyor. {"borc_detay_id":25048,"kalan_dagitilacak_tutar":1000}
[2025-10-04 21:27:56] [INFO] Anapara için tahsilat detayı oluşturuldu. {"borc_detay_id":25048,"odenen_anapara":800}
[2025-10-04 21:27:56] [INFO] Borç kaydı işleniyor. {"borc_detay_id":25406,"kalan_dagitilacak_tutar":200}
[2025-10-04 21:27:56] [INFO] Anapara için tahsilat detayı oluşturuldu. {"borc_detay_id":25406,"odenen_anapara":200}
[2025-10-04 21:28:02] [INFO] Tahsilat-Borç eşleştirme işlemi başlatıldı {"onay_id":"7333","gelen_tutar":500,"kullanici_id":147}
[2025-10-04 21:28:02] [INFO] Ana tahsilat kaydı oluşturuldu ve kasaya eklendi. {"tahsilat_id":"1995","kasa_hareket_id":"3Aj8VLVBQBDHqTd5aVi-6xwHAhdv9cJGn60FI4Y0gQ%2A%2A","tutar":500}
[2025-10-04 21:28:02] [INFO] Borç detayları alındı. {"borc_detay_bilgisi":"[\n    {\n        \"id\": 25406,\n        \"borc_tutari\": \"800.00\",\n        \"gun_farki\": 4,\n        \"gecikme_zammi\": \"0.00\",\n        \"ceza_orani\": \"0.00\",\n        \"toplam_borc\": \"800.00\",\n        \"toplam_odenen\": \"200.00\",\n        \"anapara_tahsilat\": \"200.00\",\n        \"gecikme_zammi_odemesi\": null,\n        \"kalan_toplam_borc\": \"600.00\",\n        \"kalan_gecikme_zammi\": \"0.00\"\n    }\n]"}
[2025-10-04 21:28:02] [INFO] Borç kaydı işleniyor. {"borc_detay_id":25406,"kalan_dagitilacak_tutar":500}
[2025-10-04 21:28:02] [INFO] Anapara için tahsilat detayı oluşturuldu. {"borc_detay_id":25406,"odenen_anapara":500}
[2025-10-04 21:30:32] [INFO] Tahsilat-Borç eşleştirme işlemi başlatıldı {"onay_id":"7334","gelen_tutar":400,"kullanici_id":147}
[2025-10-04 21:30:32] [INFO] Ana tahsilat kaydı oluşturuldu ve kasaya eklendi. {"tahsilat_id":"1996","kasa_hareket_id":"3iHdVN4oTyShD1Q8fp6iQ8DuWsPQ_N4W2OH5C10Lhg%2A%2A","tutar":400}
[2025-10-04 21:30:32] [INFO] Borç detayları alındı. {"borc_detay_bilgisi":"[\n    {\n        \"id\": 23070,\n        \"borc_tutari\": \"400.00\",\n        \"gun_farki\": 218,\n        \"gecikme_zammi\": \"0.00\",\n        \"ceza_orani\": \"0.00\",\n        \"toplam_borc\": \"400.00\",\n        \"toplam_odenen\": null,\n        \"anapara_tahsilat\": null,\n        \"gecikme_zammi_odemesi\": null,\n        \"kalan_toplam_borc\": \"400.00\",\n        \"kalan_gecikme_zammi\": \"0.00\"\n    }\n]"}
[2025-10-04 21:30:32] [INFO] Borç kaydı işleniyor. {"borc_detay_id":23070,"kalan_dagitilacak_tutar":400}
[2025-10-04 21:30:32] [INFO] Anapara için tahsilat detayı oluşturuldu. {"borc_detay_id":23070,"odenen_anapara":400}
[2025-10-04 21:30:41] [INFO] Tahsilat-Borç eşleştirme işlemi başlatıldı {"onay_id":"7337","gelen_tutar":1000,"kullanici_id":147}
[2025-10-04 21:30:41] [INFO] Ana tahsilat kaydı oluşturuldu ve kasaya eklendi. {"tahsilat_id":"1997","kasa_hareket_id":"sE7lrUUvQ772NywPvE9AzMu6KMxTS3tfB163AGHmEA%2A%2A","tutar":1000}
[2025-10-04 21:30:41] [INFO] Borç detayları alındı. {"borc_detay_bilgisi":"[\n    {\n        \"id\": 23973,\n        \"borc_tutari\": \"400.00\",\n        \"gun_farki\": 157,\n        \"gecikme_zammi\": \"0.00\",\n        \"ceza_orani\": \"0.00\",\n        \"toplam_borc\": \"400.00\",\n        \"toplam_odenen\": null,\n        \"anapara_tahsilat\": null,\n        \"gecikme_zammi_odemesi\": null,\n        \"kalan_toplam_borc\": \"400.00\",\n        \"kalan_gecikme_zammi\": \"0.00\"\n    },\n    {\n        \"id\": 24331,\n        \"borc_tutari\": \"600.00\",\n        \"gun_farki\": 157,\n        \"gecikme_zammi\": \"0.00\",\n        \"ceza_orani\": \"0.00\",\n        \"toplam_borc\": \"600.00\",\n        \"toplam_odenen\": null,\n        \"anapara_tahsilat\": null,\n        \"gecikme_zammi_odemesi\": null,\n        \"kalan_toplam_borc\": \"600.00\",\n        \"kalan_gecikme_zammi\": \"0.00\"\n    }\n]"}
[2025-10-04 21:30:41] [INFO] Borç kaydı işleniyor. {"borc_detay_id":23973,"kalan_dagitilacak_tutar":1000}
[2025-10-04 21:30:41] [INFO] Anapara için tahsilat detayı oluşturuldu. {"borc_detay_id":23973,"odenen_anapara":400}
[2025-10-04 21:30:41] [INFO] Borç kaydı işleniyor. {"borc_detay_id":24331,"kalan_dagitilacak_tutar":600}
[2025-10-04 21:30:41] [INFO] Anapara için tahsilat detayı oluşturuldu. {"borc_detay_id":24331,"odenen_anapara":600}
[2025-10-04 21:30:49] [INFO] Tahsilat-Borç eşleştirme işlemi başlatıldı {"onay_id":"7335","gelen_tutar":400,"kullanici_id":147}
[2025-10-04 21:30:49] [INFO] Ana tahsilat kaydı oluşturuldu ve kasaya eklendi. {"tahsilat_id":"1998","kasa_hareket_id":"qOr1nYqiM4KZ-Sl8MfNh4OcvTJabrx-iO73Qc8S1GQ%2A%2A","tutar":400}
[2025-10-04 21:30:49] [INFO] Borç detayları alındı. {"borc_detay_bilgisi":"[\n    {\n        \"id\": 23794,\n        \"borc_tutari\": \"400.00\",\n        \"gun_farki\": 187,\n        \"gecikme_zammi\": \"0.00\",\n        \"ceza_orani\": \"0.00\",\n        \"toplam_borc\": \"400.00\",\n        \"toplam_odenen\": null,\n        \"anapara_tahsilat\": null,\n        \"gecikme_zammi_odemesi\": null,\n        \"kalan_toplam_borc\": \"400.00\",\n        \"kalan_gecikme_zammi\": \"0.00\"\n    }\n]"}
[2025-10-04 21:30:49] [INFO] Borç kaydı işleniyor. {"borc_detay_id":23794,"kalan_dagitilacak_tutar":400}
[2025-10-04 21:30:49] [INFO] Anapara için tahsilat detayı oluşturuldu. {"borc_detay_id":23794,"odenen_anapara":400}
[2025-10-04 21:31:08] [INFO] Tahsilat-Borç eşleştirme işlemi başlatıldı {"onay_id":"7336","gelen_tutar":400,"kullanici_id":147}
[2025-10-04 21:31:08] [INFO] Ana tahsilat kaydı oluşturuldu ve kasaya eklendi. {"tahsilat_id":"1999","kasa_hareket_id":"RQf4j_TmxKMbwhspsmG1Wld9XJp57zH41CNK23hoLQ%2A%2A","tutar":400}
[2025-10-04 21:31:08] [INFO] Borç detayları alındı. {"borc_detay_bilgisi":"[\n    {\n        \"id\": 22891,\n        \"borc_tutari\": \"400.00\",\n        \"gun_farki\": 246,\n        \"gecikme_zammi\": \"0.00\",\n        \"ceza_orani\": \"0.00\",\n        \"toplam_borc\": \"400.00\",\n        \"toplam_odenen\": null,\n        \"anapara_tahsilat\": null,\n        \"gecikme_zammi_odemesi\": null,\n        \"kalan_toplam_borc\": \"400.00\",\n        \"kalan_gecikme_zammi\": \"0.00\"\n    }\n]"}
[2025-10-04 21:31:08] [INFO] Borç kaydı işleniyor. {"borc_detay_id":22891,"kalan_dagitilacak_tutar":400}
[2025-10-04 21:31:08] [INFO] Anapara için tahsilat detayı oluşturuldu. {"borc_detay_id":22891,"odenen_anapara":400}
[2025-10-04 21:31:36] [INFO] Tahsilat-Borç eşleştirme işlemi başlatıldı {"onay_id":"7338","gelen_tutar":2060,"kullanici_id":147}
[2025-10-04 21:31:36] [INFO] Ana tahsilat kaydı oluşturuldu ve kasaya eklendi. {"tahsilat_id":"2000","kasa_hareket_id":"BhRr6Ig5bJj-6PaJk6iUvgAKw4t55_1bUMxnrWshKA%2A%2A","tutar":2060}
[2025-10-04 21:31:36] [INFO] Borç detayları alındı. {"borc_detay_bilgisi":"[\n    {\n        \"id\": 24511,\n        \"borc_tutari\": \"600.00\",\n        \"gun_farki\": 126,\n        \"gecikme_zammi\": \"0.00\",\n        \"ceza_orani\": \"0.00\",\n        \"toplam_borc\": \"600.00\",\n        \"toplam_odenen\": null,\n        \"anapara_tahsilat\": null,\n        \"gecikme_zammi_odemesi\": null,\n        \"kalan_toplam_borc\": \"600.00\",\n        \"kalan_gecikme_zammi\": \"0.00\"\n    },\n    {\n        \"id\": 24691,\n        \"borc_tutari\": \"400.00\",\n        \"gun_farki\": 126,\n        \"gecikme_zammi\": \"0.00\",\n        \"ceza_orani\": \"0.00\",\n        \"toplam_borc\": \"400.00\",\n        \"toplam_odenen\": null,\n        \"anapara_tahsilat\": null,\n        \"gecikme_zammi_odemesi\": null,\n        \"kalan_toplam_borc\": \"400.00\",\n        \"kalan_gecikme_zammi\": \"0.00\"\n    },\n    {\n        \"id\": 25944,\n        \"borc_tutari\": \"1060.00\",\n        \"gun_farki\": 96,\n        \"gecikme_zammi\": \"0.00\",\n        \"ceza_orani\": \"0.00\",\n        \"toplam_borc\": \"1060.00\",\n        \"toplam_odenen\": null,\n        \"anapara_tahsilat\": null,\n        \"gecikme_zammi_odemesi\": null,\n        \"kalan_toplam_borc\": \"1060.00\",\n        \"kalan_gecikme_zammi\": \"0.00\"\n    }\n]"}
[2025-10-04 21:31:36] [INFO] Borç kaydı işleniyor. {"borc_detay_id":24511,"kalan_dagitilacak_tutar":2060}
[2025-10-04 21:31:36] [INFO] Anapara için tahsilat detayı oluşturuldu. {"borc_detay_id":24511,"odenen_anapara":600}
[2025-10-04 21:31:36] [INFO] Borç kaydı işleniyor. {"borc_detay_id":24691,"kalan_dagitilacak_tutar":1460}
[2025-10-04 21:31:36] [INFO] Anapara için tahsilat detayı oluşturuldu. {"borc_detay_id":24691,"odenen_anapara":400}
[2025-10-04 21:31:36] [INFO] Borç kaydı işleniyor. {"borc_detay_id":25944,"kalan_dagitilacak_tutar":1060}
[2025-10-04 21:31:36] [INFO] Anapara için tahsilat detayı oluşturuldu. {"borc_detay_id":25944,"odenen_anapara":1060}
[2025-10-04 21:31:45] [INFO] Tahsilat-Borç eşleştirme işlemi başlatıldı {"onay_id":"7339","gelen_tutar":400,"kullanici_id":147}
[2025-10-04 21:31:45] [INFO] Ana tahsilat kaydı oluşturuldu ve kasaya eklendi. {"tahsilat_id":"2001","kasa_hareket_id":"rchgqYd-h9LE6X-zWj_edgFxYzn2muWORePK9x2ezA%2A%2A","tutar":400}
[2025-10-04 21:31:45] [INFO] Borç detayları alındı. {"borc_detay_bilgisi":"[\n    {\n        \"id\": 24870,\n        \"borc_tutari\": \"400.00\",\n        \"gun_farki\": 96,\n        \"gecikme_zammi\": \"0.00\",\n        \"ceza_orani\": \"0.00\",\n        \"toplam_borc\": \"400.00\",\n        \"toplam_odenen\": null,\n        \"anapara_tahsilat\": null,\n        \"gecikme_zammi_odemesi\": null,\n        \"kalan_toplam_borc\": \"400.00\",\n        \"kalan_gecikme_zammi\": \"0.00\"\n    }\n]"}
[2025-10-04 21:31:45] [INFO] Borç kaydı işleniyor. {"borc_detay_id":24870,"kalan_dagitilacak_tutar":400}
[2025-10-04 21:31:45] [INFO] Anapara için tahsilat detayı oluşturuldu. {"borc_detay_id":24870,"odenen_anapara":400}
[2025-10-04 21:31:51] [INFO] Tahsilat-Borç eşleştirme işlemi başlatıldı {"onay_id":"7340","gelen_tutar":800,"kullanici_id":147}
[2025-10-04 21:31:51] [INFO] Ana tahsilat kaydı oluşturuldu ve kasaya eklendi. {"tahsilat_id":"2002","kasa_hareket_id":"WYfL70l8iTr69GZSbxF0iURKDo_edTEkUJywk_99lA%2A%2A","tutar":800}
[2025-10-04 21:31:51] [INFO] Borç detayları alındı. {"borc_detay_bilgisi":"[\n    {\n        \"id\": 25049,\n        \"borc_tutari\": \"800.00\",\n        \"gun_farki\": 65,\n        \"gecikme_zammi\": \"0.00\",\n        \"ceza_orani\": \"0.00\",\n        \"toplam_borc\": \"800.00\",\n        \"toplam_odenen\": null,\n        \"anapara_tahsilat\": null,\n        \"gecikme_zammi_odemesi\": null,\n        \"kalan_toplam_borc\": \"800.00\",\n        \"kalan_gecikme_zammi\": \"0.00\"\n    }\n]"}
[2025-10-04 21:31:51] [INFO] Borç kaydı işleniyor. {"borc_detay_id":25049,"kalan_dagitilacak_tutar":800}
[2025-10-04 21:31:51] [INFO] Anapara için tahsilat detayı oluşturuldu. {"borc_detay_id":25049,"odenen_anapara":800}
[2025-10-04 21:31:54] [INFO] Tahsilat-Borç eşleştirme işlemi başlatıldı {"onay_id":"7341","gelen_tutar":800,"kullanici_id":147}
[2025-10-04 21:31:54] [INFO] Ana tahsilat kaydı oluşturuldu ve kasaya eklendi. {"tahsilat_id":"2003","kasa_hareket_id":"yMY87nQqyE7UE_rAcgaK1fIN7xP9t5tG1esjT7JZsg%2A%2A","tutar":800}
[2025-10-04 21:31:54] [INFO] Borç detayları alındı. {"borc_detay_bilgisi":"[\n    {\n        \"id\": 25228,\n        \"borc_tutari\": \"800.00\",\n        \"gun_farki\": 34,\n        \"gecikme_zammi\": \"0.00\",\n        \"ceza_orani\": \"0.00\",\n        \"toplam_borc\": \"800.00\",\n        \"toplam_odenen\": null,\n        \"anapara_tahsilat\": null,\n        \"gecikme_zammi_odemesi\": null,\n        \"kalan_toplam_borc\": \"800.00\",\n        \"kalan_gecikme_zammi\": \"0.00\"\n    }\n]"}
[2025-10-04 21:31:54] [INFO] Borç kaydı işleniyor. {"borc_detay_id":25228,"kalan_dagitilacak_tutar":800}
[2025-10-04 21:31:54] [INFO] Anapara için tahsilat detayı oluşturuldu. {"borc_detay_id":25228,"odenen_anapara":800}
[2025-10-04 21:31:58] [INFO] Tahsilat-Borç eşleştirme işlemi başlatıldı {"onay_id":"7342","gelen_tutar":800,"kullanici_id":147}
[2025-10-04 21:31:58] [INFO] Ana tahsilat kaydı oluşturuldu ve kasaya eklendi. {"tahsilat_id":"2004","kasa_hareket_id":"tY3_TPpzgHuHFJRQOMY5lU82f3HHapfpqetnqm3Qlw%2A%2A","tutar":800}
[2025-10-04 21:31:58] [INFO] Borç detayları alındı. {"borc_detay_bilgisi":"[\n    {\n        \"id\": 25407,\n        \"borc_tutari\": \"800.00\",\n        \"gun_farki\": 4,\n        \"gecikme_zammi\": \"0.00\",\n        \"ceza_orani\": \"0.00\",\n        \"toplam_borc\": \"800.00\",\n        \"toplam_odenen\": null,\n        \"anapara_tahsilat\": null,\n        \"gecikme_zammi_odemesi\": null,\n        \"kalan_toplam_borc\": \"800.00\",\n        \"kalan_gecikme_zammi\": \"0.00\"\n    }\n]"}
[2025-10-04 21:31:58] [INFO] Borç kaydı işleniyor. {"borc_detay_id":25407,"kalan_dagitilacak_tutar":800}
[2025-10-04 21:31:58] [INFO] Anapara için tahsilat detayı oluşturuldu. {"borc_detay_id":25407,"odenen_anapara":800}
[2025-10-04 21:38:34] [INFO] Gecikme zammı ödemesi: 0.00 TL, kalan ödenecek tutar: 600 TL 
[2025-10-04 21:38:34] [INFO] Gecikme zammı ödemesi: 0.00 TL, kalan ödenecek tutar: 200 TL 
[2025-10-04 21:40:36] [INFO] Tahsilat ID 2006 için ilişkili kasa hareketleri silindi. 
[2025-10-04 21:40:36] [INFO] Tahsilat ID 2006 için ilişkili tahsilat detayları silindi. 
[2025-10-04 21:40:36] [INFO] Tahsilat ID 2006 kaydı ve ilişkili tüm veriler silindi. 
[2025-10-04 21:41:00] [INFO] Gecikme zammı ödemesi: 0.00 TL, kalan ödenecek tutar: 400.00 TL 
[2025-10-04 21:41:28] [INFO] Tahsilat ID 2007 için ilişkili kasa hareketleri silindi. 
[2025-10-04 21:41:28] [INFO] Tahsilat ID 2007 için ilişkili tahsilat detayları silindi. 
[2025-10-04 21:41:28] [INFO] Tahsilat ID 2007 kaydı ve ilişkili tüm veriler silindi. 
[2025-10-04 21:43:17] [INFO] Gecikme zammı ödemesi: 0.00 TL, kalan ödenecek tutar: 600 TL 
[2025-10-04 21:44:01] [INFO] Tahsilat-Borç eşleştirme işlemi başlatıldı {"onay_id":"7343","gelen_tutar":400,"kullanici_id":147}
[2025-10-04 21:44:01] [INFO] Ana tahsilat kaydı oluşturuldu ve kasaya eklendi. {"tahsilat_id":"2009","kasa_hareket_id":"Dq1C_-nghqD3vUrqug2aSSs8DTqNZjkXgQMMPtlR1w%2A%2A","tutar":400}
[2025-10-04 21:44:01] [INFO] Borç detayları alındı. {"borc_detay_bilgisi":"[\n    {\n        \"id\": 23071,\n        \"borc_tutari\": \"400.00\",\n        \"gun_farki\": 218,\n        \"gecikme_zammi\": \"0.00\",\n        \"ceza_orani\": \"0.00\",\n        \"toplam_borc\": \"400.00\",\n        \"toplam_odenen\": null,\n        \"anapara_tahsilat\": null,\n        \"gecikme_zammi_odemesi\": null,\n        \"kalan_toplam_borc\": \"400.00\",\n        \"kalan_gecikme_zammi\": \"0.00\"\n    }\n]"}
[2025-10-04 21:44:01] [INFO] Borç kaydı işleniyor. {"borc_detay_id":23071,"kalan_dagitilacak_tutar":400}
[2025-10-04 21:44:01] [INFO] Anapara için tahsilat detayı oluşturuldu. {"borc_detay_id":23071,"odenen_anapara":400}
[2025-10-04 21:44:20] [INFO] Tahsilat-Borç eşleştirme işlemi başlatıldı {"onay_id":"7144","gelen_tutar":400,"kullanici_id":147}
[2025-10-04 21:44:20] [INFO] Ana tahsilat kaydı oluşturuldu ve kasaya eklendi. {"tahsilat_id":"2010","kasa_hareket_id":"te2GOMKCjjJxKdNVbUC5bcZ-_UulDWJ17NiECaAmHA%2A%2A","tutar":400}
[2025-10-04 21:44:20] [INFO] Borç detayları alındı. {"borc_detay_bilgisi":"[\n    {\n        \"id\": 23795,\n        \"borc_tutari\": \"400.00\",\n        \"gun_farki\": 187,\n        \"gecikme_zammi\": \"0.00\",\n        \"ceza_orani\": \"0.00\",\n        \"toplam_borc\": \"400.00\",\n        \"toplam_odenen\": null,\n        \"anapara_tahsilat\": null,\n        \"gecikme_zammi_odemesi\": null,\n        \"kalan_toplam_borc\": \"400.00\",\n        \"kalan_gecikme_zammi\": \"0.00\"\n    }\n]"}
[2025-10-04 21:44:20] [INFO] Borç kaydı işleniyor. {"borc_detay_id":23795,"kalan_dagitilacak_tutar":400}
[2025-10-04 21:44:20] [INFO] Anapara için tahsilat detayı oluşturuldu. {"borc_detay_id":23795,"odenen_anapara":400}
[2025-10-04 21:44:26] [INFO] Tahsilat-Borç eşleştirme işlemi başlatıldı {"onay_id":"7031","gelen_tutar":1000,"kullanici_id":147}
[2025-10-04 21:44:26] [INFO] Ana tahsilat kaydı oluşturuldu ve kasaya eklendi. {"tahsilat_id":"2011","kasa_hareket_id":"5GW3ioAgo5T8Q3cMdb_UfTpy4-YtOFKIYvxa83PbwA%2A%2A","tutar":1000}
[2025-10-04 21:44:26] [INFO] Borç detayları alındı. {"borc_detay_bilgisi":"[\n    {\n        \"id\": 23974,\n        \"borc_tutari\": \"400.00\",\n        \"gun_farki\": 157,\n        \"gecikme_zammi\": \"0.00\",\n        \"ceza_orani\": \"0.00\",\n        \"toplam_borc\": \"400.00\",\n        \"toplam_odenen\": null,\n        \"anapara_tahsilat\": null,\n        \"gecikme_zammi_odemesi\": null,\n        \"kalan_toplam_borc\": \"400.00\",\n        \"kalan_gecikme_zammi\": \"0.00\"\n    },\n    {\n        \"id\": 24332,\n        \"borc_tutari\": \"600.00\",\n        \"gun_farki\": 157,\n        \"gecikme_zammi\": \"0.00\",\n        \"ceza_orani\": \"0.00\",\n        \"toplam_borc\": \"600.00\",\n        \"toplam_odenen\": null,\n        \"anapara_tahsilat\": null,\n        \"gecikme_zammi_odemesi\": null,\n        \"kalan_toplam_borc\": \"600.00\",\n        \"kalan_gecikme_zammi\": \"0.00\"\n    }\n]"}
[2025-10-04 21:44:26] [INFO] Borç kaydı işleniyor. {"borc_detay_id":23974,"kalan_dagitilacak_tutar":1000}
[2025-10-04 21:44:26] [INFO] Anapara için tahsilat detayı oluşturuldu. {"borc_detay_id":23974,"odenen_anapara":400}
[2025-10-04 21:44:26] [INFO] Borç kaydı işleniyor. {"borc_detay_id":24332,"kalan_dagitilacak_tutar":600}
[2025-10-04 21:44:26] [INFO] Anapara için tahsilat detayı oluşturuldu. {"borc_detay_id":24332,"odenen_anapara":600}
[2025-10-04 21:44:35] [INFO] Tahsilat-Borç eşleştirme işlemi başlatıldı {"onay_id":"6868","gelen_tutar":2060,"kullanici_id":147}
[2025-10-04 21:44:35] [INFO] Ana tahsilat kaydı oluşturuldu ve kasaya eklendi. {"tahsilat_id":"2012","kasa_hareket_id":"gTSdTUNL-fCwE8SFvpxyXqVr8gdWXxsqZpg6wwSRWQ%2A%2A","tutar":2060}
[2025-10-04 21:44:35] [INFO] Borç detayları alındı. {"borc_detay_bilgisi":"[\n    {\n        \"id\": 24512,\n        \"borc_tutari\": \"600.00\",\n        \"gun_farki\": 126,\n        \"gecikme_zammi\": \"0.00\",\n        \"ceza_orani\": \"0.00\",\n        \"toplam_borc\": \"600.00\",\n        \"toplam_odenen\": null,\n        \"anapara_tahsilat\": null,\n        \"gecikme_zammi_odemesi\": null,\n        \"kalan_toplam_borc\": \"600.00\",\n        \"kalan_gecikme_zammi\": \"0.00\"\n    },\n    {\n        \"id\": 24692,\n        \"borc_tutari\": \"400.00\",\n        \"gun_farki\": 126,\n        \"gecikme_zammi\": \"0.00\",\n        \"ceza_orani\": \"0.00\",\n        \"toplam_borc\": \"400.00\",\n        \"toplam_odenen\": null,\n        \"anapara_tahsilat\": null,\n        \"gecikme_zammi_odemesi\": null,\n        \"kalan_toplam_borc\": \"400.00\",\n        \"kalan_gecikme_zammi\": \"0.00\"\n    },\n    {\n        \"id\": 25945,\n        \"borc_tutari\": \"1060.00\",\n        \"gun_farki\": 96,\n        \"gecikme_zammi\": \"0.00\",\n        \"ceza_orani\": \"0.00\",\n        \"toplam_borc\": \"1060.00\",\n        \"toplam_odenen\": null,\n        \"anapara_tahsilat\": null,\n        \"gecikme_zammi_odemesi\": null,\n        \"kalan_toplam_borc\": \"1060.00\",\n        \"kalan_gecikme_zammi\": \"0.00\"\n    }\n]"}
[2025-10-04 21:44:35] [INFO] Borç kaydı işleniyor. {"borc_detay_id":24512,"kalan_dagitilacak_tutar":2060}
[2025-10-04 21:44:35] [INFO] Anapara için tahsilat detayı oluşturuldu. {"borc_detay_id":24512,"odenen_anapara":600}
[2025-10-04 21:44:35] [INFO] Borç kaydı işleniyor. {"borc_detay_id":24692,"kalan_dagitilacak_tutar":1460}
[2025-10-04 21:44:35] [INFO] Anapara için tahsilat detayı oluşturuldu. {"borc_detay_id":24692,"odenen_anapara":400}
[2025-10-04 21:44:35] [INFO] Borç kaydı işleniyor. {"borc_detay_id":25945,"kalan_dagitilacak_tutar":1060}
[2025-10-04 21:44:35] [INFO] Anapara için tahsilat detayı oluşturuldu. {"borc_detay_id":25945,"odenen_anapara":1060}
[2025-10-04 21:45:11] [INFO] Tahsilat-Borç eşleştirme işlemi başlatıldı {"onay_id":"6738","gelen_tutar":1000,"kullanici_id":147}
[2025-10-04 21:45:11] [INFO] Ana tahsilat kaydı oluşturuldu ve kasaya eklendi. {"tahsilat_id":"2013","kasa_hareket_id":"Loa3RqCCDuMC46HphUCnQZyc5ep6h5lqE66YybW6ug%2A%2A","tutar":1000}
[2025-10-04 21:45:11] [INFO] Borç detayları alındı. {"borc_detay_bilgisi":"[\n    {\n        \"id\": 24871,\n        \"borc_tutari\": \"400.00\",\n        \"gun_farki\": 96,\n        \"gecikme_zammi\": \"0.00\",\n        \"ceza_orani\": \"0.00\",\n        \"toplam_borc\": \"400.00\",\n        \"toplam_odenen\": null,\n        \"anapara_tahsilat\": null,\n        \"gecikme_zammi_odemesi\": null,\n        \"kalan_toplam_borc\": \"400.00\",\n        \"kalan_gecikme_zammi\": \"0.00\"\n    }\n]"}
[2025-10-04 21:45:11] [INFO] Borç kaydı işleniyor. {"borc_detay_id":24871,"kalan_dagitilacak_tutar":1000}
[2025-10-04 21:45:11] [INFO] Anapara için tahsilat detayı oluşturuldu. {"borc_detay_id":24871,"odenen_anapara":400}
[2025-10-04 21:45:11] [INFO] Artan tutar krediye eklendi. {"kisi_id":"14","kredi_tutari":600}
[2025-10-04 21:45:27] [INFO] Tahsilat-Borç eşleştirme işlemi başlatıldı {"onay_id":"6536","gelen_tutar":800,"kullanici_id":147}
[2025-10-04 21:45:27] [INFO] Ana tahsilat kaydı oluşturuldu ve kasaya eklendi. {"tahsilat_id":"2014","kasa_hareket_id":"XGwGo4lXvzQ2UpufRX_CvdGZLR7Q18i4SxUlv1N-Gg%2A%2A","tutar":800}
[2025-10-04 21:45:27] [INFO] Borç detayları alındı. {"borc_detay_bilgisi":"[\n    {\n        \"id\": 25050,\n        \"borc_tutari\": \"800.00\",\n        \"gun_farki\": 65,\n        \"gecikme_zammi\": \"0.00\",\n        \"ceza_orani\": \"0.00\",\n        \"toplam_borc\": \"800.00\",\n        \"toplam_odenen\": null,\n        \"anapara_tahsilat\": null,\n        \"gecikme_zammi_odemesi\": null,\n        \"kalan_toplam_borc\": \"800.00\",\n        \"kalan_gecikme_zammi\": \"0.00\"\n    }\n]"}
[2025-10-04 21:45:27] [INFO] Borç kaydı işleniyor. {"borc_detay_id":25050,"kalan_dagitilacak_tutar":800}
[2025-10-04 21:45:27] [INFO] Anapara için tahsilat detayı oluşturuldu. {"borc_detay_id":25050,"odenen_anapara":800}
[2025-10-04 21:45:41] [INFO] Tahsilat-Borç eşleştirme işlemi başlatıldı {"onay_id":"6439","gelen_tutar":800,"kullanici_id":147}
[2025-10-04 21:45:41] [INFO] Ana tahsilat kaydı oluşturuldu ve kasaya eklendi. {"tahsilat_id":"2015","kasa_hareket_id":"Nns0HImD0THOM361kyyEbkcrizx_xqIOiPr72IlHOw%2A%2A","tutar":800}
[2025-10-04 21:45:41] [INFO] Borç detayları alındı. {"borc_detay_bilgisi":"[\n    {\n        \"id\": 25229,\n        \"borc_tutari\": \"800.00\",\n        \"gun_farki\": 34,\n        \"gecikme_zammi\": \"0.00\",\n        \"ceza_orani\": \"0.00\",\n        \"toplam_borc\": \"800.00\",\n        \"toplam_odenen\": null,\n        \"anapara_tahsilat\": null,\n        \"gecikme_zammi_odemesi\": null,\n        \"kalan_toplam_borc\": \"800.00\",\n        \"kalan_gecikme_zammi\": \"0.00\"\n    }\n]"}
[2025-10-04 21:45:41] [INFO] Borç kaydı işleniyor. {"borc_detay_id":25229,"kalan_dagitilacak_tutar":800}
[2025-10-04 21:45:41] [INFO] Anapara için tahsilat detayı oluşturuldu. {"borc_detay_id":25229,"odenen_anapara":800}
[2025-10-04 22:10:47] [INFO] Tahsilat ID 2013 için ilişkili kredi kayıtları silindi. 
[2025-10-04 22:10:47] [INFO] Tahsilat ID 2013 için ilişkili kasa hareketleri silindi. 
[2025-10-04 22:10:47] [INFO] Tahsilat ID 2013 için ilişkili tahsilat detayları silindi. 
[2025-10-04 22:10:47] [INFO] Tahsilat ID 2013 kaydı ve ilişkili tüm veriler silindi. 
[2025-10-04 22:11:59] [INFO] Tahsilat ID 2008 için ilişkili kredi kayıtları silindi. 
[2025-10-04 22:11:59] [INFO] Tahsilat ID 2008 için ilişkili kasa hareketleri silindi. 
[2025-10-04 22:11:59] [INFO] Tahsilat ID 2008 için ilişkili tahsilat detayları silindi. 
[2025-10-04 22:11:59] [INFO] Tahsilat ID 2008 kaydı ve ilişkili tüm veriler silindi. 
[2025-10-04 22:12:35] [INFO] Gecikme zammı ödemesi: 0.00 TL, kalan ödenecek tutar: 600 TL 
[2025-10-04 22:13:19] [INFO] Tahsilat-Borç eşleştirme işlemi başlatıldı {"onay_id":"6738","gelen_tutar":1000,"kullanici_id":147}
[2025-10-04 22:13:19] [INFO] Ana tahsilat kaydı oluşturuldu ve kasaya eklendi. {"tahsilat_id":"2017","kasa_hareket_id":"OijvrohtxBKKMdADSp66yVWf5bE15GYNipFXTeEucg%2A%2A","tutar":1000}
[2025-10-04 22:13:19] [INFO] Borç detayları alındı. {"borc_detay_bilgisi":"[\n    {\n        \"id\": 24871,\n        \"borc_tutari\": \"400.00\",\n        \"gun_farki\": 96,\n        \"gecikme_zammi\": \"0.00\",\n        \"ceza_orani\": \"0.00\",\n        \"toplam_borc\": \"400.00\",\n        \"toplam_odenen\": null,\n        \"anapara_tahsilat\": null,\n        \"gecikme_zammi_odemesi\": null,\n        \"kalan_toplam_borc\": \"400.00\",\n        \"kalan_gecikme_zammi\": \"0.00\"\n    }\n]"}
[2025-10-04 22:13:19] [INFO] Borç kaydı işleniyor. {"borc_detay_id":24871,"kalan_dagitilacak_tutar":1000}
[2025-10-04 22:13:19] [INFO] Anapara için tahsilat detayı oluşturuldu. {"borc_detay_id":24871,"odenen_anapara":400}
[2025-10-04 22:13:19] [INFO] Artan tutar krediye eklendi. {"kisi_id":"14","kredi_tutari":600}
[2025-10-04 22:26:42] [ERROR] Kullanıcı oturum açmaya çalıştı, ancak oturum bilgisi bulunamadı. {"ip":"192.168.1.106","requested_url":"\/"}
[2025-10-04 22:26:49] [ERROR] Kullanıcı oturum açmaya çalıştı, ancak oturum bilgisi bulunamadı. {"ip":"192.168.1.106","requested_url":"\/"}
[2025-10-04 22:26:49] [ERROR] Kullanıcı oturum açmaya çalıştı, ancak oturum bilgisi bulunamadı. {"ip":"192.168.1.106","requested_url":"\/loginMsg.js"}
[2025-10-04 22:26:49] [ERROR] Kullanıcı oturum açmaya çalıştı, ancak oturum bilgisi bulunamadı. {"ip":"192.168.1.106","requested_url":"\/cgi\/get.cgi?cmd=home_login"}
[2025-10-04 22:26:52] [ERROR] Kullanıcı oturum açmaya çalıştı, ancak oturum bilgisi bulunamadı. {"ip":"192.168.1.106","requested_url":"\/"}
