[2025-10-06 10:15:39] [INFO] Gecikme zammı ödemesi: 0.00 TL, kalan ödenecek tutar: 1060.00 TL 
[2025-10-06 10:36:51] [INFO] Borçlandırma kaydı başarıyla oluşturuldu: {"id":"25055","borclandirma_id":"192","borc_adi":"A\u0130DAT","kisi_id":"19","daire_id":19,"tutar":"400","baslangic_tarihi":"2025-07-01","bitis_tarihi":"2025-07-31","son_odeme_tarihi":"2025-07-31","ceza_orani":"0.00","aciklama":"TEMMUZ 2025 A\u0130DAT"} 
[2025-10-06 10:37:31] [INFO] Borçlandırma kaydı başarıyla oluşturuldu: {"id":"25056","borclandirma_id":"192","borc_adi":"A\u0130DAT","kisi_id":"186","daire_id":20,"tutar":"400","baslangic_tarihi":"2025-07-01","bitis_tarihi":"2025-07-31","son_odeme_tarihi":"2025-07-31","ceza_orani":"0.00","aciklama":"TEMMUZ 2025 A\u0130DAT"} 
[2025-10-06 10:38:19] [INFO] Borçlandırma kaydı başarıyla oluşturuldu: {"id":"25234","borclandirma_id":"193","borc_adi":"A\u0130DAT","kisi_id":"19","daire_id":19,"tutar":"400","baslangic_tarihi":"2025-08-01","bitis_tarihi":"2025-08-31","son_odeme_tarihi":"2025-08-31","ceza_orani":"0.00","aciklama":"A\u011eUSTOS 2025 A\u0130DAT"} 
[2025-10-06 10:38:32] [INFO] Borçlandırma kaydı başarıyla oluşturuldu: {"id":"25235","borclandirma_id":"193","borc_adi":"A\u0130DAT","kisi_id":"186","daire_id":20,"tutar":"400","baslangic_tarihi":"2025-08-01","bitis_tarihi":"2025-08-31","son_odeme_tarihi":"2025-08-31","ceza_orani":"0.00","aciklama":"A\u011eUSTOS 2025 A\u0130DAT"} 
[2025-10-06 10:39:00] [INFO] Borçlandırma kaydı başarıyla oluşturuldu: {"id":"25413","borclandirma_id":"194","borc_adi":"A\u0130DAT","kisi_id":"19","daire_id":19,"tutar":"400","baslangic_tarihi":"2025-09-01","bitis_tarihi":"2025-09-30","son_odeme_tarihi":"2025-09-30","ceza_orani":"0.00","aciklama":"EYL\u00dcL 2025 A\u0130DAT"} 
[2025-10-06 10:39:13] [INFO] Borçlandırma kaydı başarıyla oluşturuldu: {"id":"25414","borclandirma_id":"194","borc_adi":"A\u0130DAT","kisi_id":"186","daire_id":20,"tutar":"400","baslangic_tarihi":"2025-09-01","bitis_tarihi":"2025-09-30","son_odeme_tarihi":"2025-09-30","ceza_orani":"0.00","aciklama":"EYL\u00dcL 2025 A\u0130DAT"} 
[2025-10-06 10:39:48] [INFO] Borçlandırma kaydı başarıyla oluşturuldu: {"id":"25592","borclandirma_id":"195","borc_adi":"A\u0130DAT","kisi_id":"19","daire_id":19,"tutar":"400","baslangic_tarihi":"2025-10-01","bitis_tarihi":"2025-10-31","son_odeme_tarihi":"2025-10-31","ceza_orani":"5.00","aciklama":"EKIM 2025 A\u0130DAT"} 
[2025-10-06 10:40:00] [INFO] Borçlandırma kaydı başarıyla oluşturuldu: {"id":"25593","borclandirma_id":"195","borc_adi":"A\u0130DAT","kisi_id":"186","daire_id":20,"tutar":"400","baslangic_tarihi":"2025-10-01","bitis_tarihi":"2025-10-31","son_odeme_tarihi":"2025-10-31","ceza_orani":"5.00","aciklama":"EKIM 2025 A\u0130DAT"} 
[2025-10-06 10:51:44] [INFO] Borçlandırma kaydı başarıyla oluşturuldu: {"id":0,"borclandirma_id":"184","borc_adi":"DEV\u0130R","kisi_id":"19","daire_id":19,"tutar":"1445","baslangic_tarihi":"2024-01-01","bitis_tarihi":"2024-12-31","son_odeme_tarihi":"2024-12-31","ceza_orani":"","aciklama":"2024 Y\u0131l\u0131ndan devir borcu"} 
[2025-10-06 10:52:48] [INFO] Borçlandırma kaydı başarıyla oluşturuldu: {"id":"22897","borclandirma_id":"179","borc_adi":"A\u0130DAT","kisi_id":"19","daire_id":19,"tutar":"300","baslangic_tarihi":"2025-01-01","bitis_tarihi":"2025-01-31","son_odeme_tarihi":"2025-01-31","ceza_orani":"0.00","aciklama":"OCAK 2025 A\u0130DAT"} 
[2025-10-06 10:53:20] [INFO] Tahsilat-Borç eşleştirme işlemi başlatıldı {"onay_id":"7348","gelen_tutar":4545,"kullanici_id":147}
[2025-10-06 10:53:21] [INFO] Ana tahsilat kaydı oluşturuldu ve kasaya eklendi. {"tahsilat_id":"2052","kasa_hareket_id":"ELWRzPXyaaVQs9-DdQqFuRd3Q-WZ2oiHlhsZOBEbgw%2A%2A","tutar":4545}
[2025-10-06 10:53:21] [INFO] Borç detayları alındı. {"borc_detay_bilgisi":"[\n    {\n        \"id\": 22897,\n        \"borc_tutari\": \"300.00\",\n        \"gun_farki\": 248,\n        \"gecikme_zammi\": \"0.00\",\n        \"ceza_orani\": \"0.00\",\n        \"toplam_borc\": \"300.00\",\n        \"toplam_odenen\": null,\n        \"anapara_tahsilat\": null,\n        \"gecikme_zammi_odemesi\": null,\n        \"kalan_toplam_borc\": \"300.00\",\n        \"kalan_gecikme_zammi\": \"0.00\"\n    },\n    {\n        \"id\": 23076,\n        \"borc_tutari\": \"400.00\",\n        \"gun_farki\": 220,\n        \"gecikme_zammi\": \"0.00\",\n        \"ceza_orani\": \"0.00\",\n        \"toplam_borc\": \"400.00\",\n        \"toplam_odenen\": null,\n        \"anapara_tahsilat\": null,\n        \"gecikme_zammi_odemesi\": null,\n        \"kalan_toplam_borc\": \"400.00\",\n        \"kalan_gecikme_zammi\": \"0.00\"\n    },\n    {\n        \"id\": 23800,\n        \"borc_tutari\": \"400.00\",\n        \"gun_farki\": 189,\n        \"gecikme_zammi\": \"0.00\",\n        \"ceza_orani\": \"0.00\",\n        \"toplam_borc\": \"400.00\",\n        \"toplam_odenen\": null,\n        \"anapara_tahsilat\": null,\n        \"gecikme_zammi_odemesi\": null,\n        \"kalan_toplam_borc\": \"400.00\",\n        \"kalan_gecikme_zammi\": \"0.00\"\n    },\n    {\n        \"id\": 23979,\n        \"borc_tutari\": \"400.00\",\n        \"gun_farki\": 159,\n        \"gecikme_zammi\": \"0.00\",\n        \"ceza_orani\": \"0.00\",\n        \"toplam_borc\": \"400.00\",\n        \"toplam_odenen\": null,\n        \"anapara_tahsilat\": null,\n        \"gecikme_zammi_odemesi\": null,\n        \"kalan_toplam_borc\": \"400.00\",\n        \"kalan_gecikme_zammi\": \"0.00\"\n    },\n    {\n        \"id\": 24337,\n        \"borc_tutari\": \"600.00\",\n        \"gun_farki\": 159,\n        \"gecikme_zammi\": \"0.00\",\n        \"ceza_orani\": \"0.00\",\n        \"toplam_borc\": \"600.00\",\n        \"toplam_odenen\": null,\n        \"anapara_tahsilat\": null,\n        \"gecikme_zammi_odemesi\": null,\n        \"kalan_toplam_borc\": \"600.00\",\n        \"kalan_gecikme_zammi\": \"0.00\"\n    },\n    {\n        \"id\": 24517,\n        \"borc_tutari\": \"600.00\",\n        \"gun_farki\": 128,\n        \"gecikme_zammi\": \"0.00\",\n        \"ceza_orani\": \"0.00\",\n        \"toplam_borc\": \"600.00\",\n        \"toplam_odenen\": null,\n        \"anapara_tahsilat\": null,\n        \"gecikme_zammi_odemesi\": null,\n        \"kalan_toplam_borc\": \"600.00\",\n        \"kalan_gecikme_zammi\": \"0.00\"\n    },\n    {\n        \"id\": 24697,\n        \"borc_tutari\": \"400.00\",\n        \"gun_farki\": 128,\n        \"gecikme_zammi\": \"0.00\",\n        \"ceza_orani\": \"0.00\",\n        \"toplam_borc\": \"400.00\",\n        \"toplam_odenen\": null,\n        \"anapara_tahsilat\": null,\n        \"gecikme_zammi_odemesi\": null,\n        \"kalan_toplam_borc\": \"400.00\",\n        \"kalan_gecikme_zammi\": \"0.00\"\n    },\n    {\n        \"id\": 26116,\n        \"borc_tutari\": \"1445.00\",\n        \"gun_farki\": 279,\n        \"gecikme_zammi\": \"0.00\",\n        \"ceza_orani\": \"0.00\",\n        \"toplam_borc\": \"1445.00\",\n        \"toplam_odenen\": null,\n        \"anapara_tahsilat\": null,\n        \"gecikme_zammi_odemesi\": null,\n        \"kalan_toplam_borc\": \"1445.00\",\n        \"kalan_gecikme_zammi\": \"0.00\"\n    }\n]"}
[2025-10-06 10:53:21] [INFO] Borç kaydı işleniyor. {"borc_detay_id":22897,"kalan_dagitilacak_tutar":4545}
[2025-10-06 10:53:21] [INFO] Anapara için tahsilat detayı oluşturuldu. {"borc_detay_id":22897,"odenen_anapara":300}
[2025-10-06 10:53:21] [INFO] Borç kaydı işleniyor. {"borc_detay_id":23076,"kalan_dagitilacak_tutar":4245}
[2025-10-06 10:53:21] [INFO] Anapara için tahsilat detayı oluşturuldu. {"borc_detay_id":23076,"odenen_anapara":400}
[2025-10-06 10:53:21] [INFO] Borç kaydı işleniyor. {"borc_detay_id":23800,"kalan_dagitilacak_tutar":3845}
[2025-10-06 10:53:21] [INFO] Anapara için tahsilat detayı oluşturuldu. {"borc_detay_id":23800,"odenen_anapara":400}
[2025-10-06 10:53:21] [INFO] Borç kaydı işleniyor. {"borc_detay_id":23979,"kalan_dagitilacak_tutar":3445}
[2025-10-06 10:53:21] [INFO] Anapara için tahsilat detayı oluşturuldu. {"borc_detay_id":23979,"odenen_anapara":400}
[2025-10-06 10:53:21] [INFO] Borç kaydı işleniyor. {"borc_detay_id":24337,"kalan_dagitilacak_tutar":3045}
[2025-10-06 10:53:21] [INFO] Anapara için tahsilat detayı oluşturuldu. {"borc_detay_id":24337,"odenen_anapara":600}
[2025-10-06 10:53:21] [INFO] Borç kaydı işleniyor. {"borc_detay_id":24517,"kalan_dagitilacak_tutar":2445}
[2025-10-06 10:53:21] [INFO] Anapara için tahsilat detayı oluşturuldu. {"borc_detay_id":24517,"odenen_anapara":600}
[2025-10-06 10:53:21] [INFO] Borç kaydı işleniyor. {"borc_detay_id":24697,"kalan_dagitilacak_tutar":1845}
[2025-10-06 10:53:21] [INFO] Anapara için tahsilat detayı oluşturuldu. {"borc_detay_id":24697,"odenen_anapara":400}
[2025-10-06 10:53:21] [INFO] Borç kaydı işleniyor. {"borc_detay_id":26116,"kalan_dagitilacak_tutar":1445}
[2025-10-06 10:53:21] [INFO] Anapara için tahsilat detayı oluşturuldu. {"borc_detay_id":26116,"odenen_anapara":1445}
[2025-10-06 11:18:38] [INFO] Excel'den okunan tutar: 396.24000000000001 (Tip: string) 
[2025-10-06 11:18:38] [INFO] Açıklamadan daire bilgisi çıkarıldı: {"daireKodu":null,"daire_id":0,"kisi_id":0,"iyelik_tipi":"Ev Sahibi","aciklama":"RECEP \u015eEN*0010*\u00fcsk\u00fcp evleri aidat \u00f6demesi*4658116166*FAST","bulunan_kisi":null} 
[2025-10-06 11:27:45] [INFO] Excel'den okunan tutar: 396.24000000000001 (Tip: string) 
[2025-10-06 11:27:45] [INFO] Açıklamadan daire bilgisi çıkarıldı: {"daireKodu":null,"daire_id":0,"kisi_id":0,"iyelik_tipi":"Ev Sahibi","aciklama":"RECEP \u015eEN*0010*\u00fcsk\u00fcp evleri aidat \u00f6demesi*4658116166*FAST","bulunan_kisi":null} 


[2025-10-06 11:36:23] [INFO] Açıklamadan daire bilgisi çıkarıldı: {"daireKodu":null,"daire_id":0,"kisi_id":0,"iyelik_tipi":"Ev Sahibi","aciklama":"RECEP \u015eEN*0010*\u00fcsk\u00fcp evleri aidat \u00f6demesi*4658116166*FAST","bulunan_kisi":null} 
[2025-10-06 11:36:58] [INFO] Excel'den okunan tutar: 396.24000000000001 (Tip: string) 
[2025-10-06 11:36:58] [INFO] Açıklamadan daire bilgisi çıkarıldı: {"daireKodu":null,"daire_id":0,"kisi_id":0,"iyelik_tipi":"Ev Sahibi","aciklama":"RECEP \u015eEN*0010*\u00fcsk\u00fcp evleri aidat \u00f6demesi*4658116166*FAST","bulunan_kisi":null} 
[2025-10-06 11:38:33] [INFO] Excel'den okunan tutar: 396.24 (Tip: string) 
[2025-10-06 11:38:33] [INFO] Açıklamadan daire bilgisi çıkarıldı: {"daireKodu":null,"daire_id":0,"kisi_id":0,"iyelik_tipi":"Ev Sahibi","aciklama":"RECEP \u015eEN*0010*\u00fcsk\u00fcp evleri aidat \u00f6demesi*4658116166*FAST","bulunan_kisi":null} 
[2025-10-06 11:41:44] [INFO] Excel'den okunan tutar: 396.24 (Tip: double) 
[2025-10-06 11:41:44] [INFO] Açıklamadan daire bilgisi çıkarıldı: {"daireKodu":null,"daire_id":0,"kisi_id":0,"iyelik_tipi":"Ev Sahibi","aciklama":"RECEP \u015eEN*0010*\u00fcsk\u00fcp evleri aidat \u00f6demesi*4658116166*FAST","bulunan_kisi":null} 
[2025-10-06 11:43:42] [INFO] Excel'den okunan tutar: 396.24 (Tip: double) 
[2025-10-06 11:43:42] [INFO] Açıklamadan daire bilgisi çıkarıldı: {"daireKodu":null,"daire_id":0,"kisi_id":0,"iyelik_tipi":"Ev Sahibi","aciklama":"RECEP \u015eEN*0010*\u00fcsk\u00fcp evleri aidat \u00f6demesi*4658116166*FAST","bulunan_kisi":null} 
[2025-10-06 11:43:42] [INFO] Eşleşmeyen kayıt havuza kaydedildi: ["11\/06\/2025-09:33:41","396.24000000000001",null,null,null,"RECEP \u015eEN*0010*\u00fcsk\u00fcp evleri aidat \u00f6demesi*4658116166*FAST","1.432024459832E+28",null,null,null,null,null] 
[2025-10-06 15:43:20] [INFO] Borçlandırma kaydı başarıyla oluşturuldu: {"id":0,"borclandirma_id":"184","borc_adi":"DEV\u0130R","kisi_id":"20","daire_id":20,"tutar":"4924.24","baslangic_tarihi":"2024-01-01","bitis_tarihi":"2024-12-31","son_odeme_tarihi":"2024-12-31","ceza_orani":"","aciklama":"2024 YILINDAN DEV\u0130R"} 
[2025-10-06 15:44:11] [INFO] Tahsilat-Borç eşleştirme işlemi başlatıldı {"onay_id":"7006","gelen_tutar":4000,"kullanici_id":147}
[2025-10-06 15:44:11] [INFO] Ana tahsilat kaydı oluşturuldu ve kasaya eklendi. {"tahsilat_id":"2053","kasa_hareket_id":"K9w3tpTWGqkKK4E57Q6uYI_z8bAd1GhJqaMJB8FQfg%2A%2A","tutar":4000}
[2025-10-06 15:44:11] [INFO] Borç detayları alındı. {"borc_detay_bilgisi":"[\n    {\n        \"id\": 26117,\n        \"borc_tutari\": \"4924.24\",\n        \"gun_farki\": 279,\n        \"gecikme_zammi\": \"0.00\",\n        \"ceza_orani\": \"0.00\",\n        \"toplam_borc\": \"4924.24\",\n        \"toplam_odenen\": null,\n        \"anapara_tahsilat\": null,\n        \"gecikme_zammi_odemesi\": null,\n        \"kalan_toplam_borc\": \"4924.24\",\n        \"kalan_gecikme_zammi\": \"0.00\"\n    }\n]"}
[2025-10-06 15:44:11] [INFO] Borç kaydı işleniyor. {"borc_detay_id":26117,"kalan_dagitilacak_tutar":4000}
[2025-10-06 15:44:11] [INFO] Anapara için tahsilat detayı oluşturuldu. {"borc_detay_id":26117,"odenen_anapara":4000}
[2025-10-06 16:18:39] [INFO] Tahsilat ID 2053 için tahsilat detayları silindi:  
[2025-10-06 16:18:39] [INFO] Tahsilat (soft) silindi ve etkileri geri alındı {"tahsilat_id":"2053","silen_kullanici_id":147,"silinme_islemi":"{\"kredi_kullanim_silindi\":\"Yok\",\"kisi_kredi_silindi\":\"Yok\",\"kasa_hareket_silindi\":[{\"id\":917,\"site_id\":0,\"kasa_id\":3,\"islem_tarihi\":\"2025-04-06 20:03:29\",\"islem_tipi\":\"gelir\",\"tahsilat_id\":2053,\"tutar\":\"4000.00\",\"para_birimi\":\"TRY\",\"kategori\":\"TRY\",\"aciklama\":\"HAL\\u0130L DUMAN*0010*HAL\\u0130L DUMAN A 1 BLOK DA\\u0130RE 20 (D\\u00dcKKAN)*4312303969*FAST\",\"silinme_tarihi\":null,\"silen_kullanici\":null,\"kaynak_tablo\":\"tahsilat_onay\",\"kaynak_id\":7006,\"kayit_yapan\":147,\"created_at\":\"2025-10-06 15:44:11\",\"guncellenebilir\":null,\"updated_at\":\"2025-10-06 15:44:11\"}]}"}
[2025-10-06 16:19:33] [INFO] Borçlandırma kaydı başarıyla oluşturuldu: {"id":"26117","borclandirma_id":"184","borc_adi":"DEV\u0130R","kisi_id":"20","daire_id":20,"tutar":"4976.24","baslangic_tarihi":"2024-01-01","bitis_tarihi":"2024-12-31","son_odeme_tarihi":"2024-12-31","ceza_orani":"0.00","aciklama":"2024 YILINDAN DEV\u0130R"} 
[2025-10-06 16:20:04] [INFO] Tahsilat-Borç eşleştirme işlemi başlatıldı {"onay_id":"7006","gelen_tutar":4000,"kullanici_id":147}
[2025-10-06 16:20:04] [INFO] Ana tahsilat kaydı oluşturuldu ve kasaya eklendi. {"tahsilat_id":"2054","kasa_hareket_id":"ChSDVC5FhqxOELuk4S7I-tuiRyP6HsW6VbF1NQ7TuQ%2A%2A","tutar":4000}
[2025-10-06 16:20:04] [INFO] Borç detayları alındı. {"borc_detay_bilgisi":"[\n    {\n        \"id\": 26117,\n        \"borc_tutari\": \"4976.24\",\n        \"gun_farki\": 279,\n        \"gecikme_zammi\": \"0.00\",\n        \"ceza_orani\": \"0.00\",\n        \"toplam_borc\": \"4976.24\",\n        \"toplam_odenen\": null,\n        \"anapara_tahsilat\": null,\n        \"gecikme_zammi_odemesi\": null,\n        \"kalan_toplam_borc\": \"4976.24\",\n        \"kalan_gecikme_zammi\": \"0.00\"\n    }\n]"}
[2025-10-06 16:20:04] [INFO] Borç kaydı işleniyor. {"borc_detay_id":26117,"kalan_dagitilacak_tutar":4000}
[2025-10-06 16:20:04] [INFO] Anapara için tahsilat detayı oluşturuldu. {"borc_detay_id":26117,"odenen_anapara":4000}
[2025-10-06 16:20:26] [INFO] Tahsilat-Borç eşleştirme işlemi başlatıldı {"onay_id":"6801","gelen_tutar":4080,"kullanici_id":147}
[2025-10-06 16:20:26] [INFO] Ana tahsilat kaydı oluşturuldu ve kasaya eklendi. {"tahsilat_id":"2055","kasa_hareket_id":"-S4pGCn-8hvfeU2z2uvep_8OSbn1JgQvmHQu-7tmfQ%2A%2A","tutar":4080}
[2025-10-06 16:20:26] [INFO] Borç detayları alındı. {"borc_detay_bilgisi":"[\n    {\n        \"id\": 24338,\n        \"borc_tutari\": \"600.00\",\n        \"gun_farki\": 159,\n        \"gecikme_zammi\": \"0.00\",\n        \"ceza_orani\": \"0.00\",\n        \"toplam_borc\": \"600.00\",\n        \"toplam_odenen\": null,\n        \"anapara_tahsilat\": null,\n        \"gecikme_zammi_odemesi\": null,\n        \"kalan_toplam_borc\": \"600.00\",\n        \"kalan_gecikme_zammi\": \"0.00\"\n    },\n    {\n        \"id\": 24518,\n        \"borc_tutari\": \"600.00\",\n        \"gun_farki\": 128,\n        \"gecikme_zammi\": \"0.00\",\n        \"ceza_orani\": \"0.00\",\n        \"toplam_borc\": \"600.00\",\n        \"toplam_odenen\": null,\n        \"anapara_tahsilat\": null,\n        \"gecikme_zammi_odemesi\": null,\n        \"kalan_toplam_borc\": \"600.00\",\n        \"kalan_gecikme_zammi\": \"0.00\"\n    },\n    {\n        \"id\": 25951,\n        \"borc_tutari\": \"1060.00\",\n        \"gun_farki\": 98,\n        \"gecikme_zammi\": \"0.00\",\n        \"ceza_orani\": \"0.00\",\n        \"toplam_borc\": \"1060.00\",\n        \"toplam_odenen\": null,\n        \"anapara_tahsilat\": null,\n        \"gecikme_zammi_odemesi\": null,\n        \"kalan_toplam_borc\": \"1060.00\",\n        \"kalan_gecikme_zammi\": \"0.00\"\n    },\n    {\n        \"id\": 26117,\n        \"borc_tutari\": \"4976.24\",\n        \"gun_farki\": 279,\n        \"gecikme_zammi\": \"0.00\",\n        \"ceza_orani\": \"0.00\",\n        \"toplam_borc\": \"4976.24\",\n        \"toplam_odenen\": \"4000.00\",\n        \"anapara_tahsilat\": \"4000.00\",\n        \"gecikme_zammi_odemesi\": null,\n        \"kalan_toplam_borc\": \"976.24\",\n        \"kalan_gecikme_zammi\": \"0.00\"\n    }\n]"}
[2025-10-06 16:20:26] [INFO] Borç kaydı işleniyor. {"borc_detay_id":24338,"kalan_dagitilacak_tutar":4080}
[2025-10-06 16:20:26] [INFO] Anapara için tahsilat detayı oluşturuldu. {"borc_detay_id":24338,"odenen_anapara":600}
[2025-10-06 16:20:26] [INFO] Borç kaydı işleniyor. {"borc_detay_id":24518,"kalan_dagitilacak_tutar":3480}
[2025-10-06 16:20:26] [INFO] Anapara için tahsilat detayı oluşturuldu. {"borc_detay_id":24518,"odenen_anapara":600}
[2025-10-06 16:20:26] [INFO] Borç kaydı işleniyor. {"borc_detay_id":25951,"kalan_dagitilacak_tutar":2880}
[2025-10-06 16:20:26] [INFO] Anapara için tahsilat detayı oluşturuldu. {"borc_detay_id":25951,"odenen_anapara":1060}
[2025-10-06 16:20:26] [INFO] Borç kaydı işleniyor. {"borc_detay_id":26117,"kalan_dagitilacak_tutar":1820}
[2025-10-06 16:20:26] [INFO] Anapara için tahsilat detayı oluşturuldu. {"borc_detay_id":26117,"odenen_anapara":976.24}
[2025-10-06 16:20:26] [INFO] Artan tutar krediye eklendi. {"kisi_id":"20","kredi_tutari":843.76}
[2025-10-06 21:28:26] [INFO] Tahsilat ID 2055 için ilişkili kredi kayıtları silindi. 
[2025-10-06 21:28:26] [INFO] Tahsilat ID 2055 için ilişkili kasa hareketleri silindi. 
[2025-10-06 21:28:26] [INFO] Tahsilat ID 2055 için ilişkili tahsilat detayları silindi. 
[2025-10-06 21:28:26] [INFO] Tahsilat ID 2055 kaydı ve ilişkili tüm veriler silindi. 
[2025-10-06 21:28:29] [INFO] Tahsilat ID 2054 için ilişkili kasa hareketleri silindi. 
[2025-10-06 21:28:29] [INFO] Tahsilat ID 2054 için ilişkili tahsilat detayları silindi. 
[2025-10-06 21:28:29] [INFO] Tahsilat ID 2054 kaydı ve ilişkili tüm veriler silindi. 
[2025-10-06 21:29:23] [INFO] Borçlandırma kaydı başarıyla oluşturuldu: {"id":0,"borclandirma_id":"179","borc_adi":"A\u0130DAT","kisi_id":"20","daire_id":20,"tutar":"300","baslangic_tarihi":"2025-01-01","bitis_tarihi":"2025-01-31","son_odeme_tarihi":"2025-01-31","ceza_orani":"","aciklama":"OCAK 2025 A\u0130DAT"} 
[2025-10-06 21:29:57] [INFO] Borçlandırma kaydı başarıyla oluşturuldu: {"id":0,"borclandirma_id":"180","borc_adi":"A\u0130DAT","kisi_id":"20","daire_id":20,"tutar":"400","baslangic_tarihi":"2025-02-01","bitis_tarihi":"2025-02-28","son_odeme_tarihi":"2025-02-28","ceza_orani":"","aciklama":"\u015eUBAT 2025 A\u0130DAT"} 
[2025-10-06 21:31:18] [INFO] Tahsilat-Borç eşleştirme işlemi başlatıldı {"onay_id":"7006","gelen_tutar":4000,"kullanici_id":147}
[2025-10-06 21:31:18] [INFO] Ana tahsilat kaydı oluşturuldu ve kasaya eklendi. {"tahsilat_id":"2056","kasa_hareket_id":"5kd4d__CHSZGVdewrQeU6BiiidHMmDXOJtPeYAYRZg%2A%2A","tutar":4000}
[2025-10-06 21:31:18] [INFO] Borç detayları alındı. {"borc_detay_bilgisi":"[\n    {\n        \"id\": 26117,\n        \"borc_tutari\": \"4976.24\",\n        \"gun_farki\": 279,\n        \"gecikme_zammi\": \"0.00\",\n        \"ceza_orani\": \"0.00\",\n        \"toplam_borc\": \"4976.24\",\n        \"toplam_odenen\": null,\n        \"anapara_tahsilat\": null,\n        \"gecikme_zammi_odemesi\": null,\n        \"kalan_toplam_borc\": \"4976.24\",\n        \"kalan_gecikme_zammi\": \"0.00\"\n    }\n]"}
[2025-10-06 21:31:18] [INFO] Borç kaydı işleniyor. {"borc_detay_id":26117,"kalan_dagitilacak_tutar":4000}
[2025-10-06 21:31:18] [INFO] Anapara için tahsilat detayı oluşturuldu. {"borc_detay_id":26117,"odenen_anapara":4000}
[2025-10-06 21:31:35] [INFO] Tahsilat-Borç eşleştirme işlemi başlatıldı {"onay_id":"6801","gelen_tutar":4080,"kullanici_id":147}
[2025-10-06 21:31:35] [INFO] Ana tahsilat kaydı oluşturuldu ve kasaya eklendi. {"tahsilat_id":"2057","kasa_hareket_id":"5nE5W2pQIlEADcwXAJFLELpAuqG8cRXzroALu0wMuw%2A%2A","tutar":4080}
[2025-10-06 21:31:35] [INFO] Borç detayları alındı. {"borc_detay_bilgisi":"[\n    {\n        \"id\": 24338,\n        \"borc_tutari\": \"600.00\",\n        \"gun_farki\": 159,\n        \"gecikme_zammi\": \"0.00\",\n        \"ceza_orani\": \"0.00\",\n        \"toplam_borc\": \"600.00\",\n        \"toplam_odenen\": null,\n        \"anapara_tahsilat\": null,\n        \"gecikme_zammi_odemesi\": null,\n        \"kalan_toplam_borc\": \"600.00\",\n        \"kalan_gecikme_zammi\": \"0.00\"\n    },\n    {\n        \"id\": 24518,\n        \"borc_tutari\": \"600.00\",\n        \"gun_farki\": 128,\n        \"gecikme_zammi\": \"0.00\",\n        \"ceza_orani\": \"0.00\",\n        \"toplam_borc\": \"600.00\",\n        \"toplam_odenen\": null,\n        \"anapara_tahsilat\": null,\n        \"gecikme_zammi_odemesi\": null,\n        \"kalan_toplam_borc\": \"600.00\",\n        \"kalan_gecikme_zammi\": \"0.00\"\n    },\n    {\n        \"id\": 25951,\n        \"borc_tutari\": \"1060.00\",\n        \"gun_farki\": 98,\n        \"gecikme_zammi\": \"0.00\",\n        \"ceza_orani\": \"0.00\",\n        \"toplam_borc\": \"1060.00\",\n        \"toplam_odenen\": null,\n        \"anapara_tahsilat\": null,\n        \"gecikme_zammi_odemesi\": null,\n        \"kalan_toplam_borc\": \"1060.00\",\n        \"kalan_gecikme_zammi\": \"0.00\"\n    },\n    {\n        \"id\": 26117,\n        \"borc_tutari\": \"4976.24\",\n        \"gun_farki\": 279,\n        \"gecikme_zammi\": \"0.00\",\n        \"ceza_orani\": \"0.00\",\n        \"toplam_borc\": \"4976.24\",\n        \"toplam_odenen\": \"4000.00\",\n        \"anapara_tahsilat\": \"4000.00\",\n        \"gecikme_zammi_odemesi\": null,\n        \"kalan_toplam_borc\": \"976.24\",\n        \"kalan_gecikme_zammi\": \"0.00\"\n    },\n    {\n        \"id\": 26118,\n        \"borc_tutari\": \"300.00\",\n        \"gun_farki\": 248,\n        \"gecikme_zammi\": \"0.00\",\n        \"ceza_orani\": \"0.00\",\n        \"toplam_borc\": \"300.00\",\n        \"toplam_odenen\": null,\n        \"anapara_tahsilat\": null,\n        \"gecikme_zammi_odemesi\": null,\n        \"kalan_toplam_borc\": \"300.00\",\n        \"kalan_gecikme_zammi\": \"0.00\"\n    },\n    {\n        \"id\": 26119,\n        \"borc_tutari\": \"400.00\",\n        \"gun_farki\": 220,\n        \"gecikme_zammi\": \"0.00\",\n        \"ceza_orani\": \"0.00\",\n        \"toplam_borc\": \"400.00\",\n        \"toplam_odenen\": null,\n        \"anapara_tahsilat\": null,\n        \"gecikme_zammi_odemesi\": null,\n        \"kalan_toplam_borc\": \"400.00\",\n        \"kalan_gecikme_zammi\": \"0.00\"\n    }\n]"}
[2025-10-06 21:31:35] [INFO] Borç kaydı işleniyor. {"borc_detay_id":24338,"kalan_dagitilacak_tutar":4080}
[2025-10-06 21:31:35] [INFO] Anapara için tahsilat detayı oluşturuldu. {"borc_detay_id":24338,"odenen_anapara":600}
[2025-10-06 21:31:35] [INFO] Borç kaydı işleniyor. {"borc_detay_id":24518,"kalan_dagitilacak_tutar":3480}
[2025-10-06 21:31:35] [INFO] Anapara için tahsilat detayı oluşturuldu. {"borc_detay_id":24518,"odenen_anapara":600}
[2025-10-06 21:31:35] [INFO] Borç kaydı işleniyor. {"borc_detay_id":25951,"kalan_dagitilacak_tutar":2880}
[2025-10-06 21:31:35] [INFO] Anapara için tahsilat detayı oluşturuldu. {"borc_detay_id":25951,"odenen_anapara":1060}
[2025-10-06 21:31:35] [INFO] Borç kaydı işleniyor. {"borc_detay_id":26117,"kalan_dagitilacak_tutar":1820}
[2025-10-06 21:31:35] [INFO] Anapara için tahsilat detayı oluşturuldu. {"borc_detay_id":26117,"odenen_anapara":976.24}
[2025-10-06 21:31:35] [INFO] Borç kaydı işleniyor. {"borc_detay_id":26118,"kalan_dagitilacak_tutar":843.76}
[2025-10-06 21:31:35] [INFO] Anapara için tahsilat detayı oluşturuldu. {"borc_detay_id":26118,"odenen_anapara":300}
[2025-10-06 21:31:35] [INFO] Borç kaydı işleniyor. {"borc_detay_id":26119,"kalan_dagitilacak_tutar":543.76}
[2025-10-06 21:31:35] [INFO] Anapara için tahsilat detayı oluşturuldu. {"borc_detay_id":26119,"odenen_anapara":400}
[2025-10-06 21:31:35] [INFO] Artan tutar krediye eklendi. {"kisi_id":"20","kredi_tutari":143.76}
[2025-10-06 22:00:34] [INFO] Tahsilat ID 2058 için ilişkili kasa hareketleri silindi. 
[2025-10-06 22:00:34] [INFO] Tahsilat ID 2058 kaydı ve ilişkili tüm veriler silindi. 
[2025-10-06 22:04:12] [INFO] Tahsilat ID 2057 için ilişkili kredi kayıtları silindi. 
[2025-10-06 22:04:12] [INFO] Tahsilat ID 2057 için ilişkili kasa hareketleri silindi. 
[2025-10-06 22:04:12] [INFO] Tahsilat ID 2057 için ilişkili tahsilat detayları silindi. 
[2025-10-06 22:04:13] [INFO] Tahsilat ID 2057 kaydı ve ilişkili tüm veriler silindi. 
[2025-10-06 22:18:58] [INFO] Tahsilat-Borç eşleştirme işlemi başlatıldı {"onay_id":"6801","gelen_tutar":4080,"kullanici_id":147}
[2025-10-06 22:18:58] [INFO] Ana tahsilat kaydı oluşturuldu ve kasaya eklendi. {"tahsilat_id":"2059","kasa_hareket_id":"4nm-w3xS570rJ_XTsiZNwvKSe4O3BI8yuOxooDVagw%2A%2A","tutar":4080}
[2025-10-06 22:18:58] [INFO] Borç detayları alındı. {"borc_detay_bilgisi":"[\n    {\n        \"id\": 24338,\n        \"borc_tutari\": \"600.00\",\n        \"gun_farki\": 159,\n        \"gecikme_zammi\": \"0.00\",\n        \"ceza_orani\": \"0.00\",\n        \"toplam_borc\": \"600.00\",\n        \"toplam_odenen\": null,\n        \"anapara_tahsilat\": null,\n        \"gecikme_zammi_odemesi\": null,\n        \"kalan_toplam_borc\": \"600.00\",\n        \"kalan_gecikme_zammi\": \"0.00\"\n    },\n    {\n        \"id\": 24518,\n        \"borc_tutari\": \"600.00\",\n        \"gun_farki\": 128,\n        \"gecikme_zammi\": \"0.00\",\n        \"ceza_orani\": \"0.00\",\n        \"toplam_borc\": \"600.00\",\n        \"toplam_odenen\": null,\n        \"anapara_tahsilat\": null,\n        \"gecikme_zammi_odemesi\": null,\n        \"kalan_toplam_borc\": \"600.00\",\n        \"kalan_gecikme_zammi\": \"0.00\"\n    },\n    {\n        \"id\": 26117,\n        \"borc_tutari\": \"4976.24\",\n        \"gun_farki\": 279,\n        \"gecikme_zammi\": \"0.00\",\n        \"ceza_orani\": \"0.00\",\n        \"toplam_borc\": \"4976.24\",\n        \"toplam_odenen\": \"4000.00\",\n        \"anapara_tahsilat\": \"4000.00\",\n        \"gecikme_zammi_odemesi\": null,\n        \"kalan_toplam_borc\": \"976.24\",\n        \"kalan_gecikme_zammi\": \"0.00\"\n    },\n    {\n        \"id\": 26118,\n        \"borc_tutari\": \"300.00\",\n        \"gun_farki\": 248,\n        \"gecikme_zammi\": \"0.00\",\n        \"ceza_orani\": \"0.00\",\n        \"toplam_borc\": \"300.00\",\n        \"toplam_odenen\": null,\n        \"anapara_tahsilat\": null,\n        \"gecikme_zammi_odemesi\": null,\n        \"kalan_toplam_borc\": \"300.00\",\n        \"kalan_gecikme_zammi\": \"0.00\"\n    },\n    {\n        \"id\": 26119,\n        \"borc_tutari\": \"400.00\",\n        \"gun_farki\": 220,\n        \"gecikme_zammi\": \"0.00\",\n        \"ceza_orani\": \"0.00\",\n        \"toplam_borc\": \"400.00\",\n        \"toplam_odenen\": null,\n        \"anapara_tahsilat\": null,\n        \"gecikme_zammi_odemesi\": null,\n        \"kalan_toplam_borc\": \"400.00\",\n        \"kalan_gecikme_zammi\": \"0.00\"\n    }\n]"}
[2025-10-06 22:18:58] [INFO] Borç kaydı işleniyor. {"borc_detay_id":24338,"kalan_dagitilacak_tutar":4080}
[2025-10-06 22:18:58] [INFO] Anapara için tahsilat detayı oluşturuldu. {"borc_detay_id":24338,"odenen_anapara":600}
[2025-10-06 22:18:58] [INFO] Borç kaydı işleniyor. {"borc_detay_id":24518,"kalan_dagitilacak_tutar":3480}
[2025-10-06 22:18:58] [INFO] Anapara için tahsilat detayı oluşturuldu. {"borc_detay_id":24518,"odenen_anapara":600}
[2025-10-06 22:18:58] [INFO] Borç kaydı işleniyor. {"borc_detay_id":26117,"kalan_dagitilacak_tutar":2880}
[2025-10-06 22:18:58] [INFO] Anapara için tahsilat detayı oluşturuldu. {"borc_detay_id":26117,"odenen_anapara":976.24}
[2025-10-06 22:18:58] [INFO] Borç kaydı işleniyor. {"borc_detay_id":26118,"kalan_dagitilacak_tutar":1903.76}
[2025-10-06 22:18:58] [INFO] Anapara için tahsilat detayı oluşturuldu. {"borc_detay_id":26118,"odenen_anapara":300}
[2025-10-06 22:18:58] [INFO] Borç kaydı işleniyor. {"borc_detay_id":26119,"kalan_dagitilacak_tutar":1603.76}
[2025-10-06 22:18:58] [INFO] Anapara için tahsilat detayı oluşturuldu. {"borc_detay_id":26119,"odenen_anapara":400}
[2025-10-06 22:18:58] [INFO] Artan tutar krediye eklendi. {"kisi_id":"20","kredi_tutari":1203.76}
[2025-10-06 22:30:56] [INFO] Gecikme zammı ödemesi: 0.00 TL, kalan ödenecek tutar: 1200.00 TL 
[2025-10-06 22:30:56] [INFO] Gecikme zammı ödemesi: 0.00 TL, kalan ödenecek tutar: 800 TL 
[2025-10-06 22:30:56] [INFO] Gecikme zammı ödemesi: 0.00 TL, kalan ödenecek tutar: 400 TL 
[2025-10-06 22:37:10] [ERROR] Kullanıcı oturum açmaya çalıştı, ancak oturum bilgisi bulunamadı. {"ip":"192.168.1.104","requested_url":"\/"}
[2025-10-06 22:37:17] [ERROR] Kullanıcı oturum açmaya çalıştı, ancak oturum bilgisi bulunamadı. {"ip":"192.168.1.104","requested_url":"\/"}
[2025-10-06 22:37:17] [ERROR] Kullanıcı oturum açmaya çalıştı, ancak oturum bilgisi bulunamadı. {"ip":"192.168.1.104","requested_url":"\/loginMsg.js"}
[2025-10-06 22:37:17] [ERROR] Kullanıcı oturum açmaya çalıştı, ancak oturum bilgisi bulunamadı. {"ip":"192.168.1.104","requested_url":"\/cgi\/get.cgi?cmd=home_login"}
[2025-10-06 22:40:29] [INFO] Tahsilat ID 2059 için ilişkili kredi kayıtları silindi. 
[2025-10-06 22:40:29] [INFO] Tahsilat ID 2059 için ilişkili kasa hareketleri silindi. 
[2025-10-06 22:40:29] [INFO] Tahsilat ID 2059 için ilişkili tahsilat detayları silindi. 
[2025-10-06 22:40:29] [INFO] Tahsilat ID 2059 kaydı ve ilişkili tüm veriler silindi. 
[2025-10-06 22:48:01] [INFO] Tahsilat eşleşmeyen havuzuna gönderme işlemi başlatıldı {"onay_id":"6801","kullanici_id":147}
[2025-10-06 22:48:01] [INFO] Tahsilat havuzu kaydı oluşturuldu. {"tahsilat_havuzu_id":"6574"}
[2025-10-06 22:48:01] [INFO] Tahsilat onay kaydı güncellendi. {"onay_id":"6801","onay_durumu":1}
[2025-10-06 22:49:31] [INFO] Tahsilat eşleşmeyen havuzuna gönderme işlemi başlatıldı {"onay_id":"7349","kullanici_id":147}
[2025-10-06 22:49:31] [INFO] Tahsilat havuzu kaydı oluşturuldu. {"tahsilat_havuzu_id":"6575"}
[2025-10-06 22:49:31] [INFO] Tahsilat onay kaydı güncellendi. {"onay_id":"7349","onay_durumu":1}
[2025-10-06 22:51:39] [INFO] Tahsilat ID 2060 için ilişkili kasa hareketleri silindi. 
[2025-10-06 22:51:39] [INFO] Tahsilat ID 2060 için ilişkili tahsilat detayları silindi. 
[2025-10-06 22:51:39] [INFO] Tahsilat ID 2060 kaydı ve ilişkili tüm veriler silindi. 
[2025-10-06 22:52:11] [INFO] Borçlandırma kaydı başarıyla oluşturuldu: {"id":0,"borclandirma_id":"179","borc_adi":"A\u0130DAT","kisi_id":"186","daire_id":20,"tutar":"300","baslangic_tarihi":"2025-01-01","bitis_tarihi":"2025-01-31","son_odeme_tarihi":"2025-01-31","ceza_orani":"","aciklama":"OCAK 2025 A\u0130DAT"} 
[2025-10-06 22:52:36] [INFO] Borçlandırma kaydı başarıyla oluşturuldu: {"id":0,"borclandirma_id":"180","borc_adi":"A\u0130DAT","kisi_id":"186","daire_id":20,"tutar":"400","baslangic_tarihi":"2025-02-01","bitis_tarihi":"2025-02-28","son_odeme_tarihi":"2025-02-28","ceza_orani":"","aciklama":"\u015eUBAT 2025 A\u0130DAT"} 
[2025-10-06 22:53:15] [INFO] Tahsilat-Borç eşleştirme işlemi başlatıldı {"onay_id":"7350","gelen_tutar":1900,"kullanici_id":147}
[2025-10-06 22:53:15] [INFO] Ana tahsilat kaydı oluşturuldu ve kasaya eklendi. {"tahsilat_id":"2061","kasa_hareket_id":"c0MR-OgTDEFAmsCDAh8kexsGkf7ddDVRvim8ezLlrg%2A%2A","tutar":1900}
[2025-10-06 22:53:15] [INFO] Borç detayları alındı. {"borc_detay_bilgisi":"[\n    {\n        \"id\": 23801,\n        \"borc_tutari\": \"400.00\",\n        \"gun_farki\": 189,\n        \"gecikme_zammi\": \"0.00\",\n        \"ceza_orani\": \"0.00\",\n        \"toplam_borc\": \"400.00\",\n        \"toplam_odenen\": null,\n        \"anapara_tahsilat\": null,\n        \"gecikme_zammi_odemesi\": null,\n        \"kalan_toplam_borc\": \"400.00\",\n        \"kalan_gecikme_zammi\": \"0.00\"\n    },\n    {\n        \"id\": 23980,\n        \"borc_tutari\": \"400.00\",\n        \"gun_farki\": 159,\n        \"gecikme_zammi\": \"0.00\",\n        \"ceza_orani\": \"0.00\",\n        \"toplam_borc\": \"400.00\",\n        \"toplam_odenen\": null,\n        \"anapara_tahsilat\": null,\n        \"gecikme_zammi_odemesi\": null,\n        \"kalan_toplam_borc\": \"400.00\",\n        \"kalan_gecikme_zammi\": \"0.00\"\n    },\n    {\n        \"id\": 24698,\n        \"borc_tutari\": \"400.00\",\n        \"gun_farki\": 128,\n        \"gecikme_zammi\": \"0.00\",\n        \"ceza_orani\": \"0.00\",\n        \"toplam_borc\": \"400.00\",\n        \"toplam_odenen\": null,\n        \"anapara_tahsilat\": null,\n        \"gecikme_zammi_odemesi\": null,\n        \"kalan_toplam_borc\": \"400.00\",\n        \"kalan_gecikme_zammi\": \"0.00\"\n    },\n    {\n        \"id\": 26120,\n        \"borc_tutari\": \"300.00\",\n        \"gun_farki\": 248,\n        \"gecikme_zammi\": \"0.00\",\n        \"ceza_orani\": \"0.00\",\n        \"toplam_borc\": \"300.00\",\n        \"toplam_odenen\": null,\n        \"anapara_tahsilat\": null,\n        \"gecikme_zammi_odemesi\": null,\n        \"kalan_toplam_borc\": \"300.00\",\n        \"kalan_gecikme_zammi\": \"0.00\"\n    },\n    {\n        \"id\": 26121,\n        \"borc_tutari\": \"400.00\",\n        \"gun_farki\": 220,\n        \"gecikme_zammi\": \"0.00\",\n        \"ceza_orani\": \"0.00\",\n        \"toplam_borc\": \"400.00\",\n        \"toplam_odenen\": null,\n        \"anapara_tahsilat\": null,\n        \"gecikme_zammi_odemesi\": null,\n        \"kalan_toplam_borc\": \"400.00\",\n        \"kalan_gecikme_zammi\": \"0.00\"\n    }\n]"}
[2025-10-06 22:53:15] [INFO] Borç kaydı işleniyor. {"borc_detay_id":23801,"kalan_dagitilacak_tutar":1900}
[2025-10-06 22:53:15] [INFO] Anapara için tahsilat detayı oluşturuldu. {"borc_detay_id":23801,"odenen_anapara":400}
[2025-10-06 22:53:15] [INFO] Borç kaydı işleniyor. {"borc_detay_id":23980,"kalan_dagitilacak_tutar":1500}
[2025-10-06 22:53:15] [INFO] Anapara için tahsilat detayı oluşturuldu. {"borc_detay_id":23980,"odenen_anapara":400}
[2025-10-06 22:53:15] [INFO] Borç kaydı işleniyor. {"borc_detay_id":24698,"kalan_dagitilacak_tutar":1100}
[2025-10-06 22:53:15] [INFO] Anapara için tahsilat detayı oluşturuldu. {"borc_detay_id":24698,"odenen_anapara":400}
[2025-10-06 22:53:15] [INFO] Borç kaydı işleniyor. {"borc_detay_id":26120,"kalan_dagitilacak_tutar":700}
[2025-10-06 22:53:15] [INFO] Anapara için tahsilat detayı oluşturuldu. {"borc_detay_id":26120,"odenen_anapara":300}
[2025-10-06 22:53:15] [INFO] Borç kaydı işleniyor. {"borc_detay_id":26121,"kalan_dagitilacak_tutar":400}
[2025-10-06 22:53:15] [INFO] Anapara için tahsilat detayı oluşturuldu. {"borc_detay_id":26121,"odenen_anapara":400}
[2025-10-06 22:53:25] [INFO] Tahsilat-Borç eşleştirme işlemi başlatıldı {"onay_id":"7351","gelen_tutar":2180,"kullanici_id":147}
[2025-10-06 22:53:25] [INFO] Ana tahsilat kaydı oluşturuldu ve kasaya eklendi. {"tahsilat_id":"2062","kasa_hareket_id":"bZyfGcSu-6gYAfQxfnulww92xB8_ZZZ-5Vcvk7TuCg%2A%2A","tutar":2180}
[2025-10-06 22:53:25] [INFO] Borç detayları alındı. {"borc_detay_bilgisi":"[\n    {\n        \"id\": 24338,\n        \"borc_tutari\": \"600.00\",\n        \"gun_farki\": 159,\n        \"gecikme_zammi\": \"0.00\",\n        \"ceza_orani\": \"0.00\",\n        \"toplam_borc\": \"600.00\",\n        \"toplam_odenen\": null,\n        \"anapara_tahsilat\": null,\n        \"gecikme_zammi_odemesi\": null,\n        \"kalan_toplam_borc\": \"600.00\",\n        \"kalan_gecikme_zammi\": \"0.00\"\n    },\n    {\n        \"id\": 24518,\n        \"borc_tutari\": \"600.00\",\n        \"gun_farki\": 128,\n        \"gecikme_zammi\": \"0.00\",\n        \"ceza_orani\": \"0.00\",\n        \"toplam_borc\": \"600.00\",\n        \"toplam_odenen\": null,\n        \"anapara_tahsilat\": null,\n        \"gecikme_zammi_odemesi\": null,\n        \"kalan_toplam_borc\": \"600.00\",\n        \"kalan_gecikme_zammi\": \"0.00\"\n    },\n    {\n        \"id\": 26117,\n        \"borc_tutari\": \"4976.24\",\n        \"gun_farki\": 279,\n        \"gecikme_zammi\": \"0.00\",\n        \"ceza_orani\": \"0.00\",\n        \"toplam_borc\": \"4976.24\",\n        \"toplam_odenen\": \"4000.00\",\n        \"anapara_tahsilat\": \"4000.00\",\n        \"gecikme_zammi_odemesi\": null,\n        \"kalan_toplam_borc\": \"976.24\",\n        \"kalan_gecikme_zammi\": \"0.00\"\n    }\n]"}
[2025-10-06 22:53:25] [INFO] Borç kaydı işleniyor. {"borc_detay_id":24338,"kalan_dagitilacak_tutar":2180}
[2025-10-06 22:53:25] [INFO] Anapara için tahsilat detayı oluşturuldu. {"borc_detay_id":24338,"odenen_anapara":600}
[2025-10-06 22:53:25] [INFO] Borç kaydı işleniyor. {"borc_detay_id":24518,"kalan_dagitilacak_tutar":1580}
[2025-10-06 22:53:25] [INFO] Anapara için tahsilat detayı oluşturuldu. {"borc_detay_id":24518,"odenen_anapara":600}
[2025-10-06 22:53:25] [INFO] Borç kaydı işleniyor. {"borc_detay_id":26117,"kalan_dagitilacak_tutar":980}
[2025-10-06 22:53:25] [INFO] Anapara için tahsilat detayı oluşturuldu. {"borc_detay_id":26117,"odenen_anapara":976.24}
[2025-10-06 22:53:25] [INFO] Artan tutar krediye eklendi. {"kisi_id":"20","kredi_tutari":3.759999999999991}
