
[2025-07-22 09:23:57] [INFO] Krediler alındı: [{"id":1,"kisi_id":1,"site_id":0,"tahsilat_id":988,"tutar":"6.89","borc_detay_id":0,"aciklama":"Tahsilat fazlas\u0131 alacak kayd\u0131","kullanildi_mi":0,"kullanilan_tutar":0,"kullanilan_tahsilat_id":0,"created_at":"2025-07-21 14:04:52","islem_tarihi":"0000-00-00 00:00:00","silinme_tarihi":"0000-00-00 00:00:00","silen_kullanici":0},{"id":2,"kisi_id":1,"site_id":0,"tahsilat_id":989,"tutar":"400.00","borc_detay_id":0,"aciklama":"Tahsilat fazlas\u0131 alacak kayd\u0131","kullanildi_mi":0,"kullanilan_tutar":0,"kullanilan_tahsilat_id":0,"created_at":"2025-07-21 14:07:06","islem_tarihi":"0000-00-00 00:00:00","silinme_tarihi":"0000-00-00 00:00:00","silen_kullanici":0}] 
[2025-07-22 09:23:57] [INFO] Gecikme zammı ödemesi: 0.00 TL, kalan ödenecek tutar: 1460 TL 
[2025-07-22 09:23:57] [INFO] Gecikme zammı ödemesi: 0.00 TL, kalan ödenecek tutar: 860 TL 
[2025-07-22 09:23:57] [INFO] Gecikme zammı ödemesi: 0.00 TL, kalan ödenecek tutar: 800 TL 
[2025-07-22 09:29:58] [INFO] Kredi kullanılacak tutar: 6.89 TL 
[2025-07-22 09:29:58] [INFO] Kredi kullanılacak tutar: 400 TL 
[2025-07-22 09:29:58] [INFO] Gecikme zammı ödemesi: 0.00 TL, kalan ödenecek tutar: 1460 TL 
[2025-07-22 09:29:58] [INFO] Gecikme zammı ödemesi: 0.00 TL, kalan ödenecek tutar: 860 TL 
[2025-07-22 09:29:58] [INFO] Gecikme zammı ödemesi: 0.00 TL, kalan ödenecek tutar: 800 TL 
[2025-07-22 09:36:02] [WARNING] Kişi ID 1 için kullanılacak kredi talep edildi ancak uygun kredi bulunamadı. 
[2025-07-22 09:36:02] [INFO] Gecikme zammı ödemesi: 0.00 TL, kalan ödenecek tutar: 1053.11 TL 
[2025-07-22 09:36:02] [INFO] Gecikme zammı ödemesi: 0.00 TL, kalan ödenecek tutar: 453.11 TL 
[2025-07-22 09:36:02] [INFO] Gecikme zammı ödemesi: 0.00 TL, kalan ödenecek tutar: 393.11 TL 
[2025-07-22 09:38:21] [WARNING] Kişi ID 1 için kullanılacak kredi talep edildi ancak uygun kredi bulunamadı. 
[2025-07-22 09:38:21] [INFO] Gecikme zammı ödemesi: 0.00 TL, kalan ödenecek tutar: 1053.11 TL 
[2025-07-22 09:38:21] [INFO] Gecikme zammı ödemesi: 0.00 TL, kalan ödenecek tutar: 453.11 TL 
[2025-07-22 09:38:21] [INFO] Gecikme zammı ödemesi: 0.00 TL, kalan ödenecek tutar: 393.11 TL 
[2025-07-22 09:41:48] [INFO] Kredi ID 1 (6.89 TL) üzerinden 6.89 TL kullanılacak. 
[2025-07-22 09:41:48] [INFO] Kredi ID 2 (400.00 TL) üzerinden 400 TL kullanılacak. 
[2025-07-22 09:41:48] [INFO] Gecikme zammı ödemesi: 0.00 TL, kalan ödenecek tutar: 1053.11 TL 
[2025-07-22 09:41:48] [INFO] Gecikme zammı ödemesi: 0.00 TL, kalan ödenecek tutar: 453.11 TL 
[2025-07-22 09:41:48] [INFO] Gecikme zammı ödemesi: 0.00 TL, kalan ödenecek tutar: 393.11 TL 
[2025-07-22 09:50:30] [INFO] Kredi ID 1 için kullanım güncellendi: Kullanıldı mı: 1, Kullanılan Tutar: 6.89 TL 
[2025-07-22 09:50:30] [INFO] Kredi ID 2 için kullanım güncellendi: Kullanıldı mı: 1, Kullanılan Tutar: 400 TL 
[2025-07-22 09:50:30] [INFO] Gecikme zammı ödemesi: 0.00 TL, kalan ödenecek tutar: 1053.11 TL 
[2025-07-22 09:50:30] [INFO] Gecikme zammı ödemesi: 0.00 TL, kalan ödenecek tutar: 453.11 TL 
[2025-07-22 09:50:30] [INFO] Gecikme zammı ödemesi: 0.00 TL, kalan ödenecek tutar: 393.11 TL 
[2025-07-22 09:55:08] [INFO] Kredi ID 1 için kullanım güncellendi: Kullanıldı mı: 1, Kullanılan Tutar: 6.89 TL 
[2025-07-22 09:55:08] [INFO] Kredi ID 2 için kullanım güncellendi: Kullanıldı mı: 1, Kullanılan Tutar: 400 TL 
[2025-07-22 09:55:08] [INFO] Gecikme zammı ödemesi: 0.00 TL, kalan ödenecek tutar: 1400 TL 
[2025-07-22 09:55:08] [INFO] Gecikme zammı ödemesi: 0.00 TL, kalan ödenecek tutar: 1000 TL 
[2025-07-22 09:55:08] [INFO] Gecikme zammı ödemesi: 0.00 TL, kalan ödenecek tutar: 600 TL 
[2025-07-22 10:00:20] [INFO] Kredi ID 1 için kullanım güncellendi: Kullanıldı mı: 1, Kullanılan Tutar: 6.89 TL 
[2025-07-22 10:00:20] [INFO] Kredi ID 2 için kullanım güncellendi: Kullanıldı mı: 1, Kullanılan Tutar: 400 TL 
[2025-07-22 10:00:20] [INFO] Gecikme zammı ödemesi: 0.00 TL, kalan ödenecek tutar: 2460 TL 
[2025-07-22 10:00:20] [INFO] Gecikme zammı ödemesi: 0.00 TL, kalan ödenecek tutar: 1860 TL 
[2025-07-22 10:00:20] [INFO] Gecikme zammı ödemesi: 0.00 TL, kalan ödenecek tutar: 800 TL 
[2025-07-22 10:31:13] [INFO] Kredi ID 1 için kullanım güncellendi: Kullanıldı mı: 1, Kullanılan Tutar: 6.89 TL 
[2025-07-22 10:31:13] [INFO] Kredi ID 2 için kullanım güncellendi: Kullanıldı mı: 1, Kullanılan Tutar: 400 TL 
[2025-07-22 10:31:13] [INFO] Gecikme zammı ödemesi: 0.00 TL, kalan ödenecek tutar: 2460 TL 
[2025-07-22 10:31:13] [INFO] Gecikme zammı ödemesi: 0.00 TL, kalan ödenecek tutar: 1860 TL 
[2025-07-22 10:31:13] [INFO] Gecikme zammı ödemesi: 0.00 TL, kalan ödenecek tutar: 800 TL 
[2025-07-22 10:32:09] [INFO] Tahsilat (soft) silindi ve etkileri geri alındı {"tahsilat_id":"\"1024\"","silen_kullanici_id":147,"geri_alinan_detaylar":"[{\"id\":380,\"tahsilat_id\":1024,\"borc_detay_id\":12921,\"odenen_tutar\":\"600.00\",\"aciklama\":\"Anapara \\u00f6demesi\",\"islem_tarihi\":\"\",\"kayit_tarihi\":\"2025-07-22 10:31:13\",\"silinme_tarihi\":null,\"silen_kullanici\":null},{\"id\":381,\"tahsilat_id\":1024,\"borc_detay_id\":12563,\"odenen_tutar\":\"1060.00\",\"aciklama\":\"Anapara \\u00f6demesi\",\"islem_tarihi\":\"\",\"kayit_tarihi\":\"2025-07-22 10:31:13\",\"silinme_tarihi\":null,\"silen_kullanici\":null},{\"id\":382,\"tahsilat_id\":1024,\"borc_detay_id\":12742,\"odenen_tutar\":\"800.00\",\"aciklama\":\"Anapara \\u00f6demesi\",\"islem_tarihi\":\"\",\"kayit_tarihi\":\"2025-07-22 10:31:13\",\"silinme_tarihi\":null,\"silen_kullanici\":null}]","geri_alinan_krediler":"[]","silinen_tahsilat_ana_kaydi":"{\"id\":1024,\"site_id\":1,\"kisi_id\":1,\"kasa_id\":3,\"tutar\":\"2053.11\",\"islem_tarihi\":\"2025-07-22 00:00:00\",\"makbuz_no\":null,\"toplam_taksit\":null,\"aciklama\":\"\",\"olusturulma_tarihi\":\"2025-07-22 10:31:13\",\"olusturan\":null,\"guncelleme_tarihi\":null,\"guncelleyen\":null,\"silinme_tarihi\":null,\"silen_kullanici\":null}"}
[2025-07-22 10:32:12] [INFO] Tahsilat (soft) silindi ve etkileri geri alındı {"tahsilat_id":"\"1022\"","silen_kullanici_id":147,"geri_alinan_detaylar":"[{\"id\":374,\"tahsilat_id\":1022,\"borc_detay_id\":12026,\"odenen_tutar\":\"400.00\",\"aciklama\":\"Anapara \\u00f6demesi\",\"islem_tarihi\":\"\",\"kayit_tarihi\":\"2025-07-22 09:55:08\",\"silinme_tarihi\":null,\"silen_kullanici\":null},{\"id\":375,\"tahsilat_id\":1022,\"borc_detay_id\":12205,\"odenen_tutar\":\"400.00\",\"aciklama\":\"Anapara \\u00f6demesi\",\"islem_tarihi\":\"\",\"kayit_tarihi\":\"2025-07-22 09:55:08\",\"silinme_tarihi\":null,\"silen_kullanici\":null},{\"id\":376,\"tahsilat_id\":1022,\"borc_detay_id\":12384,\"odenen_tutar\":\"600.00\",\"aciklama\":\"Anapara \\u00f6demesi\",\"islem_tarihi\":\"\",\"kayit_tarihi\":\"2025-07-22 09:55:08\",\"silinme_tarihi\":null,\"silen_kullanici\":null}]","geri_alinan_krediler":"[]","silinen_tahsilat_ana_kaydi":"{\"id\":1022,\"site_id\":1,\"kisi_id\":1,\"kasa_id\":3,\"tutar\":\"993.11\",\"islem_tarihi\":\"2025-07-22 00:00:00\",\"makbuz_no\":null,\"toplam_taksit\":null,\"aciklama\":\"\",\"olusturulma_tarihi\":\"2025-07-22 09:55:08\",\"olusturan\":null,\"guncelleme_tarihi\":null,\"guncelleyen\":null,\"silinme_tarihi\":null,\"silen_kullanici\":null}"}
[2025-07-22 10:32:26] [INFO] Tahsilat (soft) silindi ve etkileri geri alındı {"tahsilat_id":"\"990\"","silen_kullanici_id":147,"geri_alinan_detaylar":"[]","geri_alinan_krediler":"[]","silinen_tahsilat_ana_kaydi":"{\"id\":990,\"site_id\":1,\"kisi_id\":1,\"kasa_id\":3,\"tutar\":\"1000.00\",\"islem_tarihi\":\"2025-05-14 00:00:00\",\"makbuz_no\":null,\"toplam_taksit\":null,\"aciklama\":\"ERSOY K\\u00d6KL\\u00dc*0010*Muhterem Bozkurt ad\\u0131na aidat \\u00f6demesi*4509378162*FAST\",\"olusturulma_tarihi\":\"2025-07-21 14:08:00\",\"olusturan\":null,\"guncelleme_tarihi\":null,\"guncelleyen\":null,\"silinme_tarihi\":null,\"silen_kullanici\":null}"}
[2025-07-22 10:32:28] [INFO] Tahsilat (soft) silindi ve etkileri geri alındı {"tahsilat_id":"\"989\"","silen_kullanici_id":147,"geri_alinan_detaylar":"[]","geri_alinan_krediler":"[{\"id\":2,\"kisi_id\":1,\"site_id\":0,\"tahsilat_id\":989,\"tutar\":\"400.00\",\"borc_detay_id\":0,\"aciklama\":\"Tahsilat fazlas\\u0131 alacak kayd\\u0131\",\"kullanildi_mi\":1,\"kullanilan_tutar\":400,\"kullanilan_tahsilat_id\":1024,\"created_at\":\"2025-07-21 14:07:06\",\"islem_tarihi\":\"0000-00-00 00:00:00\",\"silinme_tarihi\":\"0000-00-00 00:00:00\",\"silen_kullanici\":0}]","silinen_tahsilat_ana_kaydi":"{\"id\":989,\"site_id\":1,\"kisi_id\":1,\"kasa_id\":3,\"tutar\":\"1000.00\",\"islem_tarihi\":\"2025-04-14 00:00:00\",\"makbuz_no\":null,\"toplam_taksit\":null,\"aciklama\":\"ERSOY K\\u00d6KL\\u00dc*0010*A1 No1 Muhterem Bolkurt ad\\u0131na*4348549391*FAST\",\"olusturulma_tarihi\":\"2025-07-21 14:07:06\",\"olusturan\":null,\"guncelleme_tarihi\":null,\"guncelleyen\":null,\"silinme_tarihi\":null,\"silen_kullanici\":null}"}
[2025-07-22 10:32:31] [INFO] Tahsilat (soft) silindi ve etkileri geri alındı {"tahsilat_id":"\"988\"","silen_kullanici_id":147,"geri_alinan_detaylar":"[{\"id\":302,\"tahsilat_id\":988,\"borc_detay_id\":9645,\"odenen_tutar\":\"393.11\",\"aciklama\":\"Anapara \\u00f6demesi\",\"islem_tarihi\":\"\",\"kayit_tarihi\":\"2025-07-21 14:04:52\",\"silinme_tarihi\":null,\"silen_kullanici\":null},{\"id\":303,\"tahsilat_id\":988,\"borc_detay_id\":10950,\"odenen_tutar\":\"400.00\",\"aciklama\":\"Anapara \\u00f6demesi\",\"islem_tarihi\":\"\",\"kayit_tarihi\":\"2025-07-21 14:04:52\",\"silinme_tarihi\":null,\"silen_kullanici\":null},{\"id\":304,\"tahsilat_id\":988,\"borc_detay_id\":11131,\"odenen_tutar\":\"400.00\",\"aciklama\":\"Anapara \\u00f6demesi\",\"islem_tarihi\":\"\",\"kayit_tarihi\":\"2025-07-21 14:04:52\",\"silinme_tarihi\":null,\"silen_kullanici\":null},{\"id\":305,\"tahsilat_id\":988,\"borc_detay_id\":11310,\"odenen_tutar\":\"400.00\",\"aciklama\":\"Anapara \\u00f6demesi\",\"islem_tarihi\":\"\",\"kayit_tarihi\":\"2025-07-21 14:04:52\",\"silinme_tarihi\":null,\"silen_kullanici\":null},{\"id\":306,\"tahsilat_id\":988,\"borc_detay_id\":11489,\"odenen_tutar\":\"400.00\",\"aciklama\":\"Anapara \\u00f6demesi\",\"islem_tarihi\":\"\",\"kayit_tarihi\":\"2025-07-21 14:04:52\",\"silinme_tarihi\":null,\"silen_kullanici\":null}]","geri_alinan_krediler":"[{\"id\":1,\"kisi_id\":1,\"site_id\":0,\"tahsilat_id\":988,\"tutar\":\"6.89\",\"borc_detay_id\":0,\"aciklama\":\"Tahsilat fazlas\\u0131 alacak kayd\\u0131\",\"kullanildi_mi\":1,\"kullanilan_tutar\":6.89,\"kullanilan_tahsilat_id\":1024,\"created_at\":\"2025-07-21 14:04:52\",\"islem_tarihi\":\"0000-00-00 00:00:00\",\"silinme_tarihi\":\"0000-00-00 00:00:00\",\"silen_kullanici\":0}]","silinen_tahsilat_ana_kaydi":"{\"id\":988,\"site_id\":1,\"kisi_id\":1,\"kasa_id\":3,\"tutar\":\"2800.00\",\"islem_tarihi\":\"2025-03-17 00:00:00\",\"makbuz_no\":null,\"toplam_taksit\":null,\"aciklama\":\"Ersoy K\\u00f6kl\\u00fc*Muhterem Bozkurt ad\\u0131na aidat \\u00f6demeleri\",\"olusturulma_tarihi\":\"2025-07-21 14:04:52\",\"olusturan\":null,\"guncelleme_tarihi\":null,\"guncelleyen\":null,\"silinme_tarihi\":null,\"silen_kullanici\":null}"}
[2025-07-22 10:44:46] [INFO] Gecikme zammı ödemesi: 0.00 TL, kalan ödenecek tutar: 1800 TL 
[2025-07-22 10:44:46] [INFO] Gecikme zammı ödemesi: 0.00 TL, kalan ödenecek tutar: 1406.89 TL 
[2025-07-22 10:44:46] [INFO] Gecikme zammı ödemesi: 0.00 TL, kalan ödenecek tutar: 1006.89 TL 
[2025-07-22 10:45:07] [INFO] Kredi ID 7 için kullanım güncellendi: Kullanıldı mı: 1, Kullanılan Tutar: 606.89 TL 
[2025-07-22 10:45:07] [INFO] Gecikme zammı ödemesi: 0.00 TL, kalan ödenecek tutar: 1200 TL 
[2025-07-22 10:45:07] [INFO] Gecikme zammı ödemesi: 0.00 TL, kalan ödenecek tutar: 800 TL 
[2025-07-22 10:45:07] [INFO] Gecikme zammı ödemesi: 0.00 TL, kalan ödenecek tutar: 400 TL 
[2025-07-22 11:31:03] [INFO] Gecikme zammı ödemesi: 0.00 TL, kalan ödenecek tutar: 400.00 TL 
[2025-07-22 11:32:13] [INFO] Gecikme zammı ödemesi: 0.00 TL, kalan ödenecek tutar: 400.00 TL 
[2025-07-22 11:33:56] [INFO] Gecikme zammı ödemesi: 0.00 TL, kalan ödenecek tutar: 400.00 TL 
[2025-07-22 11:34:17] [INFO] Tahsilat (soft) silindi ve etkileri geri alındı {"tahsilat_id":"\"1029\"","silen_kullanici_id":147,"geri_alinan_detaylar":"[{\"id\":391,\"tahsilat_id\":1029,\"borc_detay_id\":11271,\"odenen_tutar\":\"400.00\",\"aciklama\":\"Anapara \\u00f6demesi\",\"islem_tarihi\":\"\",\"kayit_tarihi\":\"2025-07-22 11:33:56\",\"silinme_tarihi\":null,\"silen_kullanici\":null}]","geri_alinan_krediler":"[]","silinen_tahsilat_ana_kaydi":"{\"id\":1029,\"site_id\":1,\"kisi_id\":142,\"kasa_id\":3,\"tutar\":\"400.00\",\"islem_tarihi\":\"2025-07-22 00:00:00\",\"makbuz_no\":null,\"toplam_taksit\":null,\"aciklama\":\"C\\u0130HAN ERCAN*0010*\\u00dcSK\\u00dcP EVLER\\u0130 S\\u0130TES\\u0130*4039872283*FAST\",\"olusturulma_tarihi\":\"2025-07-22 11:33:56\",\"olusturan\":null,\"guncelleme_tarihi\":null,\"guncelleyen\":null,\"silinme_tarihi\":null,\"silen_kullanici\":null}"}
[2025-07-22 11:35:29] [INFO] Gecikme zammı ödemesi: 0.00 TL, kalan ödenecek tutar: 400.00 TL 
[2025-07-22 12:42:15] [INFO] Gecikme zammı ödemesi: 0.00 TL, kalan ödenecek tutar: 400.00 TL 
[2025-07-22 12:50:19] [INFO] Gecikme zammı ödemesi: 0.00 TL, kalan ödenecek tutar: 400.00 TL 
[2025-07-22 12:52:29] [INFO] Gecikme zammı ödemesi: 0.00 TL, kalan ödenecek tutar: 400.00 TL 
[2025-07-22 12:52:52] [INFO] Gecikme zammı ödemesi: 0.00 TL, kalan ödenecek tutar: 400.00 TL 
[2025-07-22 21:02:36] [INFO] Gecikme zammı ödemesi: 0.00 TL, kalan ödenecek tutar: 400.00 TL 
[2025-07-22 21:05:18] [INFO] Gecikme zammı ödemesi: 0.00 TL, kalan ödenecek tutar: 800.00 TL 
[2025-07-22 21:05:18] [INFO] Gecikme zammı ödemesi: 0.00 TL, kalan ödenecek tutar: 400 TL 
[2025-07-22 21:06:44] [INFO] Gecikme zammı ödemesi: 0.00 TL, kalan ödenecek tutar: 400.00 TL 
[2025-07-22 21:12:09] [INFO] Gecikme zammı ödemesi: 0.00 TL, kalan ödenecek tutar: 400.00 TL 
