<<<<<<< HEAD
[2025-09-14 10:24:19] [INFO] Borçlandırma işlemi başlatılıyor: Daire ID: 1, Tutar: 800.00, Başlangıç: 2025-09-01, Bitiş: 2025-09-30 
[2025-09-14 10:24:19] [INFO] Borçlandırma işlemi başlatılıyor: Daire ID: 2, Tutar: 800.00, Başlangıç: 2025-09-01, Bitiş: 2025-09-30 
[2025-09-14 10:24:19] [INFO] Borçlandırma işlemi başlatılıyor: Daire ID: 3, Tutar: 800.00, Başlangıç: 2025-09-01, Bitiş: 2025-09-30 
[2025-09-14 10:24:19] [INFO] Borçlandırma işlemi başlatılıyor: Daire ID: 4, Tutar: 800.00, Başlangıç: 2025-09-01, Bitiş: 2025-09-30 
[2025-09-14 10:24:19] [INFO] Borçlandırma işlemi başlatılıyor: Daire ID: 5, Tutar: 800.00, Başlangıç: 2025-09-01, Bitiş: 2025-09-30 
[2025-09-14 10:24:19] [INFO] Borçlandırma işlemi başlatılıyor: Daire ID: 6, Tutar: 800.00, Başlangıç: 2025-09-01, Bitiş: 2025-09-30 
[2025-09-14 10:24:19] [INFO] Borçlandırma işlemi başlatılıyor: Daire ID: 7, Tutar: 800.00, Başlangıç: 2025-09-01, Bitiş: 2025-09-30 
[2025-09-14 10:24:19] [INFO] Borçlandırma işlemi başlatılıyor: Daire ID: 8, Tutar: 800.00, Başlangıç: 2025-09-01, Bitiş: 2025-09-30 
[2025-09-14 10:24:19] [INFO] Borçlandırma işlemi başlatılıyor: Daire ID: 9, Tutar: 800.00, Başlangıç: 2025-09-01, Bitiş: 2025-09-30 
[2025-09-14 10:24:19] [INFO] Borçlandırma işlemi başlatılıyor: Daire ID: 10, Tutar: 800.00, Başlangıç: 2025-09-01, Bitiş: 2025-09-30 
[2025-09-14 10:24:19] [INFO] Borçlandırma işlemi başlatılıyor: Daire ID: 11, Tutar: 800.00, Başlangıç: 2025-09-01, Bitiş: 2025-09-30 
[2025-09-14 10:24:19] [INFO] Borçlandırma işlemi başlatılıyor: Daire ID: 12, Tutar: 800.00, Başlangıç: 2025-09-01, Bitiş: 2025-09-30 
[2025-09-14 10:24:19] [INFO] Borçlandırma işlemi başlatılıyor: Daire ID: 13, Tutar: 800.00, Başlangıç: 2025-09-01, Bitiş: 2025-09-30 
[2025-09-14 10:24:19] [INFO] Borçlandırma işlemi başlatılıyor: Daire ID: 14, Tutar: 800.00, Başlangıç: 2025-09-01, Bitiş: 2025-09-30 
[2025-09-14 10:24:19] [INFO] Borçlandırma işlemi başlatılıyor: Daire ID: 15, Tutar: 800.00, Başlangıç: 2025-09-01, Bitiş: 2025-09-30 
[2025-09-14 10:24:19] [INFO] Borçlandırma işlemi başlatılıyor: Daire ID: 16, Tutar: 800.00, Başlangıç: 2025-09-01, Bitiş: 2025-09-30 
[2025-09-14 10:24:19] [INFO] Borçlandırma işlemi başlatılıyor: Daire ID: 17, Tutar: 800.00, Başlangıç: 2025-09-01, Bitiş: 2025-09-30 
[2025-09-14 10:24:19] [INFO] Borçlandırma işlemi başlatılıyor: Daire ID: 18, Tutar: 800.00, Başlangıç: 2025-09-01, Bitiş: 2025-09-30 
[2025-09-14 10:24:19] [INFO] Borçlandırma işlemi başlatılıyor: Daire ID: 19, Tutar: 800.00, Başlangıç: 2025-09-01, Bitiş: 2025-09-30 
[2025-09-14 10:24:19] [INFO] Borçlandırma işlemi başlatılıyor: Daire ID: 20, Tutar: 800.00, Başlangıç: 2025-09-01, Bitiş: 2025-09-30 
[2025-09-14 10:24:19] [INFO] Borçlandırma işlemi başlatılıyor: Daire ID: 21, Tutar: 800.00, Başlangıç: 2025-09-01, Bitiş: 2025-09-30 
[2025-09-14 10:24:19] [INFO] Borçlandırma işlemi başlatılıyor: Daire ID: 22, Tutar: 800.00, Başlangıç: 2025-09-01, Bitiş: 2025-09-30 
[2025-09-14 10:24:19] [INFO] Borçlandırma işlemi başlatılıyor: Daire ID: 23, Tutar: 800.00, Başlangıç: 2025-09-01, Bitiş: 2025-09-30 
[2025-09-14 10:24:19] [INFO] Borçlandırma işlemi başlatılıyor: Daire ID: 24, Tutar: 800.00, Başlangıç: 2025-09-01, Bitiş: 2025-09-30 
[2025-09-14 10:24:19] [INFO] Borçlandırma işlemi başlatılıyor: Daire ID: 25, Tutar: 800.00, Başlangıç: 2025-09-01, Bitiş: 2025-09-30 
[2025-09-14 10:24:19] [INFO] Borçlandırma işlemi başlatılıyor: Daire ID: 26, Tutar: 800.00, Başlangıç: 2025-09-01, Bitiş: 2025-09-30 
[2025-09-14 10:24:19] [INFO] Borçlandırma işlemi başlatılıyor: Daire ID: 27, Tutar: 800.00, Başlangıç: 2025-09-01, Bitiş: 2025-09-30 
[2025-09-14 10:24:19] [INFO] Borçlandırma işlemi başlatılıyor: Daire ID: 28, Tutar: 800.00, Başlangıç: 2025-09-01, Bitiş: 2025-09-30 
[2025-09-14 10:24:19] [INFO] Borçlandırma işlemi başlatılıyor: Daire ID: 29, Tutar: 800.00, Başlangıç: 2025-09-01, Bitiş: 2025-09-30 
[2025-09-14 10:24:19] [INFO] Borçlandırma işlemi başlatılıyor: Daire ID: 30, Tutar: 800.00, Başlangıç: 2025-09-01, Bitiş: 2025-09-30 
[2025-09-14 10:24:19] [INFO] Borçlandırma işlemi başlatılıyor: Daire ID: 31, Tutar: 800.00, Başlangıç: 2025-09-01, Bitiş: 2025-09-30 
[2025-09-14 10:24:19] [INFO] Borçlandırma işlemi başlatılıyor: Daire ID: 32, Tutar: 800.00, Başlangıç: 2025-09-01, Bitiş: 2025-09-30 
[2025-09-14 10:24:19] [INFO] Borçlandırma işlemi başlatılıyor: Daire ID: 33, Tutar: 800.00, Başlangıç: 2025-09-01, Bitiş: 2025-09-30 
[2025-09-14 10:24:19] [INFO] Borçlandırma işlemi başlatılıyor: Daire ID: 34, Tutar: 800.00, Başlangıç: 2025-09-01, Bitiş: 2025-09-30 
[2025-09-14 10:24:19] [INFO] Borçlandırma işlemi başlatılıyor: Daire ID: 35, Tutar: 800.00, Başlangıç: 2025-09-01, Bitiş: 2025-09-30 
[2025-09-14 10:24:19] [INFO] Borçlandırma işlemi başlatılıyor: Daire ID: 36, Tutar: 800.00, Başlangıç: 2025-09-01, Bitiş: 2025-09-30 
[2025-09-14 10:24:19] [INFO] Borçlandırma işlemi başlatılıyor: Daire ID: 37, Tutar: 800.00, Başlangıç: 2025-09-01, Bitiş: 2025-09-30 
[2025-09-14 10:24:19] [INFO] Borçlandırma işlemi başlatılıyor: Daire ID: 38, Tutar: 800.00, Başlangıç: 2025-09-01, Bitiş: 2025-09-30 
[2025-09-14 10:24:19] [INFO] Borçlandırma işlemi başlatılıyor: Daire ID: 39, Tutar: 800.00, Başlangıç: 2025-09-01, Bitiş: 2025-09-30 
[2025-09-14 10:24:19] [INFO] Borçlandırma işlemi başlatılıyor: Daire ID: 40, Tutar: 800.00, Başlangıç: 2025-09-01, Bitiş: 2025-09-30 
[2025-09-14 10:24:19] [INFO] Borçlandırma işlemi başlatılıyor: Daire ID: 41, Tutar: 800.00, Başlangıç: 2025-09-01, Bitiş: 2025-09-30 
[2025-09-14 10:24:19] [INFO] Borçlandırma işlemi başlatılıyor: Daire ID: 42, Tutar: 800.00, Başlangıç: 2025-09-01, Bitiş: 2025-09-30 
[2025-09-14 10:24:19] [INFO] Borçlandırma işlemi başlatılıyor: Daire ID: 43, Tutar: 800.00, Başlangıç: 2025-09-01, Bitiş: 2025-09-30 
[2025-09-14 10:24:19] [INFO] Borçlandırma işlemi başlatılıyor: Daire ID: 44, Tutar: 800.00, Başlangıç: 2025-09-01, Bitiş: 2025-09-30 
[2025-09-14 10:24:19] [INFO] Borçlandırma işlemi başlatılıyor: Daire ID: 45, Tutar: 800.00, Başlangıç: 2025-09-01, Bitiş: 2025-09-30 
[2025-09-14 10:24:19] [INFO] Borçlandırma işlemi başlatılıyor: Daire ID: 46, Tutar: 800.00, Başlangıç: 2025-09-01, Bitiş: 2025-09-30 
[2025-09-14 10:24:19] [INFO] Borçlandırma işlemi başlatılıyor: Daire ID: 47, Tutar: 800.00, Başlangıç: 2025-09-01, Bitiş: 2025-09-30 
[2025-09-14 10:24:19] [INFO] Borçlandırma işlemi başlatılıyor: Daire ID: 48, Tutar: 800.00, Başlangıç: 2025-09-01, Bitiş: 2025-09-30 
[2025-09-14 10:24:19] [INFO] Borçlandırma işlemi başlatılıyor: Daire ID: 49, Tutar: 800.00, Başlangıç: 2025-09-01, Bitiş: 2025-09-30 
[2025-09-14 10:24:19] [INFO] Borçlandırma işlemi başlatılıyor: Daire ID: 50, Tutar: 800.00, Başlangıç: 2025-09-01, Bitiş: 2025-09-30 
[2025-09-14 10:24:19] [INFO] Borçlandırma işlemi başlatılıyor: Daire ID: 51, Tutar: 800.00, Başlangıç: 2025-09-01, Bitiş: 2025-09-30 
[2025-09-14 10:24:19] [INFO] Borçlandırma işlemi başlatılıyor: Daire ID: 52, Tutar: 800.00, Başlangıç: 2025-09-01, Bitiş: 2025-09-30 
[2025-09-14 10:24:19] [INFO] Borçlandırma işlemi başlatılıyor: Daire ID: 53, Tutar: 800.00, Başlangıç: 2025-09-01, Bitiş: 2025-09-30 
[2025-09-14 10:24:19] [INFO] Borçlandırma işlemi başlatılıyor: Daire ID: 54, Tutar: 800.00, Başlangıç: 2025-09-01, Bitiş: 2025-09-30 
[2025-09-14 10:24:19] [INFO] Borçlandırma işlemi başlatılıyor: Daire ID: 55, Tutar: 800.00, Başlangıç: 2025-09-01, Bitiş: 2025-09-30 
[2025-09-14 10:24:19] [INFO] Borçlandırma işlemi başlatılıyor: Daire ID: 56, Tutar: 800.00, Başlangıç: 2025-09-01, Bitiş: 2025-09-30 
[2025-09-14 10:24:19] [INFO] Borçlandırma işlemi başlatılıyor: Daire ID: 57, Tutar: 800.00, Başlangıç: 2025-09-01, Bitiş: 2025-09-30 
[2025-09-14 10:24:19] [INFO] Borçlandırma işlemi başlatılıyor: Daire ID: 58, Tutar: 800.00, Başlangıç: 2025-09-01, Bitiş: 2025-09-30 
[2025-09-14 10:24:19] [INFO] Borçlandırma işlemi başlatılıyor: Daire ID: 59, Tutar: 800.00, Başlangıç: 2025-09-01, Bitiş: 2025-09-30 
[2025-09-14 10:24:19] [INFO] Borçlandırma işlemi başlatılıyor: Daire ID: 60, Tutar: 800.00, Başlangıç: 2025-09-01, Bitiş: 2025-09-30 
[2025-09-14 10:24:19] [INFO] Borçlandırma işlemi başlatılıyor: Daire ID: 61, Tutar: 800.00, Başlangıç: 2025-09-01, Bitiş: 2025-09-30 
[2025-09-14 10:24:19] [INFO] Daire ID 62 aidattan muaf, atlanıyor. 
[2025-09-14 10:24:19] [INFO] Borçlandırma işlemi başlatılıyor: Daire ID: 63, Tutar: 800.00, Başlangıç: 2025-09-01, Bitiş: 2025-09-30 
[2025-09-14 10:24:19] [INFO] Borçlandırma işlemi başlatılıyor: Daire ID: 64, Tutar: 800.00, Başlangıç: 2025-09-01, Bitiş: 2025-09-30 
[2025-09-14 10:24:19] [INFO] Borçlandırma işlemi başlatılıyor: Daire ID: 65, Tutar: 800.00, Başlangıç: 2025-09-01, Bitiş: 2025-09-30 
[2025-09-14 10:24:19] [INFO] Borçlandırma işlemi başlatılıyor: Daire ID: 66, Tutar: 800.00, Başlangıç: 2025-09-01, Bitiş: 2025-09-30 
[2025-09-14 10:24:19] [INFO] Borçlandırma işlemi başlatılıyor: Daire ID: 67, Tutar: 800.00, Başlangıç: 2025-09-01, Bitiş: 2025-09-30 
[2025-09-14 10:24:19] [INFO] Borçlandırma işlemi başlatılıyor: Daire ID: 68, Tutar: 800.00, Başlangıç: 2025-09-01, Bitiş: 2025-09-30 
[2025-09-14 10:24:19] [INFO] Borçlandırma işlemi başlatılıyor: Daire ID: 69, Tutar: 800.00, Başlangıç: 2025-09-01, Bitiş: 2025-09-30 
[2025-09-14 10:24:19] [INFO] Borçlandırma işlemi başlatılıyor: Daire ID: 70, Tutar: 800.00, Başlangıç: 2025-09-01, Bitiş: 2025-09-30 
[2025-09-14 10:24:19] [INFO] Borçlandırma işlemi başlatılıyor: Daire ID: 71, Tutar: 800.00, Başlangıç: 2025-09-01, Bitiş: 2025-09-30 
[2025-09-14 10:24:19] [INFO] Borçlandırma işlemi başlatılıyor: Daire ID: 72, Tutar: 800.00, Başlangıç: 2025-09-01, Bitiş: 2025-09-30 
[2025-09-14 10:24:19] [INFO] Borçlandırma işlemi başlatılıyor: Daire ID: 73, Tutar: 800.00, Başlangıç: 2025-09-01, Bitiş: 2025-09-30 
[2025-09-14 10:24:19] [INFO] Borçlandırma işlemi başlatılıyor: Daire ID: 74, Tutar: 800.00, Başlangıç: 2025-09-01, Bitiş: 2025-09-30 
[2025-09-14 10:24:19] [INFO] Borçlandırma işlemi başlatılıyor: Daire ID: 75, Tutar: 800.00, Başlangıç: 2025-09-01, Bitiş: 2025-09-30 
[2025-09-14 10:24:19] [INFO] Borçlandırma işlemi başlatılıyor: Daire ID: 76, Tutar: 800.00, Başlangıç: 2025-09-01, Bitiş: 2025-09-30 
[2025-09-14 10:24:19] [INFO] Borçlandırma işlemi başlatılıyor: Daire ID: 77, Tutar: 800.00, Başlangıç: 2025-09-01, Bitiş: 2025-09-30 
[2025-09-14 10:24:19] [INFO] Borçlandırma işlemi başlatılıyor: Daire ID: 78, Tutar: 800.00, Başlangıç: 2025-09-01, Bitiş: 2025-09-30 
[2025-09-14 10:24:19] [INFO] Borçlandırma işlemi başlatılıyor: Daire ID: 79, Tutar: 800.00, Başlangıç: 2025-09-01, Bitiş: 2025-09-30 
[2025-09-14 10:24:19] [INFO] Borçlandırma işlemi başlatılıyor: Daire ID: 80, Tutar: 800.00, Başlangıç: 2025-09-01, Bitiş: 2025-09-30 
[2025-09-14 10:24:19] [INFO] Borçlandırma işlemi başlatılıyor: Daire ID: 81, Tutar: 800.00, Başlangıç: 2025-09-01, Bitiş: 2025-09-30 
[2025-09-14 10:24:19] [INFO] Borçlandırma işlemi başlatılıyor: Daire ID: 82, Tutar: 800.00, Başlangıç: 2025-09-01, Bitiş: 2025-09-30 
[2025-09-14 10:24:19] [INFO] Borçlandırma işlemi başlatılıyor: Daire ID: 83, Tutar: 800.00, Başlangıç: 2025-09-01, Bitiş: 2025-09-30 
[2025-09-14 10:24:19] [INFO] Borçlandırma işlemi başlatılıyor: Daire ID: 84, Tutar: 800.00, Başlangıç: 2025-09-01, Bitiş: 2025-09-30 
[2025-09-14 10:24:19] [INFO] Borçlandırma işlemi başlatılıyor: Daire ID: 85, Tutar: 800.00, Başlangıç: 2025-09-01, Bitiş: 2025-09-30 
[2025-09-14 10:24:19] [INFO] Borçlandırma işlemi başlatılıyor: Daire ID: 86, Tutar: 800.00, Başlangıç: 2025-09-01, Bitiş: 2025-09-30 
[2025-09-14 10:24:19] [INFO] Borçlandırma işlemi başlatılıyor: Daire ID: 87, Tutar: 800.00, Başlangıç: 2025-09-01, Bitiş: 2025-09-30 
[2025-09-14 10:24:19] [INFO] Borçlandırma işlemi başlatılıyor: Daire ID: 88, Tutar: 800.00, Başlangıç: 2025-09-01, Bitiş: 2025-09-30 
[2025-09-14 10:24:19] [INFO] Borçlandırma işlemi başlatılıyor: Daire ID: 89, Tutar: 800.00, Başlangıç: 2025-09-01, Bitiş: 2025-09-30 
[2025-09-14 10:24:19] [INFO] Borçlandırma işlemi başlatılıyor: Daire ID: 90, Tutar: 800.00, Başlangıç: 2025-09-01, Bitiş: 2025-09-30 
[2025-09-14 10:24:19] [INFO] Borçlandırma işlemi başlatılıyor: Daire ID: 91, Tutar: 800.00, Başlangıç: 2025-09-01, Bitiş: 2025-09-30 
[2025-09-14 10:24:19] [INFO] Borçlandırma işlemi başlatılıyor: Daire ID: 92, Tutar: 800.00, Başlangıç: 2025-09-01, Bitiş: 2025-09-30 
[2025-09-14 10:24:19] [INFO] Borçlandırma işlemi başlatılıyor: Daire ID: 93, Tutar: 800.00, Başlangıç: 2025-09-01, Bitiş: 2025-09-30 
[2025-09-14 10:24:19] [INFO] Borçlandırma işlemi başlatılıyor: Daire ID: 94, Tutar: 800.00, Başlangıç: 2025-09-01, Bitiş: 2025-09-30 
[2025-09-14 10:24:19] [INFO] Borçlandırma işlemi başlatılıyor: Daire ID: 95, Tutar: 800.00, Başlangıç: 2025-09-01, Bitiş: 2025-09-30 
[2025-09-14 10:24:19] [INFO] Borçlandırma işlemi başlatılıyor: Daire ID: 96, Tutar: 800.00, Başlangıç: 2025-09-01, Bitiş: 2025-09-30 
[2025-09-14 10:24:19] [INFO] Borçlandırma işlemi başlatılıyor: Daire ID: 97, Tutar: 800.00, Başlangıç: 2025-09-01, Bitiş: 2025-09-30 
[2025-09-14 10:24:19] [INFO] Borçlandırma işlemi başlatılıyor: Daire ID: 98, Tutar: 800.00, Başlangıç: 2025-09-01, Bitiş: 2025-09-30 
[2025-09-14 10:24:19] [INFO] Borçlandırma işlemi başlatılıyor: Daire ID: 99, Tutar: 800.00, Başlangıç: 2025-09-01, Bitiş: 2025-09-30 
[2025-09-14 10:24:19] [INFO] Borçlandırma işlemi başlatılıyor: Daire ID: 100, Tutar: 800.00, Başlangıç: 2025-09-01, Bitiş: 2025-09-30 
[2025-09-14 10:24:19] [INFO] Borçlandırma işlemi başlatılıyor: Daire ID: 101, Tutar: 800.00, Başlangıç: 2025-09-01, Bitiş: 2025-09-30 
[2025-09-14 10:24:19] [INFO] Borçlandırma işlemi başlatılıyor: Daire ID: 102, Tutar: 800.00, Başlangıç: 2025-09-01, Bitiş: 2025-09-30 
[2025-09-14 10:24:19] [INFO] Borçlandırma işlemi başlatılıyor: Daire ID: 103, Tutar: 800.00, Başlangıç: 2025-09-01, Bitiş: 2025-09-30 
[2025-09-14 10:24:19] [INFO] Borçlandırma işlemi başlatılıyor: Daire ID: 104, Tutar: 800.00, Başlangıç: 2025-09-01, Bitiş: 2025-09-30 
[2025-09-14 10:24:19] [INFO] Borçlandırma işlemi başlatılıyor: Daire ID: 105, Tutar: 800.00, Başlangıç: 2025-09-01, Bitiş: 2025-09-30 
[2025-09-14 10:24:19] [INFO] Borçlandırma işlemi başlatılıyor: Daire ID: 106, Tutar: 800.00, Başlangıç: 2025-09-01, Bitiş: 2025-09-30 
[2025-09-14 10:24:19] [INFO] Borçlandırma işlemi başlatılıyor: Daire ID: 107, Tutar: 800.00, Başlangıç: 2025-09-01, Bitiş: 2025-09-30 
[2025-09-14 10:24:19] [INFO] Borçlandırma işlemi başlatılıyor: Daire ID: 108, Tutar: 800.00, Başlangıç: 2025-09-01, Bitiş: 2025-09-30 
[2025-09-14 10:24:19] [INFO] Borçlandırma işlemi başlatılıyor: Daire ID: 109, Tutar: 800.00, Başlangıç: 2025-09-01, Bitiş: 2025-09-30 
[2025-09-14 10:24:19] [INFO] Borçlandırma işlemi başlatılıyor: Daire ID: 110, Tutar: 800.00, Başlangıç: 2025-09-01, Bitiş: 2025-09-30 
[2025-09-14 10:24:19] [INFO] Borçlandırma işlemi başlatılıyor: Daire ID: 111, Tutar: 800.00, Başlangıç: 2025-09-01, Bitiş: 2025-09-30 
[2025-09-14 10:24:19] [INFO] Borçlandırma işlemi başlatılıyor: Daire ID: 112, Tutar: 800.00, Başlangıç: 2025-09-01, Bitiş: 2025-09-30 
[2025-09-14 10:24:19] [INFO] Borçlandırma işlemi başlatılıyor: Daire ID: 113, Tutar: 800.00, Başlangıç: 2025-09-01, Bitiş: 2025-09-30 
[2025-09-14 10:24:19] [INFO] Borçlandırma işlemi başlatılıyor: Daire ID: 114, Tutar: 800.00, Başlangıç: 2025-09-01, Bitiş: 2025-09-30 
[2025-09-14 10:24:19] [INFO] Borçlandırma işlemi başlatılıyor: Daire ID: 115, Tutar: 800.00, Başlangıç: 2025-09-01, Bitiş: 2025-09-30 
[2025-09-14 10:24:19] [INFO] Borçlandırma işlemi başlatılıyor: Daire ID: 116, Tutar: 800.00, Başlangıç: 2025-09-01, Bitiş: 2025-09-30 
[2025-09-14 10:24:19] [INFO] Borçlandırma işlemi başlatılıyor: Daire ID: 117, Tutar: 800.00, Başlangıç: 2025-09-01, Bitiş: 2025-09-30 
[2025-09-14 10:24:19] [INFO] Borçlandırma işlemi başlatılıyor: Daire ID: 118, Tutar: 800.00, Başlangıç: 2025-09-01, Bitiş: 2025-09-30 
[2025-09-14 10:24:19] [INFO] Borçlandırma işlemi başlatılıyor: Daire ID: 119, Tutar: 800.00, Başlangıç: 2025-09-01, Bitiş: 2025-09-30 
[2025-09-14 10:24:19] [INFO] Borçlandırma işlemi başlatılıyor: Daire ID: 120, Tutar: 800.00, Başlangıç: 2025-09-01, Bitiş: 2025-09-30 
[2025-09-14 10:24:19] [INFO] Borçlandırma işlemi başlatılıyor: Daire ID: 121, Tutar: 800.00, Başlangıç: 2025-09-01, Bitiş: 2025-09-30 
[2025-09-14 10:24:19] [INFO] Borçlandırma işlemi başlatılıyor: Daire ID: 122, Tutar: 800.00, Başlangıç: 2025-09-01, Bitiş: 2025-09-30 
[2025-09-14 10:24:19] [INFO] Borçlandırma işlemi başlatılıyor: Daire ID: 123, Tutar: 800.00, Başlangıç: 2025-09-01, Bitiş: 2025-09-30 
[2025-09-14 10:24:19] [INFO] Borçlandırma işlemi başlatılıyor: Daire ID: 124, Tutar: 800.00, Başlangıç: 2025-09-01, Bitiş: 2025-09-30 
[2025-09-14 10:24:19] [INFO] Borçlandırma işlemi başlatılıyor: Daire ID: 125, Tutar: 800.00, Başlangıç: 2025-09-01, Bitiş: 2025-09-30 
[2025-09-14 10:24:19] [INFO] Borçlandırma işlemi başlatılıyor: Daire ID: 126, Tutar: 800.00, Başlangıç: 2025-09-01, Bitiş: 2025-09-30 
[2025-09-14 10:24:19] [INFO] Borçlandırma işlemi başlatılıyor: Daire ID: 127, Tutar: 800.00, Başlangıç: 2025-09-01, Bitiş: 2025-09-30 
[2025-09-14 10:24:19] [INFO] Borçlandırma işlemi başlatılıyor: Daire ID: 128, Tutar: 800.00, Başlangıç: 2025-09-01, Bitiş: 2025-09-30 
[2025-09-14 10:24:19] [INFO] Borçlandırma işlemi başlatılıyor: Daire ID: 129, Tutar: 800.00, Başlangıç: 2025-09-01, Bitiş: 2025-09-30 
[2025-09-14 10:24:19] [INFO] Borçlandırma işlemi başlatılıyor: Daire ID: 130, Tutar: 800.00, Başlangıç: 2025-09-01, Bitiş: 2025-09-30 
[2025-09-14 10:24:19] [INFO] Borçlandırma işlemi başlatılıyor: Daire ID: 131, Tutar: 800.00, Başlangıç: 2025-09-01, Bitiş: 2025-09-30 
[2025-09-14 10:24:19] [INFO] Borçlandırma işlemi başlatılıyor: Daire ID: 132, Tutar: 800.00, Başlangıç: 2025-09-01, Bitiş: 2025-09-30 
[2025-09-14 10:24:19] [INFO] Borçlandırma işlemi başlatılıyor: Daire ID: 133, Tutar: 800.00, Başlangıç: 2025-09-01, Bitiş: 2025-09-30 
[2025-09-14 10:24:19] [INFO] Borçlandırma işlemi başlatılıyor: Daire ID: 134, Tutar: 800.00, Başlangıç: 2025-09-01, Bitiş: 2025-09-30 
[2025-09-14 10:24:19] [INFO] Borçlandırma işlemi başlatılıyor: Daire ID: 135, Tutar: 800.00, Başlangıç: 2025-09-01, Bitiş: 2025-09-30 
[2025-09-14 10:24:19] [INFO] Borçlandırma işlemi başlatılıyor: Daire ID: 136, Tutar: 800.00, Başlangıç: 2025-09-01, Bitiş: 2025-09-30 
[2025-09-14 10:24:19] [INFO] Borçlandırma işlemi başlatılıyor: Daire ID: 137, Tutar: 800.00, Başlangıç: 2025-09-01, Bitiş: 2025-09-30 
[2025-09-14 10:24:19] [INFO] Borçlandırma işlemi başlatılıyor: Daire ID: 138, Tutar: 800.00, Başlangıç: 2025-09-01, Bitiş: 2025-09-30 
[2025-09-14 10:24:19] [INFO] Borçlandırma işlemi başlatılıyor: Daire ID: 139, Tutar: 800.00, Başlangıç: 2025-09-01, Bitiş: 2025-09-30 
[2025-09-14 10:24:19] [INFO] Borçlandırma işlemi başlatılıyor: Daire ID: 140, Tutar: 800.00, Başlangıç: 2025-09-01, Bitiş: 2025-09-30 
[2025-09-14 10:24:19] [INFO] Borçlandırma işlemi başlatılıyor: Daire ID: 141, Tutar: 800.00, Başlangıç: 2025-09-01, Bitiş: 2025-09-30 
[2025-09-14 10:24:19] [INFO] Borçlandırma işlemi başlatılıyor: Daire ID: 142, Tutar: 800.00, Başlangıç: 2025-09-01, Bitiş: 2025-09-30 
[2025-09-14 10:24:19] [INFO] Borçlandırma işlemi başlatılıyor: Daire ID: 143, Tutar: 800.00, Başlangıç: 2025-09-01, Bitiş: 2025-09-30 
[2025-09-14 10:24:19] [INFO] Borçlandırma işlemi başlatılıyor: Daire ID: 144, Tutar: 800.00, Başlangıç: 2025-09-01, Bitiş: 2025-09-30 
[2025-09-14 10:24:19] [INFO] Borçlandırma işlemi başlatılıyor: Daire ID: 145, Tutar: 800.00, Başlangıç: 2025-09-01, Bitiş: 2025-09-30 
[2025-09-14 10:24:19] [INFO] Borçlandırma işlemi başlatılıyor: Daire ID: 146, Tutar: 800.00, Başlangıç: 2025-09-01, Bitiş: 2025-09-30 
[2025-09-14 10:24:19] [INFO] Borçlandırma işlemi başlatılıyor: Daire ID: 147, Tutar: 800.00, Başlangıç: 2025-09-01, Bitiş: 2025-09-30 
[2025-09-14 10:24:19] [INFO] Borçlandırma işlemi başlatılıyor: Daire ID: 148, Tutar: 800.00, Başlangıç: 2025-09-01, Bitiş: 2025-09-30 
[2025-09-14 10:24:19] [INFO] Borçlandırma işlemi başlatılıyor: Daire ID: 149, Tutar: 800.00, Başlangıç: 2025-09-01, Bitiş: 2025-09-30 
[2025-09-14 10:24:19] [INFO] Borçlandırma işlemi başlatılıyor: Daire ID: 150, Tutar: 800.00, Başlangıç: 2025-09-01, Bitiş: 2025-09-30 
[2025-09-14 10:24:19] [INFO] Borçlandırma işlemi başlatılıyor: Daire ID: 151, Tutar: 800.00, Başlangıç: 2025-09-01, Bitiş: 2025-09-30 
[2025-09-14 10:24:19] [INFO] Borçlandırma işlemi başlatılıyor: Daire ID: 152, Tutar: 800.00, Başlangıç: 2025-09-01, Bitiş: 2025-09-30 
[2025-09-14 10:24:19] [INFO] Borçlandırma işlemi başlatılıyor: Daire ID: 153, Tutar: 800.00, Başlangıç: 2025-09-01, Bitiş: 2025-09-30 
[2025-09-14 10:24:19] [INFO] Borçlandırma işlemi başlatılıyor: Daire ID: 154, Tutar: 800.00, Başlangıç: 2025-09-01, Bitiş: 2025-09-30 
[2025-09-14 10:24:19] [INFO] Borçlandırma işlemi başlatılıyor: Daire ID: 155, Tutar: 800.00, Başlangıç: 2025-09-01, Bitiş: 2025-09-30 
[2025-09-14 10:24:19] [INFO] Borçlandırma işlemi başlatılıyor: Daire ID: 156, Tutar: 800.00, Başlangıç: 2025-09-01, Bitiş: 2025-09-30 
[2025-09-14 10:24:19] [INFO] Borçlandırma işlemi başlatılıyor: Daire ID: 157, Tutar: 800.00, Başlangıç: 2025-09-01, Bitiş: 2025-09-30 
[2025-09-14 10:24:19] [INFO] Borçlandırma işlemi başlatılıyor: Daire ID: 158, Tutar: 800.00, Başlangıç: 2025-09-01, Bitiş: 2025-09-30 
[2025-09-14 10:24:19] [INFO] Borçlandırma işlemi başlatılıyor: Daire ID: 159, Tutar: 800.00, Başlangıç: 2025-09-01, Bitiş: 2025-09-30 
[2025-09-14 10:24:19] [INFO] Borçlandırma işlemi başlatılıyor: Daire ID: 160, Tutar: 800.00, Başlangıç: 2025-09-01, Bitiş: 2025-09-30 
[2025-09-14 10:24:19] [INFO] Borçlandırma işlemi başlatılıyor: Daire ID: 161, Tutar: 800.00, Başlangıç: 2025-09-01, Bitiş: 2025-09-30 
[2025-09-14 10:24:19] [INFO] Borçlandırma işlemi başlatılıyor: Daire ID: 162, Tutar: 800.00, Başlangıç: 2025-09-01, Bitiş: 2025-09-30 
[2025-09-14 10:24:19] [INFO] Borçlandırma işlemi başlatılıyor: Daire ID: 163, Tutar: 800.00, Başlangıç: 2025-09-01, Bitiş: 2025-09-30 
[2025-09-14 10:24:19] [INFO] Borçlandırma işlemi başlatılıyor: Daire ID: 164, Tutar: 800.00, Başlangıç: 2025-09-01, Bitiş: 2025-09-30 
[2025-09-14 10:24:19] [INFO] Borçlandırma işlemi başlatılıyor: Daire ID: 165, Tutar: 800.00, Başlangıç: 2025-09-01, Bitiş: 2025-09-30 
[2025-09-14 10:24:19] [INFO] Borçlandırma işlemi başlatılıyor: Daire ID: 166, Tutar: 800.00, Başlangıç: 2025-09-01, Bitiş: 2025-09-30 
[2025-09-14 10:24:19] [INFO] Borçlandırma işlemi başlatılıyor: Daire ID: 167, Tutar: 800.00, Başlangıç: 2025-09-01, Bitiş: 2025-09-30 
[2025-09-14 10:24:19] [INFO] Borçlandırma işlemi başlatılıyor: Daire ID: 168, Tutar: 800.00, Başlangıç: 2025-09-01, Bitiş: 2025-09-30 
[2025-09-14 10:24:19] [INFO] Borçlandırma işlemi başlatılıyor: Daire ID: 169, Tutar: 800.00, Başlangıç: 2025-09-01, Bitiş: 2025-09-30 
[2025-09-14 10:24:19] [INFO] Borçlandırma işlemi başlatılıyor: Daire ID: 170, Tutar: 800.00, Başlangıç: 2025-09-01, Bitiş: 2025-09-30 
[2025-09-14 10:24:19] [INFO] Borçlandırma işlemi başlatılıyor: Daire ID: 171, Tutar: 800.00, Başlangıç: 2025-09-01, Bitiş: 2025-09-30 
[2025-09-14 10:24:19] [INFO] Borçlandırma işlemi başlatılıyor: Daire ID: 172, Tutar: 800.00, Başlangıç: 2025-09-01, Bitiş: 2025-09-30 
[2025-09-14 10:24:19] [INFO] Borçlandırma işlemi başlatılıyor: Daire ID: 173, Tutar: 800.00, Başlangıç: 2025-09-01, Bitiş: 2025-09-30 
[2025-09-14 10:24:19] [INFO] Borçlandırma işlemi başlatılıyor: Daire ID: 174, Tutar: 800.00, Başlangıç: 2025-09-01, Bitiş: 2025-09-30 
[2025-09-14 10:24:19] [INFO] Borçlandırma işlemi başlatılıyor: Daire ID: 175, Tutar: 800.00, Başlangıç: 2025-09-01, Bitiş: 2025-09-30 
[2025-09-14 10:24:19] [INFO] Borçlandırma işlemi başlatılıyor: Daire ID: 176, Tutar: 800.00, Başlangıç: 2025-09-01, Bitiş: 2025-09-30 
[2025-09-14 10:24:19] [INFO] Borçlandırma işlemi başlatılıyor: Daire ID: 177, Tutar: 800.00, Başlangıç: 2025-09-01, Bitiş: 2025-09-30 
[2025-09-14 10:24:19] [INFO] Borçlandırma işlemi başlatılıyor: Daire ID: 178, Tutar: 800.00, Başlangıç: 2025-09-01, Bitiş: 2025-09-30 
[2025-09-14 10:24:19] [INFO] Borçlandırma işlemi başlatılıyor: Daire ID: 179, Tutar: 800.00, Başlangıç: 2025-09-01, Bitiş: 2025-09-30 
[2025-09-14 10:24:19] [INFO] Borçlandırma işlemi başlatılıyor: Daire ID: 180, Tutar: 800.00, Başlangıç: 2025-09-01, Bitiş: 2025-09-30 
[2025-09-14 10:24:19] [INFO] Borçlandırma işlemi başarıyla tamamlandı: {"id":0,"borclandirma_id":"104","borc_adi":"A\u0130DAT","tutar":"800.00","kalan_borc":"800.00","baslangic_tarihi":"20250901","bitis_tarihi":"20250930","son_odeme_tarihi":"20250930","ceza_orani":"0.00","aciklama":"EYL\u00dcL 2025 A\u0130DAT","hedef_tipi":"all"} 
[2025-09-14 10:32:35] [INFO] Borçlandırma işlemi başlatılıyor: Daire ID: 1, Tutar: 800, Başlangıç: 2025-09-01, Bitiş: 2025-09-30 
[2025-09-14 10:32:35] [INFO] Borçlandırma işlemi başlatılıyor: Daire ID: 2, Tutar: 800, Başlangıç: 2025-09-01, Bitiş: 2025-09-30 
[2025-09-14 10:32:35] [INFO] Borçlandırma işlemi başlatılıyor: Daire ID: 3, Tutar: 800, Başlangıç: 2025-09-01, Bitiş: 2025-09-30 
[2025-09-14 10:32:35] [INFO] Borçlandırma işlemi başlatılıyor: Daire ID: 4, Tutar: 800, Başlangıç: 2025-09-01, Bitiş: 2025-09-30 
[2025-09-14 10:32:35] [INFO] Borçlandırma işlemi başlatılıyor: Daire ID: 5, Tutar: 800, Başlangıç: 2025-09-01, Bitiş: 2025-09-30 
[2025-09-14 10:32:35] [INFO] Borçlandırma işlemi başlatılıyor: Daire ID: 6, Tutar: 800, Başlangıç: 2025-09-01, Bitiş: 2025-09-30 
[2025-09-14 10:32:35] [INFO] Borçlandırma işlemi başlatılıyor: Daire ID: 7, Tutar: 800, Başlangıç: 2025-09-01, Bitiş: 2025-09-30 
[2025-09-14 10:32:35] [INFO] Borçlandırma işlemi başlatılıyor: Daire ID: 8, Tutar: 800, Başlangıç: 2025-09-01, Bitiş: 2025-09-30 
[2025-09-14 10:32:35] [INFO] Borçlandırma işlemi başlatılıyor: Daire ID: 9, Tutar: 800, Başlangıç: 2025-09-01, Bitiş: 2025-09-30 
[2025-09-14 10:32:35] [INFO] Borçlandırma işlemi başlatılıyor: Daire ID: 10, Tutar: 800, Başlangıç: 2025-09-01, Bitiş: 2025-09-30 
[2025-09-14 10:32:35] [INFO] Borçlandırma işlemi başlatılıyor: Daire ID: 11, Tutar: 800, Başlangıç: 2025-09-01, Bitiş: 2025-09-30 
[2025-09-14 10:32:35] [INFO] Borçlandırma işlemi başlatılıyor: Daire ID: 12, Tutar: 800, Başlangıç: 2025-09-01, Bitiş: 2025-09-30 
[2025-09-14 10:32:35] [INFO] Borçlandırma işlemi başlatılıyor: Daire ID: 13, Tutar: 800, Başlangıç: 2025-09-01, Bitiş: 2025-09-30 
[2025-09-14 10:32:35] [INFO] Borçlandırma işlemi başlatılıyor: Daire ID: 14, Tutar: 800, Başlangıç: 2025-09-01, Bitiş: 2025-09-30 
[2025-09-14 10:32:35] [INFO] Borçlandırma işlemi başlatılıyor: Daire ID: 15, Tutar: 800, Başlangıç: 2025-09-01, Bitiş: 2025-09-30 
[2025-09-14 10:32:35] [INFO] Borçlandırma işlemi başlatılıyor: Daire ID: 16, Tutar: 800, Başlangıç: 2025-09-01, Bitiş: 2025-09-30 
[2025-09-14 10:32:35] [INFO] Borçlandırma işlemi başlatılıyor: Daire ID: 17, Tutar: 800, Başlangıç: 2025-09-01, Bitiş: 2025-09-30 
[2025-09-14 10:32:35] [INFO] Borçlandırma işlemi başlatılıyor: Daire ID: 18, Tutar: 800, Başlangıç: 2025-09-01, Bitiş: 2025-09-30 
[2025-09-14 10:32:35] [INFO] Borçlandırma işlemi başlatılıyor: Daire ID: 19, Tutar: 800, Başlangıç: 2025-09-01, Bitiş: 2025-09-30 
[2025-09-14 10:32:35] [INFO] Borçlandırma işlemi başlatılıyor: Daire ID: 20, Tutar: 800, Başlangıç: 2025-09-01, Bitiş: 2025-09-30 
[2025-09-14 10:32:35] [INFO] Borçlandırma işlemi başlatılıyor: Daire ID: 21, Tutar: 800, Başlangıç: 2025-09-01, Bitiş: 2025-09-30 
[2025-09-14 10:32:35] [INFO] Borçlandırma işlemi başlatılıyor: Daire ID: 22, Tutar: 800, Başlangıç: 2025-09-01, Bitiş: 2025-09-30 
[2025-09-14 10:32:35] [INFO] Borçlandırma işlemi başlatılıyor: Daire ID: 23, Tutar: 800, Başlangıç: 2025-09-01, Bitiş: 2025-09-30 
[2025-09-14 10:32:35] [INFO] Borçlandırma işlemi başlatılıyor: Daire ID: 24, Tutar: 800, Başlangıç: 2025-09-01, Bitiş: 2025-09-30 
[2025-09-14 10:32:35] [INFO] Borçlandırma işlemi başlatılıyor: Daire ID: 25, Tutar: 800, Başlangıç: 2025-09-01, Bitiş: 2025-09-30 
[2025-09-14 10:32:35] [INFO] Borçlandırma işlemi başlatılıyor: Daire ID: 26, Tutar: 800, Başlangıç: 2025-09-01, Bitiş: 2025-09-30 
[2025-09-14 10:32:35] [INFO] Borçlandırma işlemi başlatılıyor: Daire ID: 27, Tutar: 800, Başlangıç: 2025-09-01, Bitiş: 2025-09-30 
[2025-09-14 10:32:35] [INFO] Borçlandırma işlemi başlatılıyor: Daire ID: 28, Tutar: 800, Başlangıç: 2025-09-01, Bitiş: 2025-09-30 
[2025-09-14 10:32:35] [INFO] Borçlandırma işlemi başlatılıyor: Daire ID: 29, Tutar: 800, Başlangıç: 2025-09-01, Bitiş: 2025-09-30 
[2025-09-14 10:32:35] [INFO] Borçlandırma işlemi başlatılıyor: Daire ID: 30, Tutar: 800, Başlangıç: 2025-09-01, Bitiş: 2025-09-30 
[2025-09-14 10:32:35] [INFO] Borçlandırma işlemi başlatılıyor: Daire ID: 31, Tutar: 800, Başlangıç: 2025-09-01, Bitiş: 2025-09-30 
[2025-09-14 10:32:35] [INFO] Borçlandırma işlemi başlatılıyor: Daire ID: 32, Tutar: 800, Başlangıç: 2025-09-01, Bitiş: 2025-09-30 
[2025-09-14 10:32:35] [INFO] Borçlandırma işlemi başlatılıyor: Daire ID: 33, Tutar: 800, Başlangıç: 2025-09-01, Bitiş: 2025-09-30 
[2025-09-14 10:32:35] [INFO] Borçlandırma işlemi başlatılıyor: Daire ID: 34, Tutar: 800, Başlangıç: 2025-09-01, Bitiş: 2025-09-30 
[2025-09-14 10:32:35] [INFO] Borçlandırma işlemi başlatılıyor: Daire ID: 35, Tutar: 800, Başlangıç: 2025-09-01, Bitiş: 2025-09-30 
[2025-09-14 10:32:35] [INFO] Borçlandırma işlemi başlatılıyor: Daire ID: 36, Tutar: 800, Başlangıç: 2025-09-01, Bitiş: 2025-09-30 
[2025-09-14 10:32:35] [INFO] Borçlandırma işlemi başlatılıyor: Daire ID: 37, Tutar: 800, Başlangıç: 2025-09-01, Bitiş: 2025-09-30 
[2025-09-14 10:32:35] [INFO] Borçlandırma işlemi başlatılıyor: Daire ID: 38, Tutar: 800, Başlangıç: 2025-09-01, Bitiş: 2025-09-30 
[2025-09-14 10:32:35] [INFO] Borçlandırma işlemi başlatılıyor: Daire ID: 39, Tutar: 800, Başlangıç: 2025-09-01, Bitiş: 2025-09-30 
[2025-09-14 10:32:35] [INFO] Borçlandırma işlemi başlatılıyor: Daire ID: 40, Tutar: 800, Başlangıç: 2025-09-01, Bitiş: 2025-09-30 
[2025-09-14 10:32:35] [INFO] Borçlandırma işlemi başlatılıyor: Daire ID: 41, Tutar: 800, Başlangıç: 2025-09-01, Bitiş: 2025-09-30 
[2025-09-14 10:32:35] [INFO] Borçlandırma işlemi başlatılıyor: Daire ID: 42, Tutar: 800, Başlangıç: 2025-09-01, Bitiş: 2025-09-30 
[2025-09-14 10:32:35] [INFO] Borçlandırma işlemi başlatılıyor: Daire ID: 43, Tutar: 800, Başlangıç: 2025-09-01, Bitiş: 2025-09-30 
[2025-09-14 10:32:35] [INFO] Borçlandırma işlemi başlatılıyor: Daire ID: 44, Tutar: 800, Başlangıç: 2025-09-01, Bitiş: 2025-09-30 
[2025-09-14 10:32:35] [INFO] Borçlandırma işlemi başlatılıyor: Daire ID: 45, Tutar: 800, Başlangıç: 2025-09-01, Bitiş: 2025-09-30 
[2025-09-14 10:32:35] [INFO] Borçlandırma işlemi başlatılıyor: Daire ID: 46, Tutar: 800, Başlangıç: 2025-09-01, Bitiş: 2025-09-30 
[2025-09-14 10:32:35] [INFO] Borçlandırma işlemi başlatılıyor: Daire ID: 47, Tutar: 800, Başlangıç: 2025-09-01, Bitiş: 2025-09-30 
[2025-09-14 10:32:35] [INFO] Borçlandırma işlemi başlatılıyor: Daire ID: 48, Tutar: 800, Başlangıç: 2025-09-01, Bitiş: 2025-09-30 
[2025-09-14 10:32:35] [INFO] Borçlandırma işlemi başlatılıyor: Daire ID: 49, Tutar: 800, Başlangıç: 2025-09-01, Bitiş: 2025-09-30 
[2025-09-14 10:32:35] [INFO] Borçlandırma işlemi başlatılıyor: Daire ID: 50, Tutar: 800, Başlangıç: 2025-09-01, Bitiş: 2025-09-30 
[2025-09-14 10:32:35] [INFO] Borçlandırma işlemi başlatılıyor: Daire ID: 51, Tutar: 800, Başlangıç: 2025-09-01, Bitiş: 2025-09-30 
[2025-09-14 10:32:35] [INFO] Borçlandırma işlemi başlatılıyor: Daire ID: 52, Tutar: 800, Başlangıç: 2025-09-01, Bitiş: 2025-09-30 
[2025-09-14 10:32:35] [INFO] Borçlandırma işlemi başlatılıyor: Daire ID: 53, Tutar: 800, Başlangıç: 2025-09-01, Bitiş: 2025-09-30 
[2025-09-14 10:32:35] [INFO] Borçlandırma işlemi başlatılıyor: Daire ID: 54, Tutar: 800, Başlangıç: 2025-09-01, Bitiş: 2025-09-30 
[2025-09-14 10:32:35] [INFO] Borçlandırma işlemi başlatılıyor: Daire ID: 55, Tutar: 800, Başlangıç: 2025-09-01, Bitiş: 2025-09-30 
[2025-09-14 10:32:35] [INFO] Borçlandırma işlemi başlatılıyor: Daire ID: 56, Tutar: 800, Başlangıç: 2025-09-01, Bitiş: 2025-09-30 
[2025-09-14 10:32:35] [INFO] Borçlandırma işlemi başlatılıyor: Daire ID: 57, Tutar: 800, Başlangıç: 2025-09-01, Bitiş: 2025-09-30 
[2025-09-14 10:32:35] [INFO] Borçlandırma işlemi başlatılıyor: Daire ID: 58, Tutar: 800, Başlangıç: 2025-09-01, Bitiş: 2025-09-30 
[2025-09-14 10:32:35] [INFO] Borçlandırma işlemi başlatılıyor: Daire ID: 59, Tutar: 800, Başlangıç: 2025-09-01, Bitiş: 2025-09-30 
[2025-09-14 10:32:35] [INFO] Borçlandırma işlemi başlatılıyor: Daire ID: 60, Tutar: 800, Başlangıç: 2025-09-01, Bitiş: 2025-09-30 
[2025-09-14 10:32:35] [INFO] Borçlandırma işlemi başlatılıyor: Daire ID: 61, Tutar: 800, Başlangıç: 2025-09-01, Bitiş: 2025-09-30 
[2025-09-14 10:32:35] [INFO] Daire ID 62 aidattan muaf, atlanıyor. 
[2025-09-14 10:32:35] [INFO] Borçlandırma işlemi başlatılıyor: Daire ID: 63, Tutar: 800, Başlangıç: 2025-09-01, Bitiş: 2025-09-30 
[2025-09-14 10:32:35] [INFO] Borçlandırma işlemi başlatılıyor: Daire ID: 64, Tutar: 800, Başlangıç: 2025-09-01, Bitiş: 2025-09-30 
[2025-09-14 10:32:35] [INFO] Borçlandırma işlemi başlatılıyor: Daire ID: 65, Tutar: 800, Başlangıç: 2025-09-01, Bitiş: 2025-09-30 
[2025-09-14 10:32:35] [INFO] Borçlandırma işlemi başlatılıyor: Daire ID: 66, Tutar: 800, Başlangıç: 2025-09-01, Bitiş: 2025-09-30 
[2025-09-14 10:32:35] [INFO] Borçlandırma işlemi başlatılıyor: Daire ID: 67, Tutar: 800, Başlangıç: 2025-09-01, Bitiş: 2025-09-30 
[2025-09-14 10:32:35] [INFO] Borçlandırma işlemi başlatılıyor: Daire ID: 68, Tutar: 800, Başlangıç: 2025-09-01, Bitiş: 2025-09-30 
[2025-09-14 10:32:35] [INFO] Borçlandırma işlemi başlatılıyor: Daire ID: 69, Tutar: 800, Başlangıç: 2025-09-01, Bitiş: 2025-09-30 
[2025-09-14 10:32:35] [INFO] Borçlandırma işlemi başlatılıyor: Daire ID: 70, Tutar: 800, Başlangıç: 2025-09-01, Bitiş: 2025-09-30 
[2025-09-14 10:32:35] [INFO] Borçlandırma işlemi başlatılıyor: Daire ID: 71, Tutar: 800, Başlangıç: 2025-09-01, Bitiş: 2025-09-30 
[2025-09-14 10:32:35] [INFO] Borçlandırma işlemi başlatılıyor: Daire ID: 72, Tutar: 800, Başlangıç: 2025-09-01, Bitiş: 2025-09-30 
[2025-09-14 10:32:35] [INFO] Borçlandırma işlemi başlatılıyor: Daire ID: 73, Tutar: 800, Başlangıç: 2025-09-01, Bitiş: 2025-09-30 
[2025-09-14 10:32:35] [INFO] Borçlandırma işlemi başlatılıyor: Daire ID: 74, Tutar: 800, Başlangıç: 2025-09-01, Bitiş: 2025-09-30 
[2025-09-14 10:32:35] [INFO] Borçlandırma işlemi başlatılıyor: Daire ID: 75, Tutar: 800, Başlangıç: 2025-09-01, Bitiş: 2025-09-30 
[2025-09-14 10:32:35] [INFO] Borçlandırma işlemi başlatılıyor: Daire ID: 76, Tutar: 800, Başlangıç: 2025-09-01, Bitiş: 2025-09-30 
[2025-09-14 10:32:35] [INFO] Borçlandırma işlemi başlatılıyor: Daire ID: 77, Tutar: 800, Başlangıç: 2025-09-01, Bitiş: 2025-09-30 
[2025-09-14 10:32:35] [INFO] Borçlandırma işlemi başlatılıyor: Daire ID: 78, Tutar: 800, Başlangıç: 2025-09-01, Bitiş: 2025-09-30 
[2025-09-14 10:32:35] [INFO] Borçlandırma işlemi başlatılıyor: Daire ID: 79, Tutar: 800, Başlangıç: 2025-09-01, Bitiş: 2025-09-30 
[2025-09-14 10:32:35] [INFO] Borçlandırma işlemi başlatılıyor: Daire ID: 80, Tutar: 800, Başlangıç: 2025-09-01, Bitiş: 2025-09-30 
[2025-09-14 10:32:35] [INFO] Borçlandırma işlemi başlatılıyor: Daire ID: 81, Tutar: 800, Başlangıç: 2025-09-01, Bitiş: 2025-09-30 
[2025-09-14 10:32:35] [INFO] Borçlandırma işlemi başlatılıyor: Daire ID: 82, Tutar: 800, Başlangıç: 2025-09-01, Bitiş: 2025-09-30 
[2025-09-14 10:32:35] [INFO] Borçlandırma işlemi başlatılıyor: Daire ID: 83, Tutar: 800, Başlangıç: 2025-09-01, Bitiş: 2025-09-30 
[2025-09-14 10:32:35] [INFO] Borçlandırma işlemi başlatılıyor: Daire ID: 84, Tutar: 800, Başlangıç: 2025-09-01, Bitiş: 2025-09-30 
[2025-09-14 10:32:35] [INFO] Borçlandırma işlemi başlatılıyor: Daire ID: 85, Tutar: 800, Başlangıç: 2025-09-01, Bitiş: 2025-09-30 
[2025-09-14 10:32:35] [INFO] Borçlandırma işlemi başlatılıyor: Daire ID: 86, Tutar: 800, Başlangıç: 2025-09-01, Bitiş: 2025-09-30 
[2025-09-14 10:32:35] [INFO] Borçlandırma işlemi başlatılıyor: Daire ID: 87, Tutar: 800, Başlangıç: 2025-09-01, Bitiş: 2025-09-30 
[2025-09-14 10:32:35] [INFO] Borçlandırma işlemi başlatılıyor: Daire ID: 88, Tutar: 800, Başlangıç: 2025-09-01, Bitiş: 2025-09-30 
[2025-09-14 10:32:35] [INFO] Borçlandırma işlemi başlatılıyor: Daire ID: 89, Tutar: 800, Başlangıç: 2025-09-01, Bitiş: 2025-09-30 
[2025-09-14 10:32:35] [INFO] Borçlandırma işlemi başlatılıyor: Daire ID: 90, Tutar: 800, Başlangıç: 2025-09-01, Bitiş: 2025-09-30 
[2025-09-14 10:32:35] [INFO] Borçlandırma işlemi başlatılıyor: Daire ID: 91, Tutar: 800, Başlangıç: 2025-09-01, Bitiş: 2025-09-30 
[2025-09-14 10:32:35] [INFO] Borçlandırma işlemi başlatılıyor: Daire ID: 92, Tutar: 800, Başlangıç: 2025-09-01, Bitiş: 2025-09-30 
[2025-09-14 10:32:35] [INFO] Borçlandırma işlemi başlatılıyor: Daire ID: 93, Tutar: 800, Başlangıç: 2025-09-01, Bitiş: 2025-09-30 
[2025-09-14 10:32:35] [INFO] Borçlandırma işlemi başlatılıyor: Daire ID: 94, Tutar: 800, Başlangıç: 2025-09-01, Bitiş: 2025-09-30 
[2025-09-14 10:32:35] [INFO] Borçlandırma işlemi başlatılıyor: Daire ID: 95, Tutar: 800, Başlangıç: 2025-09-01, Bitiş: 2025-09-30 
[2025-09-14 10:32:35] [INFO] Borçlandırma işlemi başlatılıyor: Daire ID: 96, Tutar: 800, Başlangıç: 2025-09-01, Bitiş: 2025-09-30 
[2025-09-14 10:32:35] [INFO] Borçlandırma işlemi başlatılıyor: Daire ID: 97, Tutar: 800, Başlangıç: 2025-09-01, Bitiş: 2025-09-30 
[2025-09-14 10:32:35] [INFO] Borçlandırma işlemi başlatılıyor: Daire ID: 98, Tutar: 800, Başlangıç: 2025-09-01, Bitiş: 2025-09-30 
[2025-09-14 10:32:35] [INFO] Borçlandırma işlemi başlatılıyor: Daire ID: 99, Tutar: 800, Başlangıç: 2025-09-01, Bitiş: 2025-09-30 
[2025-09-14 10:32:35] [INFO] Borçlandırma işlemi başlatılıyor: Daire ID: 100, Tutar: 800, Başlangıç: 2025-09-01, Bitiş: 2025-09-30 
[2025-09-14 10:32:35] [INFO] Borçlandırma işlemi başlatılıyor: Daire ID: 101, Tutar: 800, Başlangıç: 2025-09-01, Bitiş: 2025-09-30 
[2025-09-14 10:32:35] [INFO] Borçlandırma işlemi başlatılıyor: Daire ID: 102, Tutar: 800, Başlangıç: 2025-09-01, Bitiş: 2025-09-30 
[2025-09-14 10:32:35] [INFO] Borçlandırma işlemi başlatılıyor: Daire ID: 103, Tutar: 800, Başlangıç: 2025-09-01, Bitiş: 2025-09-30 
[2025-09-14 10:32:35] [INFO] Borçlandırma işlemi başlatılıyor: Daire ID: 104, Tutar: 800, Başlangıç: 2025-09-01, Bitiş: 2025-09-30 
[2025-09-14 10:32:35] [INFO] Borçlandırma işlemi başlatılıyor: Daire ID: 105, Tutar: 800, Başlangıç: 2025-09-01, Bitiş: 2025-09-30 
[2025-09-14 10:32:35] [INFO] Borçlandırma işlemi başlatılıyor: Daire ID: 106, Tutar: 800, Başlangıç: 2025-09-01, Bitiş: 2025-09-30 
[2025-09-14 10:32:35] [INFO] Borçlandırma işlemi başlatılıyor: Daire ID: 107, Tutar: 800, Başlangıç: 2025-09-01, Bitiş: 2025-09-30 
[2025-09-14 10:32:35] [INFO] Borçlandırma işlemi başlatılıyor: Daire ID: 108, Tutar: 800, Başlangıç: 2025-09-01, Bitiş: 2025-09-30 
[2025-09-14 10:32:35] [INFO] Borçlandırma işlemi başlatılıyor: Daire ID: 109, Tutar: 800, Başlangıç: 2025-09-01, Bitiş: 2025-09-30 
[2025-09-14 10:32:35] [INFO] Borçlandırma işlemi başlatılıyor: Daire ID: 110, Tutar: 800, Başlangıç: 2025-09-01, Bitiş: 2025-09-30 
[2025-09-14 10:32:35] [INFO] Borçlandırma işlemi başlatılıyor: Daire ID: 111, Tutar: 800, Başlangıç: 2025-09-01, Bitiş: 2025-09-30 
[2025-09-14 10:32:35] [INFO] Borçlandırma işlemi başlatılıyor: Daire ID: 112, Tutar: 800, Başlangıç: 2025-09-01, Bitiş: 2025-09-30 
[2025-09-14 10:32:35] [INFO] Borçlandırma işlemi başlatılıyor: Daire ID: 113, Tutar: 800, Başlangıç: 2025-09-01, Bitiş: 2025-09-30 
[2025-09-14 10:32:35] [INFO] Borçlandırma işlemi başlatılıyor: Daire ID: 114, Tutar: 800, Başlangıç: 2025-09-01, Bitiş: 2025-09-30 
[2025-09-14 10:32:35] [INFO] Borçlandırma işlemi başlatılıyor: Daire ID: 115, Tutar: 800, Başlangıç: 2025-09-01, Bitiş: 2025-09-30 
[2025-09-14 10:32:35] [INFO] Borçlandırma işlemi başlatılıyor: Daire ID: 116, Tutar: 800, Başlangıç: 2025-09-01, Bitiş: 2025-09-30 
[2025-09-14 10:32:35] [INFO] Borçlandırma işlemi başlatılıyor: Daire ID: 117, Tutar: 800, Başlangıç: 2025-09-01, Bitiş: 2025-09-30 
[2025-09-14 10:32:35] [INFO] Borçlandırma işlemi başlatılıyor: Daire ID: 118, Tutar: 800, Başlangıç: 2025-09-01, Bitiş: 2025-09-30 
[2025-09-14 10:32:35] [INFO] Borçlandırma işlemi başlatılıyor: Daire ID: 119, Tutar: 800, Başlangıç: 2025-09-01, Bitiş: 2025-09-30 
[2025-09-14 10:32:35] [INFO] Borçlandırma işlemi başlatılıyor: Daire ID: 120, Tutar: 800, Başlangıç: 2025-09-01, Bitiş: 2025-09-30 
[2025-09-14 10:32:35] [INFO] Borçlandırma işlemi başlatılıyor: Daire ID: 121, Tutar: 800, Başlangıç: 2025-09-01, Bitiş: 2025-09-30 
[2025-09-14 10:32:35] [INFO] Borçlandırma işlemi başlatılıyor: Daire ID: 122, Tutar: 800, Başlangıç: 2025-09-01, Bitiş: 2025-09-30 
[2025-09-14 10:32:35] [INFO] Borçlandırma işlemi başlatılıyor: Daire ID: 123, Tutar: 800, Başlangıç: 2025-09-01, Bitiş: 2025-09-30 
[2025-09-14 10:32:35] [INFO] Borçlandırma işlemi başlatılıyor: Daire ID: 124, Tutar: 800, Başlangıç: 2025-09-01, Bitiş: 2025-09-30 
[2025-09-14 10:32:35] [INFO] Borçlandırma işlemi başlatılıyor: Daire ID: 125, Tutar: 800, Başlangıç: 2025-09-01, Bitiş: 2025-09-30 
[2025-09-14 10:32:35] [INFO] Borçlandırma işlemi başlatılıyor: Daire ID: 126, Tutar: 800, Başlangıç: 2025-09-01, Bitiş: 2025-09-30 
[2025-09-14 10:32:35] [INFO] Borçlandırma işlemi başlatılıyor: Daire ID: 127, Tutar: 800, Başlangıç: 2025-09-01, Bitiş: 2025-09-30 
[2025-09-14 10:32:35] [INFO] Borçlandırma işlemi başlatılıyor: Daire ID: 128, Tutar: 800, Başlangıç: 2025-09-01, Bitiş: 2025-09-30 
[2025-09-14 10:32:35] [INFO] Borçlandırma işlemi başlatılıyor: Daire ID: 129, Tutar: 800, Başlangıç: 2025-09-01, Bitiş: 2025-09-30 
[2025-09-14 10:32:35] [INFO] Borçlandırma işlemi başlatılıyor: Daire ID: 130, Tutar: 800, Başlangıç: 2025-09-01, Bitiş: 2025-09-30 
[2025-09-14 10:32:35] [INFO] Borçlandırma işlemi başlatılıyor: Daire ID: 131, Tutar: 800, Başlangıç: 2025-09-01, Bitiş: 2025-09-30 
[2025-09-14 10:32:35] [INFO] Borçlandırma işlemi başlatılıyor: Daire ID: 132, Tutar: 800, Başlangıç: 2025-09-01, Bitiş: 2025-09-30 
[2025-09-14 10:32:35] [INFO] Borçlandırma işlemi başlatılıyor: Daire ID: 133, Tutar: 800, Başlangıç: 2025-09-01, Bitiş: 2025-09-30 
[2025-09-14 10:32:35] [INFO] Borçlandırma işlemi başlatılıyor: Daire ID: 134, Tutar: 800, Başlangıç: 2025-09-01, Bitiş: 2025-09-30 
[2025-09-14 10:32:35] [INFO] Borçlandırma işlemi başlatılıyor: Daire ID: 135, Tutar: 800, Başlangıç: 2025-09-01, Bitiş: 2025-09-30 
[2025-09-14 10:32:35] [INFO] Borçlandırma işlemi başlatılıyor: Daire ID: 136, Tutar: 800, Başlangıç: 2025-09-01, Bitiş: 2025-09-30 
[2025-09-14 10:32:35] [INFO] Borçlandırma işlemi başlatılıyor: Daire ID: 137, Tutar: 800, Başlangıç: 2025-09-01, Bitiş: 2025-09-30 
[2025-09-14 10:32:35] [INFO] Borçlandırma işlemi başlatılıyor: Daire ID: 138, Tutar: 800, Başlangıç: 2025-09-01, Bitiş: 2025-09-30 
[2025-09-14 10:32:35] [INFO] Borçlandırma işlemi başlatılıyor: Daire ID: 139, Tutar: 800, Başlangıç: 2025-09-01, Bitiş: 2025-09-30 
[2025-09-14 10:32:35] [INFO] Borçlandırma işlemi başlatılıyor: Daire ID: 140, Tutar: 800, Başlangıç: 2025-09-01, Bitiş: 2025-09-30 
[2025-09-14 10:32:35] [INFO] Borçlandırma işlemi başlatılıyor: Daire ID: 141, Tutar: 800, Başlangıç: 2025-09-01, Bitiş: 2025-09-30 
[2025-09-14 10:32:35] [INFO] Borçlandırma işlemi başlatılıyor: Daire ID: 142, Tutar: 800, Başlangıç: 2025-09-01, Bitiş: 2025-09-30 
[2025-09-14 10:32:35] [INFO] Borçlandırma işlemi başlatılıyor: Daire ID: 143, Tutar: 800, Başlangıç: 2025-09-01, Bitiş: 2025-09-30 
[2025-09-14 10:32:35] [INFO] Borçlandırma işlemi başlatılıyor: Daire ID: 144, Tutar: 800, Başlangıç: 2025-09-01, Bitiş: 2025-09-30 
[2025-09-14 10:32:35] [INFO] Borçlandırma işlemi başlatılıyor: Daire ID: 145, Tutar: 800, Başlangıç: 2025-09-01, Bitiş: 2025-09-30 
[2025-09-14 10:32:35] [INFO] Borçlandırma işlemi başlatılıyor: Daire ID: 146, Tutar: 800, Başlangıç: 2025-09-01, Bitiş: 2025-09-30 
[2025-09-14 10:32:35] [INFO] Borçlandırma işlemi başlatılıyor: Daire ID: 147, Tutar: 800, Başlangıç: 2025-09-01, Bitiş: 2025-09-30 
[2025-09-14 10:32:35] [INFO] Borçlandırma işlemi başlatılıyor: Daire ID: 148, Tutar: 800, Başlangıç: 2025-09-01, Bitiş: 2025-09-30 
[2025-09-14 10:32:35] [INFO] Borçlandırma işlemi başlatılıyor: Daire ID: 149, Tutar: 800, Başlangıç: 2025-09-01, Bitiş: 2025-09-30 
[2025-09-14 10:32:35] [INFO] Borçlandırma işlemi başlatılıyor: Daire ID: 150, Tutar: 800, Başlangıç: 2025-09-01, Bitiş: 2025-09-30 
[2025-09-14 10:32:35] [INFO] Borçlandırma işlemi başlatılıyor: Daire ID: 151, Tutar: 800, Başlangıç: 2025-09-01, Bitiş: 2025-09-30 
[2025-09-14 10:32:35] [INFO] Borçlandırma işlemi başlatılıyor: Daire ID: 152, Tutar: 800, Başlangıç: 2025-09-01, Bitiş: 2025-09-30 
[2025-09-14 10:32:35] [INFO] Borçlandırma işlemi başlatılıyor: Daire ID: 153, Tutar: 800, Başlangıç: 2025-09-01, Bitiş: 2025-09-30 
[2025-09-14 10:32:35] [INFO] Borçlandırma işlemi başlatılıyor: Daire ID: 154, Tutar: 800, Başlangıç: 2025-09-01, Bitiş: 2025-09-30 
[2025-09-14 10:32:35] [INFO] Borçlandırma işlemi başlatılıyor: Daire ID: 155, Tutar: 800, Başlangıç: 2025-09-01, Bitiş: 2025-09-30 
[2025-09-14 10:32:35] [INFO] Borçlandırma işlemi başlatılıyor: Daire ID: 156, Tutar: 800, Başlangıç: 2025-09-01, Bitiş: 2025-09-30 
[2025-09-14 10:32:35] [INFO] Borçlandırma işlemi başlatılıyor: Daire ID: 157, Tutar: 800, Başlangıç: 2025-09-01, Bitiş: 2025-09-30 
[2025-09-14 10:32:35] [INFO] Borçlandırma işlemi başlatılıyor: Daire ID: 158, Tutar: 800, Başlangıç: 2025-09-01, Bitiş: 2025-09-30 
[2025-09-14 10:32:35] [INFO] Borçlandırma işlemi başlatılıyor: Daire ID: 159, Tutar: 800, Başlangıç: 2025-09-01, Bitiş: 2025-09-30 
[2025-09-14 10:32:35] [INFO] Borçlandırma işlemi başlatılıyor: Daire ID: 160, Tutar: 800, Başlangıç: 2025-09-01, Bitiş: 2025-09-30 
[2025-09-14 10:32:35] [INFO] Borçlandırma işlemi başlatılıyor: Daire ID: 161, Tutar: 800, Başlangıç: 2025-09-01, Bitiş: 2025-09-30 
[2025-09-14 10:32:35] [INFO] Borçlandırma işlemi başlatılıyor: Daire ID: 162, Tutar: 800, Başlangıç: 2025-09-01, Bitiş: 2025-09-30 
[2025-09-14 10:32:35] [INFO] Borçlandırma işlemi başlatılıyor: Daire ID: 163, Tutar: 800, Başlangıç: 2025-09-01, Bitiş: 2025-09-30 
[2025-09-14 10:32:35] [INFO] Borçlandırma işlemi başlatılıyor: Daire ID: 164, Tutar: 800, Başlangıç: 2025-09-01, Bitiş: 2025-09-30 
[2025-09-14 10:32:35] [INFO] Borçlandırma işlemi başlatılıyor: Daire ID: 165, Tutar: 800, Başlangıç: 2025-09-01, Bitiş: 2025-09-30 
[2025-09-14 10:32:35] [INFO] Borçlandırma işlemi başlatılıyor: Daire ID: 166, Tutar: 800, Başlangıç: 2025-09-01, Bitiş: 2025-09-30 
[2025-09-14 10:32:35] [INFO] Borçlandırma işlemi başlatılıyor: Daire ID: 167, Tutar: 800, Başlangıç: 2025-09-01, Bitiş: 2025-09-30 
[2025-09-14 10:32:35] [INFO] Borçlandırma işlemi başlatılıyor: Daire ID: 168, Tutar: 800, Başlangıç: 2025-09-01, Bitiş: 2025-09-30 
[2025-09-14 10:32:35] [INFO] Borçlandırma işlemi başlatılıyor: Daire ID: 169, Tutar: 800, Başlangıç: 2025-09-01, Bitiş: 2025-09-30 
[2025-09-14 10:32:35] [INFO] Borçlandırma işlemi başlatılıyor: Daire ID: 170, Tutar: 800, Başlangıç: 2025-09-01, Bitiş: 2025-09-30 
[2025-09-14 10:32:35] [INFO] Borçlandırma işlemi başlatılıyor: Daire ID: 171, Tutar: 800, Başlangıç: 2025-09-01, Bitiş: 2025-09-30 
[2025-09-14 10:32:35] [INFO] Borçlandırma işlemi başlatılıyor: Daire ID: 172, Tutar: 800, Başlangıç: 2025-09-01, Bitiş: 2025-09-30 
[2025-09-14 10:32:35] [INFO] Borçlandırma işlemi başlatılıyor: Daire ID: 173, Tutar: 800, Başlangıç: 2025-09-01, Bitiş: 2025-09-30 
[2025-09-14 10:32:35] [INFO] Borçlandırma işlemi başlatılıyor: Daire ID: 174, Tutar: 800, Başlangıç: 2025-09-01, Bitiş: 2025-09-30 
[2025-09-14 10:32:35] [INFO] Borçlandırma işlemi başlatılıyor: Daire ID: 175, Tutar: 800, Başlangıç: 2025-09-01, Bitiş: 2025-09-30 
[2025-09-14 10:32:35] [INFO] Borçlandırma işlemi başlatılıyor: Daire ID: 176, Tutar: 800, Başlangıç: 2025-09-01, Bitiş: 2025-09-30 
[2025-09-14 10:32:35] [INFO] Borçlandırma işlemi başlatılıyor: Daire ID: 177, Tutar: 800, Başlangıç: 2025-09-01, Bitiş: 2025-09-30 
[2025-09-14 10:32:35] [INFO] Borçlandırma işlemi başlatılıyor: Daire ID: 178, Tutar: 800, Başlangıç: 2025-09-01, Bitiş: 2025-09-30 
[2025-09-14 10:32:35] [INFO] Borçlandırma işlemi başlatılıyor: Daire ID: 179, Tutar: 800, Başlangıç: 2025-09-01, Bitiş: 2025-09-30 
[2025-09-14 10:32:35] [INFO] Borçlandırma işlemi başlatılıyor: Daire ID: 180, Tutar: 800, Başlangıç: 2025-09-01, Bitiş: 2025-09-30 
[2025-09-14 10:32:35] [INFO] Borçlandırma işlemi başarıyla tamamlandı: {"id":0,"borclandirma_id":"105","borc_adi":"Beatrice Chapman deneme","tutar":"800","kalan_borc":"800","baslangic_tarihi":"20250901","bitis_tarihi":"20250930","son_odeme_tarihi":"20250930","ceza_orani":"0.00","aciklama":"EYL\u00dcL 2025 Beatrice Chapman deneme","hedef_tipi":"all"} 
[2025-09-14 10:35:53] [INFO] Gecikme zammı ödemesi: 0.00 TL, kalan ödenecek tutar: 800.00 TL 
[2025-09-14 10:36:12] [INFO] Gecikme zammı ödemesi: 0.00 TL, kalan ödenecek tutar: 800.00 TL 
[2025-09-14 10:37:22] [INFO] Gecikme zammı ödemesi: 0.00 TL, kalan ödenecek tutar: 2200.00 TL 
[2025-09-14 10:37:22] [INFO] Gecikme zammı ödemesi: 0.00 TL, kalan ödenecek tutar: 1600 TL 
[2025-09-14 10:37:22] [INFO] Gecikme zammı ödemesi: 0.00 TL, kalan ödenecek tutar: 800 TL 
[2025-09-14 10:52:07] [INFO] Gecikme zammı ödemesi: 0.00 TL, kalan ödenecek tutar: 1660.00 TL 
[2025-09-14 10:52:07] [INFO] Gecikme zammı ödemesi: 0.00 TL, kalan ödenecek tutar: 1060 TL 
[2025-09-14 10:52:46] [INFO] Gecikme zammı ödemesi: 0.00 TL, kalan ödenecek tutar: 1200.00 TL 
[2025-09-14 10:52:46] [INFO] Gecikme zammı ödemesi: 0.00 TL, kalan ödenecek tutar: 800 TL 
[2025-09-14 10:52:46] [INFO] Gecikme zammı ödemesi: 0.00 TL, kalan ödenecek tutar: 400 TL 
[2025-09-14 12:46:02] [INFO] Borçlandırma işlemi başarıyla tamamlandı: {"id":0,"borclandirma_id":"106","borc_adi":"A\u0130DAT","tutar":"800.00","kalan_borc":"800.00","baslangic_tarihi":"20250901","bitis_tarihi":"20250930","son_odeme_tarihi":"20250930","ceza_orani":"0.00","aciklama":"Blok Baz\u0131nda bor\u00e7land\u0131rma yap\u0131ld\u0131","hedef_tipi":"block","kisi_id":256,"blok_id":"13"} 
[2025-09-14 13:03:36] [INFO] Borçlandırma işlemi başarıyla tamamlandı: {"id":0,"borclandirma_id":"107","borc_adi":"A\u0130DAT","tutar":"800.00","kalan_borc":"800.00","baslangic_tarihi":"20250901","bitis_tarihi":"20250930","son_odeme_tarihi":"20250930","ceza_orani":"0.00","aciklama":"Blok Baz\u0131nda gider a\u00e7ma \u00fccreti","hedef_tipi":"block","kisi_id":196,"blok_id":"14"} 
[2025-09-14 14:26:25] [INFO] Borçlandırma işlemi başarıyla tamamlandı: {"id":0,"borclandirma_id":"108","borc_adi":"A\u0130DAT","tutar":"800.00","kalan_borc":"800.00","baslangic_tarihi":"20250901","bitis_tarihi":"20250930","son_odeme_tarihi":"20250930","ceza_orani":"0.00","aciklama":"EYL\u00dcL 2025 A\u0130DAT","hedef_tipi":"block","kisi_id":196,"blok_id":"14"} 
[2025-09-14 14:29:26] [INFO] Borçlandırma işlemi başlatılıyor: Daire ID: 1, Tutar: 0.00, Başlangıç: 2025-09-01, Bitiş: 2025-09-30 
[2025-09-14 14:29:26] [INFO] Borçlandırma işlemi başlatılıyor: Daire ID: 2, Tutar: 0.00, Başlangıç: 2025-09-01, Bitiş: 2025-09-30 
[2025-09-14 14:29:26] [INFO] Borçlandırma işlemi başlatılıyor: Daire ID: 3, Tutar: 0.00, Başlangıç: 2025-09-01, Bitiş: 2025-09-30 
[2025-09-14 14:29:26] [INFO] Borçlandırma işlemi başlatılıyor: Daire ID: 4, Tutar: 0.00, Başlangıç: 2025-09-01, Bitiş: 2025-09-30 
[2025-09-14 14:29:26] [INFO] Borçlandırma işlemi başlatılıyor: Daire ID: 5, Tutar: 0.00, Başlangıç: 2025-09-01, Bitiş: 2025-09-30 
[2025-09-14 14:29:26] [INFO] Borçlandırma işlemi başlatılıyor: Daire ID: 6, Tutar: 0.00, Başlangıç: 2025-09-01, Bitiş: 2025-09-30 
[2025-09-14 14:29:26] [INFO] Borçlandırma işlemi başlatılıyor: Daire ID: 7, Tutar: 0.00, Başlangıç: 2025-09-01, Bitiş: 2025-09-30 
[2025-09-14 14:29:26] [INFO] Borçlandırma işlemi başlatılıyor: Daire ID: 8, Tutar: 0.00, Başlangıç: 2025-09-01, Bitiş: 2025-09-30 
[2025-09-14 14:29:26] [INFO] Borçlandırma işlemi başlatılıyor: Daire ID: 9, Tutar: 0.00, Başlangıç: 2025-09-01, Bitiş: 2025-09-30 
[2025-09-14 14:29:26] [INFO] Borçlandırma işlemi başlatılıyor: Daire ID: 10, Tutar: 0.00, Başlangıç: 2025-09-01, Bitiş: 2025-09-30 
[2025-09-14 14:29:26] [INFO] Borçlandırma işlemi başlatılıyor: Daire ID: 11, Tutar: 0.00, Başlangıç: 2025-09-01, Bitiş: 2025-09-30 
[2025-09-14 14:29:26] [INFO] Borçlandırma işlemi başlatılıyor: Daire ID: 12, Tutar: 0.00, Başlangıç: 2025-09-01, Bitiş: 2025-09-30 
[2025-09-14 14:29:26] [INFO] Borçlandırma işlemi başlatılıyor: Daire ID: 13, Tutar: 0.00, Başlangıç: 2025-09-01, Bitiş: 2025-09-30 
[2025-09-14 14:29:26] [INFO] Borçlandırma işlemi başlatılıyor: Daire ID: 14, Tutar: 0.00, Başlangıç: 2025-09-01, Bitiş: 2025-09-30 
[2025-09-14 14:29:26] [INFO] Borçlandırma işlemi başlatılıyor: Daire ID: 15, Tutar: 0.00, Başlangıç: 2025-09-01, Bitiş: 2025-09-30 
[2025-09-14 14:29:26] [INFO] Borçlandırma işlemi başlatılıyor: Daire ID: 16, Tutar: 0.00, Başlangıç: 2025-09-01, Bitiş: 2025-09-30 
[2025-09-14 14:29:26] [INFO] Borçlandırma işlemi başlatılıyor: Daire ID: 17, Tutar: 0.00, Başlangıç: 2025-09-01, Bitiş: 2025-09-30 
[2025-09-14 14:29:26] [INFO] Borçlandırma işlemi başlatılıyor: Daire ID: 18, Tutar: 0.00, Başlangıç: 2025-09-01, Bitiş: 2025-09-30 
[2025-09-14 14:29:26] [INFO] Borçlandırma işlemi başlatılıyor: Daire ID: 19, Tutar: 0.00, Başlangıç: 2025-09-01, Bitiş: 2025-09-30 
[2025-09-14 14:29:26] [INFO] Borçlandırma işlemi başlatılıyor: Daire ID: 20, Tutar: 0.00, Başlangıç: 2025-09-01, Bitiş: 2025-09-30 
[2025-09-14 14:29:26] [INFO] Borçlandırma işlemi başlatılıyor: Daire ID: 21, Tutar: 0.00, Başlangıç: 2025-09-01, Bitiş: 2025-09-30 
[2025-09-14 14:29:26] [INFO] Borçlandırma işlemi başlatılıyor: Daire ID: 22, Tutar: 0.00, Başlangıç: 2025-09-01, Bitiş: 2025-09-30 
[2025-09-14 14:29:26] [INFO] Borçlandırma işlemi başlatılıyor: Daire ID: 23, Tutar: 0.00, Başlangıç: 2025-09-01, Bitiş: 2025-09-30 
[2025-09-14 14:29:26] [INFO] Borçlandırma işlemi başlatılıyor: Daire ID: 24, Tutar: 0.00, Başlangıç: 2025-09-01, Bitiş: 2025-09-30 
[2025-09-14 14:29:26] [INFO] Borçlandırma işlemi başlatılıyor: Daire ID: 25, Tutar: 0.00, Başlangıç: 2025-09-01, Bitiş: 2025-09-30 
[2025-09-14 14:29:26] [INFO] Borçlandırma işlemi başlatılıyor: Daire ID: 26, Tutar: 0.00, Başlangıç: 2025-09-01, Bitiş: 2025-09-30 
[2025-09-14 14:29:26] [INFO] Borçlandırma işlemi başlatılıyor: Daire ID: 27, Tutar: 0.00, Başlangıç: 2025-09-01, Bitiş: 2025-09-30 
[2025-09-14 14:29:26] [INFO] Borçlandırma işlemi başlatılıyor: Daire ID: 28, Tutar: 0.00, Başlangıç: 2025-09-01, Bitiş: 2025-09-30 
[2025-09-14 14:29:26] [INFO] Borçlandırma işlemi başlatılıyor: Daire ID: 29, Tutar: 0.00, Başlangıç: 2025-09-01, Bitiş: 2025-09-30 
[2025-09-14 14:29:26] [INFO] Borçlandırma işlemi başlatılıyor: Daire ID: 30, Tutar: 0.00, Başlangıç: 2025-09-01, Bitiş: 2025-09-30 
[2025-09-14 14:29:26] [INFO] Borçlandırma işlemi başlatılıyor: Daire ID: 31, Tutar: 0.00, Başlangıç: 2025-09-01, Bitiş: 2025-09-30 
[2025-09-14 14:29:26] [INFO] Borçlandırma işlemi başlatılıyor: Daire ID: 32, Tutar: 0.00, Başlangıç: 2025-09-01, Bitiş: 2025-09-30 
[2025-09-14 14:29:26] [INFO] Borçlandırma işlemi başlatılıyor: Daire ID: 33, Tutar: 0.00, Başlangıç: 2025-09-01, Bitiş: 2025-09-30 
[2025-09-14 14:29:26] [INFO] Borçlandırma işlemi başlatılıyor: Daire ID: 34, Tutar: 0.00, Başlangıç: 2025-09-01, Bitiş: 2025-09-30 
[2025-09-14 14:29:26] [INFO] Borçlandırma işlemi başlatılıyor: Daire ID: 35, Tutar: 0.00, Başlangıç: 2025-09-01, Bitiş: 2025-09-30 
[2025-09-14 14:29:26] [INFO] Borçlandırma işlemi başlatılıyor: Daire ID: 36, Tutar: 0.00, Başlangıç: 2025-09-01, Bitiş: 2025-09-30 
[2025-09-14 14:29:26] [INFO] Borçlandırma işlemi başlatılıyor: Daire ID: 37, Tutar: 0.00, Başlangıç: 2025-09-01, Bitiş: 2025-09-30 
[2025-09-14 14:29:26] [INFO] Borçlandırma işlemi başlatılıyor: Daire ID: 38, Tutar: 0.00, Başlangıç: 2025-09-01, Bitiş: 2025-09-30 
[2025-09-14 14:29:26] [INFO] Borçlandırma işlemi başlatılıyor: Daire ID: 39, Tutar: 0.00, Başlangıç: 2025-09-01, Bitiş: 2025-09-30 
[2025-09-14 14:29:26] [INFO] Borçlandırma işlemi başlatılıyor: Daire ID: 40, Tutar: 0.00, Başlangıç: 2025-09-01, Bitiş: 2025-09-30 
[2025-09-14 14:29:26] [INFO] Borçlandırma işlemi başlatılıyor: Daire ID: 41, Tutar: 0.00, Başlangıç: 2025-09-01, Bitiş: 2025-09-30 
[2025-09-14 14:29:26] [INFO] Borçlandırma işlemi başlatılıyor: Daire ID: 42, Tutar: 0.00, Başlangıç: 2025-09-01, Bitiş: 2025-09-30 
[2025-09-14 14:29:26] [INFO] Borçlandırma işlemi başlatılıyor: Daire ID: 43, Tutar: 0.00, Başlangıç: 2025-09-01, Bitiş: 2025-09-30 
[2025-09-14 14:29:26] [INFO] Borçlandırma işlemi başlatılıyor: Daire ID: 44, Tutar: 0.00, Başlangıç: 2025-09-01, Bitiş: 2025-09-30 
[2025-09-14 14:29:26] [INFO] Borçlandırma işlemi başlatılıyor: Daire ID: 45, Tutar: 0.00, Başlangıç: 2025-09-01, Bitiş: 2025-09-30 
[2025-09-14 14:29:26] [INFO] Borçlandırma işlemi başlatılıyor: Daire ID: 46, Tutar: 0.00, Başlangıç: 2025-09-01, Bitiş: 2025-09-30 
[2025-09-14 14:29:26] [INFO] Borçlandırma işlemi başlatılıyor: Daire ID: 47, Tutar: 0.00, Başlangıç: 2025-09-01, Bitiş: 2025-09-30 
[2025-09-14 14:29:26] [INFO] Borçlandırma işlemi başlatılıyor: Daire ID: 48, Tutar: 0.00, Başlangıç: 2025-09-01, Bitiş: 2025-09-30 
[2025-09-14 14:29:26] [INFO] Borçlandırma işlemi başlatılıyor: Daire ID: 49, Tutar: 0.00, Başlangıç: 2025-09-01, Bitiş: 2025-09-30 
[2025-09-14 14:29:26] [INFO] Borçlandırma işlemi başlatılıyor: Daire ID: 50, Tutar: 0.00, Başlangıç: 2025-09-01, Bitiş: 2025-09-30 
[2025-09-14 14:29:26] [INFO] Borçlandırma işlemi başlatılıyor: Daire ID: 51, Tutar: 0.00, Başlangıç: 2025-09-01, Bitiş: 2025-09-30 
[2025-09-14 14:29:26] [INFO] Borçlandırma işlemi başlatılıyor: Daire ID: 52, Tutar: 0.00, Başlangıç: 2025-09-01, Bitiş: 2025-09-30 
[2025-09-14 14:29:26] [INFO] Borçlandırma işlemi başlatılıyor: Daire ID: 53, Tutar: 0.00, Başlangıç: 2025-09-01, Bitiş: 2025-09-30 
[2025-09-14 14:29:26] [INFO] Borçlandırma işlemi başlatılıyor: Daire ID: 54, Tutar: 0.00, Başlangıç: 2025-09-01, Bitiş: 2025-09-30 
[2025-09-14 14:29:26] [INFO] Borçlandırma işlemi başlatılıyor: Daire ID: 55, Tutar: 0.00, Başlangıç: 2025-09-01, Bitiş: 2025-09-30 
[2025-09-14 14:29:26] [INFO] Borçlandırma işlemi başlatılıyor: Daire ID: 56, Tutar: 0.00, Başlangıç: 2025-09-01, Bitiş: 2025-09-30 
[2025-09-14 14:29:26] [INFO] Borçlandırma işlemi başlatılıyor: Daire ID: 57, Tutar: 0.00, Başlangıç: 2025-09-01, Bitiş: 2025-09-30 
[2025-09-14 14:29:26] [INFO] Borçlandırma işlemi başlatılıyor: Daire ID: 58, Tutar: 0.00, Başlangıç: 2025-09-01, Bitiş: 2025-09-30 
[2025-09-14 14:29:26] [INFO] Borçlandırma işlemi başlatılıyor: Daire ID: 59, Tutar: 0.00, Başlangıç: 2025-09-01, Bitiş: 2025-09-30 
[2025-09-14 14:29:26] [INFO] Borçlandırma işlemi başlatılıyor: Daire ID: 60, Tutar: 0.00, Başlangıç: 2025-09-01, Bitiş: 2025-09-30 
[2025-09-14 14:29:26] [INFO] Borçlandırma işlemi başlatılıyor: Daire ID: 61, Tutar: 0.00, Başlangıç: 2025-09-01, Bitiş: 2025-09-30 
[2025-09-14 14:29:26] [INFO] Daire ID 62 aidattan muaf, atlanıyor. 
[2025-09-14 14:29:26] [INFO] Borçlandırma işlemi başlatılıyor: Daire ID: 63, Tutar: 0.00, Başlangıç: 2025-09-01, Bitiş: 2025-09-30 
[2025-09-14 14:29:26] [INFO] Borçlandırma işlemi başlatılıyor: Daire ID: 64, Tutar: 0.00, Başlangıç: 2025-09-01, Bitiş: 2025-09-30 
[2025-09-14 14:29:26] [INFO] Borçlandırma işlemi başlatılıyor: Daire ID: 65, Tutar: 0.00, Başlangıç: 2025-09-01, Bitiş: 2025-09-30 
[2025-09-14 14:29:26] [INFO] Borçlandırma işlemi başlatılıyor: Daire ID: 66, Tutar: 0.00, Başlangıç: 2025-09-01, Bitiş: 2025-09-30 
[2025-09-14 14:29:26] [INFO] Borçlandırma işlemi başlatılıyor: Daire ID: 67, Tutar: 0.00, Başlangıç: 2025-09-01, Bitiş: 2025-09-30 
[2025-09-14 14:29:26] [INFO] Borçlandırma işlemi başlatılıyor: Daire ID: 68, Tutar: 0.00, Başlangıç: 2025-09-01, Bitiş: 2025-09-30 
[2025-09-14 14:29:26] [INFO] Borçlandırma işlemi başlatılıyor: Daire ID: 69, Tutar: 0.00, Başlangıç: 2025-09-01, Bitiş: 2025-09-30 
[2025-09-14 14:29:26] [INFO] Borçlandırma işlemi başlatılıyor: Daire ID: 70, Tutar: 0.00, Başlangıç: 2025-09-01, Bitiş: 2025-09-30 
[2025-09-14 14:29:26] [INFO] Borçlandırma işlemi başlatılıyor: Daire ID: 71, Tutar: 0.00, Başlangıç: 2025-09-01, Bitiş: 2025-09-30 
[2025-09-14 14:29:26] [INFO] Borçlandırma işlemi başlatılıyor: Daire ID: 72, Tutar: 0.00, Başlangıç: 2025-09-01, Bitiş: 2025-09-30 
[2025-09-14 14:29:26] [INFO] Borçlandırma işlemi başlatılıyor: Daire ID: 73, Tutar: 0.00, Başlangıç: 2025-09-01, Bitiş: 2025-09-30 
[2025-09-14 14:29:26] [INFO] Borçlandırma işlemi başlatılıyor: Daire ID: 74, Tutar: 0.00, Başlangıç: 2025-09-01, Bitiş: 2025-09-30 
[2025-09-14 14:29:26] [INFO] Borçlandırma işlemi başlatılıyor: Daire ID: 75, Tutar: 0.00, Başlangıç: 2025-09-01, Bitiş: 2025-09-30 
[2025-09-14 14:29:26] [INFO] Borçlandırma işlemi başlatılıyor: Daire ID: 76, Tutar: 0.00, Başlangıç: 2025-09-01, Bitiş: 2025-09-30 
[2025-09-14 14:29:26] [INFO] Borçlandırma işlemi başlatılıyor: Daire ID: 77, Tutar: 0.00, Başlangıç: 2025-09-01, Bitiş: 2025-09-30 
[2025-09-14 14:29:26] [INFO] Borçlandırma işlemi başlatılıyor: Daire ID: 78, Tutar: 0.00, Başlangıç: 2025-09-01, Bitiş: 2025-09-30 
[2025-09-14 14:29:26] [INFO] Borçlandırma işlemi başlatılıyor: Daire ID: 79, Tutar: 0.00, Başlangıç: 2025-09-01, Bitiş: 2025-09-30 
[2025-09-14 14:29:26] [INFO] Borçlandırma işlemi başlatılıyor: Daire ID: 80, Tutar: 0.00, Başlangıç: 2025-09-01, Bitiş: 2025-09-30 
[2025-09-14 14:29:26] [INFO] Borçlandırma işlemi başlatılıyor: Daire ID: 81, Tutar: 0.00, Başlangıç: 2025-09-01, Bitiş: 2025-09-30 
[2025-09-14 14:29:26] [INFO] Borçlandırma işlemi başlatılıyor: Daire ID: 82, Tutar: 0.00, Başlangıç: 2025-09-01, Bitiş: 2025-09-30 
[2025-09-14 14:29:26] [INFO] Borçlandırma işlemi başlatılıyor: Daire ID: 83, Tutar: 0.00, Başlangıç: 2025-09-01, Bitiş: 2025-09-30 
[2025-09-14 14:29:26] [INFO] Borçlandırma işlemi başlatılıyor: Daire ID: 84, Tutar: 0.00, Başlangıç: 2025-09-01, Bitiş: 2025-09-30 
[2025-09-14 14:29:26] [INFO] Borçlandırma işlemi başlatılıyor: Daire ID: 85, Tutar: 0.00, Başlangıç: 2025-09-01, Bitiş: 2025-09-30 
[2025-09-14 14:29:26] [INFO] Borçlandırma işlemi başlatılıyor: Daire ID: 86, Tutar: 0.00, Başlangıç: 2025-09-01, Bitiş: 2025-09-30 
[2025-09-14 14:29:26] [INFO] Borçlandırma işlemi başlatılıyor: Daire ID: 87, Tutar: 0.00, Başlangıç: 2025-09-01, Bitiş: 2025-09-30 
[2025-09-14 14:29:26] [INFO] Borçlandırma işlemi başlatılıyor: Daire ID: 88, Tutar: 0.00, Başlangıç: 2025-09-01, Bitiş: 2025-09-30 
[2025-09-14 14:29:26] [INFO] Borçlandırma işlemi başlatılıyor: Daire ID: 89, Tutar: 0.00, Başlangıç: 2025-09-01, Bitiş: 2025-09-30 
[2025-09-14 14:29:26] [INFO] Borçlandırma işlemi başlatılıyor: Daire ID: 90, Tutar: 0.00, Başlangıç: 2025-09-01, Bitiş: 2025-09-30 
[2025-09-14 14:29:26] [INFO] Borçlandırma işlemi başlatılıyor: Daire ID: 91, Tutar: 0.00, Başlangıç: 2025-09-01, Bitiş: 2025-09-30 
[2025-09-14 14:29:26] [INFO] Borçlandırma işlemi başlatılıyor: Daire ID: 92, Tutar: 0.00, Başlangıç: 2025-09-01, Bitiş: 2025-09-30 
[2025-09-14 14:29:26] [INFO] Borçlandırma işlemi başlatılıyor: Daire ID: 93, Tutar: 0.00, Başlangıç: 2025-09-01, Bitiş: 2025-09-30 
[2025-09-14 14:29:26] [INFO] Borçlandırma işlemi başlatılıyor: Daire ID: 94, Tutar: 0.00, Başlangıç: 2025-09-01, Bitiş: 2025-09-30 
[2025-09-14 14:29:26] [INFO] Borçlandırma işlemi başlatılıyor: Daire ID: 95, Tutar: 0.00, Başlangıç: 2025-09-01, Bitiş: 2025-09-30 
[2025-09-14 14:29:26] [INFO] Borçlandırma işlemi başlatılıyor: Daire ID: 96, Tutar: 0.00, Başlangıç: 2025-09-01, Bitiş: 2025-09-30 
[2025-09-14 14:29:26] [INFO] Borçlandırma işlemi başlatılıyor: Daire ID: 97, Tutar: 0.00, Başlangıç: 2025-09-01, Bitiş: 2025-09-30 
[2025-09-14 14:29:26] [INFO] Borçlandırma işlemi başlatılıyor: Daire ID: 98, Tutar: 0.00, Başlangıç: 2025-09-01, Bitiş: 2025-09-30 
[2025-09-14 14:29:26] [INFO] Borçlandırma işlemi başlatılıyor: Daire ID: 99, Tutar: 0.00, Başlangıç: 2025-09-01, Bitiş: 2025-09-30 
[2025-09-14 14:29:26] [INFO] Borçlandırma işlemi başlatılıyor: Daire ID: 100, Tutar: 0.00, Başlangıç: 2025-09-01, Bitiş: 2025-09-30 
[2025-09-14 14:29:26] [INFO] Borçlandırma işlemi başlatılıyor: Daire ID: 101, Tutar: 0.00, Başlangıç: 2025-09-01, Bitiş: 2025-09-30 
[2025-09-14 14:29:26] [INFO] Borçlandırma işlemi başlatılıyor: Daire ID: 102, Tutar: 0.00, Başlangıç: 2025-09-01, Bitiş: 2025-09-30 
[2025-09-14 14:29:26] [INFO] Borçlandırma işlemi başlatılıyor: Daire ID: 103, Tutar: 0.00, Başlangıç: 2025-09-01, Bitiş: 2025-09-30 
[2025-09-14 14:29:26] [INFO] Borçlandırma işlemi başlatılıyor: Daire ID: 104, Tutar: 0.00, Başlangıç: 2025-09-01, Bitiş: 2025-09-30 
[2025-09-14 14:29:26] [INFO] Borçlandırma işlemi başlatılıyor: Daire ID: 105, Tutar: 0.00, Başlangıç: 2025-09-01, Bitiş: 2025-09-30 
[2025-09-14 14:29:26] [INFO] Borçlandırma işlemi başlatılıyor: Daire ID: 106, Tutar: 0.00, Başlangıç: 2025-09-01, Bitiş: 2025-09-30 
[2025-09-14 14:29:26] [INFO] Borçlandırma işlemi başlatılıyor: Daire ID: 107, Tutar: 0.00, Başlangıç: 2025-09-01, Bitiş: 2025-09-30 
[2025-09-14 14:29:26] [INFO] Borçlandırma işlemi başlatılıyor: Daire ID: 108, Tutar: 0.00, Başlangıç: 2025-09-01, Bitiş: 2025-09-30 
[2025-09-14 14:29:26] [INFO] Borçlandırma işlemi başlatılıyor: Daire ID: 109, Tutar: 0.00, Başlangıç: 2025-09-01, Bitiş: 2025-09-30 
[2025-09-14 14:29:26] [INFO] Borçlandırma işlemi başlatılıyor: Daire ID: 110, Tutar: 0.00, Başlangıç: 2025-09-01, Bitiş: 2025-09-30 
[2025-09-14 14:29:26] [INFO] Borçlandırma işlemi başlatılıyor: Daire ID: 111, Tutar: 0.00, Başlangıç: 2025-09-01, Bitiş: 2025-09-30 
[2025-09-14 14:29:26] [INFO] Borçlandırma işlemi başlatılıyor: Daire ID: 112, Tutar: 0.00, Başlangıç: 2025-09-01, Bitiş: 2025-09-30 
[2025-09-14 14:29:26] [INFO] Borçlandırma işlemi başlatılıyor: Daire ID: 113, Tutar: 0.00, Başlangıç: 2025-09-01, Bitiş: 2025-09-30 
[2025-09-14 14:29:26] [INFO] Borçlandırma işlemi başlatılıyor: Daire ID: 114, Tutar: 0.00, Başlangıç: 2025-09-01, Bitiş: 2025-09-30 
[2025-09-14 14:29:26] [INFO] Borçlandırma işlemi başlatılıyor: Daire ID: 115, Tutar: 0.00, Başlangıç: 2025-09-01, Bitiş: 2025-09-30 
[2025-09-14 14:29:26] [INFO] Borçlandırma işlemi başlatılıyor: Daire ID: 116, Tutar: 0.00, Başlangıç: 2025-09-01, Bitiş: 2025-09-30 
[2025-09-14 14:29:26] [INFO] Borçlandırma işlemi başlatılıyor: Daire ID: 117, Tutar: 0.00, Başlangıç: 2025-09-01, Bitiş: 2025-09-30 
[2025-09-14 14:29:26] [INFO] Borçlandırma işlemi başlatılıyor: Daire ID: 118, Tutar: 0.00, Başlangıç: 2025-09-01, Bitiş: 2025-09-30 
[2025-09-14 14:29:26] [INFO] Borçlandırma işlemi başlatılıyor: Daire ID: 119, Tutar: 0.00, Başlangıç: 2025-09-01, Bitiş: 2025-09-30 
[2025-09-14 14:29:26] [INFO] Borçlandırma işlemi başlatılıyor: Daire ID: 120, Tutar: 0.00, Başlangıç: 2025-09-01, Bitiş: 2025-09-30 
[2025-09-14 14:29:26] [INFO] Borçlandırma işlemi başlatılıyor: Daire ID: 121, Tutar: 0.00, Başlangıç: 2025-09-01, Bitiş: 2025-09-30 
[2025-09-14 14:29:26] [INFO] Borçlandırma işlemi başlatılıyor: Daire ID: 122, Tutar: 0.00, Başlangıç: 2025-09-01, Bitiş: 2025-09-30 
[2025-09-14 14:29:26] [INFO] Borçlandırma işlemi başlatılıyor: Daire ID: 123, Tutar: 0.00, Başlangıç: 2025-09-01, Bitiş: 2025-09-30 
[2025-09-14 14:29:26] [INFO] Borçlandırma işlemi başlatılıyor: Daire ID: 124, Tutar: 0.00, Başlangıç: 2025-09-01, Bitiş: 2025-09-30 
[2025-09-14 14:29:26] [INFO] Borçlandırma işlemi başlatılıyor: Daire ID: 125, Tutar: 0.00, Başlangıç: 2025-09-01, Bitiş: 2025-09-30 
[2025-09-14 14:29:26] [INFO] Borçlandırma işlemi başlatılıyor: Daire ID: 126, Tutar: 0.00, Başlangıç: 2025-09-01, Bitiş: 2025-09-30 
[2025-09-14 14:29:26] [INFO] Borçlandırma işlemi başlatılıyor: Daire ID: 127, Tutar: 0.00, Başlangıç: 2025-09-01, Bitiş: 2025-09-30 
[2025-09-14 14:29:26] [INFO] Borçlandırma işlemi başlatılıyor: Daire ID: 128, Tutar: 0.00, Başlangıç: 2025-09-01, Bitiş: 2025-09-30 
[2025-09-14 14:29:26] [INFO] Borçlandırma işlemi başlatılıyor: Daire ID: 129, Tutar: 0.00, Başlangıç: 2025-09-01, Bitiş: 2025-09-30 
[2025-09-14 14:29:26] [INFO] Borçlandırma işlemi başlatılıyor: Daire ID: 130, Tutar: 0.00, Başlangıç: 2025-09-01, Bitiş: 2025-09-30 
[2025-09-14 14:29:26] [INFO] Borçlandırma işlemi başlatılıyor: Daire ID: 131, Tutar: 0.00, Başlangıç: 2025-09-01, Bitiş: 2025-09-30 
[2025-09-14 14:29:26] [INFO] Borçlandırma işlemi başlatılıyor: Daire ID: 132, Tutar: 0.00, Başlangıç: 2025-09-01, Bitiş: 2025-09-30 
[2025-09-14 14:29:26] [INFO] Borçlandırma işlemi başlatılıyor: Daire ID: 133, Tutar: 0.00, Başlangıç: 2025-09-01, Bitiş: 2025-09-30 
[2025-09-14 14:29:26] [INFO] Borçlandırma işlemi başlatılıyor: Daire ID: 134, Tutar: 0.00, Başlangıç: 2025-09-01, Bitiş: 2025-09-30 
[2025-09-14 14:29:26] [INFO] Borçlandırma işlemi başlatılıyor: Daire ID: 135, Tutar: 0.00, Başlangıç: 2025-09-01, Bitiş: 2025-09-30 
[2025-09-14 14:29:26] [INFO] Borçlandırma işlemi başlatılıyor: Daire ID: 136, Tutar: 0.00, Başlangıç: 2025-09-01, Bitiş: 2025-09-30 
[2025-09-14 14:29:26] [INFO] Borçlandırma işlemi başlatılıyor: Daire ID: 137, Tutar: 0.00, Başlangıç: 2025-09-01, Bitiş: 2025-09-30 
[2025-09-14 14:29:26] [INFO] Borçlandırma işlemi başlatılıyor: Daire ID: 138, Tutar: 0.00, Başlangıç: 2025-09-01, Bitiş: 2025-09-30 
[2025-09-14 14:29:26] [INFO] Borçlandırma işlemi başlatılıyor: Daire ID: 139, Tutar: 0.00, Başlangıç: 2025-09-01, Bitiş: 2025-09-30 
[2025-09-14 14:29:26] [INFO] Borçlandırma işlemi başlatılıyor: Daire ID: 140, Tutar: 0.00, Başlangıç: 2025-09-01, Bitiş: 2025-09-30 
[2025-09-14 14:29:26] [INFO] Borçlandırma işlemi başlatılıyor: Daire ID: 141, Tutar: 0.00, Başlangıç: 2025-09-01, Bitiş: 2025-09-30 
[2025-09-14 14:29:26] [INFO] Borçlandırma işlemi başlatılıyor: Daire ID: 142, Tutar: 0.00, Başlangıç: 2025-09-01, Bitiş: 2025-09-30 
[2025-09-14 14:29:26] [INFO] Borçlandırma işlemi başlatılıyor: Daire ID: 143, Tutar: 0.00, Başlangıç: 2025-09-01, Bitiş: 2025-09-30 
[2025-09-14 14:29:26] [INFO] Borçlandırma işlemi başlatılıyor: Daire ID: 144, Tutar: 0.00, Başlangıç: 2025-09-01, Bitiş: 2025-09-30 
[2025-09-14 14:29:26] [INFO] Borçlandırma işlemi başlatılıyor: Daire ID: 145, Tutar: 0.00, Başlangıç: 2025-09-01, Bitiş: 2025-09-30 
[2025-09-14 14:29:26] [INFO] Borçlandırma işlemi başlatılıyor: Daire ID: 146, Tutar: 0.00, Başlangıç: 2025-09-01, Bitiş: 2025-09-30 
[2025-09-14 14:29:26] [INFO] Borçlandırma işlemi başlatılıyor: Daire ID: 147, Tutar: 0.00, Başlangıç: 2025-09-01, Bitiş: 2025-09-30 
[2025-09-14 14:29:26] [INFO] Borçlandırma işlemi başlatılıyor: Daire ID: 148, Tutar: 0.00, Başlangıç: 2025-09-01, Bitiş: 2025-09-30 
[2025-09-14 14:29:26] [INFO] Borçlandırma işlemi başlatılıyor: Daire ID: 149, Tutar: 0.00, Başlangıç: 2025-09-01, Bitiş: 2025-09-30 
[2025-09-14 14:29:26] [INFO] Borçlandırma işlemi başlatılıyor: Daire ID: 150, Tutar: 0.00, Başlangıç: 2025-09-01, Bitiş: 2025-09-30 
[2025-09-14 14:29:26] [INFO] Borçlandırma işlemi başlatılıyor: Daire ID: 151, Tutar: 0.00, Başlangıç: 2025-09-01, Bitiş: 2025-09-30 
[2025-09-14 14:29:26] [INFO] Borçlandırma işlemi başlatılıyor: Daire ID: 152, Tutar: 0.00, Başlangıç: 2025-09-01, Bitiş: 2025-09-30 
[2025-09-14 14:29:26] [INFO] Borçlandırma işlemi başlatılıyor: Daire ID: 153, Tutar: 0.00, Başlangıç: 2025-09-01, Bitiş: 2025-09-30 
[2025-09-14 14:29:26] [INFO] Borçlandırma işlemi başlatılıyor: Daire ID: 154, Tutar: 0.00, Başlangıç: 2025-09-01, Bitiş: 2025-09-30 
[2025-09-14 14:29:26] [INFO] Borçlandırma işlemi başlatılıyor: Daire ID: 155, Tutar: 0.00, Başlangıç: 2025-09-01, Bitiş: 2025-09-30 
[2025-09-14 14:29:26] [INFO] Borçlandırma işlemi başlatılıyor: Daire ID: 156, Tutar: 0.00, Başlangıç: 2025-09-01, Bitiş: 2025-09-30 
[2025-09-14 14:29:26] [INFO] Borçlandırma işlemi başlatılıyor: Daire ID: 157, Tutar: 0.00, Başlangıç: 2025-09-01, Bitiş: 2025-09-30 
[2025-09-14 14:29:26] [INFO] Borçlandırma işlemi başlatılıyor: Daire ID: 158, Tutar: 0.00, Başlangıç: 2025-09-01, Bitiş: 2025-09-30 
[2025-09-14 14:29:26] [INFO] Borçlandırma işlemi başlatılıyor: Daire ID: 159, Tutar: 0.00, Başlangıç: 2025-09-01, Bitiş: 2025-09-30 
[2025-09-14 14:29:26] [INFO] Borçlandırma işlemi başlatılıyor: Daire ID: 160, Tutar: 0.00, Başlangıç: 2025-09-01, Bitiş: 2025-09-30 
[2025-09-14 14:29:26] [INFO] Borçlandırma işlemi başlatılıyor: Daire ID: 161, Tutar: 0.00, Başlangıç: 2025-09-01, Bitiş: 2025-09-30 
[2025-09-14 14:29:26] [INFO] Borçlandırma işlemi başlatılıyor: Daire ID: 162, Tutar: 0.00, Başlangıç: 2025-09-01, Bitiş: 2025-09-30 
[2025-09-14 14:29:26] [INFO] Borçlandırma işlemi başlatılıyor: Daire ID: 163, Tutar: 0.00, Başlangıç: 2025-09-01, Bitiş: 2025-09-30 
[2025-09-14 14:29:26] [INFO] Borçlandırma işlemi başlatılıyor: Daire ID: 164, Tutar: 0.00, Başlangıç: 2025-09-01, Bitiş: 2025-09-30 
[2025-09-14 14:29:26] [INFO] Borçlandırma işlemi başlatılıyor: Daire ID: 165, Tutar: 0.00, Başlangıç: 2025-09-01, Bitiş: 2025-09-30 
[2025-09-14 14:29:26] [INFO] Borçlandırma işlemi başlatılıyor: Daire ID: 166, Tutar: 0.00, Başlangıç: 2025-09-01, Bitiş: 2025-09-30 
[2025-09-14 14:29:26] [INFO] Borçlandırma işlemi başlatılıyor: Daire ID: 167, Tutar: 0.00, Başlangıç: 2025-09-01, Bitiş: 2025-09-30 
[2025-09-14 14:29:26] [INFO] Borçlandırma işlemi başlatılıyor: Daire ID: 168, Tutar: 0.00, Başlangıç: 2025-09-01, Bitiş: 2025-09-30 
[2025-09-14 14:29:26] [INFO] Borçlandırma işlemi başlatılıyor: Daire ID: 169, Tutar: 0.00, Başlangıç: 2025-09-01, Bitiş: 2025-09-30 
[2025-09-14 14:29:26] [INFO] Borçlandırma işlemi başlatılıyor: Daire ID: 170, Tutar: 0.00, Başlangıç: 2025-09-01, Bitiş: 2025-09-30 
[2025-09-14 14:29:26] [INFO] Borçlandırma işlemi başlatılıyor: Daire ID: 171, Tutar: 0.00, Başlangıç: 2025-09-01, Bitiş: 2025-09-30 
[2025-09-14 14:29:26] [INFO] Borçlandırma işlemi başlatılıyor: Daire ID: 172, Tutar: 0.00, Başlangıç: 2025-09-01, Bitiş: 2025-09-30 
[2025-09-14 14:29:26] [INFO] Borçlandırma işlemi başlatılıyor: Daire ID: 173, Tutar: 0.00, Başlangıç: 2025-09-01, Bitiş: 2025-09-30 
[2025-09-14 14:29:26] [INFO] Borçlandırma işlemi başlatılıyor: Daire ID: 174, Tutar: 0.00, Başlangıç: 2025-09-01, Bitiş: 2025-09-30 
[2025-09-14 14:29:26] [INFO] Borçlandırma işlemi başlatılıyor: Daire ID: 175, Tutar: 0.00, Başlangıç: 2025-09-01, Bitiş: 2025-09-30 
[2025-09-14 14:29:26] [INFO] Borçlandırma işlemi başlatılıyor: Daire ID: 176, Tutar: 0.00, Başlangıç: 2025-09-01, Bitiş: 2025-09-30 
[2025-09-14 14:29:26] [INFO] Borçlandırma işlemi başlatılıyor: Daire ID: 177, Tutar: 0.00, Başlangıç: 2025-09-01, Bitiş: 2025-09-30 
[2025-09-14 14:29:26] [INFO] Borçlandırma işlemi başlatılıyor: Daire ID: 178, Tutar: 0.00, Başlangıç: 2025-09-01, Bitiş: 2025-09-30 
[2025-09-14 14:29:26] [INFO] Borçlandırma işlemi başlatılıyor: Daire ID: 179, Tutar: 0.00, Başlangıç: 2025-09-01, Bitiş: 2025-09-30 
[2025-09-14 14:29:26] [INFO] Borçlandırma işlemi başlatılıyor: Daire ID: 180, Tutar: 0.00, Başlangıç: 2025-09-01, Bitiş: 2025-09-30 
[2025-09-14 14:29:26] [INFO] Borçlandırma işlemi başarıyla tamamlandı: {"id":0,"borclandirma_id":"109","borc_adi":"","tutar":"0.00","kalan_borc":"0.00","baslangic_tarihi":"20250901","bitis_tarihi":"20250930","son_odeme_tarihi":"20250930","ceza_orani":"0","aciklama":"","hedef_tipi":"all"} 
[2025-09-14 14:37:51] [ERROR] Borçlandırma işlemi sırasında hata oluştu: SQLSTATE[23000]: Integrity constraint violation: 1048 Column 'kisi_id' cannot be null 
[2025-09-14 14:38:39] [ERROR] Borçlandırma işlemi sırasında hata oluştu: SQLSTATE[23000]: Integrity constraint violation: 1048 Column 'kisi_id' cannot be null 
[2025-09-14 14:39:17] [ERROR] Borçlandırma işlemi sırasında hata oluştu: SQLSTATE[23000]: Integrity constraint violation: 1048 Column 'kisi_id' cannot be null 
[2025-09-14 14:39:25] [ERROR] Borçlandırma işlemi sırasında hata oluştu: SQLSTATE[23000]: Integrity constraint violation: 1048 Column 'kisi_id' cannot be null 
[2025-09-14 14:39:54] [ERROR] Borçlandırma işlemi sırasında hata oluştu: SQLSTATE[23000]: Integrity constraint violation: 1048 Column 'kisi_id' cannot be null 
[2025-09-14 14:54:18] [ERROR] Borçlandırma işlemi sırasında hata oluştu: SQLSTATE[23000]: Integrity constraint violation: 1452 Cannot add or update a child row: a foreign key constraint fails (`yonapp`.`borclandirma_detayi`, CONSTRAINT `borclandirma_detayi_ibfk_2` FOREIGN KEY (`kisi_id`) REFERENCES `kisiler` (`id`)) 
[2025-09-14 14:57:57] [INFO] Borçlandırma işlemi başarıyla tamamlandı: {"id":0,"borclandirma_id":"124","borc_adi":"ASANSOR TAM\u0130RAT \u00dcCRET\u0130","tutar":"1060.00","kalan_borc":"1060.00","baslangic_tarihi":"20250901","bitis_tarihi":"20250930","son_odeme_tarihi":"20250930","ceza_orani":"0.00","aciklama":"EYL\u00dcL 2025 ASANSOR TAM\u0130RAT \u00dcCRET\u0130","hedef_tipi":"block","kisi_id":"24","blok_id":"14"} 
[2025-09-14 18:54:28] [INFO] Tahsilat (soft) silindi ve etkileri geri alındı {"tahsilat_id":"\"1044\"","silen_kullanici_id":147,"geri_alinan_detaylar":"[{\"id\":426,\"tahsilat_id\":1044,\"borc_detay_id\":13279,\"odenen_tutar\":\"800.00\",\"aciklama\":\"Anapara \\u00f6demesi\",\"islem_tarihi\":\"\",\"kayit_tarihi\":\"2025-09-14 10:36:12\",\"silinme_tarihi\":null,\"silen_kullanici\":null}]","geri_alinan_krediler":"[]","silinen_tahsilat_ana_kaydi":"{\"id\":1044,\"site_id\":1,\"kisi_id\":1,\"kasa_id\":3,\"tutar\":\"800.00\",\"islem_tarihi\":\"2025-09-14 10:36:00\",\"makbuz_no\":null,\"toplam_taksit\":null,\"aciklama\":\"\",\"olusturulma_tarihi\":\"2025-09-14 10:36:12\",\"olusturan\":null,\"guncelleme_tarihi\":null,\"guncelleyen\":null,\"silinme_tarihi\":null,\"silen_kullanici\":null}"}
[2025-09-14 18:54:33] [INFO] Tahsilat (soft) silindi ve etkileri geri alındı {"tahsilat_id":"\"1046\"","silen_kullanici_id":147,"geri_alinan_detaylar":"[{\"id\":430,\"tahsilat_id\":1046,\"borc_detay_id\":12386,\"odenen_tutar\":\"600.00\",\"aciklama\":\"Anapara \\u00f6demesi\",\"islem_tarihi\":\"\",\"kayit_tarihi\":\"2025-09-14 10:52:07\",\"silinme_tarihi\":null,\"silen_kullanici\":null},{\"id\":431,\"tahsilat_id\":1046,\"borc_detay_id\":12565,\"odenen_tutar\":\"1060.00\",\"aciklama\":\"Anapara \\u00f6demesi\",\"islem_tarihi\":\"\",\"kayit_tarihi\":\"2025-09-14 10:52:07\",\"silinme_tarihi\":null,\"silen_kullanici\":null}]","geri_alinan_krediler":"[]","silinen_tahsilat_ana_kaydi":"{\"id\":1046,\"site_id\":1,\"kisi_id\":3,\"kasa_id\":7,\"tutar\":\"1660.00\",\"islem_tarihi\":\"2025-09-14 10:51:00\",\"makbuz_no\":null,\"toplam_taksit\":null,\"aciklama\":\"\",\"olusturulma_tarihi\":\"2025-09-14 10:52:07\",\"olusturan\":null,\"guncelleme_tarihi\":null,\"guncelleyen\":null,\"silinme_tarihi\":null,\"silen_kullanici\":null}"}
[2025-09-14 18:54:42] [INFO] Tahsilat (soft) silindi ve etkileri geri alındı {"tahsilat_id":"\"1045\"","silen_kullanici_id":147,"geri_alinan_detaylar":"[{\"id\":427,\"tahsilat_id\":1045,\"borc_detay_id\":12922,\"odenen_tutar\":\"600.00\",\"aciklama\":\"Anapara \\u00f6demesi\",\"islem_tarihi\":\"\",\"kayit_tarihi\":\"2025-09-14 10:37:22\",\"silinme_tarihi\":null,\"silen_kullanici\":null},{\"id\":428,\"tahsilat_id\":1045,\"borc_detay_id\":13101,\"odenen_tutar\":\"800.00\",\"aciklama\":\"Anapara \\u00f6demesi\",\"islem_tarihi\":\"\",\"kayit_tarihi\":\"2025-09-14 10:37:22\",\"silinme_tarihi\":null,\"silen_kullanici\":null},{\"id\":429,\"tahsilat_id\":1045,\"borc_detay_id\":13280,\"odenen_tutar\":\"800.00\",\"aciklama\":\"Anapara \\u00f6demesi\",\"islem_tarihi\":\"\",\"kayit_tarihi\":\"2025-09-14 10:37:22\",\"silinme_tarihi\":null,\"silen_kullanici\":null}]","geri_alinan_krediler":"[]","silinen_tahsilat_ana_kaydi":"{\"id\":1045,\"site_id\":1,\"kisi_id\":2,\"kasa_id\":3,\"tutar\":\"2200.00\",\"islem_tarihi\":\"2025-09-14 10:37:00\",\"makbuz_no\":null,\"toplam_taksit\":null,\"aciklama\":\"\",\"olusturulma_tarihi\":\"2025-09-14 10:37:22\",\"olusturan\":null,\"guncelleme_tarihi\":null,\"guncelleyen\":null,\"silinme_tarihi\":null,\"silen_kullanici\":null}"}
[2025-09-14 18:54:45] [INFO] Tahsilat (soft) silindi ve etkileri geri alındı {"tahsilat_id":"\"1044\"","silen_kullanici_id":147,"geri_alinan_detaylar":"[{\"id\":426,\"tahsilat_id\":1044,\"borc_detay_id\":13279,\"odenen_tutar\":\"800.00\",\"aciklama\":\"Anapara \\u00f6demesi\",\"islem_tarihi\":\"\",\"kayit_tarihi\":\"2025-09-14 10:36:12\",\"silinme_tarihi\":\"2025-09-14 18:54:28\",\"silen_kullanici\":147}]","geri_alinan_krediler":"[]","silinen_tahsilat_ana_kaydi":"{\"id\":1044,\"site_id\":1,\"kisi_id\":1,\"kasa_id\":3,\"tutar\":\"800.00\",\"islem_tarihi\":\"2025-09-14 10:36:00\",\"makbuz_no\":null,\"toplam_taksit\":null,\"aciklama\":\"\",\"olusturulma_tarihi\":\"2025-09-14 10:36:12\",\"olusturan\":null,\"guncelleme_tarihi\":\"2025-09-14 18:54:28\",\"guncelleyen\":null,\"silinme_tarihi\":\"2025-09-14 18:54:28\",\"silen_kullanici\":147}"}
[2025-09-14 18:54:48] [INFO] Tahsilat (soft) silindi ve etkileri geri alındı {"tahsilat_id":"\"1042\"","silen_kullanici_id":147,"geri_alinan_detaylar":"[{\"id\":419,\"tahsilat_id\":1042,\"borc_detay_id\":11490,\"odenen_tutar\":\"400.00\",\"aciklama\":\"Anapara \\u00f6demesi\",\"islem_tarihi\":\"\",\"kayit_tarihi\":\"2025-09-13 22:34:42\",\"silinme_tarihi\":null,\"silen_kullanici\":null},{\"id\":420,\"tahsilat_id\":1042,\"borc_detay_id\":12027,\"odenen_tutar\":\"400.00\",\"aciklama\":\"Anapara \\u00f6demesi\",\"islem_tarihi\":\"\",\"kayit_tarihi\":\"2025-09-13 22:34:42\",\"silinme_tarihi\":null,\"silen_kullanici\":null},{\"id\":421,\"tahsilat_id\":1042,\"borc_detay_id\":12206,\"odenen_tutar\":\"400.00\",\"aciklama\":\"Anapara \\u00f6demesi\",\"islem_tarihi\":\"\",\"kayit_tarihi\":\"2025-09-13 22:34:42\",\"silinme_tarihi\":null,\"silen_kullanici\":null},{\"id\":422,\"tahsilat_id\":1042,\"borc_detay_id\":12385,\"odenen_tutar\":\"600.00\",\"aciklama\":\"Anapara \\u00f6demesi\",\"islem_tarihi\":\"\",\"kayit_tarihi\":\"2025-09-13 22:34:42\",\"silinme_tarihi\":null,\"silen_kullanici\":null},{\"id\":423,\"tahsilat_id\":1042,\"borc_detay_id\":12564,\"odenen_tutar\":\"1060.00\",\"aciklama\":\"Anapara \\u00f6demesi\",\"islem_tarihi\":\"\",\"kayit_tarihi\":\"2025-09-13 22:34:42\",\"silinme_tarihi\":null,\"silen_kullanici\":null},{\"id\":424,\"tahsilat_id\":1042,\"borc_detay_id\":12743,\"odenen_tutar\":\"800.00\",\"aciklama\":\"Anapara \\u00f6demesi\",\"islem_tarihi\":\"\",\"kayit_tarihi\":\"2025-09-13 22:34:42\",\"silinme_tarihi\":null,\"silen_kullanici\":null}]","geri_alinan_krediler":"[]","silinen_tahsilat_ana_kaydi":"{\"id\":1042,\"site_id\":1,\"kisi_id\":2,\"kasa_id\":5,\"tutar\":\"3660.00\",\"islem_tarihi\":\"2025-09-13 22:34:00\",\"makbuz_no\":null,\"toplam_taksit\":null,\"aciklama\":\"\",\"olusturulma_tarihi\":\"2025-09-13 22:34:42\",\"olusturan\":null,\"guncelleme_tarihi\":null,\"guncelleyen\":null,\"silinme_tarihi\":null,\"silen_kullanici\":null}"}
[2025-09-14 19:05:24] [WARNING] Yetkisiz erişim denemesi engellendi. {"user_id":147,"email":"ertanguness@gmail.com","ip":"127.0.0.1","required_permission":"tahsilat_listele","url":"\/tahsilatlar"}
[2025-09-14 19:07:45] [WARNING] Yetkisiz erişim denemesi engellendi. {"user_id":147,"email":"ertanguness@gmail.com","ip":"127.0.0.1","required_permission":"tahsilat_listele","url":"\/tahsilatlar"}
[2025-09-14 19:07:55] [WARNING] Yetkisiz erişim denemesi engellendi. {"user_id":147,"email":"ertanguness@gmail.com","ip":"127.0.0.1","required_permission":"tahsilat_listele","url":"\/tahsilatlar"}
[2025-09-14 19:08:06] [WARNING] Yetkisiz erişim denemesi engellendi. {"user_id":147,"email":"ertanguness@gmail.com","ip":"127.0.0.1","required_permission":"tahsilat_listele","url":"\/tahsilatlar"}
[2025-09-14 19:09:58] [WARNING] Yetkisiz erişim denemesi engellendi. {"user_id":147,"email":"ertanguness@gmail.com","ip":"127.0.0.1","required_permission":"tahsilat_listele","url":"\/tahsilatlar"}
[2025-09-14 19:10:19] [WARNING] Yetkisiz erişim denemesi engellendi. {"user_id":147,"email":"ertanguness@gmail.com","ip":"127.0.0.1","required_permission":"tahsilat_listele","url":"\/tahsilatlar"}
[2025-09-14 19:11:35] [WARNING] Yetkisiz erişim denemesi engellendi. {"user_id":147,"email":"ertanguness@gmail.com","ip":"127.0.0.1","required_permission":"tahsilat_listele","url":"\/tahsilatlar"}
[2025-09-14 19:13:25] [WARNING] Yetkisiz erişim denemesi engellendi. {"user_id":147,"email":"ertanguness@gmail.com","ip":"127.0.0.1","required_permission":"tahsilat_listele","url":"\/tahsilatlar"}
[2025-09-14 19:14:00] [WARNING] Yetkisiz erişim denemesi engellendi. {"user_id":147,"email":"ertanguness@gmail.com","ip":"127.0.0.1","required_permission":"tahsilat_listele","url":"\/tahsilatlar"}
[2025-09-14 19:14:17] [WARNING] Yetkisiz erişim denemesi engellendi. {"user_id":147,"email":"ertanguness@gmail.com","ip":"127.0.0.1","required_permission":"tahsilat_listele","url":"\/tahsilatlar"}
[2025-09-14 19:14:32] [WARNING] Yetkisiz erişim denemesi engellendi. {"user_id":147,"email":"ertanguness@gmail.com","ip":"127.0.0.1","required_permission":"tahsilat_listele","url":"\/tahsilatlar"}
[2025-09-14 19:14:53] [WARNING] Yetkisiz erişim denemesi engellendi. {"user_id":147,"email":"ertanguness@gmail.com","ip":"127.0.0.1","required_permission":"tahsilat_listele","url":"\/tahsilatlar"}
[2025-09-14 20:08:51] [INFO] Tahsilat Detayı (soft) silindi ve etkileri geri alındı {"tahsilat_detay_id":"\"426\"","silen_kullanici_id":147,"geri_alinan_tahsilat_detay_kaydi":"{\"id\":426,\"tahsilat_id\":1044,\"borc_detay_id\":13279,\"odenen_tutar\":\"800.00\",\"aciklama\":\"Anapara \\u00f6demesi\",\"islem_tarihi\":\"\",\"kayit_tarihi\":\"2025-09-14 10:36:12\",\"silinme_tarihi\":\"2025-09-14 18:54:45\",\"silen_kullanici\":147}","silinen_tahsilat_ana_kaydi":"null","silinen_borc_detay_kaydi":"null"}
[2025-09-14 20:09:57] [INFO] Tahsilat Detayı (soft) silindi ve etkileri geri alındı {"tahsilat_detay_id":"\"426\"","silen_kullanici_id":147,"geri_alinan_tahsilat_detay_kaydi":"{\"id\":426,\"tahsilat_id\":1044,\"borc_detay_id\":13279,\"odenen_tutar\":\"800.00\",\"aciklama\":\"Anapara \\u00f6demesi\",\"islem_tarihi\":\"\",\"kayit_tarihi\":\"2025-09-14 10:36:12\",\"silinme_tarihi\":\"2025-09-14 20:08:51\",\"silen_kullanici\":147}"}
[2025-09-14 20:51:08] [ERROR] Tahsilat detayı silme işlemi sırasında hata oluştu {"error":"Kayıt bulunamadı veya silinemedi.","tahsilat_detay_id":"426","silen_kullanici_id":147}
[2025-09-14 20:51:22] [ERROR] Tahsilat detayı silme işlemi sırasında hata oluştu {"error":"Kayıt bulunamadı veya silinemedi.","tahsilat_detay_id":"429","silen_kullanici_id":147}
[2025-09-14 20:52:30] [INFO] Tahsilat Detayı (soft) silindi ve etkileri geri alındı {"tahsilat_detay_id":"\"426\"","silen_kullanici_id":147,"geri_alinan_tahsilat_detay_kaydi":"{\"id\":426,\"tahsilat_id\":1044,\"borc_detay_id\":13279,\"odenen_tutar\":\"800.00\",\"aciklama\":\"Anapara \\u00f6demesi\",\"islem_tarihi\":\"\",\"kayit_tarihi\":\"2025-09-14 10:36:12\",\"silinme_tarihi\":\"2025-09-14 20:09:57\",\"silen_kullanici\":147}"}
[2025-09-14 20:54:07] [INFO] Tahsilat Detayı (soft) silindi ve etkileri geri alındı {"tahsilat_detay_id":"\"429\"","silen_kullanici_id":147,"geri_alinan_tahsilat_detay_kaydi":"{\"id\":429,\"tahsilat_id\":1045,\"borc_detay_id\":13280,\"odenen_tutar\":\"800.00\",\"aciklama\":\"Anapara \\u00f6demesi\",\"islem_tarihi\":\"\",\"kayit_tarihi\":\"2025-09-14 10:37:22\",\"silinme_tarihi\":\"2025-09-14 18:54:42\",\"silen_kullanici\":147}"}
[2025-09-14 20:54:36] [INFO] Borçlandırma işlemi başarıyla tamamlandı: {"id":0,"borclandirma_id":"125","borc_adi":"A\u0130DAT","tutar":"800.00","kalan_borc":"800.00","baslangic_tarihi":"20250901","bitis_tarihi":"20250930","son_odeme_tarihi":"20250930","ceza_orani":"0.00","aciklama":"EYL\u00dcL 2025 A\u0130DAT","hedef_tipi":"block","kisi_id":"201","blok_id":"15"} 
[2025-09-14 20:56:04] [INFO] Tahsilat Detayı (soft) silindi ve etkileri geri alındı {"tahsilat_detay_id":"\"425\"","silen_kullanici_id":147,"geri_alinan_tahsilat_detay_kaydi":"{\"id\":425,\"tahsilat_id\":1043,\"borc_detay_id\":13100,\"odenen_tutar\":\"800.00\",\"aciklama\":\"Anapara \\u00f6demesi\",\"islem_tarihi\":\"\",\"kayit_tarihi\":\"2025-09-14 10:35:53\",\"silinme_tarihi\":null,\"silen_kullanici\":null}"}
[2025-09-14 20:56:06] [INFO] Tahsilat Detayı (soft) silindi ve etkileri geri alındı {"tahsilat_detay_id":"\"428\"","silen_kullanici_id":147,"geri_alinan_tahsilat_detay_kaydi":"{\"id\":428,\"tahsilat_id\":1045,\"borc_detay_id\":13101,\"odenen_tutar\":\"800.00\",\"aciklama\":\"Anapara \\u00f6demesi\",\"islem_tarihi\":\"\",\"kayit_tarihi\":\"2025-09-14 10:37:22\",\"silinme_tarihi\":\"2025-09-14 18:54:42\",\"silen_kullanici\":147}"}
[2025-09-14 20:57:06] [INFO] Gecikme zammı ödemesi: 0.00 TL, kalan ödenecek tutar: 800.00 TL 
[2025-09-14 20:57:35] [INFO] Gecikme zammı ödemesi: 0.00 TL, kalan ödenecek tutar: 800.00 TL 
[2025-09-14 20:57:53] [INFO] Gecikme zammı ödemesi: 0.00 TL, kalan ödenecek tutar: 800.00 TL 
[2025-09-14 21:04:58] [INFO] Borçlandırma işlemi başarıyla tamamlandı: {"id":0,"borclandirma_id":"126","borc_adi":"G\u0130DER A\u00c7MA","tutar":"825.00","kalan_borc":"825.00","baslangic_tarihi":"20250901","bitis_tarihi":"20250930","son_odeme_tarihi":"20250930","ceza_orani":"0.00","aciklama":"EYL\u00dcL 2025 G\u0130DER A\u00c7MA","hedef_tipi":"person","kisi_id":9,"daire_id":9} 
[2025-09-14 21:06:04] [INFO] Gecikme zammı ödemesi: 0.00 TL, kalan ödenecek tutar: 954.03 TL 
[2025-09-14 21:06:04] [INFO] Gecikme zammı ödemesi: 0.00 TL, kalan ödenecek tutar: 825 TL 
=======
[2025-09-14 14:47:19] [ERROR] Kullanıcı oturum açmaya çalıştı, ancak oturum bilgisi bulunamadı. {"ip":"::1","requested_url":"\/index.php"}
[2025-09-14 14:47:23] [INFO] Kullanıcı başarıyla giriş yaptı. {"user_id":147,"email":"ertanguness@gmail.com","ip":"::1"}
[2025-09-14 21:29:59] [INFO] Bir icra kaydı silindi. {"deleted_icra_id":"1","deleted_by_user_id":147,"user_email":"ertanguness@gmail.com","ip_address":"::1"}
[2025-09-14 21:50:45] [INFO] Bir icra kaydı silindi. {"deleted_icra_id":"5","deleted_by_user_id":147,"user_email":"ertanguness@gmail.com","ip_address":"::1"}
[2025-09-14 21:54:57] [INFO] Bir icra kaydı silindi. {"deleted_icra_id":"6","deleted_by_user_id":147,"user_email":"ertanguness@gmail.com","ip_address":"::1"}
[2025-09-14 21:56:17] [INFO] Bir icra kaydı silindi. {"deleted_icra_id":"7","deleted_by_user_id":147,"user_email":"ertanguness@gmail.com","ip_address":"::1"}
[2025-09-14 22:14:08] [INFO] Bir icra kaydı silindi. {"deleted_icra_id":"9","deleted_by_user_id":147,"user_email":"ertanguness@gmail.com","ip_address":"::1"}
[2025-09-14 22:16:54] [INFO] Bir icra kaydı silindi. {"deleted_icra_id":"8","deleted_by_user_id":147,"user_email":"ertanguness@gmail.com","ip_address":"::1"}
[2025-09-14 22:30:22] [INFO] Bir icra kaydı silindi. {"deleted_icra_id":"10","deleted_by_user_id":147,"user_email":"ertanguness@gmail.com","ip_address":"::1"}
>>>>>>> b9d74c01d98d885efc5101abe0a931110f9d85ad
