[2025-10-05 22:42:28] [INFO] Processing site: ÜSKÜP EVLERİ SİTESİ (ID: 1) 
[2025-10-05 22:42:28] [INFO] Processing site: KAYNARCA SİTESİ (ID: 13) 
[2025-10-05 22:42:28] [INFO] İşlenen Aidat: AİDAT(ID: 82) 
                               (site ID: 13)
                               (borclandirma_tipi: block)
                               (başlangıç tarihi: 2025-01-01)  
                               (bitiş tarihi: 2025-12-31)
                               (periyot: 3 Aylık)
                               (ayın günü: 5)
                               (periyot günü: 5)
                                
[2025-10-05 22:42:28] [INFO] Periyot türü (3 Aylık) - bugünün günü (5) başlangıç günü (1) ile eşleşmiyor. Atlanıyor. 
[2025-10-05 22:53:39] [INFO] Gecikme zammı ödemesi: 0.00 TL, kalan ödenecek tutar: 7800 TL 
[2025-10-05 22:53:39] [INFO] Gecikme zammı ödemesi: 0.00 TL, kalan ödenecek tutar: 7400 TL 
[2025-10-05 22:53:39] [INFO] Gecikme zammı ödemesi: 0.00 TL, kalan ödenecek tutar: 7000 TL 
[2025-10-05 22:53:39] [INFO] Gecikme zammı ödemesi: 0.00 TL, kalan ödenecek tutar: 6600 TL 
[2025-10-05 22:53:39] [INFO] Gecikme zammı ödemesi: 0.00 TL, kalan ödenecek tutar: 6200 TL 
[2025-10-05 22:53:39] [INFO] Gecikme zammı ödemesi: 0.00 TL, kalan ödenecek tutar: 5600 TL 
[2025-10-05 22:53:39] [INFO] Gecikme zammı ödemesi: 0.00 TL, kalan ödenecek tutar: 5000 TL 
[2025-10-05 22:53:39] [INFO] Gecikme zammı ödemesi: 0.00 TL, kalan ödenecek tutar: 4600 TL 
[2025-10-05 22:53:39] [INFO] Gecikme zammı ödemesi: 0.00 TL, kalan ödenecek tutar: 4200 TL 
[2025-10-05 22:53:39] [INFO] Gecikme zammı ödemesi: 0.00 TL, kalan ödenecek tutar: 3140 TL 
[2025-10-05 22:53:39] [INFO] Gecikme zammı ödemesi: 0.00 TL, kalan ödenecek tutar: 2340 TL 
[2025-10-05 22:53:39] [INFO] Gecikme zammı ödemesi: 0.00 TL, kalan ödenecek tutar: 1540 TL 
[2025-10-05 22:53:39] [INFO] Gecikme zammı ödemesi: 0.00 TL, kalan ödenecek tutar: 740 TL 
[2025-10-05 23:09:12] [INFO] Gecikme zammı ödemesi: 0.00 TL, kalan ödenecek tutar: 349.83 TL 
[2025-10-05 23:10:01] [INFO] Gecikme zammı ödemesi: 0.00 TL, kalan ödenecek tutar: 215 TL 
[2025-10-05 23:10:01] [INFO] Gecikme zammı ödemesi: 0.00 TL, kalan ödenecek tutar: 164.83 TL 
[2025-10-05 23:11:03] [INFO] Gecikme zammı ödemesi: 0.00 TL, kalan ödenecek tutar: 600 TL 
[2025-10-05 23:11:03] [INFO] Gecikme zammı ödemesi: 0.00 TL, kalan ödenecek tutar: 364.83 TL 
[2025-10-05 23:12:12] [INFO] Tahsilat-Borç eşleştirme işlemi başlatıldı {"onay_id":"7073","gelen_tutar":400,"kullanici_id":147}
[2025-10-05 23:12:12] [INFO] Ana tahsilat kaydı oluşturuldu ve kasaya eklendi. {"tahsilat_id":"2044","kasa_hareket_id":"Uk-4OZfX_HMphKel_RadSlStI7EYmcFnNusVUqR8hw%2A%2A","tutar":400}
[2025-10-05 23:12:12] [INFO] Borç detayları alındı. {"borc_detay_bilgisi":"[\n    {\n        \"id\": 23978,\n        \"borc_tutari\": \"400.00\",\n        \"gun_farki\": 158,\n        \"gecikme_zammi\": \"0.00\",\n        \"ceza_orani\": \"0.00\",\n        \"toplam_borc\": \"400.00\",\n        \"toplam_odenen\": null,\n        \"anapara_tahsilat\": null,\n        \"gecikme_zammi_odemesi\": null,\n        \"kalan_toplam_borc\": \"400.00\",\n        \"kalan_gecikme_zammi\": \"0.00\"\n    }\n]"}
[2025-10-05 23:12:12] [INFO] Borç kaydı işleniyor. {"borc_detay_id":23978,"kalan_dagitilacak_tutar":400}
[2025-10-05 23:12:12] [INFO] Anapara için tahsilat detayı oluşturuldu. {"borc_detay_id":23978,"odenen_anapara":400}
[2025-10-05 23:12:20] [INFO] Tahsilat-Borç eşleştirme işlemi başlatıldı {"onay_id":"6902","gelen_tutar":400,"kullanici_id":147}
[2025-10-05 23:12:20] [INFO] Ana tahsilat kaydı oluşturuldu ve kasaya eklendi. {"tahsilat_id":"2045","kasa_hareket_id":"02PttFZcu5hYXNsFYZ8Mgji8JZw0azwP-Z1uSAaHHw%2A%2A","tutar":400}
[2025-10-05 23:12:20] [INFO] Borç detayları alındı. {"borc_detay_bilgisi":"[\n    {\n        \"id\": 24696,\n        \"borc_tutari\": \"400.00\",\n        \"gun_farki\": 127,\n        \"gecikme_zammi\": \"0.00\",\n        \"ceza_orani\": \"0.00\",\n        \"toplam_borc\": \"400.00\",\n        \"toplam_odenen\": null,\n        \"anapara_tahsilat\": null,\n        \"gecikme_zammi_odemesi\": null,\n        \"kalan_toplam_borc\": \"400.00\",\n        \"kalan_gecikme_zammi\": \"0.00\"\n    }\n]"}
[2025-10-05 23:12:20] [INFO] Borç kaydı işleniyor. {"borc_detay_id":24696,"kalan_dagitilacak_tutar":400}
[2025-10-05 23:12:20] [INFO] Anapara için tahsilat detayı oluşturuldu. {"borc_detay_id":24696,"odenen_anapara":400}
[2025-10-05 23:12:27] [INFO] Tahsilat-Borç eşleştirme işlemi başlatıldı {"onay_id":"6767","gelen_tutar":400,"kullanici_id":147}
[2025-10-05 23:12:27] [INFO] Ana tahsilat kaydı oluşturuldu ve kasaya eklendi. {"tahsilat_id":"2046","kasa_hareket_id":"fgxkqL_mQEaqZ20ARNYh7mNQtMvGkQBrHM49M84vkA%2A%2A","tutar":400}
[2025-10-05 23:12:27] [INFO] Borç detayları alındı. {"borc_detay_bilgisi":"[\n    {\n        \"id\": 24875,\n        \"borc_tutari\": \"400.00\",\n        \"gun_farki\": 97,\n        \"gecikme_zammi\": \"0.00\",\n        \"ceza_orani\": \"0.00\",\n        \"toplam_borc\": \"400.00\",\n        \"toplam_odenen\": null,\n        \"anapara_tahsilat\": null,\n        \"gecikme_zammi_odemesi\": null,\n        \"kalan_toplam_borc\": \"400.00\",\n        \"kalan_gecikme_zammi\": \"0.00\"\n    }\n]"}
[2025-10-05 23:12:27] [INFO] Borç kaydı işleniyor. {"borc_detay_id":24875,"kalan_dagitilacak_tutar":400}
[2025-10-05 23:12:27] [INFO] Anapara için tahsilat detayı oluşturuldu. {"borc_detay_id":24875,"odenen_anapara":400}
[2025-10-05 23:12:36] [INFO] Tahsilat-Borç eşleştirme işlemi başlatıldı {"onay_id":"6541","gelen_tutar":800,"kullanici_id":147}
[2025-10-05 23:12:36] [INFO] Ana tahsilat kaydı oluşturuldu ve kasaya eklendi. {"tahsilat_id":"2047","kasa_hareket_id":"G1sxMabYKjMlLaj-1oyUbDDbqeVNA0FNp6u6UcU5OA%2A%2A","tutar":800}
[2025-10-05 23:12:36] [INFO] Borç detayları alındı. {"borc_detay_bilgisi":"[\n    {\n        \"id\": 25233,\n        \"borc_tutari\": \"800.00\",\n        \"gun_farki\": 35,\n        \"gecikme_zammi\": \"0.00\",\n        \"ceza_orani\": \"0.00\",\n        \"toplam_borc\": \"800.00\",\n        \"toplam_odenen\": null,\n        \"anapara_tahsilat\": null,\n        \"gecikme_zammi_odemesi\": null,\n        \"kalan_toplam_borc\": \"800.00\",\n        \"kalan_gecikme_zammi\": \"0.00\"\n    }\n]"}
[2025-10-05 23:12:36] [INFO] Borç kaydı işleniyor. {"borc_detay_id":25233,"kalan_dagitilacak_tutar":800}
[2025-10-05 23:12:36] [INFO] Anapara için tahsilat detayı oluşturuldu. {"borc_detay_id":25233,"odenen_anapara":800}
[2025-10-05 23:12:41] [INFO] Tahsilat-Borç eşleştirme işlemi başlatıldı {"onay_id":"6441","gelen_tutar":800,"kullanici_id":147}
[2025-10-05 23:12:41] [INFO] Ana tahsilat kaydı oluşturuldu ve kasaya eklendi. {"tahsilat_id":"2048","kasa_hareket_id":"onrxj591d04mRtf8f-jMxtu3wscjxsG0RXdWZcY19Q%2A%2A","tutar":800}
[2025-10-05 23:12:41] [INFO] Borç detayları alındı. {"borc_detay_bilgisi":"[\n    {\n        \"id\": 25412,\n        \"borc_tutari\": \"800.00\",\n        \"gun_farki\": 5,\n        \"gecikme_zammi\": \"0.00\",\n        \"ceza_orani\": \"0.00\",\n        \"toplam_borc\": \"800.00\",\n        \"toplam_odenen\": null,\n        \"anapara_tahsilat\": null,\n        \"gecikme_zammi_odemesi\": null,\n        \"kalan_toplam_borc\": \"800.00\",\n        \"kalan_gecikme_zammi\": \"0.00\"\n    }\n]"}
[2025-10-05 23:12:41] [INFO] Borç kaydı işleniyor. {"borc_detay_id":25412,"kalan_dagitilacak_tutar":800}
[2025-10-05 23:12:41] [INFO] Anapara için tahsilat detayı oluşturuldu. {"borc_detay_id":25412,"odenen_anapara":800}
[2025-10-05 23:13:28] [INFO] Tahsilat-Borç eşleştirme işlemi başlatıldı {"onay_id":"7346","gelen_tutar":800,"kullanici_id":147}
[2025-10-05 23:13:28] [INFO] Ana tahsilat kaydı oluşturuldu ve kasaya eklendi. {"tahsilat_id":"2049","kasa_hareket_id":"_ZNCdPHCiKd-s5KBR2VadzSP77krYpw31w6-N4kUQg%2A%2A","tutar":800}
[2025-10-05 23:13:28] [INFO] Borç detayları alındı. {"borc_detay_bilgisi":"[\n    {\n        \"id\": 25054,\n        \"borc_tutari\": \"800.00\",\n        \"gun_farki\": 66,\n        \"gecikme_zammi\": \"0.00\",\n        \"ceza_orani\": \"0.00\",\n        \"toplam_borc\": \"800.00\",\n        \"toplam_odenen\": null,\n        \"anapara_tahsilat\": null,\n        \"gecikme_zammi_odemesi\": null,\n        \"kalan_toplam_borc\": \"800.00\",\n        \"kalan_gecikme_zammi\": \"0.00\"\n    }\n]"}
[2025-10-05 23:13:28] [INFO] Borç kaydı işleniyor. {"borc_detay_id":25054,"kalan_dagitilacak_tutar":800}
[2025-10-05 23:13:28] [INFO] Anapara için tahsilat detayı oluşturuldu. {"borc_detay_id":25054,"odenen_anapara":800}
