
[2025-10-31 17:59:43] [ERROR] Kullanıcı oturum açmaya çalıştı, ancak oturum bilgisi bulunamadı. {"ip":"127.0.0.1","requested_url":"\/"}
[2025-10-31 17:59:50] [INFO] Kullanıcı başarıyla giriş yaptı. {"user_id":147,"email":"ertanguness@gmail.com","ip":"127.0.0.1"}
[2025-10-31 18:10:07] [INFO] Borçlandırma yapılıyor, batch kayıt sayısı: 4 
[2025-10-31 18:10:07] [INFO] Borçlandırma işlemi başarıyla tamamlandı: {"id":0,"borclandirma_id":"247","borc_adi":"G\u0130DER A\u00c7MA","tutar":"750","kalan_borc":"750","borclandirma_tarihi":"2025-10-01","baslangic_tarihi":"2025-10-01","bitis_tarihi":"2025-10-31","son_odeme_tarihi":"2025-10-31","ceza_orani":"0.00","aciklama":"EKIM 2025 G\u0130DER A\u00c7MA","hedef_tipi":"person","kisi_id":310,"daire_id":67} 
[2025-10-31 19:09:51] [INFO] Kullanıcı oturumu kapattı. {"user_id":147,"ip":"127.0.0.1"}
[2025-10-31 19:26:44] [INFO] Kullanıcı başarıyla giriş yaptı. {"user_id":147,"email":"ertanguness@gmail.com","ip":"127.0.0.1"}
[2025-10-31 19:26:44] [ERROR] Kullanıcı oturum açmaya çalıştı, ancak oturum bilgisi bulunamadı. {"ip":"127.0.0.1","requested_url":"\/sign-in?returnUrl=ana-sayfa"}
[2025-10-31 19:26:55] [INFO] Kullanıcı başarıyla giriş yaptı. {"user_id":147,"email":"ertanguness@gmail.com","ip":"127.0.0.1"}
[2025-10-31 19:27:01] [INFO] Kullanıcı oturumu kapattı. {"user_id":147,"ip":"127.0.0.1"}
[2025-10-31 19:27:41] [INFO] Kullanıcı başarıyla giriş yaptı. {"user_id":147,"email":"ertanguness@gmail.com","ip":"127.0.0.1"}
[2025-10-31 19:27:45] [INFO] Kullanıcı oturumu kapattı. {"user_id":147,"ip":"127.0.0.1"}
[2025-10-31 19:29:25] [INFO] Kullanıcı başarıyla giriş yaptı. {"user_id":147,"email":"ertanguness@gmail.com","ip":"127.0.0.1"}
[2025-10-31 19:29:33] [INFO] Kullanıcı oturumu kapattı. {"user_id":147,"ip":"127.0.0.1"}
[2025-10-31 19:30:54] [INFO] Kullanıcı başarıyla giriş yaptı. {"user_id":147,"email":"ertanguness@gmail.com","ip":"127.0.0.1"}
[2025-10-31 19:30:58] [INFO] Kullanıcı oturumu kapattı. {"user_id":147,"ip":"127.0.0.1"}
[2025-10-31 21:31:56] [INFO] Kullanıcı başarıyla giriş yaptı. {"user_id":147,"email":"ertanguness@gmail.com","ip":"127.0.0.1"}
[2025-10-31 21:33:55] [INFO] Excel'den okunan tutar: -6.39 (Tip: double) 
[2025-10-31 21:33:55] [INFO] Açıklamadan daire bilgisi çıkarıldı: {"daireKodu":null,"daire_id":0,"kisi_id":0,"iyelik_tipi":"Ev Sahibi","aciklama":"\u00dcCRET H2510436806672 2500,00 TRY \u00dcZ.","bulunan_kisi":null} 
[2025-10-31 21:33:55] [INFO] Eşleşmeyen kayıt havuza kaydedildi: ["31\/10\/2025-20:01:14","-6.39",null,null,null,"\u00dcCRET H2510436806672 2500,00 TRY \u00dcZ.","14320244598320251031200114359",null,null,null,null,null] 
[2025-10-31 21:33:55] [INFO] Excel'den okunan tutar: -2500 (Tip: double) 
[2025-10-31 21:33:55] [INFO] Açıklamadan daire bilgisi çıkarıldı: {"daireKodu":null,"daire_id":0,"kisi_id":0,"iyelik_tipi":"Ev Sahibi","aciklama":"SAMET KIYAK*TR580004600043888000390281*B3 BLOK KANAL\u0130ZASYON G\u0130DER A\u00c7MA \u00dcCRET \u00d6DEMES\u0130*2831395655 H2510436806672*FAST","bulunan_kisi":null} 
[2025-10-31 21:33:55] [INFO] Eşleşmeyen kayıt havuza kaydedildi: ["31\/10\/2025-20:01:14","-2500",null,null,null,"SAMET KIYAK*TR580004600043888000390281*B3 BLOK KANAL\u0130ZASYON G\u0130DER A\u00c7MA \u00dcCRET \u00d6DEMES\u0130*2831395655 H2510436806672*FAST","14320244598320251031200114358",null,null,null,null,null] 
[2025-10-31 21:33:55] [INFO] Excel'den okunan tutar: -6.39 (Tip: double) 
[2025-10-31 21:33:55] [INFO] Açıklamadan daire bilgisi çıkarıldı: {"daireKodu":null,"daire_id":0,"kisi_id":0,"iyelik_tipi":"Ev Sahibi","aciklama":"\u00dcCRET H2510436427613 5000,00 TRY \u00dcZ.","bulunan_kisi":null} 
[2025-10-31 21:33:55] [INFO] Eşleşmeyen kayıt havuza kaydedildi: ["31\/10\/2025-18:47:52","-6.39",null,null,null,"\u00dcCRET H2510436427613 5000,00 TRY \u00dcZ.","14320244598320251031184752015",null,null,null,null,null] 
[2025-10-31 21:33:55] [INFO] Excel'den okunan tutar: -5000 (Tip: double) 
[2025-10-31 21:33:55] [INFO] Açıklamadan daire bilgisi çıkarıldı: {"daireKodu":null,"daire_id":0,"kisi_id":0,"iyelik_tipi":"Ev Sahibi","aciklama":"MEHMET AL\u0130 G\u00d6KMEN*TR330001004030537612345008*Mehmet Ali G\u00f6kmen*Ekim 2025 Muhasebe \u00dccreti*2831183668 H2510436427613*FAST","bulunan_kisi":null} 
[2025-10-31 21:33:55] [INFO] Eşleşmeyen kayıt havuza kaydedildi: ["31\/10\/2025-18:47:52","-5000",null,null,null,"MEHMET AL\u0130 G\u00d6KMEN*TR330001004030537612345008*Mehmet Ali G\u00f6kmen*Ekim 2025 Muhasebe \u00dccreti*2831183668 H2510436427613*FAST","14320244598320251031184752014",null,null,null,null,null] 
[2025-10-31 21:33:55] [INFO] Excel'den okunan tutar: 800 (Tip: double) 
[2025-10-31 21:33:55] [INFO] Person ID: 63 | Person Name: NERMIN KARATAS | Description: B3 BLOK DAIRE 3 AIDAT*NERMIN KARATAS*H2510436367271 | Match Score: 71.538461538462 
[2025-10-31 21:33:55] [INFO] Açıklamadan daire bilgisi çıkarıldı: {"daireKodu":"B3D3","daire_id":63,"kisi_id":63,"iyelik_tipi":"Ev Sahibi","aciklama":"b3 blok daire 3 aidat*NERM\u0130N KARATA\u015e*H2510436367271","bulunan_kisi":null} 
[2025-10-31 21:33:55] [INFO] Tahsilat Onay Kaydı: islem_tarihi: 2025-10-31 18:34:14, tutar: 800, daire_id: 63 
[2025-10-31 21:33:55] [INFO] Excel'den okunan tutar: 750 (Tip: double) 
[2025-10-31 21:33:55] [INFO] Person ID: 63 | Person Name: NERMIN KARATAS | Description: B3 BLOK DAIRE 3 AIDAT =GIDER ACMA UCRETI*NERMIN KARATAS*H2510436364421 | Match Score: 66.666666666667 
[2025-10-31 21:33:55] [INFO] Açıklamadan daire bilgisi çıkarıldı: {"daireKodu":"B3D3","daire_id":63,"kisi_id":63,"iyelik_tipi":"Ev Sahibi","aciklama":"b3 blok daire 3 aidat =gider acma ucreti*NERM\u0130N KARATA\u015e*H2510436364421","bulunan_kisi":null} 
[2025-10-31 21:33:55] [INFO] Tahsilat Onay Kaydı: islem_tarihi: 2025-10-31 18:33:37, tutar: 750, daire_id: 63 
[2025-10-31 21:33:55] [INFO] Excel'den okunan tutar: 800 (Tip: double) 
[2025-10-31 21:33:55] [INFO] Person ID: 168 | Person Name: HASAN TERZI | Description: HASAN TERZI*0010*HASAN TERZI(C-5 BLOK DAIRE 8 AIDAT KASIM 2025)*5465987172*FAST | Match Score: 62.222222222222 
[2025-10-31 21:33:55] [INFO] Açıklamadan daire bilgisi çıkarıldı: {"daireKodu":"C5D8","daire_id":168,"kisi_id":168,"iyelik_tipi":"Ev Sahibi","aciklama":"HASAN TERZ\u0130*0010*HASAN TERZ\u0130(C-5 BLOK DA\u0130RE 8 A\u0130DAT KASIM 2025)*5465987172*FAST","bulunan_kisi":null} 
[2025-10-31 21:33:55] [INFO] Tahsilat Onay Kaydı: islem_tarihi: 2025-10-31 14:28:40, tutar: 800, daire_id: 168 
[2025-10-31 21:33:55] [INFO] Excel'den okunan tutar: 800 (Tip: double) 
[2025-10-31 21:33:55] [INFO] Person ID: 203 | Person Name: SERTAC ARACOGLU | Description: SERTAC SARACOGLU*0010*USKUP B2 D:15 AIDAT*5465218409*FAST | Match Score: 70.833333333333 
[2025-10-31 21:33:55] [INFO] Person ID: 55 | Person Name: YIGIT PEHLIVAN | Description: SERTAC SARACOGLU*0010*USKUP B2 D:15 AIDAT*5465218409*FAST | Match Score: 0 
[2025-10-31 21:33:55] [INFO] Açıklamadan daire bilgisi çıkarıldı: {"daireKodu":"B2D15","daire_id":55,"kisi_id":203,"iyelik_tipi":"Ev Sahibi","aciklama":"SERTA\u00c7 SARA\u00c7O\u011eLU*0010*\u00dcSK\u00dcP B2 D:15 A\u0130DAT*5465218409*FAST","bulunan_kisi":null} 
[2025-10-31 21:33:55] [INFO] Tahsilat Onay Kaydı: islem_tarihi: 2025-10-31 12:59:26, tutar: 800, daire_id: 55 
[2025-10-31 21:33:55] [INFO] Excel'den okunan tutar: 800 (Tip: double) 
[2025-10-31 21:33:55] [INFO] Açıklamadan daire bilgisi çıkarıldı: {"daireKodu":"A1D102","daire_id":0,"kisi_id":null,"iyelik_tipi":"Ev Sahibi","aciklama":"HARUN SA\u011eLAM*0067*A1 102 ay\u015fenur sa\u011flam Ekim ay\u0131 aidat \u00f6demesi (h\u00fcseyin atik.)*2298199986*FAST","bulunan_kisi":null} 
[2025-10-31 21:33:55] [INFO] Eşleşmeyen kayıt havuza kaydedildi: ["31\/10\/2025-10:40:50","800",null,null,null,"HARUN SA\u011eLAM*0067*A1 102 ay\u015fenur sa\u011flam Ekim ay\u0131 aidat \u00f6demesi (h\u00fcseyin atik.)*2298199986*FAST","14320244598320251031104050878",null,null,null,null,null] 
[2025-10-31 21:33:55] [INFO] Excel'den okunan tutar: -6.39 (Tip: double) 
[2025-10-31 21:33:55] [INFO] Açıklamadan daire bilgisi çıkarıldı: {"daireKodu":null,"daire_id":0,"kisi_id":null,"iyelik_tipi":"Ev Sahibi","aciklama":"\u00dcCRET H2510432445459 1800,00 TRY \u00dcZ.","bulunan_kisi":null} 
[2025-10-31 21:33:55] [INFO] Eşleşmeyen kayıt havuza kaydedildi: ["31\/10\/2025-09:19:41","-6.39",null,null,null,"\u00dcCRET H2510432445459 1800,00 TRY \u00dcZ.","14320244598320251031091941243",null,null,null,null,null] 
[2025-10-31 21:33:55] [INFO] Excel'den okunan tutar: -1800 (Tip: double) 
[2025-10-31 21:33:55] [INFO] Açıklamadan daire bilgisi çıkarıldı: {"daireKodu":null,"daire_id":0,"kisi_id":null,"iyelik_tipi":"Ev Sahibi","aciklama":"F\u0130KRET AYCI*TR380001000805422982755004*C1 BLOK \u00c7ATI OLUK TAM\u0130R UCRETI*2828831914 H2510432445459*FAST","bulunan_kisi":null} 
[2025-10-31 21:33:55] [INFO] Eşleşmeyen kayıt havuza kaydedildi: ["31\/10\/2025-09:19:41","-1800",null,null,null,"F\u0130KRET AYCI*TR380001000805422982755004*C1 BLOK \u00c7ATI OLUK TAM\u0130R UCRETI*2828831914 H2510432445459*FAST","14320244598320251031091941242",null,null,null,null,null] 
[2025-10-31 21:33:55] [INFO] Excel'den okunan tutar: 800 (Tip: double) 
[2025-10-31 21:33:55] [INFO] Person ID: 56 | Person Name: UGUR ERGI | Description: UGUR ERGI*0067*B2-16 EKIM AYI AIDATI*2297837362*FAST | Match Score: 64.754098360656 
[2025-10-31 21:33:55] [INFO] Açıklamadan daire bilgisi çıkarıldı: {"daireKodu":"B2D16","daire_id":56,"kisi_id":56,"iyelik_tipi":"Ev Sahibi","aciklama":"U\u011eUR ERG\u0130*0067*B2-16 Ekim ay\u0131 aidat\u0131*2297837362*FAST","bulunan_kisi":null} 
[2025-10-31 21:33:55] [INFO] Tahsilat Onay Kaydı: islem_tarihi: 2025-10-31 08:50:25, tutar: 800, daire_id: 56 
[2025-10-31 21:33:55] [INFO] Excel'den okunan tutar: 1600 (Tip: double) 
[2025-10-31 21:33:55] [INFO] Person ID: 33 | Person Name: MUSTAFA KOSE | Description: MUSTAFA KOSE*0010*MUSTAFA KOSE B1 BLOK NO 13 MUSTAFA KOSE EYLUL EKIM AIDATI USKUP EVL.*5459995768*FAST | Match Score: 60.526315789474 
[2025-10-31 21:33:55] [INFO] Açıklamadan daire bilgisi çıkarıldı: {"daireKodu":"B1D13","daire_id":33,"kisi_id":33,"iyelik_tipi":"Ev Sahibi","aciklama":"MUSTAFA K\u00d6SE*0010*MUSTAFA K\u00d6SE b1 blok no 13 mustafa kose eylul ekim aidati uskup evl.*5459995768*FAST","bulunan_kisi":null} 
[2025-10-31 21:33:55] [INFO] Tahsilat Onay Kaydı: islem_tarihi: 2025-10-30 14:56:40, tutar: 1600, daire_id: 33 
[2025-10-31 21:33:55] [INFO] Excel'den okunan tutar: 800 (Tip: double) 
[2025-10-31 21:33:55] [INFO] Person ID: 197 | Person Name: SAVASER OZTURK | Description: SAVASER OZTURK*0157*B2 BLOK DAIRE 6, EKIM 2025*4073148310*FAST | Match Score: 68.421052631579 
[2025-10-31 21:33:55] [INFO] Person ID: 46 | Person Name: FAHRETTIN MUTLU | Description: SAVASER OZTURK*0157*B2 BLOK DAIRE 6, EKIM 2025*4073148310*FAST | Match Score: 0 
[2025-10-31 21:33:55] [INFO] Açıklamadan daire bilgisi çıkarıldı: {"daireKodu":"B2D6","daire_id":46,"kisi_id":197,"iyelik_tipi":"Ev Sahibi","aciklama":"Sava\u015fer \u00d6zt\u00fcrk*0157*B2 BLOK DA\u0130RE 6, Ekim 2025*4073148310*FAST","bulunan_kisi":null} 
[2025-10-31 21:33:55] [INFO] Tahsilat Onay Kaydı: islem_tarihi: 2025-10-30 11:08:27, tutar: 800, daire_id: 46 
[2025-10-31 21:33:55] [INFO] Excel'den okunan tutar: 800 (Tip: double) 
[2025-10-31 21:33:55] [INFO] Person ID: 95 | Person Name: BEDIRHAN YILMAZ | Description: HULYA YILMAZ*0111*C1 BLOK DAIRE 15 HANIM VE BEDIRHAN YILMAZ AIDAT UCRETI.*2447008 | Match Score: 65.625 
[2025-10-31 21:33:55] [INFO] Açıklamadan daire bilgisi çıkarıldı: {"daireKodu":"C1D15","daire_id":95,"kisi_id":95,"iyelik_tipi":"Ev Sahibi","aciklama":"H\u00dcLYA YILMAZ*0111*C1 BLOK DA\u0130RE 15 HANIM VE BED\u0130RHAN YILMAZ A\u0130DAT \u00dcCRET\u0130.*2447008","bulunan_kisi":null} 
[2025-10-31 21:33:55] [INFO] Tahsilat Onay Kaydı: islem_tarihi: 2025-10-30 08:31:58, tutar: 800, daire_id: 95 
[2025-10-31 21:33:55] [INFO] Excel'den okunan tutar: 800 (Tip: double) 
[2025-10-31 21:33:55] [INFO] Person ID: 252 | Person Name: MEHMET AKYUZ | Description: MEHMET AKYUZ*0205*EKIM 2025 AIDAT UCRETI C5 BLOK KAT:3 NO:15 MEHMET AKYUZ*6997154*FAST | Match Score: 62.244897959184 
[2025-10-31 21:33:55] [INFO] Person ID: 175 | Person Name: ALTAN KIYICI | Description: MEHMET AKYUZ*0205*EKIM 2025 AIDAT UCRETI C5 BLOK KAT:3 NO:15 MEHMET AKYUZ*6997154*FAST | Match Score: 0 
[2025-10-31 21:33:55] [INFO] Açıklamadan daire bilgisi çıkarıldı: {"daireKodu":"C5D15","daire_id":175,"kisi_id":252,"iyelik_tipi":"Ev Sahibi","aciklama":"MEHMET AKY\u00dcZ*0205*Ekim 2025 aidat \u00fccreti C5 Blok Kat:3 No:15 Mehmet Aky\u00fcz*6997154*FAST","bulunan_kisi":null} 
[2025-10-31 21:33:55] [INFO] Tahsilat Onay Kaydı: islem_tarihi: 2025-10-28 19:40:19, tutar: 800, daire_id: 175 
[2025-10-31 21:33:55] [INFO] Excel'den okunan tutar: -144.5 (Tip: double) 
[2025-10-31 21:33:55] [INFO] Açıklamadan daire bilgisi çıkarıldı: {"daireKodu":null,"daire_id":0,"kisi_id":252,"iyelik_tipi":"Ev Sahibi","aciklama":"5393582581 \/TURKCELL \/FATURA NO:7096515394 \/K:00532","bulunan_kisi":null} 
[2025-10-31 21:33:55] [INFO] Eşleşmeyen kayıt havuza kaydedildi: ["28\/10\/2025-18:16:10","-144.5",null,null,null,"5393582581 \/TURKCELL \/FATURA NO:7096515394 \/K:00532","14320244598320251028181610854",null,null,null,null,null] 
[2025-10-31 21:33:55] [INFO] Excel'den okunan tutar: -144.5 (Tip: double) 
[2025-10-31 21:33:55] [INFO] Açıklamadan daire bilgisi çıkarıldı: {"daireKodu":null,"daire_id":0,"kisi_id":252,"iyelik_tipi":"Ev Sahibi","aciklama":"5352562581 \/TURKCELL \/FATURA NO:7096515393 \/K:00532","bulunan_kisi":null} 
[2025-10-31 21:33:55] [INFO] Eşleşmeyen kayıt havuza kaydedildi: ["28\/10\/2025-18:15:17","-144.5",null,null,null,"5352562581 \/TURKCELL \/FATURA NO:7096515393 \/K:00532","14320244598320251028181517295",null,null,null,null,null] 
[2025-10-31 21:33:55] [INFO] Excel'den okunan tutar: -6.39 (Tip: double) 
[2025-10-31 21:33:55] [INFO] Açıklamadan daire bilgisi çıkarıldı: {"daireKodu":null,"daire_id":0,"kisi_id":252,"iyelik_tipi":"Ev Sahibi","aciklama":"\u00dcCRET H2510423591544 6000,00 TRY \u00dcZ.","bulunan_kisi":null} 
[2025-10-31 21:33:55] [INFO] Eşleşmeyen kayıt havuza kaydedildi: ["28\/10\/2025-17:55:38","-6.39",null,null,null,"\u00dcCRET H2510423591544 6000,00 TRY \u00dcZ.","14320244598320251028175538379",null,null,null,null,null] 
[2025-10-31 21:33:55] [INFO] Excel'den okunan tutar: -6000 (Tip: double) 
[2025-10-31 21:33:55] [INFO] Açıklamadan daire bilgisi çıkarıldı: {"daireKodu":null,"daire_id":0,"kisi_id":252,"iyelik_tipi":"Ev Sahibi","aciklama":"ADEM ATACAN*TR570001004010474864085125*KEP\u00c7E \u00dcCRET\u0130 \u0130\u00c7\u0130N BOR\u00c7 G\u00d6NNDER\u0130LEN, KALAN 6 B\u0130N \u0130ADES\u0130*2823467672 H2510423591544*FAST","bulunan_kisi":null} 
[2025-10-31 21:33:55] [INFO] Eşleşmeyen kayıt havuza kaydedildi: ["28\/10\/2025-17:55:38","-6000",null,null,null,"ADEM ATACAN*TR570001004010474864085125*KEP\u00c7E \u00dcCRET\u0130 \u0130\u00c7\u0130N BOR\u00c7 G\u00d6NNDER\u0130LEN, KALAN 6 B\u0130N \u0130ADES\u0130*2823467672 H2510423591544*FAST","14320244598320251028175538378",null,null,null,null,null] 
[2025-10-31 21:33:55] [INFO] Excel'den okunan tutar: -2000 (Tip: double) 
[2025-10-31 21:33:55] [INFO] Açıklamadan daire bilgisi çıkarıldı: {"daireKodu":null,"daire_id":0,"kisi_id":252,"iyelik_tipi":"Ev Sahibi","aciklama":"15022 NUMARALI BANKAMAT\u0130K TEN PARA \u00c7EKME","bulunan_kisi":null} 
[2025-10-31 21:33:55] [INFO] Eşleşmeyen kayıt havuza kaydedildi: ["27\/10\/2025-12:46:35","-2000",null,null,null,"15022 NUMARALI BANKAMAT\u0130K TEN PARA \u00c7EKME","14320244598320251027124635400",null,null,null,null,null] 
[2025-10-31 21:33:55] [INFO] Excel'den okunan tutar: 800 (Tip: double) 
[2025-10-31 21:33:55] [INFO] Person ID: 229 | Person Name: OZGUR OZTEMIZ | Description: TURKAN KIYICI*0010*C2 16 BOS DAIRE DONEMI*5442127407*FAST | Match Score: 0 
[2025-10-31 21:33:55] [INFO] Person ID: 116 | Person Name: ALTAN KIYICI | Description: TURKAN KIYICI*0010*C2 16 BOS DAIRE DONEMI*5442127407*FAST | Match Score: 39.492753623188 
[2025-10-31 21:33:55] [INFO] Açıklamadan daire bilgisi çıkarıldı: {"daireKodu":"C2D16","daire_id":116,"kisi_id":null,"iyelik_tipi":"Ev Sahibi","aciklama":"T\u00dcRKAN KIYICI*0010*C2 16 Bo\u015f daire d\u00f6nemi*5442127407*FAST","bulunan_kisi":null} 
[2025-10-31 21:33:55] [INFO] Eşleşmeyen kayıt havuza kaydedildi: ["27\/10\/2025-12:35:59","800",null,null,null,"T\u00dcRKAN KIYICI*0010*C2 16 Bo\u015f daire d\u00f6nemi*5442127407*FAST","14320244598320251027123559884",null,null,null,null,null] 
[2025-10-31 21:33:55] [INFO] Excel'den okunan tutar: -200 (Tip: double) 
[2025-10-31 21:33:55] [INFO] Açıklamadan daire bilgisi çıkarıldı: {"daireKodu":null,"daire_id":0,"kisi_id":null,"iyelik_tipi":"Ev Sahibi","aciklama":"COBAN TICARET DUZCE 7254","bulunan_kisi":null} 
[2025-10-31 21:33:55] [INFO] Eşleşmeyen kayıt havuza kaydedildi: ["27\/10\/2025-11:52:35","-200",null,null,null,"COBAN TICARET DUZCE 7254","14320244598320251027115235334",null,null,null,null,null] 
[2025-10-31 21:33:55] [INFO] Excel'den okunan tutar: -311 (Tip: double) 
[2025-10-31 21:33:55] [INFO] Açıklamadan daire bilgisi çıkarıldı: {"daireKodu":null,"daire_id":0,"kisi_id":null,"iyelik_tipi":"Ev Sahibi","aciklama":"EN1 YAPI MARKET DUZCE 7254","bulunan_kisi":null} 
[2025-10-31 21:33:55] [INFO] Eşleşmeyen kayıt havuza kaydedildi: ["27\/10\/2025-11:25:36","-311",null,null,null,"EN1 YAPI MARKET DUZCE 7254","14320244598320251027112536984",null,null,null,null,null] 
[2025-10-31 21:33:55] [INFO] Excel'den okunan tutar: 800 (Tip: double) 
[2025-10-31 21:33:55] [INFO] Açıklamadan daire bilgisi çıkarıldı: {"daireKodu":null,"daire_id":0,"kisi_id":null,"iyelik_tipi":"Ev Sahibi","aciklama":"D\u00dcZCE \u0130LME VE HAYRA H\u0130ZMET VAKFI*0205*A1 BLOK 3-4- NOLU DA\u0130RELER\u0130N EK\u0130M AYI A\u0130DAT BEDEL\u0130*9664215*FAST","bulunan_kisi":null} 
[2025-10-31 21:33:55] [INFO] Eşleşmeyen kayıt havuza kaydedildi: ["27\/10\/2025-10:46:04","800",null,null,null,"D\u00dcZCE \u0130LME VE HAYRA H\u0130ZMET VAKFI*0205*A1 BLOK 3-4- NOLU DA\u0130RELER\u0130N EK\u0130M AYI A\u0130DAT BEDEL\u0130*9664215*FAST","14320244598320251027104604983",null,null,null,null,null] 
[2025-10-31 21:34:15] [INFO] Tahsilat-Borç eşleştirme işlemi başlatıldı {"onay_id":"8005","gelen_tutar":800,"kullanici_id":147}
[2025-10-31 21:34:15] [INFO] Ana tahsilat kaydı oluşturuldu ve kasaya eklendi. {"tahsilat_id":"3980","kasa_hareket_id":"RHViGupPznfBGPM8e3FZzW333Yfbl1snMti3n4mJvUw%2A","tutar":800}
[2025-10-31 21:34:15] [INFO] Borç detayları alındı. {"borc_detay_bilgisi":"[\n    {\n        \"id\": 23656,\n        \"borc_tutari\": \"1.93\",\n        \"gun_farki\": 304,\n        \"gecikme_zammi\": \"0.00\",\n        \"ceza_orani\": \"0.00\",\n        \"toplam_borc\": \"1.93\",\n        \"toplam_odenen\": null,\n        \"anapara_tahsilat\": null,\n        \"gecikme_zammi_odemesi\": null,\n        \"kalan_toplam_borc\": \"1.93\",\n        \"kalan_gecikme_zammi\": \"0.00\"\n    },\n    {\n        \"id\": 22940,\n        \"borc_tutari\": \"400.00\",\n        \"gun_farki\": 273,\n        \"gecikme_zammi\": \"0.00\",\n        \"ceza_orani\": \"0.00\",\n        \"toplam_borc\": \"400.00\",\n        \"toplam_odenen\": \"385.00\",\n        \"anapara_tahsilat\": \"385.00\",\n        \"gecikme_zammi_odemesi\": null,\n        \"kalan_toplam_borc\": \"15.00\",\n        \"kalan_gecikme_zammi\": \"0.00\"\n    },\n    {\n        \"id\": 27338,\n        \"borc_tutari\": \"750.00\",\n        \"gun_farki\": 0,\n        \"gecikme_zammi\": \"0.00\",\n        \"ceza_orani\": \"0.00\",\n        \"toplam_borc\": \"750.00\",\n        \"toplam_odenen\": null,\n        \"anapara_tahsilat\": null,\n        \"gecikme_zammi_odemesi\": null,\n        \"kalan_toplam_borc\": \"750.00\",\n        \"kalan_gecikme_zammi\": \"0.00\"\n    }\n]"}
[2025-10-31 21:34:15] [INFO] Borç kaydı işleniyor. {"borc_detay_id":23656,"kalan_dagitilacak_tutar":800}
[2025-10-31 21:34:15] [INFO] işlenecek tutarlar hesaplanıyor. {"borc_detay_id":23656,"kalan_gecikme_zammi":0,"gecikmeye_odenebilecek":0}
[2025-10-31 21:34:15] [INFO] Anapara için tahsilat detayı oluşturuldu. {"borc_detay_id":23656,"odenen_anapara":1.93}
[2025-10-31 21:34:15] [INFO] Borç kaydı işleniyor. {"borc_detay_id":22940,"kalan_dagitilacak_tutar":798.07}
[2025-10-31 21:34:15] [INFO] işlenecek tutarlar hesaplanıyor. {"borc_detay_id":22940,"kalan_gecikme_zammi":0,"gecikmeye_odenebilecek":0}
[2025-10-31 21:34:15] [INFO] Anapara için tahsilat detayı oluşturuldu. {"borc_detay_id":22940,"odenen_anapara":15}
[2025-10-31 21:34:15] [INFO] Borç kaydı işleniyor. {"borc_detay_id":27338,"kalan_dagitilacak_tutar":783.07}
[2025-10-31 21:34:15] [INFO] işlenecek tutarlar hesaplanıyor. {"borc_detay_id":27338,"kalan_gecikme_zammi":0,"gecikmeye_odenebilecek":0}
[2025-10-31 21:34:15] [INFO] Anapara için tahsilat detayı oluşturuldu. {"borc_detay_id":27338,"odenen_anapara":750}
[2025-10-31 21:34:15] [INFO] Artan tutar krediye eklendi. {"kisi_id":"63","kredi_tutari":33.07000000000005}
[2025-10-31 21:34:46] [INFO] Tahsilat-Borç eşleştirme işlemi başlatıldı {"onay_id":"8008","gelen_tutar":800,"kullanici_id":147}
[2025-10-31 21:34:46] [INFO] Ana tahsilat kaydı oluşturuldu ve kasaya eklendi. {"tahsilat_id":"3981","kasa_hareket_id":"L66VDUDT0IVfwDwmoUc5CeDa4DENmlgbRdas52Fmcnw%2A","tutar":800}
[2025-10-31 21:34:46] [INFO] Borç detayları alındı. {"borc_detay_bilgisi":"[\n    {\n        \"id\": 25628,\n        \"borc_tutari\": \"800.00\",\n        \"gun_farki\": 0,\n        \"gecikme_zammi\": \"0.00\",\n        \"ceza_orani\": \"5.00\",\n        \"toplam_borc\": \"800.00\",\n        \"toplam_odenen\": null,\n        \"anapara_tahsilat\": null,\n        \"gecikme_zammi_odemesi\": null,\n        \"kalan_toplam_borc\": \"800.00\",\n        \"kalan_gecikme_zammi\": \"0.00\"\n    }\n]"}
[2025-10-31 21:34:46] [INFO] Borç kaydı işleniyor. {"borc_detay_id":25628,"kalan_dagitilacak_tutar":800}
[2025-10-31 21:34:46] [INFO] işlenecek tutarlar hesaplanıyor. {"borc_detay_id":25628,"kalan_gecikme_zammi":0,"gecikmeye_odenebilecek":0}
[2025-10-31 21:34:46] [INFO] Anapara için tahsilat detayı oluşturuldu. {"borc_detay_id":25628,"odenen_anapara":800}
[2025-10-31 21:34:51] [INFO] Tahsilat-Borç eşleştirme işlemi başlatıldı {"onay_id":"8010","gelen_tutar":1600,"kullanici_id":147}
[2025-10-31 21:34:51] [INFO] Ana tahsilat kaydı oluşturuldu ve kasaya eklendi. {"tahsilat_id":"3982","kasa_hareket_id":"ydFAnYFZyR0-Ji2MzrgKmG8u6BrTp9eJLRFgJbErL1s%2A","tutar":1600}
[2025-10-31 21:34:51] [INFO] Borç detayları alındı. {"borc_detay_bilgisi":"[\n    {\n        \"id\": 25427,\n        \"borc_tutari\": \"800.00\",\n        \"gun_farki\": 31,\n        \"gecikme_zammi\": \"0.00\",\n        \"ceza_orani\": \"0.00\",\n        \"toplam_borc\": \"800.00\",\n        \"toplam_odenen\": null,\n        \"anapara_tahsilat\": null,\n        \"gecikme_zammi_odemesi\": null,\n        \"kalan_toplam_borc\": \"800.00\",\n        \"kalan_gecikme_zammi\": \"0.00\"\n    },\n    {\n        \"id\": 25606,\n        \"borc_tutari\": \"800.00\",\n        \"gun_farki\": 0,\n        \"gecikme_zammi\": \"0.00\",\n        \"ceza_orani\": \"5.00\",\n        \"toplam_borc\": \"800.00\",\n        \"toplam_odenen\": null,\n        \"anapara_tahsilat\": null,\n        \"gecikme_zammi_odemesi\": null,\n        \"kalan_toplam_borc\": \"800.00\",\n        \"kalan_gecikme_zammi\": \"0.00\"\n    }\n]"}
[2025-10-31 21:34:51] [INFO] Borç kaydı işleniyor. {"borc_detay_id":25427,"kalan_dagitilacak_tutar":1600}
[2025-10-31 21:34:51] [INFO] işlenecek tutarlar hesaplanıyor. {"borc_detay_id":25427,"kalan_gecikme_zammi":0,"gecikmeye_odenebilecek":0}
[2025-10-31 21:34:51] [INFO] Anapara için tahsilat detayı oluşturuldu. {"borc_detay_id":25427,"odenen_anapara":800}
[2025-10-31 21:34:51] [INFO] Borç kaydı işleniyor. {"borc_detay_id":25606,"kalan_dagitilacak_tutar":800}
[2025-10-31 21:34:51] [INFO] işlenecek tutarlar hesaplanıyor. {"borc_detay_id":25606,"kalan_gecikme_zammi":0,"gecikmeye_odenebilecek":0}
[2025-10-31 21:34:51] [INFO] Anapara için tahsilat detayı oluşturuldu. {"borc_detay_id":25606,"odenen_anapara":800}
[2025-10-31 21:34:56] [INFO] Tahsilat-Borç eşleştirme işlemi başlatıldı {"onay_id":"8011","gelen_tutar":800,"kullanici_id":147}
[2025-10-31 21:34:56] [INFO] Ana tahsilat kaydı oluşturuldu ve kasaya eklendi. {"tahsilat_id":"3983","kasa_hareket_id":"ShySQvuvhK9eRJI5llDXKHqucQNRPFegK_76T286O_A%2A","tutar":800}
[2025-10-31 21:34:56] [INFO] Borç detayları alındı. {"borc_detay_bilgisi":"[\n    {\n        \"id\": 25619,\n        \"borc_tutari\": \"800.00\",\n        \"gun_farki\": 0,\n        \"gecikme_zammi\": \"0.00\",\n        \"ceza_orani\": \"5.00\",\n        \"toplam_borc\": \"800.00\",\n        \"toplam_odenen\": null,\n        \"anapara_tahsilat\": null,\n        \"gecikme_zammi_odemesi\": null,\n        \"kalan_toplam_borc\": \"800.00\",\n        \"kalan_gecikme_zammi\": \"0.00\"\n    }\n]"}
[2025-10-31 21:34:56] [INFO] Borç kaydı işleniyor. {"borc_detay_id":25619,"kalan_dagitilacak_tutar":800}
[2025-10-31 21:34:56] [INFO] işlenecek tutarlar hesaplanıyor. {"borc_detay_id":25619,"kalan_gecikme_zammi":0,"gecikmeye_odenebilecek":0}
[2025-10-31 21:34:56] [INFO] Anapara için tahsilat detayı oluşturuldu. {"borc_detay_id":25619,"odenen_anapara":800}
[2025-10-31 21:35:00] [INFO] Tahsilat-Borç eşleştirme işlemi başlatıldı {"onay_id":"8012","gelen_tutar":800,"kullanici_id":147}
[2025-10-31 21:35:00] [INFO] Ana tahsilat kaydı oluşturuldu ve kasaya eklendi. {"tahsilat_id":"3984","kasa_hareket_id":"NQbYGTflmdC_VezsOfQfCJw_a1VYGmf9pTqLnqP3vUs%2A","tutar":800}
[2025-10-31 21:35:00] [INFO] Borç detayları alındı. {"borc_detay_bilgisi":"[\n    {\n        \"id\": 25667,\n        \"borc_tutari\": \"800.00\",\n        \"gun_farki\": 0,\n        \"gecikme_zammi\": \"0.00\",\n        \"ceza_orani\": \"5.00\",\n        \"toplam_borc\": \"800.00\",\n        \"toplam_odenen\": null,\n        \"anapara_tahsilat\": null,\n        \"gecikme_zammi_odemesi\": null,\n        \"kalan_toplam_borc\": \"800.00\",\n        \"kalan_gecikme_zammi\": \"0.00\"\n    }\n]"}
[2025-10-31 21:35:00] [INFO] Borç kaydı işleniyor. {"borc_detay_id":25667,"kalan_dagitilacak_tutar":800}
[2025-10-31 21:35:00] [INFO] işlenecek tutarlar hesaplanıyor. {"borc_detay_id":25667,"kalan_gecikme_zammi":0,"gecikmeye_odenebilecek":0}
[2025-10-31 21:35:00] [INFO] Anapara için tahsilat detayı oluşturuldu. {"borc_detay_id":25667,"odenen_anapara":800}
[2025-10-31 21:35:04] [INFO] Tahsilat-Borç eşleştirme işlemi başlatıldı {"onay_id":"8013","gelen_tutar":800,"kullanici_id":147}
[2025-10-31 21:35:04] [INFO] Ana tahsilat kaydı oluşturuldu ve kasaya eklendi. {"tahsilat_id":"3985","kasa_hareket_id":"vHLVreMVls0YzlN937QLbfRl0CahOG0gRu4gRF_d1s0%2A","tutar":800}
[2025-10-31 21:35:04] [INFO] Borç detayları alındı. {"borc_detay_bilgisi":"[\n    {\n        \"id\": 25747,\n        \"borc_tutari\": \"800.00\",\n        \"gun_farki\": 0,\n        \"gecikme_zammi\": \"0.00\",\n        \"ceza_orani\": \"5.00\",\n        \"toplam_borc\": \"800.00\",\n        \"toplam_odenen\": null,\n        \"anapara_tahsilat\": null,\n        \"gecikme_zammi_odemesi\": null,\n        \"kalan_toplam_borc\": \"800.00\",\n        \"kalan_gecikme_zammi\": \"0.00\"\n    }\n]"}
[2025-10-31 21:35:04] [INFO] Borç kaydı işleniyor. {"borc_detay_id":25747,"kalan_dagitilacak_tutar":800}
[2025-10-31 21:35:04] [INFO] işlenecek tutarlar hesaplanıyor. {"borc_detay_id":25747,"kalan_gecikme_zammi":0,"gecikmeye_odenebilecek":0}
[2025-10-31 21:35:04] [INFO] Anapara için tahsilat detayı oluşturuldu. {"borc_detay_id":25747,"odenen_anapara":800}
[2025-10-31 21:35:08] [INFO] Tahsilat-Borç eşleştirme işlemi başlatıldı {"onay_id":"8009","gelen_tutar":800,"kullanici_id":147}
[2025-10-31 21:35:08] [INFO] Ana tahsilat kaydı oluşturuldu ve kasaya eklendi. {"tahsilat_id":"3986","kasa_hareket_id":"UFITYxWva6S_pqLHH1wngsucsEFhxJK-1mpzJBcGlX4%2A","tutar":800}
[2025-10-31 21:35:08] [INFO] Borç detayları alındı. {"borc_detay_bilgisi":"[\n    {\n        \"id\": 25629,\n        \"borc_tutari\": \"800.00\",\n        \"gun_farki\": 0,\n        \"gecikme_zammi\": \"0.00\",\n        \"ceza_orani\": \"5.00\",\n        \"toplam_borc\": \"800.00\",\n        \"toplam_odenen\": null,\n        \"anapara_tahsilat\": null,\n        \"gecikme_zammi_odemesi\": null,\n        \"kalan_toplam_borc\": \"800.00\",\n        \"kalan_gecikme_zammi\": \"0.00\"\n    }\n]"}
[2025-10-31 21:35:08] [INFO] Borç kaydı işleniyor. {"borc_detay_id":25629,"kalan_dagitilacak_tutar":800}
[2025-10-31 21:35:08] [INFO] işlenecek tutarlar hesaplanıyor. {"borc_detay_id":25629,"kalan_gecikme_zammi":0,"gecikmeye_odenebilecek":0}
[2025-10-31 21:35:08] [INFO] Anapara için tahsilat detayı oluşturuldu. {"borc_detay_id":25629,"odenen_anapara":800}
[2025-10-31 21:36:20] [INFO] Eşleşmeyen tahsilat ID 7007 kasaya aktarıldı ve havuz kaydı silindi. 
[2025-10-31 21:36:26] [INFO] Eşleşmeyen tahsilat ID 7006 kasaya aktarıldı ve havuz kaydı silindi. 
[2025-10-31 21:38:04] [INFO] Eşleşmeyen tahsilat ID 7011 kasaya aktarıldı ve havuz kaydı silindi. 
[2025-10-31 21:38:09] [INFO] Eşleşmeyen tahsilat ID 7010 kasaya aktarıldı ve havuz kaydı silindi. 
[2025-10-31 21:38:30] [INFO] Eşleşmeyen tahsilat ID 7008 kasaya aktarıldı ve havuz kaydı silindi. 
[2025-10-31 21:38:34] [INFO] Eşleşmeyen tahsilat ID 7005 kasaya aktarıldı ve havuz kaydı silindi. 
[2025-10-31 21:38:39] [INFO] Eşleşmeyen tahsilat ID 7004 kasaya aktarıldı ve havuz kaydı silindi. 
[2025-10-31 21:38:44] [INFO] Eşleşmeyen tahsilat ID 7002 kasaya aktarıldı ve havuz kaydı silindi. 
[2025-10-31 21:38:50] [INFO] Eşleşmeyen tahsilat ID 7003 kasaya aktarıldı ve havuz kaydı silindi. 
[2025-10-31 21:39:37] [INFO] Eşleşmeyen tahsilat ID 6999 kasaya aktarıldı ve havuz kaydı silindi. 
[2025-10-31 21:39:57] [INFO] Tahsilat-Borç eşleştirme işlemi başlatıldı {"onay_id":"8014","gelen_tutar":400,"kullanici_id":147}
[2025-10-31 21:39:57] [INFO] Ana tahsilat kaydı oluşturuldu ve kasaya eklendi. {"tahsilat_id":"3987","kasa_hareket_id":"Dz6cZAXBEuiRN7nKhY7TofQZgEv9DaNeZT4RwAviCmM%2A","tutar":400}
[2025-10-31 21:39:57] [INFO] Borç detayları alındı. {"borc_detay_bilgisi":"[\n    {\n        \"id\": 25039,\n        \"borc_tutari\": \"800.00\",\n        \"gun_farki\": 92,\n        \"gecikme_zammi\": \"0.00\",\n        \"ceza_orani\": \"0.00\",\n        \"toplam_borc\": \"800.00\",\n        \"toplam_odenen\": \"400.00\",\n        \"anapara_tahsilat\": \"400.00\",\n        \"gecikme_zammi_odemesi\": null,\n        \"kalan_toplam_borc\": \"400.00\",\n        \"kalan_gecikme_zammi\": \"0.00\"\n    }\n]"}
[2025-10-31 21:39:57] [INFO] Borç kaydı işleniyor. {"borc_detay_id":25039,"kalan_dagitilacak_tutar":400}
[2025-10-31 21:39:57] [INFO] işlenecek tutarlar hesaplanıyor. {"borc_detay_id":25039,"kalan_gecikme_zammi":0,"gecikmeye_odenebilecek":0}
[2025-10-31 21:39:57] [INFO] Anapara için tahsilat detayı oluşturuldu. {"borc_detay_id":25039,"odenen_anapara":400}
[2025-10-31 21:40:03] [INFO] Tahsilat-Borç eşleştirme işlemi başlatıldı {"onay_id":"8015","gelen_tutar":400,"kullanici_id":147}
[2025-10-31 21:40:03] [INFO] Ana tahsilat kaydı oluşturuldu ve kasaya eklendi. {"tahsilat_id":"3988","kasa_hareket_id":"XOHsAFWYnuWq2cfNmJwb_Djph3irdTI7Oc8psglySIw%2A","tutar":400}
[2025-10-31 21:40:03] [INFO] Borç detayları alındı. {"borc_detay_bilgisi":"[\n    {\n        \"id\": 25040,\n        \"borc_tutari\": \"800.00\",\n        \"gun_farki\": 92,\n        \"gecikme_zammi\": \"0.00\",\n        \"ceza_orani\": \"0.00\",\n        \"toplam_borc\": \"800.00\",\n        \"toplam_odenen\": \"400.00\",\n        \"anapara_tahsilat\": \"400.00\",\n        \"gecikme_zammi_odemesi\": null,\n        \"kalan_toplam_borc\": \"400.00\",\n        \"kalan_gecikme_zammi\": \"0.00\"\n    }\n]"}
[2025-10-31 21:40:03] [INFO] Borç kaydı işleniyor. {"borc_detay_id":25040,"kalan_dagitilacak_tutar":400}
[2025-10-31 21:40:03] [INFO] işlenecek tutarlar hesaplanıyor. {"borc_detay_id":25040,"kalan_gecikme_zammi":0,"gecikmeye_odenebilecek":0}
[2025-10-31 21:40:03] [INFO] Anapara için tahsilat detayı oluşturuldu. {"borc_detay_id":25040,"odenen_anapara":400}
[2025-10-31 21:40:16] [INFO] Tahsilat-Borç eşleştirme işlemi başlatıldı {"onay_id":"8017","gelen_tutar":800,"kullanici_id":147}
[2025-10-31 21:40:16] [INFO] Ana tahsilat kaydı oluşturuldu ve kasaya eklendi. {"tahsilat_id":"3989","kasa_hareket_id":"eKCWj0i9MTNeqs6ev2WPPcBKyl8fEiW5ITy7PhVSwZ8%2A","tutar":800}
[2025-10-31 21:40:16] [INFO] Borç detayları alındı. {"borc_detay_bilgisi":"[\n    {\n        \"id\": 25395,\n        \"borc_tutari\": \"800.00\",\n        \"gun_farki\": 31,\n        \"gecikme_zammi\": \"0.00\",\n        \"ceza_orani\": \"0.00\",\n        \"toplam_borc\": \"800.00\",\n        \"toplam_odenen\": \"340.00\",\n        \"anapara_tahsilat\": \"340.00\",\n        \"gecikme_zammi_odemesi\": null,\n        \"kalan_toplam_borc\": \"460.00\",\n        \"kalan_gecikme_zammi\": \"0.00\"\n    },\n    {\n        \"id\": 25574,\n        \"borc_tutari\": \"800.00\",\n        \"gun_farki\": 0,\n        \"gecikme_zammi\": \"0.00\",\n        \"ceza_orani\": \"5.00\",\n        \"toplam_borc\": \"800.00\",\n        \"toplam_odenen\": null,\n        \"anapara_tahsilat\": null,\n        \"gecikme_zammi_odemesi\": null,\n        \"kalan_toplam_borc\": \"800.00\",\n        \"kalan_gecikme_zammi\": \"0.00\"\n    }\n]"}
[2025-10-31 21:40:16] [INFO] Borç kaydı işleniyor. {"borc_detay_id":25395,"kalan_dagitilacak_tutar":800}
[2025-10-31 21:40:16] [INFO] işlenecek tutarlar hesaplanıyor. {"borc_detay_id":25395,"kalan_gecikme_zammi":0,"gecikmeye_odenebilecek":0}
[2025-10-31 21:40:16] [INFO] Anapara için tahsilat detayı oluşturuldu. {"borc_detay_id":25395,"odenen_anapara":460}
[2025-10-31 21:40:16] [INFO] Borç kaydı işleniyor. {"borc_detay_id":25574,"kalan_dagitilacak_tutar":340}
[2025-10-31 21:40:16] [INFO] işlenecek tutarlar hesaplanıyor. {"borc_detay_id":25574,"kalan_gecikme_zammi":0,"gecikmeye_odenebilecek":0}
[2025-10-31 21:40:16] [INFO] Anapara için tahsilat detayı oluşturuldu. {"borc_detay_id":25574,"odenen_anapara":340}
[2025-10-31 21:41:39] [INFO] Tahsilat-Borç eşleştirme işlemi başlatıldı {"onay_id":"8016","gelen_tutar":800,"kullanici_id":147}
[2025-10-31 21:41:39] [INFO] Ana tahsilat kaydı oluşturuldu ve kasaya eklendi. {"tahsilat_id":"3990","kasa_hareket_id":"DNidTtO7knqAJ0l49ZFPsMRJ8M53CIPH03UXFg6aATY%2A","tutar":800}
[2025-10-31 21:41:39] [INFO] Borç detayları alındı. {"borc_detay_bilgisi":"[\n    {\n        \"id\": 27342,\n        \"borc_tutari\": \"800.00\",\n        \"gun_farki\": 31,\n        \"gecikme_zammi\": \"0.00\",\n        \"ceza_orani\": \"0.00\",\n        \"toplam_borc\": \"800.00\",\n        \"toplam_odenen\": null,\n        \"anapara_tahsilat\": null,\n        \"gecikme_zammi_odemesi\": null,\n        \"kalan_toplam_borc\": \"800.00\",\n        \"kalan_gecikme_zammi\": \"0.00\"\n    }\n]"}
[2025-10-31 21:41:39] [INFO] Borç kaydı işleniyor. {"borc_detay_id":27342,"kalan_dagitilacak_tutar":800}
[2025-10-31 21:41:39] [INFO] işlenecek tutarlar hesaplanıyor. {"borc_detay_id":27342,"kalan_gecikme_zammi":0,"gecikmeye_odenebilecek":0}
[2025-10-31 21:41:39] [INFO] Anapara için tahsilat detayı oluşturuldu. {"borc_detay_id":27342,"odenen_anapara":800}
[2025-10-31 21:41:46] [INFO] Tahsilat-Borç eşleştirme işlemi başlatıldı {"onay_id":"8007","gelen_tutar":800,"kullanici_id":147}
[2025-10-31 21:41:46] [INFO] Ana tahsilat kaydı oluşturuldu ve kasaya eklendi. {"tahsilat_id":"3991","kasa_hareket_id":"_ISQQDC2A37S_TqXzcgNj3Mx3X-5NjuWgo9rVBPlFpw%2A","tutar":800}
[2025-10-31 21:41:46] [INFO] Artan tutar krediye eklendi. {"kisi_id":"168","kredi_tutari":800}
[2025-10-31 21:43:12] [INFO] Tahsilat ID 3980 için ilişkili kredi kayıtları silindi. 
[2025-10-31 21:43:12] [INFO] Tahsilat ID 3980 için ilişkili kasa hareketleri silindi. 
[2025-10-31 21:43:12] [INFO] Tahsilat ID 3980 için ilişkili tahsilat detayları silindi. 
[2025-10-31 21:43:12] [INFO] Tahsilat ID 3980 kaydı ve ilişkili tüm veriler silindi. 
[2025-10-31 21:44:17] [INFO] Tahsilat-Borç eşleştirme işlemi başlatıldı {"onay_id":"8006","gelen_tutar":750,"kullanici_id":147}
[2025-10-31 21:44:17] [INFO] Ana tahsilat kaydı oluşturuldu ve kasaya eklendi. {"tahsilat_id":"3992","kasa_hareket_id":"-BSWmIH0Z_qN7MYL1y2azZdKZlBKll9vadOU2ABaJCQ%2A","tutar":750}
[2025-10-31 21:44:17] [INFO] Borç detayları alındı. {"borc_detay_bilgisi":"[\n    {\n        \"id\": 27338,\n        \"borc_tutari\": \"750.00\",\n        \"gun_farki\": 0,\n        \"gecikme_zammi\": \"0.00\",\n        \"ceza_orani\": \"0.00\",\n        \"toplam_borc\": \"750.00\",\n        \"toplam_odenen\": null,\n        \"anapara_tahsilat\": null,\n        \"gecikme_zammi_odemesi\": null,\n        \"kalan_toplam_borc\": \"750.00\",\n        \"kalan_gecikme_zammi\": \"0.00\"\n    }\n]"}
[2025-10-31 21:44:17] [INFO] Borç kaydı işleniyor. {"borc_detay_id":27338,"kalan_dagitilacak_tutar":750}
[2025-10-31 21:44:17] [INFO] işlenecek tutarlar hesaplanıyor. {"borc_detay_id":27338,"kalan_gecikme_zammi":0,"gecikmeye_odenebilecek":0}
[2025-10-31 21:44:17] [INFO] Anapara için tahsilat detayı oluşturuldu. {"borc_detay_id":27338,"odenen_anapara":750}
[2025-10-31 21:44:23] [INFO] Tahsilat-Borç eşleştirme işlemi başlatıldı {"onay_id":"8005","gelen_tutar":800,"kullanici_id":147}
[2025-10-31 21:44:23] [INFO] Ana tahsilat kaydı oluşturuldu ve kasaya eklendi. {"tahsilat_id":"3993","kasa_hareket_id":"mWc6T03DPBqtpu5Gj8A0ZiX1tdVaNmqN_HMcgqsaEeY%2A","tutar":800}
[2025-10-31 21:44:23] [INFO] Borç detayları alındı. {"borc_detay_bilgisi":"[\n    {\n        \"id\": 23656,\n        \"borc_tutari\": \"1.93\",\n        \"gun_farki\": 304,\n        \"gecikme_zammi\": \"0.00\",\n        \"ceza_orani\": \"0.00\",\n        \"toplam_borc\": \"1.93\",\n        \"toplam_odenen\": null,\n        \"anapara_tahsilat\": null,\n        \"gecikme_zammi_odemesi\": null,\n        \"kalan_toplam_borc\": \"1.93\",\n        \"kalan_gecikme_zammi\": \"0.00\"\n    },\n    {\n        \"id\": 22940,\n        \"borc_tutari\": \"400.00\",\n        \"gun_farki\": 273,\n        \"gecikme_zammi\": \"0.00\",\n        \"ceza_orani\": \"0.00\",\n        \"toplam_borc\": \"400.00\",\n        \"toplam_odenen\": \"385.00\",\n        \"anapara_tahsilat\": \"385.00\",\n        \"gecikme_zammi_odemesi\": null,\n        \"kalan_toplam_borc\": \"15.00\",\n        \"kalan_gecikme_zammi\": \"0.00\"\n    }\n]"}
[2025-10-31 21:44:23] [INFO] Borç kaydı işleniyor. {"borc_detay_id":23656,"kalan_dagitilacak_tutar":800}
[2025-10-31 21:44:23] [INFO] işlenecek tutarlar hesaplanıyor. {"borc_detay_id":23656,"kalan_gecikme_zammi":0,"gecikmeye_odenebilecek":0}
[2025-10-31 21:44:23] [INFO] Anapara için tahsilat detayı oluşturuldu. {"borc_detay_id":23656,"odenen_anapara":1.93}
[2025-10-31 21:44:23] [INFO] Borç kaydı işleniyor. {"borc_detay_id":22940,"kalan_dagitilacak_tutar":798.07}
[2025-10-31 21:44:23] [INFO] işlenecek tutarlar hesaplanıyor. {"borc_detay_id":22940,"kalan_gecikme_zammi":0,"gecikmeye_odenebilecek":0}
[2025-10-31 21:44:23] [INFO] Anapara için tahsilat detayı oluşturuldu. {"borc_detay_id":22940,"odenen_anapara":15}
[2025-10-31 21:44:23] [INFO] Artan tutar krediye eklendi. {"kisi_id":"63","kredi_tutari":783.07}
[2025-10-31 21:45:17] [INFO] Eşleşmeyen tahsilat ID 7000 kasaya aktarıldı ve havuz kaydı silindi. 
[2025-10-31 21:45:22] [INFO] Eşleşmeyen tahsilat ID 6997 kasaya aktarıldı ve havuz kaydı silindi. 
[2025-10-31 21:45:48] [INFO] Eşleşmeyen tahsilat ID 6998 kasaya aktarıldı ve havuz kaydı silindi. 
[2025-10-31 22:07:46] [INFO] Tahsilat ID 3989 için ilişkili kasa hareketleri silindi. 
[2025-10-31 22:07:46] [INFO] Tahsilat ID 3989 için ilişkili tahsilat detayları silindi. 
[2025-10-31 22:07:46] [INFO] Tahsilat ID 3989 kaydı ve ilişkili tüm veriler silindi. 
[2025-10-31 22:07:58] [INFO] Tahsilat eşleşmeyen havuzuna gönderme işlemi başlatıldı {"onay_id":"8017","kullanici_id":147}
[2025-10-31 22:07:58] [INFO] Onay kaydı ve işlenen tutar doğrulandı. {"onay_id":"8017","islenen_tutar":0}
[2025-10-31 22:07:58] [ERROR] Tahsilat havuzuna gönderme hatası {"error":"SQLSTATE[42S22]: Column not found: 1054 Unknown column 'olusturulma_tarihi' in 'field list'","onay_id":"8017","file":"C:\\xampp\\htdocs\\yonapp-1\\Model\\Model.php","line":174}
[2025-10-31 22:10:44] [INFO] Tahsilat eşleşmeyen havuzuna gönderme işlemi başlatıldı {"onay_id":"8017","kullanici_id":147}
[2025-10-31 22:10:44] [INFO] Onay kaydı ve işlenen tutar doğrulandı. {"onay_id":"8017","islenen_tutar":0}
[2025-10-31 22:10:44] [INFO] Tahsilat havuzu kaydı oluşturuldu. {"tahsilat_havuzu_id":"7013"}
[2025-10-31 22:10:44] [INFO] Tahsilat onay kaydı güncellendi. {"onay_id":"8017","onay_durumu":1}
[2025-10-31 22:10:59] [INFO] Tahsilat-Borç eşleştirme işlemi başlatıldı {"onay_id":"8018","gelen_tutar":800,"kullanici_id":147}
[2025-10-31 22:10:59] [INFO] Ana tahsilat kaydı oluşturuldu ve kasaya eklendi. {"tahsilat_id":"3994","kasa_hareket_id":"v7zfWHmuwCgoMP5b25AA0Xo0dKbccXrsCQSiBE2raV4%2A","tutar":800}
[2025-10-31 22:10:59] [INFO] Borç detayları alındı. {"borc_detay_bilgisi":"[\n    {\n        \"id\": 25575,\n        \"borc_tutari\": \"800.00\",\n        \"gun_farki\": 0,\n        \"gecikme_zammi\": \"0.00\",\n        \"ceza_orani\": \"5.00\",\n        \"toplam_borc\": \"800.00\",\n        \"toplam_odenen\": null,\n        \"anapara_tahsilat\": null,\n        \"gecikme_zammi_odemesi\": null,\n        \"kalan_toplam_borc\": \"800.00\",\n        \"kalan_gecikme_zammi\": \"0.00\"\n    }\n]"}
[2025-10-31 22:10:59] [INFO] Borç kaydı işleniyor. {"borc_detay_id":25575,"kalan_dagitilacak_tutar":800}
[2025-10-31 22:10:59] [INFO] işlenecek tutarlar hesaplanıyor. {"borc_detay_id":25575,"kalan_gecikme_zammi":0,"gecikmeye_odenebilecek":0}
[2025-10-31 22:10:59] [INFO] Anapara için tahsilat detayı oluşturuldu. {"borc_detay_id":25575,"odenen_anapara":800}
[2025-10-31 22:20:13] [INFO] Tahsilat ID 3982 için tahsilat detayları silindi:  
[2025-10-31 22:20:13] [INFO] Tahsilat (soft) silindi ve etkileri geri alındı {"tahsilat_id":"3982","silen_kullanici_id":147,"silinme_islemi":"{\"kredi_kullanim_silindi\":\"Yok\",\"kisi_kredi_silindi\":\"Yok\",\"kasa_hareket_silindi\":[{\"id\":9299,\"site_id\":0,\"kasa_id\":3,\"islem_tarihi\":\"2025-10-30 14:56:40\",\"islem_tipi\":\"gelir\",\"tahsilat_id\":3982,\"kisi_id\":33,\"tutar\":\"1600.00\",\"para_birimi\":\"TRY\",\"kategori\":\"TRY\",\"gelir_gider_tip_id\":0,\"aciklama\":\"MUSTAFA K\\u00d6SE*0010*MUSTAFA K\\u00d6SE b1 blok no 13 mustafa kose eylul ekim aidati uskup evl.*5459995768*FAST\",\"silinme_tarihi\":null,\"silen_kullanici\":null,\"kaynak_tablo\":\"tahsilat_onay\",\"kaynak_id\":8010,\"kayit_yapan\":147,\"created_at\":\"2025-10-31 21:34:51\",\"guncellenebilir\":null,\"updated_at\":\"2025-10-31 21:34:51\"}]}"}
[2025-10-31 22:22:11] [INFO] Tahsilat-Borç eşleştirme işlemi başlatıldı {"onay_id":"8010","gelen_tutar":1600,"kullanici_id":147}
[2025-10-31 22:22:11] [INFO] Ana tahsilat kaydı oluşturuldu ve kasaya eklendi. {"tahsilat_id":"3995","kasa_hareket_id":"MlDfMn-nyXIRd57iid1YgboYxmqVqEG_2NRhUX86eIw%2A","tutar":1600}
[2025-10-31 22:22:11] [INFO] Borç detayları alındı. {"borc_detay_bilgisi":"[\n    {\n        \"id\": 25427,\n        \"borc_tutari\": \"800.00\",\n        \"gun_farki\": 31,\n        \"gecikme_zammi\": \"0.00\",\n        \"ceza_orani\": \"0.00\",\n        \"toplam_borc\": \"800.00\",\n        \"toplam_odenen\": null,\n        \"anapara_tahsilat\": null,\n        \"gecikme_zammi_odemesi\": null,\n        \"kalan_toplam_borc\": \"800.00\",\n        \"kalan_gecikme_zammi\": \"0.00\"\n    },\n    {\n        \"id\": 25606,\n        \"borc_tutari\": \"800.00\",\n        \"gun_farki\": 0,\n        \"gecikme_zammi\": \"0.00\",\n        \"ceza_orani\": \"5.00\",\n        \"toplam_borc\": \"800.00\",\n        \"toplam_odenen\": null,\n        \"anapara_tahsilat\": null,\n        \"gecikme_zammi_odemesi\": null,\n        \"kalan_toplam_borc\": \"800.00\",\n        \"kalan_gecikme_zammi\": \"0.00\"\n    }\n]"}
[2025-10-31 22:22:11] [INFO] Borç kaydı işleniyor. {"borc_detay_id":25427,"kalan_dagitilacak_tutar":1600}
[2025-10-31 22:22:11] [INFO] işlenecek tutarlar hesaplanıyor. {"borc_detay_id":25427,"kalan_gecikme_zammi":0,"gecikmeye_odenebilecek":0}
[2025-10-31 22:22:11] [INFO] Anapara için tahsilat detayı oluşturuldu. {"borc_detay_id":25427,"odenen_anapara":800}
[2025-10-31 22:22:11] [INFO] Borç kaydı işleniyor. {"borc_detay_id":25606,"kalan_dagitilacak_tutar":800}
[2025-10-31 22:22:11] [INFO] işlenecek tutarlar hesaplanıyor. {"borc_detay_id":25606,"kalan_gecikme_zammi":0,"gecikmeye_odenebilecek":0}
[2025-10-31 22:22:11] [INFO] Anapara için tahsilat detayı oluşturuldu. {"borc_detay_id":25606,"odenen_anapara":800}
[2025-10-31 22:22:36] [INFO] Tahsilat ID 3995 için tahsilat detayları silindi:  
[2025-10-31 22:22:36] [INFO] Tahsilat (soft) silindi ve etkileri geri alındı {"tahsilat_id":"3995","silen_kullanici_id":147,"silinme_islemi":"{\"kredi_kullanim_silindi\":\"Yok\",\"kisi_kredi_silindi\":\"Yok\",\"kasa_hareket_silindi\":[{\"id\":9325,\"site_id\":0,\"kasa_id\":3,\"islem_tarihi\":\"2025-10-30 14:56:40\",\"islem_tipi\":\"gelir\",\"tahsilat_id\":3995,\"kisi_id\":33,\"tutar\":\"1600.00\",\"para_birimi\":\"TRY\",\"kategori\":\"TRY\",\"gelir_gider_tip_id\":0,\"aciklama\":\"MUSTAFA K\\u00d6SE*0010*MUSTAFA K\\u00d6SE b1 blok no 13 mustafa kose eylul ekim aidati uskup evl.*5459995768*FAST\",\"silinme_tarihi\":null,\"silen_kullanici\":null,\"kaynak_tablo\":\"tahsilat_onay\",\"kaynak_id\":8010,\"kayit_yapan\":147,\"created_at\":\"2025-10-31 22:22:11\",\"guncellenebilir\":null,\"updated_at\":\"2025-10-31 22:22:11\"}]}"}
[2025-10-31 22:22:58] [INFO] Tahsilat-Borç eşleştirme işlemi başlatıldı {"onay_id":"8010","gelen_tutar":1600,"kullanici_id":147}
[2025-10-31 22:22:58] [INFO] Ana tahsilat kaydı oluşturuldu ve kasaya eklendi. {"tahsilat_id":"3996","kasa_hareket_id":"Ed0-JEqga4E_TTXzoHptm-qoHLMEQ5tO2t6Q7BI3S8o%2A","tutar":1600}
[2025-10-31 22:22:58] [INFO] Borç detayları alındı. {"borc_detay_bilgisi":"[\n    {\n        \"id\": 25427,\n        \"borc_tutari\": \"800.00\",\n        \"gun_farki\": 31,\n        \"gecikme_zammi\": \"0.00\",\n        \"ceza_orani\": \"0.00\",\n        \"toplam_borc\": \"800.00\",\n        \"toplam_odenen\": null,\n        \"anapara_tahsilat\": null,\n        \"gecikme_zammi_odemesi\": null,\n        \"kalan_toplam_borc\": \"800.00\",\n        \"kalan_gecikme_zammi\": \"0.00\"\n    },\n    {\n        \"id\": 25606,\n        \"borc_tutari\": \"800.00\",\n        \"gun_farki\": 0,\n        \"gecikme_zammi\": \"0.00\",\n        \"ceza_orani\": \"5.00\",\n        \"toplam_borc\": \"800.00\",\n        \"toplam_odenen\": null,\n        \"anapara_tahsilat\": null,\n        \"gecikme_zammi_odemesi\": null,\n        \"kalan_toplam_borc\": \"800.00\",\n        \"kalan_gecikme_zammi\": \"0.00\"\n    }\n]"}
[2025-10-31 22:22:58] [INFO] Borç kaydı işleniyor. {"borc_detay_id":25427,"kalan_dagitilacak_tutar":1600}
[2025-10-31 22:22:58] [INFO] işlenecek tutarlar hesaplanıyor. {"borc_detay_id":25427,"kalan_gecikme_zammi":0,"gecikmeye_odenebilecek":0}
[2025-10-31 22:22:58] [INFO] Anapara için tahsilat detayı oluşturuldu. {"borc_detay_id":25427,"odenen_anapara":800}
[2025-10-31 22:22:58] [INFO] Borç kaydı işleniyor. {"borc_detay_id":25606,"kalan_dagitilacak_tutar":800}
[2025-10-31 22:22:58] [INFO] işlenecek tutarlar hesaplanıyor. {"borc_detay_id":25606,"kalan_gecikme_zammi":0,"gecikmeye_odenebilecek":0}
[2025-10-31 22:22:58] [INFO] Anapara için tahsilat detayı oluşturuldu. {"borc_detay_id":25606,"odenen_anapara":800}
[2025-10-31 22:25:07] [INFO] Tahsilat ID 3996 için tahsilat detayları silindi:  
[2025-10-31 22:25:07] [INFO] Tahsilat (soft) silindi ve etkileri geri alındı {"tahsilat_id":"3996","silen_kullanici_id":147,"silinme_islemi":"{\"kredi_kullanim_silindi\":\"Yok\",\"kisi_kredi_silindi\":\"Yok\",\"kasa_hareket_silindi\":[{\"id\":9326,\"site_id\":0,\"kasa_id\":3,\"islem_tarihi\":\"2025-10-30 14:56:40\",\"islem_tipi\":\"gelir\",\"tahsilat_id\":3996,\"kisi_id\":33,\"tutar\":\"1600.00\",\"para_birimi\":\"TRY\",\"kategori\":\"TRY\",\"gelir_gider_tip_id\":0,\"aciklama\":\"MUSTAFA K\\u00d6SE*0010*MUSTAFA K\\u00d6SE b1 blok no 13 mustafa kose eylul ekim aidati uskup evl.*5459995768*FAST\",\"silinme_tarihi\":null,\"silen_kullanici\":null,\"kaynak_tablo\":\"tahsilat_onay\",\"kaynak_id\":8010,\"kayit_yapan\":147,\"created_at\":\"2025-10-31 22:22:58\",\"guncellenebilir\":null,\"updated_at\":\"2025-10-31 22:22:58\"}]}"}
[2025-10-31 22:25:23] [INFO] Tahsilat-Borç eşleştirme işlemi başlatıldı {"onay_id":"8010","gelen_tutar":1600,"kullanici_id":147}
[2025-10-31 22:25:23] [INFO] Ana tahsilat kaydı oluşturuldu ve kasaya eklendi. {"tahsilat_id":"3997","kasa_hareket_id":"x_2Rmn9IIDWJxJ3EdDd2P9O5WKvWKci49Ly2x7eqlKc%2A","tutar":1600}
[2025-10-31 22:25:23] [INFO] Borç detayları alındı. {"borc_detay_bilgisi":"[\n    {\n        \"id\": 25427,\n        \"borc_tutari\": \"800.00\",\n        \"gun_farki\": 31,\n        \"gecikme_zammi\": \"0.00\",\n        \"ceza_orani\": \"0.00\",\n        \"toplam_borc\": \"800.00\",\n        \"toplam_odenen\": null,\n        \"anapara_tahsilat\": null,\n        \"gecikme_zammi_odemesi\": null,\n        \"kalan_toplam_borc\": \"800.00\",\n        \"kalan_gecikme_zammi\": \"0.00\"\n    },\n    {\n        \"id\": 25606,\n        \"borc_tutari\": \"800.00\",\n        \"gun_farki\": 0,\n        \"gecikme_zammi\": \"0.00\",\n        \"ceza_orani\": \"5.00\",\n        \"toplam_borc\": \"800.00\",\n        \"toplam_odenen\": null,\n        \"anapara_tahsilat\": null,\n        \"gecikme_zammi_odemesi\": null,\n        \"kalan_toplam_borc\": \"800.00\",\n        \"kalan_gecikme_zammi\": \"0.00\"\n    }\n]"}
[2025-10-31 22:25:23] [INFO] Borç kaydı işleniyor. {"borc_detay_id":25427,"kalan_dagitilacak_tutar":1600}
[2025-10-31 22:25:23] [INFO] işlenecek tutarlar hesaplanıyor. {"borc_detay_id":25427,"kalan_gecikme_zammi":0,"gecikmeye_odenebilecek":0}
[2025-10-31 22:25:23] [INFO] Anapara için tahsilat detayı oluşturuldu. {"borc_detay_id":25427,"odenen_anapara":800}
[2025-10-31 22:25:23] [INFO] Borç kaydı işleniyor. {"borc_detay_id":25606,"kalan_dagitilacak_tutar":800}
[2025-10-31 22:25:23] [INFO] işlenecek tutarlar hesaplanıyor. {"borc_detay_id":25606,"kalan_gecikme_zammi":0,"gecikmeye_odenebilecek":0}
[2025-10-31 22:25:23] [INFO] Anapara için tahsilat detayı oluşturuldu. {"borc_detay_id":25606,"odenen_anapara":800}
[2025-10-31 22:30:14] [INFO] Tahsilat ID 3997 için tahsilat detayları silindi:  
[2025-10-31 22:30:14] [INFO] Tahsilat (soft) silindi ve etkileri geri alındı {"tahsilat_id":"3997","silen_kullanici_id":147,"silinme_islemi":"{\"kredi_kullanim_silindi\":\"Yok\",\"kisi_kredi_silindi\":\"Yok\",\"kasa_hareket_silindi\":[{\"id\":9327,\"site_id\":0,\"kasa_id\":3,\"islem_tarihi\":\"2025-10-30 14:56:40\",\"islem_tipi\":\"gelir\",\"tahsilat_id\":3997,\"kisi_id\":33,\"tutar\":\"1600.00\",\"para_birimi\":\"TRY\",\"kategori\":\"TRY\",\"gelir_gider_tip_id\":0,\"aciklama\":\"MUSTAFA K\\u00d6SE*0010*MUSTAFA K\\u00d6SE b1 blok no 13 mustafa kose eylul ekim aidati uskup evl.*5459995768*FAST\",\"silinme_tarihi\":null,\"silen_kullanici\":null,\"kaynak_tablo\":\"tahsilat_onay\",\"kaynak_id\":8010,\"kayit_yapan\":147,\"created_at\":\"2025-10-31 22:25:23\",\"guncellenebilir\":null,\"updated_at\":\"2025-10-31 22:25:23\"}]}"}
[2025-10-31 22:30:32] [INFO] Tahsilat-Borç eşleştirme işlemi başlatıldı {"onay_id":"8010","gelen_tutar":1600,"kullanici_id":147}
[2025-10-31 22:30:32] [INFO] Ana tahsilat kaydı oluşturuldu ve kasaya eklendi. {"tahsilat_id":"3998","kasa_hareket_id":"ONnb6w29zClfrRD-ifL6FichFsZbyc7sNyXuOG6idm4%2A","tutar":1600}
[2025-10-31 22:30:32] [INFO] Borç detayları alındı. {"borc_detay_bilgisi":"[\n    {\n        \"id\": 25427,\n        \"borc_tutari\": \"800.00\",\n        \"gun_farki\": 31,\n        \"gecikme_zammi\": \"0.00\",\n        \"ceza_orani\": \"0.00\",\n        \"toplam_borc\": \"800.00\",\n        \"toplam_odenen\": null,\n        \"anapara_tahsilat\": null,\n        \"gecikme_zammi_odemesi\": null,\n        \"kalan_toplam_borc\": \"800.00\",\n        \"kalan_gecikme_zammi\": \"0.00\"\n    },\n    {\n        \"id\": 25606,\n        \"borc_tutari\": \"800.00\",\n        \"gun_farki\": 0,\n        \"gecikme_zammi\": \"0.00\",\n        \"ceza_orani\": \"5.00\",\n        \"toplam_borc\": \"800.00\",\n        \"toplam_odenen\": null,\n        \"anapara_tahsilat\": null,\n        \"gecikme_zammi_odemesi\": null,\n        \"kalan_toplam_borc\": \"800.00\",\n        \"kalan_gecikme_zammi\": \"0.00\"\n    }\n]"}
[2025-10-31 22:30:32] [INFO] Borç kaydı işleniyor. {"borc_detay_id":25427,"kalan_dagitilacak_tutar":1600}
[2025-10-31 22:30:32] [INFO] işlenecek tutarlar hesaplanıyor. {"borc_detay_id":25427,"kalan_gecikme_zammi":0,"gecikmeye_odenebilecek":0}
[2025-10-31 22:30:32] [INFO] Anapara için tahsilat detayı oluşturuldu. {"borc_detay_id":25427,"odenen_anapara":800}
[2025-10-31 22:30:32] [INFO] Borç kaydı işleniyor. {"borc_detay_id":25606,"kalan_dagitilacak_tutar":800}
[2025-10-31 22:30:32] [INFO] işlenecek tutarlar hesaplanıyor. {"borc_detay_id":25606,"kalan_gecikme_zammi":0,"gecikmeye_odenebilecek":0}
[2025-10-31 22:30:32] [INFO] Anapara için tahsilat detayı oluşturuldu. {"borc_detay_id":25606,"odenen_anapara":800}
