<<<<<<< HEAD
[2025-07-08 20:36:23] [WARNING] Yetkisiz erişim denemesi engellendi. {"user_id":147,"email":"ertanguness@gmail.com","ip":"::1","required_permission":"borc_listele","url":"\/index?p=dues\/collections\/list"}
[2025-07-08 20:44:44] [WARNING] Yetkisiz erişim denemesi engellendi. {"user_id":147,"email":"ertanguness@gmail.com","ip":"::1","required_permission":"borc_listele","url":"\/index?p=dues\/collections\/list"}
[2025-07-08 20:45:38] [WARNING] Yetkisiz erişim denemesi engellendi. {"user_id":147,"email":"ertanguness@gmail.com","ip":"::1","required_permission":"borc_listele","url":"\/index?p=dues\/collections\/list"}
[2025-07-08 20:46:38] [WARNING] Yetkisiz erişim denemesi engellendi. {"user_id":147,"email":"ertanguness@gmail.com","ip":"::1","required_permission":"borc_listele","url":"\/index?p=dues\/collections\/list"}
[2025-07-08 20:46:59] [WARNING] Yetkisiz erişim denemesi engellendi. {"user_id":147,"email":"ertanguness@gmail.com","ip":"::1","required_permission":"borc_listele","url":"\/index?p=dues\/collections\/list"}
[2025-07-08 20:47:09] [WARNING] Yetkisiz erişim denemesi engellendi. {"user_id":147,"email":"ertanguness@gmail.com","ip":"::1","required_permission":"borc_listele","url":"\/index?p=dues\/collections\/list"}
[2025-07-08 20:48:08] [WARNING] Yetkisiz erişim denemesi engellendi. {"user_id":147,"email":"ertanguness@gmail.com","ip":"::1","required_permission":"borc_listele","url":"\/index?p=dues\/collections\/list"}
[2025-07-08 20:48:25] [WARNING] Yetkisiz erişim denemesi engellendi. {"user_id":147,"email":"ertanguness@gmail.com","ip":"::1","required_permission":"borc_listele","url":"\/index?p=dues\/collections\/list"}
[2025-07-08 20:48:42] [WARNING] Yetkisiz erişim denemesi engellendi. {"user_id":147,"email":"ertanguness@gmail.com","ip":"::1","required_permission":"borc_listele","url":"\/index?p=dues\/collections\/list"}
[2025-07-08 20:49:39] [WARNING] Yetkisiz erişim denemesi engellendi. {"user_id":147,"email":"ertanguness@gmail.com","ip":"::1","required_permission":"borc_listele","url":"\/index?p=dues\/collections\/list"}
[2025-07-08 20:49:50] [WARNING] Yetkisiz erişim denemesi engellendi. {"user_id":147,"email":"ertanguness@gmail.com","ip":"::1","required_permission":"borc_listele","url":"\/index?p=dues\/collections\/list"}
[2025-07-08 20:50:08] [WARNING] Yetkisiz erişim denemesi engellendi. {"user_id":147,"email":"ertanguness@gmail.com","ip":"::1","required_permission":"borc_listele","url":"\/index?p=dues\/collections\/list"}
[2025-07-08 20:50:13] [WARNING] Yetkisiz erişim denemesi engellendi. {"user_id":147,"email":"ertanguness@gmail.com","ip":"::1","required_permission":"borc_listele","url":"\/index?p=dues\/collections\/list"}
=======
[2025-07-08 21:38:16] [ERROR] Kullanıcı oturum açmaya çalıştı, ancak oturum bilgisi bulunamadı. {"ip":"::1","requested_url":"\/index.php"}
[2025-07-08 21:38:22] [INFO] Kullanıcı başarıyla giriş yaptı. {"user_id":147,"email":"ertanguness@gmail.com","ip":"::1"}
[2025-07-08 21:45:18] [INFO] Kullanıcı oturumu kapattı. {"user_id":147,"ip":"::1"}
[2025-07-08 21:45:27] [INFO] Kullanıcı başarıyla giriş yaptı. {"user_id":147,"email":"ertanguness@gmail.com","ip":"::1"}
[2025-07-08 21:46:47] [INFO] Kullanıcı oturumu kapattı. {"user_id":147,"ip":"::1"}
[2025-07-08 21:46:54] [INFO] Kullanıcı başarıyla giriş yaptı. {"user_id":147,"email":"ertanguness@gmail.com","ip":"::1"}
[2025-07-08 21:46:59] [INFO] Kullanıcı oturumu kapattı. {"user_id":147,"ip":"::1"}
[2025-07-08 21:49:13] [INFO] Kullanıcı başarıyla giriş yaptı. {"user_id":147,"email":"ertanguness@gmail.com","ip":"::1"}
[2025-07-08 21:49:25] [INFO] Kullanıcı oturumu kapattı. {"user_id":147,"ip":"::1"}
[2025-07-08 21:49:35] [INFO] Kullanıcı başarıyla giriş yaptı. {"user_id":147,"email":"ertanguness@gmail.com","ip":"::1"}
>>>>>>> 27fddca3e7657d8e15e1cecba944e09dcc695c43
