[2025-10-10 21:39:29] [INFO] Tahsilat-Borç eşleştirme işlemi başlatıldı {"onay_id":"6343","gelen_tutar":800,"kullanici_id":147}
[2025-10-10 21:39:29] [INFO] Ana tahsilat kaydı oluşturuldu ve kasaya eklendi. {"tahsilat_id":"2285","kasa_hareket_id":"WVEvtPuPDsmTqpZC72x0ySICgOAL7E5gm2P0zIuRKIg%2A","tutar":800}
[2025-10-10 21:39:29] [INFO] Borç detayları alındı. {"borc_detay_bilgisi":"[\n    {\n        \"id\": 25610,\n        \"borc_tutari\": \"800.00\",\n        \"gun_farki\": -21,\n        \"gecikme_zammi\": \"-28.00\",\n        \"ceza_orani\": \"5.00\",\n        \"toplam_borc\": \"772.00\",\n        \"toplam_odenen\": null,\n        \"anapara_tahsilat\": null,\n        \"gecikme_zammi_odemesi\": null,\n        \"kalan_toplam_borc\": \"772.00\",\n        \"kalan_gecikme_zammi\": \"-28.00\"\n    }\n]"}
[2025-10-10 21:39:29] [INFO] Borç kaydı işleniyor. {"borc_detay_id":25610,"kalan_dagitilacak_tutar":800}
[2025-10-10 21:39:29] [INFO] işlenecek tutarlar hesaplanıyor. {"borc_detay_id":25610,"kalan_gecikme_zammi":-28,"gecikmeye_odenebilecek":-28}
[2025-10-10 21:39:29] [INFO] Anapara için tahsilat detayı oluşturuldu. {"borc_detay_id":25610,"odenen_anapara":772}
[2025-10-10 21:39:29] [INFO] Artan tutar krediye eklendi. {"kisi_id":"195","kredi_tutari":56}
[2025-10-10 21:44:17] [INFO] Tahsilat ID 2285 için ilişkili kredi kayıtları silindi. 
[2025-10-10 21:44:17] [INFO] Tahsilat ID 2285 için ilişkili kasa hareketleri silindi. 
[2025-10-10 21:44:17] [INFO] Tahsilat ID 2285 için ilişkili tahsilat detayları silindi. 
[2025-10-10 21:44:17] [INFO] Tahsilat ID 2285 kaydı ve ilişkili tüm veriler silindi. 
[2025-10-10 21:44:31] [INFO] Tahsilat-Borç eşleştirme işlemi başlatıldı {"onay_id":"6343","gelen_tutar":800,"kullanici_id":147}
[2025-10-10 21:44:31] [INFO] Ana tahsilat kaydı oluşturuldu ve kasaya eklendi. {"tahsilat_id":"2286","kasa_hareket_id":"qkU_iC2Pbhm-XRq-mTkk6RfiDu5qRSSP5-HNBoj1JHk%2A","tutar":800}
[2025-10-10 21:44:31] [INFO] Borç detayları alındı. {"borc_detay_bilgisi":"[\n    {\n        \"id\": 25610,\n        \"borc_tutari\": \"800.00\",\n        \"gun_farki\": 0,\n        \"gecikme_zammi\": \"0.00\",\n        \"ceza_orani\": \"5.00\",\n        \"toplam_borc\": \"800.00\",\n        \"toplam_odenen\": null,\n        \"anapara_tahsilat\": null,\n        \"gecikme_zammi_odemesi\": null,\n        \"kalan_toplam_borc\": \"800.00\",\n        \"kalan_gecikme_zammi\": \"0.00\"\n    }\n]"}
[2025-10-10 21:44:31] [INFO] Borç kaydı işleniyor. {"borc_detay_id":25610,"kalan_dagitilacak_tutar":800}
[2025-10-10 21:44:31] [INFO] işlenecek tutarlar hesaplanıyor. {"borc_detay_id":25610,"kalan_gecikme_zammi":0,"gecikmeye_odenebilecek":0}
[2025-10-10 21:44:31] [INFO] Anapara için tahsilat detayı oluşturuldu. {"borc_detay_id":25610,"odenen_anapara":800}
[2025-10-10 21:57:02] [INFO] Gecikme zammı ödemesi: 0.00 TL, kalan ödenecek tutar: 600 TL 
[2025-10-10 21:57:02] [INFO] Gecikme zammı ödemesi: 0.00 TL, kalan ödenecek tutar: 200 TL 
[2025-10-10 21:57:40] [INFO] Tahsilat-Borç eşleştirme işlemi başlatıldı {"onay_id":"7210","gelen_tutar":400,"kullanici_id":147}
[2025-10-10 21:57:40] [INFO] Ana tahsilat kaydı oluşturuldu ve kasaya eklendi. {"tahsilat_id":"2288","kasa_hareket_id":"InPT_kmEKUo4rLKVQzUnYnMkdm7dbpRhwCrZqQkQOsE%2A","tutar":400}
[2025-10-10 21:57:40] [INFO] Borç detayları alındı. {"borc_detay_bilgisi":"[\n    {\n        \"id\": 23096,\n        \"borc_tutari\": \"400.00\",\n        \"gun_farki\": 224,\n        \"gecikme_zammi\": \"0.00\",\n        \"ceza_orani\": \"0.00\",\n        \"toplam_borc\": \"400.00\",\n        \"toplam_odenen\": \"200.00\",\n        \"anapara_tahsilat\": \"200.00\",\n        \"gecikme_zammi_odemesi\": null,\n        \"kalan_toplam_borc\": \"200.00\",\n        \"kalan_gecikme_zammi\": \"0.00\"\n    }\n]"}
[2025-10-10 21:57:40] [INFO] Borç kaydı işleniyor. {"borc_detay_id":23096,"kalan_dagitilacak_tutar":400}
[2025-10-10 21:57:40] [INFO] işlenecek tutarlar hesaplanıyor. {"borc_detay_id":23096,"kalan_gecikme_zammi":0,"gecikmeye_odenebilecek":0}
[2025-10-10 21:57:40] [INFO] Anapara için tahsilat detayı oluşturuldu. {"borc_detay_id":23096,"odenen_anapara":200}
[2025-10-10 21:57:40] [INFO] Artan tutar krediye eklendi. {"kisi_id":"39","kredi_tutari":200}
[2025-10-10 21:57:45] [INFO] Tahsilat-Borç eşleştirme işlemi başlatıldı {"onay_id":"7114","gelen_tutar":400,"kullanici_id":147}
[2025-10-10 21:57:45] [INFO] Ana tahsilat kaydı oluşturuldu ve kasaya eklendi. {"tahsilat_id":"2289","kasa_hareket_id":"TZkIMGvS5i5sDK2M63UyHPPVheD2NN-6Ifoq6ZmEtiM%2A","tutar":400}
[2025-10-10 21:57:45] [INFO] Borç detayları alındı. {"borc_detay_bilgisi":"[\n    {\n        \"id\": 23820,\n        \"borc_tutari\": \"400.00\",\n        \"gun_farki\": 193,\n        \"gecikme_zammi\": \"0.00\",\n        \"ceza_orani\": \"0.00\",\n        \"toplam_borc\": \"400.00\",\n        \"toplam_odenen\": null,\n        \"anapara_tahsilat\": null,\n        \"gecikme_zammi_odemesi\": null,\n        \"kalan_toplam_borc\": \"400.00\",\n        \"kalan_gecikme_zammi\": \"0.00\"\n    }\n]"}
[2025-10-10 21:57:45] [INFO] Borç kaydı işleniyor. {"borc_detay_id":23820,"kalan_dagitilacak_tutar":400}
[2025-10-10 21:57:45] [INFO] işlenecek tutarlar hesaplanıyor. {"borc_detay_id":23820,"kalan_gecikme_zammi":0,"gecikmeye_odenebilecek":0}
[2025-10-10 21:57:45] [INFO] Anapara için tahsilat detayı oluşturuldu. {"borc_detay_id":23820,"odenen_anapara":400}
[2025-10-10 21:57:52] [INFO] Tahsilat-Borç eşleştirme işlemi başlatıldı {"onay_id":"6973","gelen_tutar":1000,"kullanici_id":147}
[2025-10-10 21:57:52] [INFO] Ana tahsilat kaydı oluşturuldu ve kasaya eklendi. {"tahsilat_id":"2290","kasa_hareket_id":"RiM59bXqoINRefKxR_tVAKOAI2ntlcQZlIGoKlvZP8I%2A","tutar":1000}
[2025-10-10 21:57:52] [INFO] Borç detayları alındı. {"borc_detay_bilgisi":"[\n    {\n        \"id\": 23999,\n        \"borc_tutari\": \"400.00\",\n        \"gun_farki\": 163,\n        \"gecikme_zammi\": \"0.00\",\n        \"ceza_orani\": \"0.00\",\n        \"toplam_borc\": \"400.00\",\n        \"toplam_odenen\": null,\n        \"anapara_tahsilat\": null,\n        \"gecikme_zammi_odemesi\": null,\n        \"kalan_toplam_borc\": \"400.00\",\n        \"kalan_gecikme_zammi\": \"0.00\"\n    },\n    {\n        \"id\": 24357,\n        \"borc_tutari\": \"600.00\",\n        \"gun_farki\": 163,\n        \"gecikme_zammi\": \"0.00\",\n        \"ceza_orani\": \"0.00\",\n        \"toplam_borc\": \"600.00\",\n        \"toplam_odenen\": null,\n        \"anapara_tahsilat\": null,\n        \"gecikme_zammi_odemesi\": null,\n        \"kalan_toplam_borc\": \"600.00\",\n        \"kalan_gecikme_zammi\": \"0.00\"\n    }\n]"}
[2025-10-10 21:57:52] [INFO] Borç kaydı işleniyor. {"borc_detay_id":23999,"kalan_dagitilacak_tutar":1000}
[2025-10-10 21:57:52] [INFO] işlenecek tutarlar hesaplanıyor. {"borc_detay_id":23999,"kalan_gecikme_zammi":0,"gecikmeye_odenebilecek":0}
[2025-10-10 21:57:52] [INFO] Anapara için tahsilat detayı oluşturuldu. {"borc_detay_id":23999,"odenen_anapara":400}
[2025-10-10 21:57:52] [INFO] Borç kaydı işleniyor. {"borc_detay_id":24357,"kalan_dagitilacak_tutar":600}
[2025-10-10 21:57:52] [INFO] işlenecek tutarlar hesaplanıyor. {"borc_detay_id":24357,"kalan_gecikme_zammi":0,"gecikmeye_odenebilecek":0}
[2025-10-10 21:57:52] [INFO] Anapara için tahsilat detayı oluşturuldu. {"borc_detay_id":24357,"odenen_anapara":600}
[2025-10-10 21:57:59] [INFO] Tahsilat-Borç eşleştirme işlemi başlatıldı {"onay_id":"6838","gelen_tutar":2060,"kullanici_id":147}
[2025-10-10 21:57:59] [INFO] Ana tahsilat kaydı oluşturuldu ve kasaya eklendi. {"tahsilat_id":"2291","kasa_hareket_id":"vH98guSJow132MTSpVmamUCAOHb-k_O9_xVP6e_Qvo4%2A","tutar":2060}
[2025-10-10 21:57:59] [INFO] Borç detayları alındı. {"borc_detay_bilgisi":"[\n    {\n        \"id\": 24537,\n        \"borc_tutari\": \"600.00\",\n        \"gun_farki\": 132,\n        \"gecikme_zammi\": \"0.00\",\n        \"ceza_orani\": \"0.00\",\n        \"toplam_borc\": \"600.00\",\n        \"toplam_odenen\": null,\n        \"anapara_tahsilat\": null,\n        \"gecikme_zammi_odemesi\": null,\n        \"kalan_toplam_borc\": \"600.00\",\n        \"kalan_gecikme_zammi\": \"0.00\"\n    },\n    {\n        \"id\": 24717,\n        \"borc_tutari\": \"400.00\",\n        \"gun_farki\": 132,\n        \"gecikme_zammi\": \"0.00\",\n        \"ceza_orani\": \"0.00\",\n        \"toplam_borc\": \"400.00\",\n        \"toplam_odenen\": null,\n        \"anapara_tahsilat\": null,\n        \"gecikme_zammi_odemesi\": null,\n        \"kalan_toplam_borc\": \"400.00\",\n        \"kalan_gecikme_zammi\": \"0.00\"\n    },\n    {\n        \"id\": 25970,\n        \"borc_tutari\": \"1060.00\",\n        \"gun_farki\": 102,\n        \"gecikme_zammi\": \"0.00\",\n        \"ceza_orani\": \"0.00\",\n        \"toplam_borc\": \"1060.00\",\n        \"toplam_odenen\": null,\n        \"anapara_tahsilat\": null,\n        \"gecikme_zammi_odemesi\": null,\n        \"kalan_toplam_borc\": \"1060.00\",\n        \"kalan_gecikme_zammi\": \"0.00\"\n    }\n]"}
[2025-10-10 21:57:59] [INFO] Borç kaydı işleniyor. {"borc_detay_id":24537,"kalan_dagitilacak_tutar":2060}
[2025-10-10 21:57:59] [INFO] işlenecek tutarlar hesaplanıyor. {"borc_detay_id":24537,"kalan_gecikme_zammi":0,"gecikmeye_odenebilecek":0}
[2025-10-10 21:57:59] [INFO] Anapara için tahsilat detayı oluşturuldu. {"borc_detay_id":24537,"odenen_anapara":600}
[2025-10-10 21:57:59] [INFO] Borç kaydı işleniyor. {"borc_detay_id":24717,"kalan_dagitilacak_tutar":1460}
[2025-10-10 21:57:59] [INFO] işlenecek tutarlar hesaplanıyor. {"borc_detay_id":24717,"kalan_gecikme_zammi":0,"gecikmeye_odenebilecek":0}
[2025-10-10 21:57:59] [INFO] Anapara için tahsilat detayı oluşturuldu. {"borc_detay_id":24717,"odenen_anapara":400}
[2025-10-10 21:57:59] [INFO] Borç kaydı işleniyor. {"borc_detay_id":25970,"kalan_dagitilacak_tutar":1060}
[2025-10-10 21:57:59] [INFO] işlenecek tutarlar hesaplanıyor. {"borc_detay_id":25970,"kalan_gecikme_zammi":0,"gecikmeye_odenebilecek":0}
[2025-10-10 21:57:59] [INFO] Anapara için tahsilat detayı oluşturuldu. {"borc_detay_id":25970,"odenen_anapara":1060}
[2025-10-10 21:59:00] [INFO] Tahsilat-Borç eşleştirme işlemi başlatıldı {"onay_id":"6695","gelen_tutar":148.29,"kullanici_id":147}
[2025-10-10 21:59:00] [INFO] Ana tahsilat kaydı oluşturuldu ve kasaya eklendi. {"tahsilat_id":"2293","kasa_hareket_id":"cLjz30Ms2mYVFy_vcwquxlGtmrBdT0EfLM3GIXVkZi4%2A","tutar":148.29}
[2025-10-10 21:59:00] [INFO] Artan tutar krediye eklendi. {"kisi_id":"39","kredi_tutari":148.29}
[2025-10-10 21:59:07] [INFO] Tahsilat-Borç eşleştirme işlemi başlatıldı {"onay_id":"6597","gelen_tutar":800,"kullanici_id":147}
[2025-10-10 21:59:07] [INFO] Ana tahsilat kaydı oluşturuldu ve kasaya eklendi. {"tahsilat_id":"2294","kasa_hareket_id":"y1syamMTDLZHTmlIDJhskBqBBm9TmqWzPJxJe0lalNc%2A","tutar":800}
[2025-10-10 21:59:07] [INFO] Borç detayları alındı. {"borc_detay_bilgisi":"[\n    {\n        \"id\": 25075,\n        \"borc_tutari\": \"800.00\",\n        \"gun_farki\": 71,\n        \"gecikme_zammi\": \"0.00\",\n        \"ceza_orani\": \"0.00\",\n        \"toplam_borc\": \"800.00\",\n        \"toplam_odenen\": null,\n        \"anapara_tahsilat\": null,\n        \"gecikme_zammi_odemesi\": null,\n        \"kalan_toplam_borc\": \"800.00\",\n        \"kalan_gecikme_zammi\": \"0.00\"\n    }\n]"}
[2025-10-10 21:59:07] [INFO] Borç kaydı işleniyor. {"borc_detay_id":25075,"kalan_dagitilacak_tutar":800}
[2025-10-10 21:59:07] [INFO] işlenecek tutarlar hesaplanıyor. {"borc_detay_id":25075,"kalan_gecikme_zammi":0,"gecikmeye_odenebilecek":0}
[2025-10-10 21:59:07] [INFO] Anapara için tahsilat detayı oluşturuldu. {"borc_detay_id":25075,"odenen_anapara":800}
[2025-10-10 21:59:12] [INFO] Tahsilat-Borç eşleştirme işlemi başlatıldı {"onay_id":"6483","gelen_tutar":800,"kullanici_id":147}
[2025-10-10 21:59:12] [INFO] Ana tahsilat kaydı oluşturuldu ve kasaya eklendi. {"tahsilat_id":"2295","kasa_hareket_id":"4vMEg1EJVXAPqc2RjIqbLJJF4LsYbNSa-xPou9SCwlo%2A","tutar":800}
[2025-10-10 21:59:12] [INFO] Borç detayları alındı. {"borc_detay_bilgisi":"[\n    {\n        \"id\": 25254,\n        \"borc_tutari\": \"800.00\",\n        \"gun_farki\": 40,\n        \"gecikme_zammi\": \"0.00\",\n        \"ceza_orani\": \"0.00\",\n        \"toplam_borc\": \"800.00\",\n        \"toplam_odenen\": null,\n        \"anapara_tahsilat\": null,\n        \"gecikme_zammi_odemesi\": null,\n        \"kalan_toplam_borc\": \"800.00\",\n        \"kalan_gecikme_zammi\": \"0.00\"\n    }\n]"}
[2025-10-10 21:59:12] [INFO] Borç kaydı işleniyor. {"borc_detay_id":25254,"kalan_dagitilacak_tutar":800}
[2025-10-10 21:59:12] [INFO] işlenecek tutarlar hesaplanıyor. {"borc_detay_id":25254,"kalan_gecikme_zammi":0,"gecikmeye_odenebilecek":0}
[2025-10-10 21:59:12] [INFO] Anapara için tahsilat detayı oluşturuldu. {"borc_detay_id":25254,"odenen_anapara":800}
[2025-10-10 21:59:15] [INFO] Tahsilat-Borç eşleştirme işlemi başlatıldı {"onay_id":"6391","gelen_tutar":800,"kullanici_id":147}
[2025-10-10 21:59:15] [INFO] Ana tahsilat kaydı oluşturuldu ve kasaya eklendi. {"tahsilat_id":"2296","kasa_hareket_id":"Tk7SSV7otYGgX2aT_ApqvTk1kqPD3fF65BZKYf4rY7E%2A","tutar":800}
[2025-10-10 21:59:15] [INFO] Borç detayları alındı. {"borc_detay_bilgisi":"[\n    {\n        \"id\": 25433,\n        \"borc_tutari\": \"800.00\",\n        \"gun_farki\": 10,\n        \"gecikme_zammi\": \"0.00\",\n        \"ceza_orani\": \"0.00\",\n        \"toplam_borc\": \"800.00\",\n        \"toplam_odenen\": null,\n        \"anapara_tahsilat\": null,\n        \"gecikme_zammi_odemesi\": null,\n        \"kalan_toplam_borc\": \"800.00\",\n        \"kalan_gecikme_zammi\": \"0.00\"\n    }\n]"}
[2025-10-10 21:59:15] [INFO] Borç kaydı işleniyor. {"borc_detay_id":25433,"kalan_dagitilacak_tutar":800}
[2025-10-10 21:59:15] [INFO] işlenecek tutarlar hesaplanıyor. {"borc_detay_id":25433,"kalan_gecikme_zammi":0,"gecikmeye_odenebilecek":0}
[2025-10-10 21:59:15] [INFO] Anapara için tahsilat detayı oluşturuldu. {"borc_detay_id":25433,"odenen_anapara":800}
[2025-10-10 22:00:02] [INFO] Kredi ID 136 için kullanım güncellendi: Kullanıldı mı: 1, Kullanılan Tutar: 200 TL 
[2025-10-10 22:00:02] [INFO] Kredi ID 137 için kullanım güncellendi: Kullanıldı mı: 1, Kullanılan Tutar: 51.71 TL 
[2025-10-10 22:00:02] [INFO] Kredi ID 138 için kullanım güncellendi: Kullanıldı mı: 1, Kullanılan Tutar: 148.29 TL 
[2025-10-10 22:00:02] [INFO] Gecikme zammı ödemesi: 0.00 TL, kalan ödenecek tutar: 400 TL 
[2025-10-10 22:01:35] [INFO] Gecikme zammı ödemesi: 0.00 TL, kalan ödenecek tutar: 600.30 TL 
[2025-10-10 22:05:52] [INFO] Tahsilat eşleşmeyen havuzuna gönderme işlemi başlatıldı {"onay_id":"7097","kullanici_id":147}
[2025-10-10 22:05:52] [INFO] Onay kaydı ve işlenen tutar doğrulandı. {"onay_id":"7097","islenen_tutar":0}
[2025-10-10 22:05:52] [INFO] Tahsilat havuzu kaydı oluşturuldu. {"tahsilat_havuzu_id":"6582"}
[2025-10-10 22:05:52] [INFO] Tahsilat onay kaydı güncellendi. {"onay_id":"7097","onay_durumu":1}
[2025-10-10 22:05:58] [INFO] Tahsilat eşleşmeyen havuzuna gönderme işlemi başlatıldı {"onay_id":"6966","kullanici_id":147}
[2025-10-10 22:05:58] [INFO] Onay kaydı ve işlenen tutar doğrulandı. {"onay_id":"6966","islenen_tutar":0}
[2025-10-10 22:05:58] [INFO] Tahsilat havuzu kaydı oluşturuldu. {"tahsilat_havuzu_id":"6583"}
[2025-10-10 22:05:58] [INFO] Tahsilat onay kaydı güncellendi. {"onay_id":"6966","onay_durumu":1}
[2025-10-10 22:06:04] [INFO] Tahsilat eşleşmeyen havuzuna gönderme işlemi başlatıldı {"onay_id":"6822","kullanici_id":147}
[2025-10-10 22:06:04] [INFO] Onay kaydı ve işlenen tutar doğrulandı. {"onay_id":"6822","islenen_tutar":0}
[2025-10-10 22:06:04] [INFO] Tahsilat havuzu kaydı oluşturuldu. {"tahsilat_havuzu_id":"6584"}
[2025-10-10 22:06:04] [INFO] Tahsilat onay kaydı güncellendi. {"onay_id":"6822","onay_durumu":1}
[2025-10-10 22:06:07] [INFO] Tahsilat eşleşmeyen havuzuna gönderme işlemi başlatıldı {"onay_id":"6603","kullanici_id":147}
[2025-10-10 22:06:07] [INFO] Onay kaydı ve işlenen tutar doğrulandı. {"onay_id":"6603","islenen_tutar":0}
[2025-10-10 22:06:07] [INFO] Tahsilat havuzu kaydı oluşturuldu. {"tahsilat_havuzu_id":"6585"}
[2025-10-10 22:06:07] [INFO] Tahsilat onay kaydı güncellendi. {"onay_id":"6603","onay_durumu":1}
[2025-10-10 22:06:13] [INFO] Tahsilat eşleşmeyen havuzuna gönderme işlemi başlatıldı {"onay_id":"6685","kullanici_id":147}
[2025-10-10 22:06:13] [INFO] Onay kaydı ve işlenen tutar doğrulandı. {"onay_id":"6685","islenen_tutar":0}
[2025-10-10 22:06:13] [INFO] Tahsilat havuzu kaydı oluşturuldu. {"tahsilat_havuzu_id":"6586"}
[2025-10-10 22:06:13] [INFO] Tahsilat onay kaydı güncellendi. {"onay_id":"6685","onay_durumu":1}
[2025-10-10 22:06:16] [INFO] Tahsilat eşleşmeyen havuzuna gönderme işlemi başlatıldı {"onay_id":"6382","kullanici_id":147}
[2025-10-10 22:06:16] [INFO] Onay kaydı ve işlenen tutar doğrulandı. {"onay_id":"6382","islenen_tutar":0}
[2025-10-10 22:06:16] [INFO] Tahsilat havuzu kaydı oluşturuldu. {"tahsilat_havuzu_id":"6587"}
[2025-10-10 22:06:16] [INFO] Tahsilat onay kaydı güncellendi. {"onay_id":"6382","onay_durumu":1}
[2025-10-10 22:06:18] [INFO] Tahsilat eşleşmeyen havuzuna gönderme işlemi başlatıldı {"onay_id":"6476","kullanici_id":147}
[2025-10-10 22:06:18] [INFO] Onay kaydı ve işlenen tutar doğrulandı. {"onay_id":"6476","islenen_tutar":0}
[2025-10-10 22:06:18] [INFO] Tahsilat havuzu kaydı oluşturuldu. {"tahsilat_havuzu_id":"6588"}
[2025-10-10 22:06:18] [INFO] Tahsilat onay kaydı güncellendi. {"onay_id":"6476","onay_durumu":1}
[2025-10-10 22:06:20] [INFO] Tahsilat eşleşmeyen havuzuna gönderme işlemi başlatıldı {"onay_id":"7204","kullanici_id":147}
[2025-10-10 22:06:20] [INFO] Onay kaydı ve işlenen tutar doğrulandı. {"onay_id":"7204","islenen_tutar":0}
[2025-10-10 22:06:20] [INFO] Tahsilat havuzu kaydı oluşturuldu. {"tahsilat_havuzu_id":"6589"}
[2025-10-10 22:06:20] [INFO] Tahsilat onay kaydı güncellendi. {"onay_id":"7204","onay_durumu":1}
[2025-10-10 22:11:01] [INFO] Tahsilat-Borç eşleştirme işlemi başlatıldı {"onay_id":"7419","gelen_tutar":400,"kullanici_id":147}
[2025-10-10 22:11:01] [INFO] Ana tahsilat kaydı oluşturuldu ve kasaya eklendi. {"tahsilat_id":"2299","kasa_hareket_id":"d3wsxBJaet6apHxfb-08iiDW1CcAeGONFqVeEXmwMxw%2A","tutar":400}
[2025-10-10 22:11:01] [INFO] Borç detayları alındı. {"borc_detay_bilgisi":"[\n    {\n        \"id\": 23097,\n        \"borc_tutari\": \"400.00\",\n        \"gun_farki\": 224,\n        \"gecikme_zammi\": \"0.00\",\n        \"ceza_orani\": \"0.00\",\n        \"toplam_borc\": \"400.00\",\n        \"toplam_odenen\": null,\n        \"anapara_tahsilat\": null,\n        \"gecikme_zammi_odemesi\": null,\n        \"kalan_toplam_borc\": \"400.00\",\n        \"kalan_gecikme_zammi\": \"0.00\"\n    }\n]"}
[2025-10-10 22:11:01] [INFO] Borç kaydı işleniyor. {"borc_detay_id":23097,"kalan_dagitilacak_tutar":400}
[2025-10-10 22:11:01] [INFO] işlenecek tutarlar hesaplanıyor. {"borc_detay_id":23097,"kalan_gecikme_zammi":0,"gecikmeye_odenebilecek":0}
[2025-10-10 22:11:01] [INFO] Anapara için tahsilat detayı oluşturuldu. {"borc_detay_id":23097,"odenen_anapara":400}
[2025-10-10 22:11:07] [INFO] Tahsilat-Borç eşleştirme işlemi başlatıldı {"onay_id":"7420","gelen_tutar":400,"kullanici_id":147}
[2025-10-10 22:11:07] [INFO] Ana tahsilat kaydı oluşturuldu ve kasaya eklendi. {"tahsilat_id":"2300","kasa_hareket_id":"a_qXFiw92ywtu-1KX12ecxB4wdptvzLHl3JltSpYEmk%2A","tutar":400}
[2025-10-10 22:11:07] [INFO] Borç detayları alındı. {"borc_detay_bilgisi":"[\n    {\n        \"id\": 23821,\n        \"borc_tutari\": \"400.00\",\n        \"gun_farki\": 193,\n        \"gecikme_zammi\": \"0.00\",\n        \"ceza_orani\": \"0.00\",\n        \"toplam_borc\": \"400.00\",\n        \"toplam_odenen\": null,\n        \"anapara_tahsilat\": null,\n        \"gecikme_zammi_odemesi\": null,\n        \"kalan_toplam_borc\": \"400.00\",\n        \"kalan_gecikme_zammi\": \"0.00\"\n    }\n]"}
[2025-10-10 22:11:07] [INFO] Borç kaydı işleniyor. {"borc_detay_id":23821,"kalan_dagitilacak_tutar":400}
[2025-10-10 22:11:07] [INFO] işlenecek tutarlar hesaplanıyor. {"borc_detay_id":23821,"kalan_gecikme_zammi":0,"gecikmeye_odenebilecek":0}
[2025-10-10 22:11:07] [INFO] Anapara için tahsilat detayı oluşturuldu. {"borc_detay_id":23821,"odenen_anapara":400}
[2025-10-10 22:11:12] [INFO] Tahsilat-Borç eşleştirme işlemi başlatıldı {"onay_id":"7421","gelen_tutar":400,"kullanici_id":147}
[2025-10-10 22:11:12] [INFO] Ana tahsilat kaydı oluşturuldu ve kasaya eklendi. {"tahsilat_id":"2301","kasa_hareket_id":"c4ZLqELp3iUBpS9MrdUojXhdFnd_FUuOznXOgW37sNE%2A","tutar":400}
[2025-10-10 22:11:12] [INFO] Borç detayları alındı. {"borc_detay_bilgisi":"[\n    {\n        \"id\": 24000,\n        \"borc_tutari\": \"400.00\",\n        \"gun_farki\": 163,\n        \"gecikme_zammi\": \"0.00\",\n        \"ceza_orani\": \"0.00\",\n        \"toplam_borc\": \"400.00\",\n        \"toplam_odenen\": null,\n        \"anapara_tahsilat\": null,\n        \"gecikme_zammi_odemesi\": null,\n        \"kalan_toplam_borc\": \"400.00\",\n        \"kalan_gecikme_zammi\": \"0.00\"\n    }\n]"}
[2025-10-10 22:11:12] [INFO] Borç kaydı işleniyor. {"borc_detay_id":24000,"kalan_dagitilacak_tutar":400}
[2025-10-10 22:11:12] [INFO] işlenecek tutarlar hesaplanıyor. {"borc_detay_id":24000,"kalan_gecikme_zammi":0,"gecikmeye_odenebilecek":0}
[2025-10-10 22:11:12] [INFO] Anapara için tahsilat detayı oluşturuldu. {"borc_detay_id":24000,"odenen_anapara":400}
[2025-10-10 22:11:18] [INFO] Tahsilat-Borç eşleştirme işlemi başlatıldı {"onay_id":"7422","gelen_tutar":400,"kullanici_id":147}
[2025-10-10 22:11:18] [INFO] Ana tahsilat kaydı oluşturuldu ve kasaya eklendi. {"tahsilat_id":"2302","kasa_hareket_id":"rqs0_ZPH7Z3vmf_z_AKJFydmzyPmqdt6w5wNLRqAEuY%2A","tutar":400}
[2025-10-10 22:11:18] [INFO] Borç detayları alındı. {"borc_detay_bilgisi":"[\n    {\n        \"id\": 24718,\n        \"borc_tutari\": \"400.00\",\n        \"gun_farki\": 132,\n        \"gecikme_zammi\": \"0.00\",\n        \"ceza_orani\": \"0.00\",\n        \"toplam_borc\": \"400.00\",\n        \"toplam_odenen\": null,\n        \"anapara_tahsilat\": null,\n        \"gecikme_zammi_odemesi\": null,\n        \"kalan_toplam_borc\": \"400.00\",\n        \"kalan_gecikme_zammi\": \"0.00\"\n    }\n]"}
[2025-10-10 22:11:18] [INFO] Borç kaydı işleniyor. {"borc_detay_id":24718,"kalan_dagitilacak_tutar":400}
[2025-10-10 22:11:18] [INFO] işlenecek tutarlar hesaplanıyor. {"borc_detay_id":24718,"kalan_gecikme_zammi":0,"gecikmeye_odenebilecek":0}
[2025-10-10 22:11:18] [INFO] Anapara için tahsilat detayı oluşturuldu. {"borc_detay_id":24718,"odenen_anapara":400}
[2025-10-10 22:11:21] [INFO] Tahsilat-Borç eşleştirme işlemi başlatıldı {"onay_id":"7423","gelen_tutar":400,"kullanici_id":147}
[2025-10-10 22:11:21] [INFO] Ana tahsilat kaydı oluşturuldu ve kasaya eklendi. {"tahsilat_id":"2303","kasa_hareket_id":"DQNr7bZudgjH-yEXtZ7IWeO6bU3E4Vl8nM2FKIwwQsA%2A","tutar":400}
[2025-10-10 22:11:21] [INFO] Borç detayları alındı. {"borc_detay_bilgisi":"[\n    {\n        \"id\": 24897,\n        \"borc_tutari\": \"400.00\",\n        \"gun_farki\": 102,\n        \"gecikme_zammi\": \"0.00\",\n        \"ceza_orani\": \"0.00\",\n        \"toplam_borc\": \"400.00\",\n        \"toplam_odenen\": null,\n        \"anapara_tahsilat\": null,\n        \"gecikme_zammi_odemesi\": null,\n        \"kalan_toplam_borc\": \"400.00\",\n        \"kalan_gecikme_zammi\": \"0.00\"\n    }\n]"}
[2025-10-10 22:11:21] [INFO] Borç kaydı işleniyor. {"borc_detay_id":24897,"kalan_dagitilacak_tutar":400}
[2025-10-10 22:11:21] [INFO] işlenecek tutarlar hesaplanıyor. {"borc_detay_id":24897,"kalan_gecikme_zammi":0,"gecikmeye_odenebilecek":0}
[2025-10-10 22:11:21] [INFO] Anapara için tahsilat detayı oluşturuldu. {"borc_detay_id":24897,"odenen_anapara":400}
[2025-10-10 22:11:27] [INFO] Tahsilat-Borç eşleştirme işlemi başlatıldı {"onay_id":"7424","gelen_tutar":800,"kullanici_id":147}
[2025-10-10 22:11:27] [INFO] Ana tahsilat kaydı oluşturuldu ve kasaya eklendi. {"tahsilat_id":"2304","kasa_hareket_id":"6GAla7EVbb0SgVcctJMMc2p6LimWoE7v1uhD5B4rZNI%2A","tutar":800}
[2025-10-10 22:11:27] [INFO] Borç detayları alındı. {"borc_detay_bilgisi":"[\n    {\n        \"id\": 25076,\n        \"borc_tutari\": \"800.00\",\n        \"gun_farki\": 71,\n        \"gecikme_zammi\": \"0.00\",\n        \"ceza_orani\": \"0.00\",\n        \"toplam_borc\": \"800.00\",\n        \"toplam_odenen\": null,\n        \"anapara_tahsilat\": null,\n        \"gecikme_zammi_odemesi\": null,\n        \"kalan_toplam_borc\": \"800.00\",\n        \"kalan_gecikme_zammi\": \"0.00\"\n    }\n]"}
[2025-10-10 22:11:27] [INFO] Borç kaydı işleniyor. {"borc_detay_id":25076,"kalan_dagitilacak_tutar":800}
[2025-10-10 22:11:27] [INFO] işlenecek tutarlar hesaplanıyor. {"borc_detay_id":25076,"kalan_gecikme_zammi":0,"gecikmeye_odenebilecek":0}
[2025-10-10 22:11:27] [INFO] Anapara için tahsilat detayı oluşturuldu. {"borc_detay_id":25076,"odenen_anapara":800}
[2025-10-10 22:11:31] [INFO] Tahsilat-Borç eşleştirme işlemi başlatıldı {"onay_id":"7425","gelen_tutar":800,"kullanici_id":147}
[2025-10-10 22:11:31] [INFO] Ana tahsilat kaydı oluşturuldu ve kasaya eklendi. {"tahsilat_id":"2305","kasa_hareket_id":"x5c_clSK2YnwA57-f-xrodlFuI2GITMisFcFxsusm_g%2A","tutar":800}
[2025-10-10 22:11:31] [INFO] Borç detayları alındı. {"borc_detay_bilgisi":"[\n    {\n        \"id\": 25255,\n        \"borc_tutari\": \"800.00\",\n        \"gun_farki\": 40,\n        \"gecikme_zammi\": \"0.00\",\n        \"ceza_orani\": \"0.00\",\n        \"toplam_borc\": \"800.00\",\n        \"toplam_odenen\": null,\n        \"anapara_tahsilat\": null,\n        \"gecikme_zammi_odemesi\": null,\n        \"kalan_toplam_borc\": \"800.00\",\n        \"kalan_gecikme_zammi\": \"0.00\"\n    }\n]"}
[2025-10-10 22:11:31] [INFO] Borç kaydı işleniyor. {"borc_detay_id":25255,"kalan_dagitilacak_tutar":800}
[2025-10-10 22:11:31] [INFO] işlenecek tutarlar hesaplanıyor. {"borc_detay_id":25255,"kalan_gecikme_zammi":0,"gecikmeye_odenebilecek":0}
[2025-10-10 22:11:31] [INFO] Anapara için tahsilat detayı oluşturuldu. {"borc_detay_id":25255,"odenen_anapara":800}
[2025-10-10 22:11:47] [INFO] Tahsilat eşleşmeyen havuzuna gönderme işlemi başlatıldı {"onay_id":"7426","kullanici_id":147}
[2025-10-10 22:11:47] [INFO] Onay kaydı ve işlenen tutar doğrulandı. {"onay_id":"7426","islenen_tutar":0}
[2025-10-10 22:11:47] [INFO] Tahsilat havuzu kaydı oluşturuldu. {"tahsilat_havuzu_id":"6590"}
[2025-10-10 22:11:47] [INFO] Tahsilat onay kaydı güncellendi. {"onay_id":"7426","onay_durumu":1}
[2025-10-10 22:11:53] [INFO] Tahsilat-Borç eşleştirme işlemi başlatıldı {"onay_id":"7418","gelen_tutar":800,"kullanici_id":147}
[2025-10-10 22:11:53] [INFO] Ana tahsilat kaydı oluşturuldu ve kasaya eklendi. {"tahsilat_id":"2306","kasa_hareket_id":"lV2sRlN0fB06HmLyBo_WPf5emXA9_n8x_1N6GRziCVI%2A","tutar":800}
[2025-10-10 22:11:53] [INFO] Borç detayları alındı. {"borc_detay_bilgisi":"[\n    {\n        \"id\": 25434,\n        \"borc_tutari\": \"800.00\",\n        \"gun_farki\": 10,\n        \"gecikme_zammi\": \"0.00\",\n        \"ceza_orani\": \"0.00\",\n        \"toplam_borc\": \"800.00\",\n        \"toplam_odenen\": null,\n        \"anapara_tahsilat\": null,\n        \"gecikme_zammi_odemesi\": null,\n        \"kalan_toplam_borc\": \"800.00\",\n        \"kalan_gecikme_zammi\": \"0.00\"\n    }\n]"}
[2025-10-10 22:11:53] [INFO] Borç kaydı işleniyor. {"borc_detay_id":25434,"kalan_dagitilacak_tutar":800}
[2025-10-10 22:11:53] [INFO] işlenecek tutarlar hesaplanıyor. {"borc_detay_id":25434,"kalan_gecikme_zammi":0,"gecikmeye_odenebilecek":0}
[2025-10-10 22:11:53] [INFO] Anapara için tahsilat detayı oluşturuldu. {"borc_detay_id":25434,"odenen_anapara":800}
[2025-10-10 22:24:25] [INFO] Tahsilat-Borç eşleştirme işlemi başlatıldı {"onay_id":"7435","gelen_tutar":1660,"kullanici_id":147}
[2025-10-10 22:24:25] [INFO] Ana tahsilat kaydı oluşturuldu ve kasaya eklendi. {"tahsilat_id":"2307","kasa_hareket_id":"T8gip6w1NWlB-HgFmy1QLRR-JMOddIf5FcxjzYJF5k8%2A","tutar":1660}
[2025-10-10 22:24:25] [INFO] Borç detayları alındı. {"borc_detay_bilgisi":"[\n    {\n        \"id\": 24538,\n        \"borc_tutari\": \"600.00\",\n        \"gun_farki\": 132,\n        \"gecikme_zammi\": \"0.00\",\n        \"ceza_orani\": \"0.00\",\n        \"toplam_borc\": \"600.00\",\n        \"toplam_odenen\": null,\n        \"anapara_tahsilat\": null,\n        \"gecikme_zammi_odemesi\": null,\n        \"kalan_toplam_borc\": \"600.00\",\n        \"kalan_gecikme_zammi\": \"0.00\"\n    },\n    {\n        \"id\": 25971,\n        \"borc_tutari\": \"1060.00\",\n        \"gun_farki\": 102,\n        \"gecikme_zammi\": \"0.00\",\n        \"ceza_orani\": \"0.00\",\n        \"toplam_borc\": \"1060.00\",\n        \"toplam_odenen\": null,\n        \"anapara_tahsilat\": null,\n        \"gecikme_zammi_odemesi\": null,\n        \"kalan_toplam_borc\": \"1060.00\",\n        \"kalan_gecikme_zammi\": \"0.00\"\n    }\n]"}
[2025-10-10 22:24:25] [INFO] Borç kaydı işleniyor. {"borc_detay_id":24538,"kalan_dagitilacak_tutar":1660}
[2025-10-10 22:24:25] [INFO] işlenecek tutarlar hesaplanıyor. {"borc_detay_id":24538,"kalan_gecikme_zammi":0,"gecikmeye_odenebilecek":0}
[2025-10-10 22:24:25] [INFO] Anapara için tahsilat detayı oluşturuldu. {"borc_detay_id":24538,"odenen_anapara":600}
[2025-10-10 22:24:25] [INFO] Borç kaydı işleniyor. {"borc_detay_id":25971,"kalan_dagitilacak_tutar":1060}
[2025-10-10 22:24:25] [INFO] işlenecek tutarlar hesaplanıyor. {"borc_detay_id":25971,"kalan_gecikme_zammi":0,"gecikmeye_odenebilecek":0}
[2025-10-10 22:24:25] [INFO] Anapara için tahsilat detayı oluşturuldu. {"borc_detay_id":25971,"odenen_anapara":1060}
[2025-10-10 23:12:44] [INFO] Gecikme zammı ödemesi: 0.00 TL, kalan ödenecek tutar: 385 TL 
[2025-10-10 23:13:11] [INFO] Gecikme zammı ödemesi: 0.00 TL, kalan ödenecek tutar: 215 TL 
[2025-10-10 23:13:11] [INFO] Gecikme zammı ödemesi: 0.00 TL, kalan ödenecek tutar: 200 TL 
[2025-10-10 23:13:29] [INFO] Gecikme zammı ödemesi: 0.00 TL, kalan ödenecek tutar: 600 TL 
[2025-10-10 23:14:15] [INFO] Tahsilat-Borç eşleştirme işlemi başlatıldı {"onay_id":"7041","gelen_tutar":400,"kullanici_id":147}
[2025-10-10 23:14:15] [INFO] Ana tahsilat kaydı oluşturuldu ve kasaya eklendi. {"tahsilat_id":"2312","kasa_hareket_id":"DW_9Yr11y8d4kEJHpfsS-8cirfs-UnVow0pe9O9cWBM%2A","tutar":400}
[2025-10-10 23:14:15] [INFO] Borç detayları alındı. {"borc_detay_bilgisi":"[\n    {\n        \"id\": 24359,\n        \"borc_tutari\": \"600.00\",\n        \"gun_farki\": 163,\n        \"gecikme_zammi\": \"0.00\",\n        \"ceza_orani\": \"0.00\",\n        \"toplam_borc\": \"600.00\",\n        \"toplam_odenen\": null,\n        \"anapara_tahsilat\": null,\n        \"gecikme_zammi_odemesi\": null,\n        \"kalan_toplam_borc\": \"600.00\",\n        \"kalan_gecikme_zammi\": \"0.00\"\n    }\n]"}
[2025-10-10 23:14:15] [INFO] Borç kaydı işleniyor. {"borc_detay_id":24359,"kalan_dagitilacak_tutar":400}
[2025-10-10 23:14:15] [INFO] işlenecek tutarlar hesaplanıyor. {"borc_detay_id":24359,"kalan_gecikme_zammi":0,"gecikmeye_odenebilecek":0}
[2025-10-10 23:14:15] [INFO] Anapara için tahsilat detayı oluşturuldu. {"borc_detay_id":24359,"odenen_anapara":400}
[2025-10-10 23:14:55] [INFO] Tahsilat-Borç eşleştirme işlemi başlatıldı {"onay_id":"6876","gelen_tutar":2060,"kullanici_id":147}
[2025-10-10 23:14:55] [INFO] Ana tahsilat kaydı oluşturuldu ve kasaya eklendi. {"tahsilat_id":"2313","kasa_hareket_id":"eQDp35CJitRMZx7Pez6WwAKjVkezhS0JRC58gMgbh-8%2A","tutar":2060}
[2025-10-10 23:14:55] [INFO] Borç detayları alındı. {"borc_detay_bilgisi":"[\n    {\n        \"id\": 24539,\n        \"borc_tutari\": \"600.00\",\n        \"gun_farki\": 132,\n        \"gecikme_zammi\": \"0.00\",\n        \"ceza_orani\": \"0.00\",\n        \"toplam_borc\": \"600.00\",\n        \"toplam_odenen\": null,\n        \"anapara_tahsilat\": null,\n        \"gecikme_zammi_odemesi\": null,\n        \"kalan_toplam_borc\": \"600.00\",\n        \"kalan_gecikme_zammi\": \"0.00\"\n    },\n    {\n        \"id\": 24719,\n        \"borc_tutari\": \"400.00\",\n        \"gun_farki\": 132,\n        \"gecikme_zammi\": \"0.00\",\n        \"ceza_orani\": \"0.00\",\n        \"toplam_borc\": \"400.00\",\n        \"toplam_odenen\": null,\n        \"anapara_tahsilat\": null,\n        \"gecikme_zammi_odemesi\": null,\n        \"kalan_toplam_borc\": \"400.00\",\n        \"kalan_gecikme_zammi\": \"0.00\"\n    },\n    {\n        \"id\": 25972,\n        \"borc_tutari\": \"1060.00\",\n        \"gun_farki\": 102,\n        \"gecikme_zammi\": \"0.00\",\n        \"ceza_orani\": \"0.00\",\n        \"toplam_borc\": \"1060.00\",\n        \"toplam_odenen\": null,\n        \"anapara_tahsilat\": null,\n        \"gecikme_zammi_odemesi\": null,\n        \"kalan_toplam_borc\": \"1060.00\",\n        \"kalan_gecikme_zammi\": \"0.00\"\n    }\n]"}
[2025-10-10 23:14:55] [INFO] Borç kaydı işleniyor. {"borc_detay_id":24539,"kalan_dagitilacak_tutar":2060}
[2025-10-10 23:14:55] [INFO] işlenecek tutarlar hesaplanıyor. {"borc_detay_id":24539,"kalan_gecikme_zammi":0,"gecikmeye_odenebilecek":0}
[2025-10-10 23:14:55] [INFO] Anapara için tahsilat detayı oluşturuldu. {"borc_detay_id":24539,"odenen_anapara":600}
[2025-10-10 23:14:55] [INFO] Borç kaydı işleniyor. {"borc_detay_id":24719,"kalan_dagitilacak_tutar":1460}
[2025-10-10 23:14:55] [INFO] işlenecek tutarlar hesaplanıyor. {"borc_detay_id":24719,"kalan_gecikme_zammi":0,"gecikmeye_odenebilecek":0}
[2025-10-10 23:14:55] [INFO] Anapara için tahsilat detayı oluşturuldu. {"borc_detay_id":24719,"odenen_anapara":400}
[2025-10-10 23:14:55] [INFO] Borç kaydı işleniyor. {"borc_detay_id":25972,"kalan_dagitilacak_tutar":1060}
[2025-10-10 23:14:55] [INFO] işlenecek tutarlar hesaplanıyor. {"borc_detay_id":25972,"kalan_gecikme_zammi":0,"gecikmeye_odenebilecek":0}
[2025-10-10 23:14:55] [INFO] Anapara için tahsilat detayı oluşturuldu. {"borc_detay_id":25972,"odenen_anapara":1060}
[2025-10-10 23:15:14] [INFO] Tahsilat-Borç eşleştirme işlemi başlatıldı {"onay_id":"6631","gelen_tutar":800,"kullanici_id":147}
[2025-10-10 23:15:14] [INFO] Ana tahsilat kaydı oluşturuldu ve kasaya eklendi. {"tahsilat_id":"2314","kasa_hareket_id":"4dOaH-CtYcZX_srCDugggc-pZ3e32kZN5dRQyRg4KGY%2A","tutar":800}
[2025-10-10 23:15:14] [INFO] Borç detayları alındı. {"borc_detay_bilgisi":"[\n    {\n        \"id\": 25077,\n        \"borc_tutari\": \"800.00\",\n        \"gun_farki\": 71,\n        \"gecikme_zammi\": \"0.00\",\n        \"ceza_orani\": \"0.00\",\n        \"toplam_borc\": \"800.00\",\n        \"toplam_odenen\": null,\n        \"anapara_tahsilat\": null,\n        \"gecikme_zammi_odemesi\": null,\n        \"kalan_toplam_borc\": \"800.00\",\n        \"kalan_gecikme_zammi\": \"0.00\"\n    }\n]"}
[2025-10-10 23:15:14] [INFO] Borç kaydı işleniyor. {"borc_detay_id":25077,"kalan_dagitilacak_tutar":800}
[2025-10-10 23:15:14] [INFO] işlenecek tutarlar hesaplanıyor. {"borc_detay_id":25077,"kalan_gecikme_zammi":0,"gecikmeye_odenebilecek":0}
[2025-10-10 23:15:14] [INFO] Anapara için tahsilat detayı oluşturuldu. {"borc_detay_id":25077,"odenen_anapara":800}
[2025-10-10 23:15:24] [INFO] Tahsilat-Borç eşleştirme işlemi başlatıldı {"onay_id":"6517","gelen_tutar":800,"kullanici_id":147}
[2025-10-10 23:15:24] [INFO] Ana tahsilat kaydı oluşturuldu ve kasaya eklendi. {"tahsilat_id":"2315","kasa_hareket_id":"3DIMyPK4Ac7ENf-_ADDz1mpuytx4tfQQkbtfsP9In7E%2A","tutar":800}
[2025-10-10 23:15:24] [INFO] Borç detayları alındı. {"borc_detay_bilgisi":"[\n    {\n        \"id\": 25256,\n        \"borc_tutari\": \"800.00\",\n        \"gun_farki\": 40,\n        \"gecikme_zammi\": \"0.00\",\n        \"ceza_orani\": \"0.00\",\n        \"toplam_borc\": \"800.00\",\n        \"toplam_odenen\": null,\n        \"anapara_tahsilat\": null,\n        \"gecikme_zammi_odemesi\": null,\n        \"kalan_toplam_borc\": \"800.00\",\n        \"kalan_gecikme_zammi\": \"0.00\"\n    }\n]"}
[2025-10-10 23:15:24] [INFO] Borç kaydı işleniyor. {"borc_detay_id":25256,"kalan_dagitilacak_tutar":800}
[2025-10-10 23:15:24] [INFO] işlenecek tutarlar hesaplanıyor. {"borc_detay_id":25256,"kalan_gecikme_zammi":0,"gecikmeye_odenebilecek":0}
[2025-10-10 23:15:24] [INFO] Anapara için tahsilat detayı oluşturuldu. {"borc_detay_id":25256,"odenen_anapara":800}
[2025-10-10 23:15:30] [INFO] Tahsilat-Borç eşleştirme işlemi başlatıldı {"onay_id":"6421","gelen_tutar":800,"kullanici_id":147}
[2025-10-10 23:15:30] [INFO] Ana tahsilat kaydı oluşturuldu ve kasaya eklendi. {"tahsilat_id":"2316","kasa_hareket_id":"b04jmKoC-SV6EIBnZmyurK-hWKKBtQsDeW4lrtO05rM%2A","tutar":800}
[2025-10-10 23:15:30] [INFO] Borç detayları alındı. {"borc_detay_bilgisi":"[\n    {\n        \"id\": 25435,\n        \"borc_tutari\": \"800.00\",\n        \"gun_farki\": 10,\n        \"gecikme_zammi\": \"0.00\",\n        \"ceza_orani\": \"0.00\",\n        \"toplam_borc\": \"800.00\",\n        \"toplam_odenen\": null,\n        \"anapara_tahsilat\": null,\n        \"gecikme_zammi_odemesi\": null,\n        \"kalan_toplam_borc\": \"800.00\",\n        \"kalan_gecikme_zammi\": \"0.00\"\n    }\n]"}
[2025-10-10 23:15:30] [INFO] Borç kaydı işleniyor. {"borc_detay_id":25435,"kalan_dagitilacak_tutar":800}
[2025-10-10 23:15:30] [INFO] işlenecek tutarlar hesaplanıyor. {"borc_detay_id":25435,"kalan_gecikme_zammi":0,"gecikmeye_odenebilecek":0}
[2025-10-10 23:15:30] [INFO] Anapara için tahsilat detayı oluşturuldu. {"borc_detay_id":25435,"odenen_anapara":800}
[2025-10-10 23:16:17] [INFO] Tahsilat ID 2310 için ilişkili kredi kayıtları silindi. 
[2025-10-10 23:16:17] [INFO] Tahsilat ID 2310 için ilişkili kasa hareketleri silindi. 
[2025-10-10 23:16:17] [INFO] Tahsilat ID 2310 için ilişkili tahsilat detayları silindi. 
[2025-10-10 23:16:17] [INFO] Tahsilat ID 2310 kaydı ve ilişkili tüm veriler silindi. 
[2025-10-10 23:16:30] [INFO] Tahsilat ID 2312 için ilişkili kasa hareketleri silindi. 
[2025-10-10 23:16:30] [INFO] Tahsilat ID 2312 için ilişkili tahsilat detayları silindi. 
[2025-10-10 23:16:30] [INFO] Tahsilat ID 2312 kaydı ve ilişkili tüm veriler silindi. 
[2025-10-10 23:17:00] [INFO] Tahsilat-Borç eşleştirme işlemi başlatıldı {"onay_id":"7041","gelen_tutar":400,"kullanici_id":147}
[2025-10-10 23:17:00] [INFO] Ana tahsilat kaydı oluşturuldu ve kasaya eklendi. {"tahsilat_id":"2317","kasa_hareket_id":"uM77mrLTGYBhpk2VOzRSlhB0iwQ2HUi3ukmxr_x3tSU%2A","tutar":400}
[2025-10-10 23:17:00] [INFO] Borç detayları alındı. {"borc_detay_bilgisi":"[\n    {\n        \"id\": 24898,\n        \"borc_tutari\": \"400.00\",\n        \"gun_farki\": 102,\n        \"gecikme_zammi\": \"0.00\",\n        \"ceza_orani\": \"0.00\",\n        \"toplam_borc\": \"400.00\",\n        \"toplam_odenen\": null,\n        \"anapara_tahsilat\": null,\n        \"gecikme_zammi_odemesi\": null,\n        \"kalan_toplam_borc\": \"400.00\",\n        \"kalan_gecikme_zammi\": \"0.00\"\n    }\n]"}
[2025-10-10 23:17:00] [INFO] Borç kaydı işleniyor. {"borc_detay_id":24898,"kalan_dagitilacak_tutar":400}
[2025-10-10 23:17:00] [INFO] işlenecek tutarlar hesaplanıyor. {"borc_detay_id":24898,"kalan_gecikme_zammi":0,"gecikmeye_odenebilecek":0}
[2025-10-10 23:17:00] [INFO] Anapara için tahsilat detayı oluşturuldu. {"borc_detay_id":24898,"odenen_anapara":400}
[2025-10-10 23:18:01] [INFO] Tahsilat ID 2317 için ilişkili kasa hareketleri silindi. 
[2025-10-10 23:18:01] [INFO] Tahsilat ID 2317 için ilişkili tahsilat detayları silindi. 
[2025-10-10 23:18:01] [INFO] Tahsilat ID 2317 kaydı ve ilişkili tüm veriler silindi. 
[2025-10-10 23:18:23] [INFO] Tahsilat-Borç eşleştirme işlemi başlatıldı {"onay_id":"7041","gelen_tutar":400,"kullanici_id":147}
[2025-10-10 23:18:23] [INFO] Ana tahsilat kaydı oluşturuldu ve kasaya eklendi. {"tahsilat_id":"2318","kasa_hareket_id":"nr4M47T5HwXrlNcB8Ba3nqS399aJrODnQHzt4StX1xc%2A","tutar":400}
[2025-10-10 23:18:23] [INFO] Borç detayları alındı. {"borc_detay_bilgisi":"[\n    {\n        \"id\": 24001,\n        \"borc_tutari\": \"400.00\",\n        \"gun_farki\": 163,\n        \"gecikme_zammi\": \"0.00\",\n        \"ceza_orani\": \"0.00\",\n        \"toplam_borc\": \"400.00\",\n        \"toplam_odenen\": null,\n        \"anapara_tahsilat\": null,\n        \"gecikme_zammi_odemesi\": null,\n        \"kalan_toplam_borc\": \"400.00\",\n        \"kalan_gecikme_zammi\": \"0.00\"\n    }\n]"}
[2025-10-10 23:18:23] [INFO] Borç kaydı işleniyor. {"borc_detay_id":24001,"kalan_dagitilacak_tutar":400}
[2025-10-10 23:18:23] [INFO] işlenecek tutarlar hesaplanıyor. {"borc_detay_id":24001,"kalan_gecikme_zammi":0,"gecikmeye_odenebilecek":0}
[2025-10-10 23:18:23] [INFO] Anapara için tahsilat detayı oluşturuldu. {"borc_detay_id":24001,"odenen_anapara":400}
[2025-10-10 23:18:27] [INFO] Tahsilat-Borç eşleştirme işlemi başlatıldı {"onay_id":"7436","gelen_tutar":400,"kullanici_id":147}
[2025-10-10 23:18:27] [INFO] Ana tahsilat kaydı oluşturuldu ve kasaya eklendi. {"tahsilat_id":"2319","kasa_hareket_id":"E_aO9sM_zQ9RfjWzco_yt8g_MtNjX58WFvavuvWhxT8%2A","tutar":400}
[2025-10-10 23:18:27] [INFO] Borç detayları alındı. {"borc_detay_bilgisi":"[\n    {\n        \"id\": 24898,\n        \"borc_tutari\": \"400.00\",\n        \"gun_farki\": 102,\n        \"gecikme_zammi\": \"0.00\",\n        \"ceza_orani\": \"0.00\",\n        \"toplam_borc\": \"400.00\",\n        \"toplam_odenen\": null,\n        \"anapara_tahsilat\": null,\n        \"gecikme_zammi_odemesi\": null,\n        \"kalan_toplam_borc\": \"400.00\",\n        \"kalan_gecikme_zammi\": \"0.00\"\n    }\n]"}
[2025-10-10 23:18:27] [INFO] Borç kaydı işleniyor. {"borc_detay_id":24898,"kalan_dagitilacak_tutar":400}
[2025-10-10 23:18:27] [INFO] işlenecek tutarlar hesaplanıyor. {"borc_detay_id":24898,"kalan_gecikme_zammi":0,"gecikmeye_odenebilecek":0}
[2025-10-10 23:18:27] [INFO] Anapara için tahsilat detayı oluşturuldu. {"borc_detay_id":24898,"odenen_anapara":400}
[2025-10-10 23:21:20] [INFO] Tahsilat ID 2321 için ilişkili kasa hareketleri silindi. 
[2025-10-10 23:21:20] [INFO] Tahsilat ID 2321 kaydı ve ilişkili tüm veriler silindi. 
[2025-10-10 23:21:50] [INFO] Kredi ID 140 için kullanım güncellendi: Kullanıldı mı: 0, Kullanılan Tutar: 200 TL 
[2025-10-10 23:21:50] [INFO] Gecikme zammı ödemesi: 0.00 TL, kalan ödenecek tutar: 200 TL 
[2025-10-10 23:22:19] [INFO] Kredi ID 140 için kullanım güncellendi: Kullanıldı mı: 1, Kullanılan Tutar: 400 TL 
[2025-10-10 23:22:19] [INFO] Gecikme zammı ödemesi: 0.00 TL, kalan ödenecek tutar: 400 TL 
[2025-10-10 23:22:53] [INFO] Kredi ID 140 için kullanım güncellendi: Kullanıldı mı: 1, Kullanılan Tutar: 400 TL 
[2025-10-10 23:22:53] [INFO] Kredi ID 141 için kullanım güncellendi: Kullanıldı mı: 0, Kullanılan Tutar: 200 TL 
[2025-10-10 23:22:53] [INFO] Gecikme zammı ödemesi: 0.00 TL, kalan ödenecek tutar: 600 TL 
[2025-10-10 23:26:14] [INFO] Borçlandırma kaydı başarıyla oluşturuldu: {"id":"23636","borclandirma_id":"184","borc_adi":"DEV\u0130R","kisi_id":"42","daire_id":42,"tutar":"353.01","baslangic_tarihi":"2024-01-01","bitis_tarihi":"2024-12-31","son_odeme_tarihi":"2024-12-31","ceza_orani":"0.00","aciklama":"\u00d6nceki Y\u0131ldan Devreden Bor\u00e7","borclandirma_tarihi":"01.01.2025 00:00"} 
[2025-10-10 23:27:24] [INFO] Tahsilat ID 2325 için ilişkili kredi kayıtları silindi. 
[2025-10-10 23:27:24] [INFO] Tahsilat ID 2325 için ilişkili kasa hareketleri silindi. 
[2025-10-10 23:27:24] [INFO] Tahsilat ID 2325 kaydı ve ilişkili tüm veriler silindi. 
[2025-10-10 23:27:42] [INFO] Gecikme zammı ödemesi: 0.00 TL, kalan ödenecek tutar: 400 TL 
[2025-10-10 23:28:22] [INFO] Tahsilat-Borç eşleştirme işlemi başlatıldı {"onay_id":"7194","gelen_tutar":400,"kullanici_id":147}
[2025-10-10 23:28:22] [INFO] Ana tahsilat kaydı oluşturuldu ve kasaya eklendi. {"tahsilat_id":"2327","kasa_hareket_id":"DPDzugaYUy3MjAjMI6HFMFzIBfqY0j_Dvr5-L0hHCpY%2A","tutar":400}
[2025-10-10 23:28:22] [INFO] Borç detayları alındı. {"borc_detay_bilgisi":"[\n    {\n        \"id\": 23117,\n        \"borc_tutari\": \"400.00\",\n        \"gun_farki\": 224,\n        \"gecikme_zammi\": \"0.00\",\n        \"ceza_orani\": \"0.00\",\n        \"toplam_borc\": \"400.00\",\n        \"toplam_odenen\": null,\n        \"anapara_tahsilat\": null,\n        \"gecikme_zammi_odemesi\": null,\n        \"kalan_toplam_borc\": \"400.00\",\n        \"kalan_gecikme_zammi\": \"0.00\"\n    }\n]"}
[2025-10-10 23:28:22] [INFO] Borç kaydı işleniyor. {"borc_detay_id":23117,"kalan_dagitilacak_tutar":400}
[2025-10-10 23:28:22] [INFO] işlenecek tutarlar hesaplanıyor. {"borc_detay_id":23117,"kalan_gecikme_zammi":0,"gecikmeye_odenebilecek":0}
[2025-10-10 23:28:22] [INFO] Anapara için tahsilat detayı oluşturuldu. {"borc_detay_id":23117,"odenen_anapara":400}
[2025-10-10 23:28:26] [INFO] Tahsilat-Borç eşleştirme işlemi başlatıldı {"onay_id":"7090","gelen_tutar":400,"kullanici_id":147}
[2025-10-10 23:28:26] [INFO] Ana tahsilat kaydı oluşturuldu ve kasaya eklendi. {"tahsilat_id":"2328","kasa_hareket_id":"aueEAfJV5yQ1iYVEsCjjMcI_infGko2bqT6A46Az-uI%2A","tutar":400}
[2025-10-10 23:28:26] [INFO] Borç detayları alındı. {"borc_detay_bilgisi":"[\n    {\n        \"id\": 23841,\n        \"borc_tutari\": \"400.00\",\n        \"gun_farki\": 193,\n        \"gecikme_zammi\": \"0.00\",\n        \"ceza_orani\": \"0.00\",\n        \"toplam_borc\": \"400.00\",\n        \"toplam_odenen\": null,\n        \"anapara_tahsilat\": null,\n        \"gecikme_zammi_odemesi\": null,\n        \"kalan_toplam_borc\": \"400.00\",\n        \"kalan_gecikme_zammi\": \"0.00\"\n    }\n]"}
[2025-10-10 23:28:26] [INFO] Borç kaydı işleniyor. {"borc_detay_id":23841,"kalan_dagitilacak_tutar":400}
[2025-10-10 23:28:26] [INFO] işlenecek tutarlar hesaplanıyor. {"borc_detay_id":23841,"kalan_gecikme_zammi":0,"gecikmeye_odenebilecek":0}
[2025-10-10 23:28:26] [INFO] Anapara için tahsilat detayı oluşturuldu. {"borc_detay_id":23841,"odenen_anapara":400}
[2025-10-10 23:29:42] [INFO] Tahsilat-Borç eşleştirme işlemi başlatıldı {"onay_id":"6861","gelen_tutar":1060,"kullanici_id":147}
[2025-10-10 23:29:42] [INFO] Ana tahsilat kaydı oluşturuldu ve kasaya eklendi. {"tahsilat_id":"2329","kasa_hareket_id":"Q2C_Bo8DvsvfbaeNvJNMfqNPsKkDVFAlEmgOodiHl_U%2A","tutar":1060}
[2025-10-10 23:29:42] [INFO] Borç detayları alındı. {"borc_detay_bilgisi":"[\n    {\n        \"id\": 25973,\n        \"borc_tutari\": \"1060.00\",\n        \"gun_farki\": 102,\n        \"gecikme_zammi\": \"0.00\",\n        \"ceza_orani\": \"0.00\",\n        \"toplam_borc\": \"1060.00\",\n        \"toplam_odenen\": null,\n        \"anapara_tahsilat\": null,\n        \"gecikme_zammi_odemesi\": null,\n        \"kalan_toplam_borc\": \"1060.00\",\n        \"kalan_gecikme_zammi\": \"0.00\"\n    }\n]"}
[2025-10-10 23:29:42] [INFO] Borç kaydı işleniyor. {"borc_detay_id":25973,"kalan_dagitilacak_tutar":1060}
[2025-10-10 23:29:42] [INFO] işlenecek tutarlar hesaplanıyor. {"borc_detay_id":25973,"kalan_gecikme_zammi":0,"gecikmeye_odenebilecek":0}
[2025-10-10 23:29:42] [INFO] Anapara için tahsilat detayı oluşturuldu. {"borc_detay_id":25973,"odenen_anapara":1060}
[2025-10-10 23:29:53] [INFO] Tahsilat-Borç eşleştirme işlemi başlatıldı {"onay_id":"6792","gelen_tutar":1000,"kullanici_id":147}
[2025-10-10 23:29:53] [INFO] Ana tahsilat kaydı oluşturuldu ve kasaya eklendi. {"tahsilat_id":"2330","kasa_hareket_id":"wKd8eId1roDvUM3DutQx0wqHE7RCy8j6UhCM4U6d97g%2A","tutar":1000}
[2025-10-10 23:29:53] [INFO] Borç detayları alındı. {"borc_detay_bilgisi":"[\n    {\n        \"id\": 24540,\n        \"borc_tutari\": \"600.00\",\n        \"gun_farki\": 132,\n        \"gecikme_zammi\": \"0.00\",\n        \"ceza_orani\": \"0.00\",\n        \"toplam_borc\": \"600.00\",\n        \"toplam_odenen\": null,\n        \"anapara_tahsilat\": null,\n        \"gecikme_zammi_odemesi\": null,\n        \"kalan_toplam_borc\": \"600.00\",\n        \"kalan_gecikme_zammi\": \"0.00\"\n    },\n    {\n        \"id\": 24720,\n        \"borc_tutari\": \"400.00\",\n        \"gun_farki\": 132,\n        \"gecikme_zammi\": \"0.00\",\n        \"ceza_orani\": \"0.00\",\n        \"toplam_borc\": \"400.00\",\n        \"toplam_odenen\": null,\n        \"anapara_tahsilat\": null,\n        \"gecikme_zammi_odemesi\": null,\n        \"kalan_toplam_borc\": \"400.00\",\n        \"kalan_gecikme_zammi\": \"0.00\"\n    }\n]"}
[2025-10-10 23:29:53] [INFO] Borç kaydı işleniyor. {"borc_detay_id":24540,"kalan_dagitilacak_tutar":1000}
[2025-10-10 23:29:53] [INFO] işlenecek tutarlar hesaplanıyor. {"borc_detay_id":24540,"kalan_gecikme_zammi":0,"gecikmeye_odenebilecek":0}
[2025-10-10 23:29:53] [INFO] Anapara için tahsilat detayı oluşturuldu. {"borc_detay_id":24540,"odenen_anapara":600}
[2025-10-10 23:29:53] [INFO] Borç kaydı işleniyor. {"borc_detay_id":24720,"kalan_dagitilacak_tutar":400}
[2025-10-10 23:29:53] [INFO] işlenecek tutarlar hesaplanıyor. {"borc_detay_id":24720,"kalan_gecikme_zammi":0,"gecikmeye_odenebilecek":0}
[2025-10-10 23:29:53] [INFO] Anapara için tahsilat detayı oluşturuldu. {"borc_detay_id":24720,"odenen_anapara":400}
[2025-10-10 23:30:06] [INFO] Tahsilat-Borç eşleştirme işlemi başlatıldı {"onay_id":"6661","gelen_tutar":400,"kullanici_id":147}
[2025-10-10 23:30:06] [INFO] Ana tahsilat kaydı oluşturuldu ve kasaya eklendi. {"tahsilat_id":"2331","kasa_hareket_id":"M3VG4wwhcExuR-ko0_3NNAr1TLOo8lrfrb4EjTYKKIc%2A","tutar":400}
[2025-10-10 23:30:06] [INFO] Borç detayları alındı. {"borc_detay_bilgisi":"[\n    {\n        \"id\": 24899,\n        \"borc_tutari\": \"400.00\",\n        \"gun_farki\": 102,\n        \"gecikme_zammi\": \"0.00\",\n        \"ceza_orani\": \"0.00\",\n        \"toplam_borc\": \"400.00\",\n        \"toplam_odenen\": null,\n        \"anapara_tahsilat\": null,\n        \"gecikme_zammi_odemesi\": null,\n        \"kalan_toplam_borc\": \"400.00\",\n        \"kalan_gecikme_zammi\": \"0.00\"\n    }\n]"}
[2025-10-10 23:30:06] [INFO] Borç kaydı işleniyor. {"borc_detay_id":24899,"kalan_dagitilacak_tutar":400}
[2025-10-10 23:30:06] [INFO] işlenecek tutarlar hesaplanıyor. {"borc_detay_id":24899,"kalan_gecikme_zammi":0,"gecikmeye_odenebilecek":0}
[2025-10-10 23:30:06] [INFO] Anapara için tahsilat detayı oluşturuldu. {"borc_detay_id":24899,"odenen_anapara":400}
[2025-10-10 23:30:24] [INFO] Tahsilat-Borç eşleştirme işlemi başlatıldı {"onay_id":"6555","gelen_tutar":800,"kullanici_id":147}
[2025-10-10 23:30:24] [INFO] Ana tahsilat kaydı oluşturuldu ve kasaya eklendi. {"tahsilat_id":"2332","kasa_hareket_id":"qY1rtOAbamRurc7bqx5E65PMwVa50zaA7g3p6FBug7I%2A","tutar":800}
[2025-10-10 23:30:24] [INFO] Borç detayları alındı. {"borc_detay_bilgisi":"[\n    {\n        \"id\": 25078,\n        \"borc_tutari\": \"800.00\",\n        \"gun_farki\": 71,\n        \"gecikme_zammi\": \"0.00\",\n        \"ceza_orani\": \"0.00\",\n        \"toplam_borc\": \"800.00\",\n        \"toplam_odenen\": null,\n        \"anapara_tahsilat\": null,\n        \"gecikme_zammi_odemesi\": null,\n        \"kalan_toplam_borc\": \"800.00\",\n        \"kalan_gecikme_zammi\": \"0.00\"\n    }\n]"}
[2025-10-10 23:30:24] [INFO] Borç kaydı işleniyor. {"borc_detay_id":25078,"kalan_dagitilacak_tutar":800}
[2025-10-10 23:30:24] [INFO] işlenecek tutarlar hesaplanıyor. {"borc_detay_id":25078,"kalan_gecikme_zammi":0,"gecikmeye_odenebilecek":0}
[2025-10-10 23:30:24] [INFO] Anapara için tahsilat detayı oluşturuldu. {"borc_detay_id":25078,"odenen_anapara":800}
[2025-10-10 23:31:49] [INFO] Tahsilat-Borç eşleştirme işlemi başlatıldı {"onay_id":"7262","gelen_tutar":800,"kullanici_id":147}
[2025-10-10 23:31:49] [INFO] Ana tahsilat kaydı oluşturuldu ve kasaya eklendi. {"tahsilat_id":"2333","kasa_hareket_id":"q-qKj21AdtvYX7ki6WVFLaUAy8LS6KVpqoVVuUNYGtk%2A","tutar":800}
[2025-10-10 23:31:49] [INFO] Borç detayları alındı. {"borc_detay_bilgisi":"[\n    {\n        \"id\": 22920,\n        \"borc_tutari\": \"400.00\",\n        \"gun_farki\": 252,\n        \"gecikme_zammi\": \"0.00\",\n        \"ceza_orani\": \"0.00\",\n        \"toplam_borc\": \"400.00\",\n        \"toplam_odenen\": null,\n        \"anapara_tahsilat\": null,\n        \"gecikme_zammi_odemesi\": null,\n        \"kalan_toplam_borc\": \"400.00\",\n        \"kalan_gecikme_zammi\": \"0.00\"\n    },\n    {\n        \"id\": 23099,\n        \"borc_tutari\": \"400.00\",\n        \"gun_farki\": 224,\n        \"gecikme_zammi\": \"0.00\",\n        \"ceza_orani\": \"0.00\",\n        \"toplam_borc\": \"400.00\",\n        \"toplam_odenen\": null,\n        \"anapara_tahsilat\": null,\n        \"gecikme_zammi_odemesi\": null,\n        \"kalan_toplam_borc\": \"400.00\",\n        \"kalan_gecikme_zammi\": \"0.00\"\n    }\n]"}
[2025-10-10 23:31:49] [INFO] Borç kaydı işleniyor. {"borc_detay_id":22920,"kalan_dagitilacak_tutar":800}
[2025-10-10 23:31:49] [INFO] işlenecek tutarlar hesaplanıyor. {"borc_detay_id":22920,"kalan_gecikme_zammi":0,"gecikmeye_odenebilecek":0}
[2025-10-10 23:31:49] [INFO] Anapara için tahsilat detayı oluşturuldu. {"borc_detay_id":22920,"odenen_anapara":400}
[2025-10-10 23:31:49] [INFO] Borç kaydı işleniyor. {"borc_detay_id":23099,"kalan_dagitilacak_tutar":400}
[2025-10-10 23:31:49] [INFO] işlenecek tutarlar hesaplanıyor. {"borc_detay_id":23099,"kalan_gecikme_zammi":0,"gecikmeye_odenebilecek":0}
[2025-10-10 23:31:49] [INFO] Anapara için tahsilat detayı oluşturuldu. {"borc_detay_id":23099,"odenen_anapara":400}
[2025-10-10 23:32:21] [INFO] Tahsilat-Borç eşleştirme işlemi başlatıldı {"onay_id":"6915","gelen_tutar":1000,"kullanici_id":147}
[2025-10-10 23:32:21] [INFO] Ana tahsilat kaydı oluşturuldu ve kasaya eklendi. {"tahsilat_id":"2334","kasa_hareket_id":"xpmLx_XLGeUBFzVARhqiSCiimUyu4f1TMbjbAlEmL5s%2A","tutar":1000}
[2025-10-10 23:32:21] [INFO] Borç detayları alındı. {"borc_detay_bilgisi":"[\n    {\n        \"id\": 24002,\n        \"borc_tutari\": \"400.00\",\n        \"gun_farki\": 163,\n        \"gecikme_zammi\": \"0.00\",\n        \"ceza_orani\": \"0.00\",\n        \"toplam_borc\": \"400.00\",\n        \"toplam_odenen\": null,\n        \"anapara_tahsilat\": null,\n        \"gecikme_zammi_odemesi\": null,\n        \"kalan_toplam_borc\": \"400.00\",\n        \"kalan_gecikme_zammi\": \"0.00\"\n    },\n    {\n        \"id\": 24360,\n        \"borc_tutari\": \"600.00\",\n        \"gun_farki\": 163,\n        \"gecikme_zammi\": \"0.00\",\n        \"ceza_orani\": \"0.00\",\n        \"toplam_borc\": \"600.00\",\n        \"toplam_odenen\": null,\n        \"anapara_tahsilat\": null,\n        \"gecikme_zammi_odemesi\": null,\n        \"kalan_toplam_borc\": \"600.00\",\n        \"kalan_gecikme_zammi\": \"0.00\"\n    }\n]"}
[2025-10-10 23:32:21] [INFO] Borç kaydı işleniyor. {"borc_detay_id":24002,"kalan_dagitilacak_tutar":1000}
[2025-10-10 23:32:21] [INFO] işlenecek tutarlar hesaplanıyor. {"borc_detay_id":24002,"kalan_gecikme_zammi":0,"gecikmeye_odenebilecek":0}
[2025-10-10 23:32:21] [INFO] Anapara için tahsilat detayı oluşturuldu. {"borc_detay_id":24002,"odenen_anapara":400}
[2025-10-10 23:32:21] [INFO] Borç kaydı işleniyor. {"borc_detay_id":24360,"kalan_dagitilacak_tutar":600}
[2025-10-10 23:32:21] [INFO] işlenecek tutarlar hesaplanıyor. {"borc_detay_id":24360,"kalan_gecikme_zammi":0,"gecikmeye_odenebilecek":0}
[2025-10-10 23:32:21] [INFO] Anapara için tahsilat detayı oluşturuldu. {"borc_detay_id":24360,"odenen_anapara":600}
[2025-10-10 23:32:36] [INFO] Tahsilat-Borç eşleştirme işlemi başlatıldı {"onay_id":"7091","gelen_tutar":400,"kullanici_id":147}
[2025-10-10 23:32:36] [INFO] Ana tahsilat kaydı oluşturuldu ve kasaya eklendi. {"tahsilat_id":"2335","kasa_hareket_id":"BmkN_hiD3m0hyxm1vWb1TVfXjo7OQgQH9jYCPBcy10g%2A","tutar":400}
[2025-10-10 23:32:36] [INFO] Borç detayları alındı. {"borc_detay_bilgisi":"[\n    {\n        \"id\": 23823,\n        \"borc_tutari\": \"400.00\",\n        \"gun_farki\": 193,\n        \"gecikme_zammi\": \"0.00\",\n        \"ceza_orani\": \"0.00\",\n        \"toplam_borc\": \"400.00\",\n        \"toplam_odenen\": null,\n        \"anapara_tahsilat\": null,\n        \"gecikme_zammi_odemesi\": null,\n        \"kalan_toplam_borc\": \"400.00\",\n        \"kalan_gecikme_zammi\": \"0.00\"\n    }\n]"}
[2025-10-10 23:32:36] [INFO] Borç kaydı işleniyor. {"borc_detay_id":23823,"kalan_dagitilacak_tutar":400}
[2025-10-10 23:32:36] [INFO] işlenecek tutarlar hesaplanıyor. {"borc_detay_id":23823,"kalan_gecikme_zammi":0,"gecikmeye_odenebilecek":0}
[2025-10-10 23:32:36] [INFO] Anapara için tahsilat detayı oluşturuldu. {"borc_detay_id":23823,"odenen_anapara":400}
[2025-10-10 23:32:52] [INFO] Tahsilat-Borç eşleştirme işlemi başlatıldı {"onay_id":"6376","gelen_tutar":800,"kullanici_id":147}
[2025-10-10 23:32:52] [INFO] Ana tahsilat kaydı oluşturuldu ve kasaya eklendi. {"tahsilat_id":"2336","kasa_hareket_id":"mZsRINTNJNuGBwAdyWxt9OeX96bXiSVtu6OPEPYbRQA%2A","tutar":800}
[2025-10-10 23:32:52] [INFO] Borç detayları alındı. {"borc_detay_bilgisi":"[\n    {\n        \"id\": 25257,\n        \"borc_tutari\": \"800.00\",\n        \"gun_farki\": 40,\n        \"gecikme_zammi\": \"0.00\",\n        \"ceza_orani\": \"0.00\",\n        \"toplam_borc\": \"800.00\",\n        \"toplam_odenen\": null,\n        \"anapara_tahsilat\": null,\n        \"gecikme_zammi_odemesi\": null,\n        \"kalan_toplam_borc\": \"800.00\",\n        \"kalan_gecikme_zammi\": \"0.00\"\n    }\n]"}
[2025-10-10 23:32:52] [INFO] Borç kaydı işleniyor. {"borc_detay_id":25257,"kalan_dagitilacak_tutar":800}
[2025-10-10 23:32:52] [INFO] işlenecek tutarlar hesaplanıyor. {"borc_detay_id":25257,"kalan_gecikme_zammi":0,"gecikmeye_odenebilecek":0}
[2025-10-10 23:32:52] [INFO] Anapara için tahsilat detayı oluşturuldu. {"borc_detay_id":25257,"odenen_anapara":800}
[2025-10-10 23:40:30] [INFO] Tahsilat-Borç eşleştirme işlemi başlatıldı {"onay_id":"7437","gelen_tutar":800,"kullanici_id":147}
[2025-10-10 23:40:30] [INFO] Ana tahsilat kaydı oluşturuldu ve kasaya eklendi. {"tahsilat_id":"2337","kasa_hareket_id":"7naEPs_bzeQrUffs4VvRvwnqlnR8O7rjnwGJbt3sRW4%2A","tutar":800}
[2025-10-10 23:40:30] [INFO] Borç detayları alındı. {"borc_detay_bilgisi":"[\n    {\n        \"id\": 25436,\n        \"borc_tutari\": \"800.00\",\n        \"gun_farki\": 10,\n        \"gecikme_zammi\": \"0.00\",\n        \"ceza_orani\": \"0.00\",\n        \"toplam_borc\": \"800.00\",\n        \"toplam_odenen\": null,\n        \"anapara_tahsilat\": null,\n        \"gecikme_zammi_odemesi\": null,\n        \"kalan_toplam_borc\": \"800.00\",\n        \"kalan_gecikme_zammi\": \"0.00\"\n    }\n]"}
[2025-10-10 23:40:30] [INFO] Borç kaydı işleniyor. {"borc_detay_id":25436,"kalan_dagitilacak_tutar":800}
[2025-10-10 23:40:30] [INFO] işlenecek tutarlar hesaplanıyor. {"borc_detay_id":25436,"kalan_gecikme_zammi":0,"gecikmeye_odenebilecek":0}
[2025-10-10 23:40:30] [INFO] Anapara için tahsilat detayı oluşturuldu. {"borc_detay_id":25436,"odenen_anapara":800}
[2025-10-10 23:53:35] [INFO] Borçlandırma kaydı başarıyla oluşturuldu: {"id":"23637","borclandirma_id":"184","borc_adi":"DEV\u0130R","kisi_id":"43","daire_id":43,"tutar":"640","baslangic_tarihi":"2024-01-01","bitis_tarihi":"2024-12-31","son_odeme_tarihi":"2024-12-31","ceza_orani":"0.00","aciklama":"2024 Y\u0131l\u0131ndan devir borcu","borclandirma_tarihi":"01.01.2025 00:00"} 
[2025-10-10 23:54:02] [INFO] Gecikme zammı ödemesi: 0.00 TL, kalan ödenecek tutar: 1970 TL 
[2025-10-10 23:55:07] [INFO] Kredi ID 145 için kullanım güncellendi: Kullanıldı mı: 0, Kullanılan Tutar: 400 TL 
[2025-10-10 23:55:07] [INFO] Gecikme zammı ödemesi: 0.00 TL, kalan ödenecek tutar: 400 TL 
[2025-10-10 23:55:35] [INFO] Kredi ID 145 için kullanım güncellendi: Kullanıldı mı: 0, Kullanılan Tutar: 400 TL 
[2025-10-10 23:55:35] [INFO] Gecikme zammı ödemesi: 0.00 TL, kalan ödenecek tutar: 400 TL 
